<?xml version="1.0" encoding="UTF-8"?>
<!-- Generated by org.testng.reporters.JUnitXMLReporter -->
<testsuite hostname="DESKTOP-E1JT2VR" ignored="6" name="Test Topic Viewlet" tests="12" failures="0" timestamp="21 Aug 2019 07:51:53 GMT" time="258.625" errors="0">
  <testcase name="Login" time="12.614" classname="ApodGUI.TopicViewlet"/>
  <testcase name="AddTopicViewlet" time="5.225" classname="ApodGUI.TopicViewlet"/>
  <testcase name="CreateTopic" time="24.111" classname="ApodGUI.TopicViewlet"/>
  <testcase name="TopicProperties" time="2.405" classname="ApodGUI.TopicViewlet"/>
  <testcase name="TopicEvents" time="1.815" classname="ApodGUI.TopicViewlet"/>
  <testcase name="AddToFavoriteViewlet" time="7.761" classname="ApodGUI.TopicViewlet"/>
  <testcase name="CompareTopics" time="4.67" classname="ApodGUI.TopicViewlet"/>
  <testcase name="MultipleProperties" time="13.385" classname="ApodGUI.TopicViewlet"/>
  <testcase name="AddToFavoriteForMultipleTopics" time="4.634" classname="ApodGUI.TopicViewlet"/>
  <testcase name="CreateTopicFromPlusIcon" time="24.466" classname="ApodGUI.TopicViewlet"/>
  <testcase name="ShowObjectAttributesForTopic" time="52.484" classname="ApodGUI.TopicViewlet"/>
  <testcase name="Logout" time="2.481" classname="ApodGUI.TopicViewlet"/>
  <testcase name="DeleteFromCommandsForMultipleTopics" time="0.0" classname="ApodGUI.TopicViewlet">
    <ignored/>
  </testcase> <!-- DeleteFromCommandsForMultipleTopics -->
  <testcase name="PublishFromCommandsForMultipleTopics" time="0.0" classname="ApodGUI.TopicViewlet">
    <ignored/>
  </testcase> <!-- PublishFromCommandsForMultipleTopics -->
  <testcase name="PublishFromCommands" time="0.0" classname="ApodGUI.TopicViewlet">
    <ignored/>
  </testcase> <!-- PublishFromCommands -->
  <testcase name="CopyAsFromCommandsForMultipleTopics" time="0.0" classname="ApodGUI.TopicViewlet">
    <ignored/>
  </testcase> <!-- CopyAsFromCommandsForMultipleTopics -->
  <testcase name="CopyAsFromCommands" time="0.0" classname="ApodGUI.TopicViewlet">
    <ignored/>
  </testcase> <!-- CopyAsFromCommands -->
  <testcase name="DeleteFromCommands" time="0.0" classname="ApodGUI.TopicViewlet">
    <ignored/>
  </testcase> <!-- DeleteFromCommands -->
</testsuite> <!-- Test Topic Viewlet -->
