<?xml version="1.0" encoding="UTF-8"?>
<!-- Generated by org.testng.reporters.JUnitXMLReporter -->
<testsuite hostname="DESKTOP-E1JT2VR" ignored="0" name="Add Dashboard reports" tests="4" failures="0" timestamp="23 Jan 2020 06:50:31 GMT" time="122.641" errors="0">
  <testcase name="Login" time="24.96" classname="ApodGUI.SearchCriteria"/>
  <testcase name="PutAmessageIntoQueue" time="32.47" classname="ApodGUI.SearchCriteria"/>
  <testcase name="AddSearchCriteriaCondition" time="9.561" classname="ApodGUI.SearchCriteria"/>
  <testcase name="Logout" time="6.395" classname="ApodGUI.SearchCriteria"/>
</testsuite> <!-- Add Dashboard reports -->
