<?xml version="1.0" encoding="UTF-8"?>
<!-- Generated by org.testng.reporters.JUnitXMLReporter -->
<testsuite hostname="DESKTOP-E1JT2VR" ignored="0" name="Add Dashboard reports" tests="4" failures="0" timestamp="17 Jan 2020 09:28:47 GMT" time="101.175" errors="0">
  <testcase name="Login" time="24.763" classname="ApodGUI.SearchCriteria"/>
  <testcase name="PutAmessageIntoQueue" time="32.25" classname="ApodGUI.SearchCriteria"/>
  <testcase name="AddSearchCriteriaCondition" time="9.543" classname="ApodGUI.SearchCriteria"/>
  <testcase name="Logout" time="6.437" classname="ApodGUI.SearchCriteria"/>
</testsuite> <!-- Add Dashboard reports -->
