<?xml version="1.0" encoding="UTF-8"?>
<!-- Generated by org.testng.reporters.JUnitXMLReporter -->
<testsuite hostname="DESKTOP-E1JT2VR" ignored="0" name="Add Dashboard reports" tests="4" failures="0" timestamp="17 Sep 2019 08:14:35 GMT" time="92.506" errors="0">
  <testcase name="Login" time="23.652" classname="ApodGUI.SearchCriteria"/>
  <testcase name="PutAmessageIntoQueue" time="33.363" classname="ApodGUI.SearchCriteria"/>
  <testcase name="AddSearchCriteriaCondition" time="16.408" classname="ApodGUI.SearchCriteria"/>
  <testcase name="Logout" time="2.508" classname="ApodGUI.SearchCriteria"/>
</testsuite> <!-- Add Dashboard reports -->
