<?xml version="1.0" encoding="UTF-8"?>
<!-- Generated by org.testng.reporters.JUnitXMLReporter -->
<testsuite hostname="DESKTOP-E1JT2VR" ignored="0" name="Add Dashboard reports" tests="4" failures="0" timestamp="30 Sep 2019 08:25:07 GMT" time="98.127" errors="0">
  <testcase name="Login" time="23.112" classname="ApodGUI.SearchCriteria"/>
  <testcase name="PutAmessageIntoQueue" time="33.292" classname="ApodGUI.SearchCriteria"/>
  <testcase name="AddSearchCriteriaCondition" time="16.424" classname="ApodGUI.SearchCriteria"/>
  <testcase name="Logout" time="2.477" classname="ApodGUI.SearchCriteria"/>
</testsuite> <!-- Add Dashboard reports -->
