<?xml version="1.0" encoding="UTF-8"?>
<!-- Generated by org.testng.reporters.JUnitXMLReporter -->
<testsuite hostname="DESKTOP-E1JT2VR" ignored="0" name="Add Dashboard reports" tests="4" failures="0" timestamp="18 Sep 2019 11:36:14 GMT" time="93.778" errors="0">
  <testcase name="Login" time="23.367" classname="ApodGUI.SearchCriteria"/>
  <testcase name="PutAmessageIntoQueue" time="33.219" classname="ApodGUI.SearchCriteria"/>
  <testcase name="AddSearchCriteriaCondition" time="16.574" classname="ApodGUI.SearchCriteria"/>
  <testcase name="Logout" time="2.487" classname="ApodGUI.SearchCriteria"/>
</testsuite> <!-- Add Dashboard reports -->
