<?xml version="1.0" encoding="UTF-8"?>
<!-- Generated by org.testng.reporters.JUnitXMLReporter -->
<testsuite hostname="DESKTOP-E1JT2VR" ignored="0" name="Add Dashboard reports" tests="4" failures="0" timestamp="28 Jan 2020 12:11:54 GMT" time="106.678" errors="0">
  <testcase name="Login" time="24.354" classname="ApodGUI.SearchCriteria"/>
  <testcase name="PutAmessageIntoQueue" time="32.209" classname="ApodGUI.SearchCriteria"/>
  <testcase name="AddSearchCriteriaCondition" time="9.604" classname="ApodGUI.SearchCriteria"/>
  <testcase name="Logout" time="6.339" classname="ApodGUI.SearchCriteria"/>
</testsuite> <!-- Add Dashboard reports -->
