<?xml version="1.0" encoding="UTF-8"?>
<!-- Generated by org.testng.reporters.JUnitXMLReporter -->
<testsuite hostname="DESKTOP-E1JT2VR" ignored="0" name="Add Dashboard reports" tests="4" failures="0" timestamp="12 Nov 2019 08:33:29 GMT" time="103.75" errors="0">
  <testcase name="Login" time="23.519" classname="ApodGUI.SearchCriteria"/>
  <testcase name="PutAmessageIntoQueue" time="33.386" classname="ApodGUI.SearchCriteria"/>
  <testcase name="AddSearchCriteriaCondition" time="16.534" classname="ApodGUI.SearchCriteria"/>
  <testcase name="Logout" time="2.459" classname="ApodGUI.SearchCriteria"/>
</testsuite> <!-- Add Dashboard reports -->
