<?xml version="1.0" encoding="UTF-8"?>
<!-- Generated by org.testng.reporters.JUnitXMLReporter -->
<testsuite hostname="DESKTOP-E1JT2VR" ignored="0" name="EMS Queue Message Options" tests="9" failures="1" timestamp="21 Aug 2019 08:27:58 GMT" time="129.513" errors="0">
  <testcase name="Login" time="15.578" classname="ApodGUI.EMSQueueMessages"/>
  <testcase name="PutNewMessageIntoQueue" time="4.005" classname="ApodGUI.EMSQueueMessages"/>
  <testcase name="LoadFromFile" time="1.285" classname="ApodGUI.EMSQueueMessages">
    <failure type="java.lang.IllegalStateException" message="cannot open system clipboard">
      <![CDATA[java.lang.IllegalStateException: cannot open system clipboard
at sun.awt.windows.WClipboard.openClipboard(Native Method)
at sun.awt.windows.WClipboard.setContentsNative(WClipboard.java:75)
at sun.awt.datatransfer.SunClipboard.setContents(SunClipboard.java:106)
at ApodGUI.EMSQueueMessages.LoadFromFile(EMSQueueMessages.java:278)
... Removed 26 stack frames]]>
    </failure>
  </testcase> <!-- LoadFromFile -->
  <testcase name="ExportAllMessages" time="6.614" classname="ApodGUI.EMSQueueMessages"/>
  <testcase name="CopyAllMessagesFromOneQueueToAnotherQueue" time="3.667" classname="ApodGUI.EMSQueueMessages"/>
  <testcase name="MoveAllMessagesFromOneQueueToAnotherQueue" time="3.573" classname="ApodGUI.EMSQueueMessages"/>
  <testcase name="DeleteAllMessagesFromQueue" time="7.582" classname="ApodGUI.EMSQueueMessages"/>
  <testcase name="ClearAllMessagesFromQueue" time="14.506" classname="ApodGUI.EMSQueueMessages"/>
  <testcase name="Logout" time="2.488" classname="ApodGUI.EMSQueueMessages"/>
</testsuite> <!-- EMS Queue Message Options -->
