<?xml version="1.0" encoding="UTF-8"?>
<!-- Generated by org.testng.reporters.JUnitXMLReporter -->
<testsuite hostname="DESKTOP-E1JT2VR" ignored="0" name="Test EMS Manager Viewlet options" tests="4" failures="0" timestamp="26 Aug 2019 12:28:00 GMT" time="90.39" errors="0">
  <testcase name="Login" time="18.015" classname="ApodGUI.EMSManagerViewlet"/>
  <testcase name="AddToFavorites" time="10.196" classname="ApodGUI.EMSManagerViewlet"/>
  <testcase name="ShowObjectAttributes" time="30.107" classname="ApodGUI.EMSManagerViewlet"/>
  <testcase name="Logout" time="2.454" classname="ApodGUI.EMSManagerViewlet"/>
</testsuite> <!-- Test EMS Manager Viewlet options -->
