<?xml version="1.0" encoding="UTF-8"?>
<!-- Generated by org.testng.reporters.JUnitXMLReporter -->
<testsuite hostname="DESKTOP-E1JT2VR" ignored="2" name="Test Transport Viewlet" tests="7" failures="0" timestamp="26 Aug 2019 12:19:51 GMT" time="144.297" errors="0">
  <testcase name="Login" time="16.358" classname="ApodGUI.TransportViewlet"/>
  <testcase name="AddTransportViewlet" time="3.846" classname="ApodGUI.TransportViewlet"/>
  <testcase name="Properties" time="2.435" classname="ApodGUI.TransportViewlet"/>
  <testcase name="TransportEvents" time="15.365" classname="ApodGUI.TransportViewlet"/>
  <testcase name="AddToFavoriteViewlet" time="7.161" classname="ApodGUI.TransportViewlet"/>
  <testcase name="ShowObjectAttributesForTransport" time="23.608" classname="ApodGUI.TransportViewlet"/>
  <testcase name="Logout" time="2.456" classname="ApodGUI.TransportViewlet"/>
  <testcase name="AddToFavoriteForMultipleTransports" time="0.0" classname="ApodGUI.TransportViewlet">
    <ignored/>
  </testcase> <!-- AddToFavoriteForMultipleTransports -->
  <testcase name="CompareTransports" time="0.0" classname="ApodGUI.TransportViewlet">
    <ignored/>
  </testcase> <!-- CompareTransports -->
</testsuite> <!-- Test Transport Viewlet -->
