<?xml version="1.0" encoding="UTF-8"?>
<!-- Generated by org.testng.reporters.JUnitXMLReporter -->
<testsuite hostname="DESKTOP-E1JT2VR" ignored="0" name="Test Cluster QM Viewlet" tests="8" failures="0" timestamp="11 Nov 2019 11:59:31 GMT" time="315.218" errors="0">
  <testcase name="Login" time="24.589" classname="ApodGUI.ClusterQueueManager"/>
  <testcase name="AddClusterQueueManagerViewlet" time="9.744" classname="ApodGUI.ClusterQueueManager"/>
  <testcase name="ClusterQMEvents" time="11.531" classname="ApodGUI.ClusterQueueManager"/>
  <testcase name="AddToFavoriteViewlet" time="8.049" classname="ApodGUI.ClusterQueueManager"/>
  <testcase name="CompareClusterQueueManagers" time="4.685" classname="ApodGUI.ClusterQueueManager"/>
  <testcase name="AddToFavoriteForMultipleClusterQMs" time="11.688" classname="ApodGUI.ClusterQueueManager"/>
  <testcase name="ShowObjectAttributesForClusterQM" time="88.213" classname="ApodGUI.ClusterQueueManager"/>
  <testcase name="Logout" time="2.502" classname="ApodGUI.ClusterQueueManager"/>
</testsuite> <!-- Test Cluster QM Viewlet -->
