<?xml version="1.0" encoding="UTF-8"?>
<!-- Generated by org.testng.reporters.JUnitXMLReporter -->
<testsuite hostname="DESKTOP-E1JT2VR" ignored="0" name="Test Auth Info Viewlet" tests="8" failures="0" timestamp="27 Sep 2019 12:05:07 GMT" time="228.546" errors="0">
  <testcase name="Login" time="24.952" classname="ApodGUI.AuthorizationInfoViewlet"/>
  <testcase name="AddAuthInfoViewlet" time="9.047" classname="ApodGUI.AuthorizationInfoViewlet"/>
  <testcase name="AuthInfoEvents" time="11.526" classname="ApodGUI.AuthorizationInfoViewlet"/>
  <testcase name="AddToFavoriteViewlet" time="7.796" classname="ApodGUI.AuthorizationInfoViewlet"/>
  <testcase name="CompareAuthInfo" time="3.592" classname="ApodGUI.AuthorizationInfoViewlet"/>
  <testcase name="AddToFavoriteForMultipleAuthInfo" time="5.253" classname="ApodGUI.AuthorizationInfoViewlet"/>
  <testcase name="ShowObjectAttributesForAuthInfo" time="26.763" classname="ApodGUI.AuthorizationInfoViewlet"/>
  <testcase name="Logout" time="2.568" classname="ApodGUI.AuthorizationInfoViewlet"/>
</testsuite> <!-- Test Auth Info Viewlet -->
