<?xml version="1.0" encoding="UTF-8"?>
<!-- Generated by org.testng.reporters.JUnitXMLReporter -->
<testsuite hostname="DESKTOP-E1JT2VR" ignored="0" name="Queue Message Options" tests="9" failures="0" timestamp="16 Sep 2019 11:15:07 GMT" time="280.463" errors="0">
  <testcase name="Login" time="87.623" classname="ApodGUI.QueueMessages"/>
  <testcase name="PutNewMessageIntoQueue" time="10.838" classname="ApodGUI.QueueMessages"/>
  <testcase name="LoadFromFile" time="13.256" classname="ApodGUI.QueueMessages"/>
  <testcase name="ExportAllMessages" time="11.805" classname="ApodGUI.QueueMessages"/>
  <testcase name="CopyAllMessagesFromOneQueueToAnotherQueue" time="10.624" classname="ApodGUI.QueueMessages"/>
  <testcase name="MoveAllMessagesFromOneQueueToAnotherQueue" time="10.644" classname="ApodGUI.QueueMessages"/>
  <testcase name="DeleteAllMessagesFromQueue" time="12.772" classname="ApodGUI.QueueMessages"/>
  <testcase name="ClearAllMessagesFromQueue" time="14.653" classname="ApodGUI.QueueMessages"/>
  <testcase name="Logout" time="2.526" classname="ApodGUI.QueueMessages"/>
</testsuite> <!-- Queue Message Options -->
