<?xml version="1.0" encoding="UTF-8"?>
<!-- Generated by org.testng.reporters.JUnitXMLReporter -->
<testsuite hostname="DESKTOP-E1JT2VR" ignored="0" name="Test Service Viewlet" tests="8" failures="0" timestamp="16 Sep 2019 11:51:20 GMT" time="188.885" errors="0">
  <testcase name="Login" time="24.413" classname="ApodGUI.ServiceViewlet"/>
  <testcase name="AddServiceViewlet" time="7.11" classname="ApodGUI.ServiceViewlet"/>
  <testcase name="ServiceEvents" time="11.582" classname="ApodGUI.ServiceViewlet"/>
  <testcase name="AddToFavoriteViewlet" time="7.793" classname="ApodGUI.ServiceViewlet"/>
  <testcase name="CompareServiceNames" time="4.689" classname="ApodGUI.ServiceViewlet"/>
  <testcase name="AddToFavoriteForMultipleServices" time="4.608" classname="ApodGUI.ServiceViewlet"/>
  <testcase name="ShowObjectAttributesForService" time="28.562" classname="ApodGUI.ServiceViewlet"/>
  <testcase name="Logout" time="6.849" classname="ApodGUI.ServiceViewlet"/>
</testsuite> <!-- Test Service Viewlet -->
