<?xml version="1.0" encoding="UTF-8"?>
<!-- Generated by org.testng.reporters.JUnitXMLReporter -->
<testsuite hostname="DESKTOP-E1JT2VR" ignored="0" name="Test Name List Viewlet" tests="8" failures="0" timestamp="10 Sep 2019 08:24:36 GMT" time="190.197" errors="0">
  <testcase name="Login" time="24.429" classname="ApodGUI.NameListViewlet"/>
  <testcase name="AddNameListViewlet" time="4.323" classname="ApodGUI.NameListViewlet"/>
  <testcase name="NameListEvents" time="11.554" classname="ApodGUI.NameListViewlet"/>
  <testcase name="AddToFavoriteViewlet" time="7.973" classname="ApodGUI.NameListViewlet"/>
  <testcase name="CompareNameLists" time="4.734" classname="ApodGUI.NameListViewlet"/>
  <testcase name="AddToFavoriteForMultipleNameLists" time="4.74" classname="ApodGUI.NameListViewlet"/>
  <testcase name="ShowObjectAttributesForNameList" time="22.995" classname="ApodGUI.NameListViewlet"/>
  <testcase name="Logout" time="2.519" classname="ApodGUI.NameListViewlet"/>
</testsuite> <!-- Test Name List Viewlet -->
