<?xml version="1.0" encoding="UTF-8"?>
<!-- Generated by org.testng.reporters.JUnitXMLReporter -->
<testsuite hostname="DESKTOP-E1JT2VR" ignored="2" name="Test Route Viewlet" tests="12" failures="0" timestamp="18 Sep 2019 10:12:49 GMT" time="356.234" errors="0">
  <testcase name="Login" time="25.337" classname="ApodGUI.RouteViewlet"/>
  <testcase name="AddRouteViewlet" time="6.447" classname="ApodGUI.RouteViewlet"/>
  <testcase name="AddRouteFromPlusIcon" time="24.891" classname="ApodGUI.RouteViewlet"/>
  <testcase name="RouteStatus" time="6.578" classname="ApodGUI.RouteViewlet"/>
  <testcase name="Properties" time="10.418" classname="ApodGUI.RouteViewlet"/>
  <testcase name="RouteEvents" time="11.382" classname="ApodGUI.RouteViewlet"/>
  <testcase name="AddToFavoriteViewlet" time="7.745" classname="ApodGUI.RouteViewlet"/>
  <testcase name="CompareRoutes" time="5.656" classname="ApodGUI.RouteViewlet"/>
  <testcase name="MultipleProperties" time="28.624" classname="ApodGUI.RouteViewlet"/>
  <testcase name="AddToFavoriteForMultipleRoutes" time="4.766" classname="ApodGUI.RouteViewlet"/>
  <testcase name="ShowObjectAttributesForRoute" time="36.725" classname="ApodGUI.RouteViewlet"/>
  <testcase name="Logout" time="2.538" classname="ApodGUI.RouteViewlet"/>
  <testcase name="DeleteCommand" time="0.0" classname="ApodGUI.RouteViewlet">
    <ignored/>
  </testcase> <!-- DeleteCommand -->
  <testcase name="DeleteMultiples" time="0.0" classname="ApodGUI.RouteViewlet">
    <ignored/>
  </testcase> <!-- DeleteMultiples -->
</testsuite> <!-- Test Route Viewlet -->
