<?xml version="1.0" encoding="UTF-8"?>
<!-- Generated by org.testng.reporters.JUnitXMLReporter -->
<testsuite hostname="DESKTOP-E1JT2VR" ignored="0" name="Queue Message Options" tests="12" failures="0" timestamp="07 Nov 2019 11:40:41 GMT" time="513.708" errors="0">
  <testcase name="Login" time="94.951" classname="ApodGUI.QueueMessages"/>
  <testcase name="PutNewMessageIntoQueue" time="13.955" classname="ApodGUI.QueueMessages"/>
  <testcase name="LoadFromFile" time="16.458" classname="ApodGUI.QueueMessages"/>
  <testcase name="ExportAllMessages" time="11.8" classname="ApodGUI.QueueMessages"/>
  <testcase name="CopyAllMessagesFromOneQueueToAnotherQueue" time="10.957" classname="ApodGUI.QueueMessages"/>
  <testcase name="MoveAllMessagesFromOneQueueToAnotherQueue" time="11.1" classname="ApodGUI.QueueMessages"/>
  <testcase name="DeleteAllMessagesFromQueue" time="19.683" classname="ApodGUI.QueueMessages"/>
  <testcase name="ClearAllMessagesFromQueue" time="14.687" classname="ApodGUI.QueueMessages"/>
  <testcase name="PutMessageUsingJsonFile" time="26.671" classname="ApodGUI.QueueMessages"/>
  <testcase name="PutMessageUsingXMLFile" time="26.614" classname="ApodGUI.QueueMessages"/>
  <testcase name="PutHexMessageIntoQueue" time="17.319" classname="ApodGUI.QueueMessages"/>
  <testcase name="Logout" time="2.504" classname="ApodGUI.QueueMessages"/>
</testsuite> <!-- Queue Message Options -->
