<?xml version="1.0" encoding="UTF-8"?>
<!-- Generated by org.testng.reporters.JUnitXMLReporter -->
<testsuite hostname="DESKTOP-E1JT2VR" ignored="0" name="Test Service Viewlet" tests="8" failures="0" timestamp="13 Aug 2019 13:53:42 GMT" time="110.584" errors="0">
  <testcase name="Login" time="12.854" classname="ApodGUI.ServiceViewlet"/>
  <testcase name="AddServiceViewlet" time="4.27" classname="ApodGUI.ServiceViewlet"/>
  <testcase name="ServiceEvents" time="12.493" classname="ApodGUI.ServiceViewlet"/>
  <testcase name="AddToFavoriteViewlet" time="7.778" classname="ApodGUI.ServiceViewlet"/>
  <testcase name="CompareServiceNames" time="14.774" classname="ApodGUI.ServiceViewlet"/>
  <testcase name="AddToFavoriteForMultipleServices" time="4.647" classname="ApodGUI.ServiceViewlet"/>
  <testcase name="ShowObjectAttributesForService" time="37.27" classname="ApodGUI.ServiceViewlet"/>
  <testcase name="Logout" time="2.534" classname="ApodGUI.ServiceViewlet"/>
</testsuite> <!-- Test Service Viewlet -->
