<?xml version="1.0" encoding="UTF-8"?>
<!-- Generated by org.testng.reporters.JUnitXMLReporter -->
<testsuite hostname="DESKTOP-E1JT2VR" ignored="6" name="Test Manager Viewlet options" tests="17" failures="0" timestamp="16 Sep 2019 10:55:02 GMT" time="661.981" errors="0">
  <testcase name="Login" time="21.743" classname="ApodGUI.ManagerViewlet"/>
  <testcase name="AddNewManagerFromIcon" time="50.926" classname="ApodGUI.ManagerViewlet"/>
  <testcase name="ShowTopology" time="11.641" classname="ApodGUI.ManagerViewlet"/>
  <testcase name="Security" time="12.5" classname="ApodGUI.ManagerViewlet"/>
  <testcase name="ViewErrorLogs" time="12.576" classname="ApodGUI.ManagerViewlet"/>
  <testcase name="Properties" time="13.665" classname="ApodGUI.ManagerViewlet"/>
  <testcase name="MQSCConsole" time="15.992" classname="ApodGUI.ManagerViewlet"/>
  <testcase name="DiscoverNow" time="8.613" classname="ApodGUI.ManagerViewlet"/>
  <testcase name="Events" time="4.573" classname="ApodGUI.ManagerViewlet"/>
  <testcase name="AddToFavorites" time="16.279" classname="ApodGUI.ManagerViewlet"/>
  <testcase name="CompareManagers" time="4.64" classname="ApodGUI.ManagerViewlet"/>
  <testcase name="MultipleManagersProperties" time="31.011" classname="ApodGUI.ManagerViewlet"/>
  <testcase name="AddToFavoriteForMultipleManagers" time="10.66" classname="ApodGUI.ManagerViewlet"/>
  <testcase name="CreateQueueManagerFromOptions" time="34.504" classname="ApodGUI.ManagerViewlet"/>
  <testcase name="SearchFilter" time="4.495" classname="ApodGUI.ManagerViewlet"/>
  <testcase name="ShowObjectAttributes" time="169.384" classname="ApodGUI.ManagerViewlet"/>
  <testcase name="Logout" time="2.511" classname="ApodGUI.ManagerViewlet"/>
  <testcase name="StartAllWMQObjectsForMultipleManagers" time="0.0" classname="ApodGUI.ManagerViewlet">
    <ignored/>
  </testcase> <!-- StartAllWMQObjectsForMultipleManagers -->
  <testcase name="DeleteFromDB" time="0.0" classname="ApodGUI.ManagerViewlet">
    <ignored/>
  </testcase> <!-- DeleteFromDB -->
  <testcase name="Delete" time="0.0" classname="ApodGUI.ManagerViewlet">
    <ignored/>
  </testcase> <!-- Delete -->
  <testcase name="StopAllWMQObjects" time="0.0" classname="ApodGUI.ManagerViewlet">
    <ignored/>
  </testcase> <!-- StopAllWMQObjects -->
  <testcase name="StopAllWMQObjectsForMultipleManagers" time="0.0" classname="ApodGUI.ManagerViewlet">
    <ignored/>
  </testcase> <!-- StopAllWMQObjectsForMultipleManagers -->
  <testcase name="StartAllWMQObjects" time="0.0" classname="ApodGUI.ManagerViewlet">
    <ignored/>
  </testcase> <!-- StartAllWMQObjects -->
</testsuite> <!-- Test Manager Viewlet options -->
