<?xml version="1.0" encoding="UTF-8"?>
<!-- Generated by org.testng.reporters.JUnitXMLReporter -->
<testsuite hostname="DESKTOP-E1JT2VR" ignored="9" name="Browse Message Options" tests="4" failures="4" timestamp="26 Aug 2019 11:40:11 GMT" time="67.874" errors="0">
  <testcase name="Login" time="18.154" classname="ApodGUI.QueuesInsideBrowseMessages">
    <failure type="org.openqa.selenium.WebDriverException" message="unknown error: Element &amp;lt;button _ngcontent-c9=&amp;quot;&amp;quot; class=&amp;quot;g-button-blue button-add disabled&amp;quot; id=&amp;quot;add-viewlet&amp;quot; type=&amp;quot;button&amp;quot; disabled=&amp;quot;&amp;quot;&amp;gt;...&amp;lt;/button&amp;gt; is not clickable at point (1207, 99). Other element would receive the click: &amp;lt;div _ngcontent-c10=&amp;quot;&amp;quot; class=&amp;quot;modal-fog-background&amp;quot;&amp;gt;&amp;lt;/div&amp;gt;
  (Session info: chrome=76.0.3809.100)
  (Driver info: chromedriver=2.41.578737 (49da6702b16031c40d63e5618de03a32ff6c197e),platform=Windows NT 10.0.17134 x86_64) (WARNING: The server did not provide any stacktrace information)
Command duration or timeout: 0 milliseconds
Build info: version: &amp;apos;3.14.0&amp;apos;, revision: &amp;apos;aacccce0&amp;apos;, time: &amp;apos;2018-08-02T20:13:22.693Z&amp;apos;
System info: host: &amp;apos;DESKTOP-E1JT2VR&amp;apos;, ip: &amp;apos;192.168.85.1&amp;apos;, os.name: &amp;apos;Windows 10&amp;apos;, os.arch: &amp;apos;amd64&amp;apos;, os.version: &amp;apos;10.0&amp;apos;, java.version: &amp;apos;1.8.0_201&amp;apos;
Driver info: org.openqa.selenium.chrome.ChromeDriver
Capabilities {acceptInsecureCerts: false, acceptSslCerts: false, applicationCacheEnabled: false, browserConnectionEnabled: false, browserName: chrome, chrome: {chromedriverVersion: 2.41.578737 (49da6702b16031..., userDataDir: C:\Users\NAGARA~1.KAG\AppDa...}, cssSelectorsEnabled: true, databaseEnabled: false, goog:chromeOptions: {debuggerAddress: localhost:64542}, handlesAlerts: true, hasTouchScreen: false, javascriptEnabled: true, locationContextEnabled: true, mobileEmulationEnabled: false, nativeEvents: true, networkConnectionEnabled: false, pageLoadStrategy: normal, platform: XP, platformName: XP, rotatable: false, setWindowRect: true, takesHeapSnapshot: true, takesScreenshot: true, unexpectedAlertBehaviour: , unhandledPromptBehavior: , version: 76.0.3809.100, webStorageEnabled: true}
Session ID: e4c5571aee96fda706eb5a345dd8ca69">
      <![CDATA[org.openqa.selenium.WebDriverException: unknown error: Element <button _ngcontent-c9="" class="g-button-blue button-add disabled" id="add-viewlet" type="button" disabled="">...</button> is not clickable at point (1207, 99). Other element would receive the click: <div _ngcontent-c10="" class="modal-fog-background"></div>
  (Session info: chrome=76.0.3809.100)
  (Driver info: chromedriver=2.41.578737 (49da6702b16031c40d63e5618de03a32ff6c197e),platform=Windows NT 10.0.17134 x86_64) (WARNING: The server did not provide any stacktrace information)
Command duration or timeout: 0 milliseconds
Build info: version: '3.14.0', revision: 'aacccce0', time: '2018-08-02T20:13:22.693Z'
System info: host: 'DESKTOP-E1JT2VR', ip: '192.168.85.1', os.name: 'Windows 10', os.arch: 'amd64', os.version: '10.0', java.version: '1.8.0_201'
Driver info: org.openqa.selenium.chrome.ChromeDriver
Capabilities {acceptInsecureCerts: false, acceptSslCerts: false, applicationCacheEnabled: false, browserConnectionEnabled: false, browserName: chrome, chrome: {chromedriverVersion: 2.41.578737 (49da6702b16031..., userDataDir: C:\Users\NAGARA~1.KAG\AppDa...}, cssSelectorsEnabled: true, databaseEnabled: false, goog:chromeOptions: {debuggerAddress: localhost:64542}, handlesAlerts: true, hasTouchScreen: false, javascriptEnabled: true, locationContextEnabled: true, mobileEmulationEnabled: false, nativeEvents: true, networkConnectionEnabled: false, pageLoadStrategy: normal, platform: XP, platformName: XP, rotatable: false, setWindowRect: true, takesHeapSnapshot: true, takesScreenshot: true, unexpectedAlertBehaviour: , unhandledPromptBehavior: , version: 76.0.3809.100, webStorageEnabled: true}
Session ID: e4c5571aee96fda706eb5a345dd8ca69
at org.openqa.selenium.remote.ErrorHandler.createThrowable(ErrorHandler.java:214)
at org.openqa.selenium.remote.ErrorHandler.throwIfResponseFailed(ErrorHandler.java:166)
at org.openqa.selenium.remote.http.JsonHttpResponseCodec.reconstructValue(JsonHttpResponseCodec.java:40)
at org.openqa.selenium.remote.http.AbstractHttpResponseCodec.decode(AbstractHttpResponseCodec.java:80)
at org.openqa.selenium.remote.http.AbstractHttpResponseCodec.decode(AbstractHttpResponseCodec.java:44)
at org.openqa.selenium.remote.HttpCommandExecutor.execute(HttpCommandExecutor.java:158)
at org.openqa.selenium.remote.service.DriverCommandExecutor.execute(DriverCommandExecutor.java:83)
at org.openqa.selenium.remote.RemoteWebDriver.execute(RemoteWebDriver.java:548)
at org.openqa.selenium.remote.RemoteWebElement.execute(RemoteWebElement.java:276)
at org.openqa.selenium.remote.RemoteWebElement.click(RemoteWebElement.java:83)
at ApodGUI.QueuesInsideBrowseMessages.Login(QueuesInsideBrowseMessages.java:148)
... Removed 30 stack frames]]>
    </failure>
  </testcase> <!-- Login -->
  <testcase name="PutAMessageUsingPutNewIcon" time="0.031" classname="ApodGUI.QueuesInsideBrowseMessages">
    <failure type="java.lang.NumberFormatException" message="For input string: &amp;quot;Admin&amp;quot;">
      <![CDATA[java.lang.NumberFormatException: For input string: "Admin"
at java.lang.NumberFormatException.forInputString(NumberFormatException.java:65)
at java.lang.Integer.parseInt(Integer.java:580)
at java.lang.Integer.parseInt(Integer.java:615)
at ApodGUI.QueuesInsideBrowseMessages.PutAMessageUsingPutNewIcon(QueuesInsideBrowseMessages.java:217)
... Removed 26 stack frames]]>
    </failure>
  </testcase> <!-- PutAMessageUsingPutNewIcon -->
  <testcase name="LoadMessageFromFileUsingIcon" time="0.031" classname="ApodGUI.QueuesInsideBrowseMessages">
    <failure type="java.lang.NumberFormatException" message="For input string: &amp;quot;Admin&amp;quot;">
      <![CDATA[java.lang.NumberFormatException: For input string: "Admin"
at java.lang.NumberFormatException.forInputString(NumberFormatException.java:65)
at java.lang.Integer.parseInt(Integer.java:580)
at java.lang.Integer.parseInt(Integer.java:615)
at ApodGUI.QueuesInsideBrowseMessages.LoadMessageFromFileUsingIcon(QueuesInsideBrowseMessages.java:448)
... Removed 26 stack frames]]>
    </failure>
  </testcase> <!-- LoadMessageFromFileUsingIcon -->
  <testcase name="Logout" time="21.158" classname="ApodGUI.QueuesInsideBrowseMessages">
    <failure type="org.openqa.selenium.WebDriverException" message="unknown error: Element &amp;lt;i _ngcontent-c3=&amp;quot;&amp;quot; aria-hidden=&amp;quot;true&amp;quot; class=&amp;quot;fa fa-power-off fa-lg&amp;quot; title=&amp;quot;Logout&amp;quot;&amp;gt;&amp;lt;/i&amp;gt; is not clickable at point (1251, 22). Other element would receive the click: &amp;lt;div _ngcontent-c10=&amp;quot;&amp;quot; class=&amp;quot;modal-fog-background&amp;quot;&amp;gt;&amp;lt;/div&amp;gt;
  (Session info: chrome=76.0.3809.100)
  (Driver info: chromedriver=2.41.578737 (49da6702b16031c40d63e5618de03a32ff6c197e),platform=Windows NT 10.0.17134 x86_64) (WARNING: The server did not provide any stacktrace information)
Command duration or timeout: 0 milliseconds
Build info: version: &amp;apos;3.14.0&amp;apos;, revision: &amp;apos;aacccce0&amp;apos;, time: &amp;apos;2018-08-02T20:13:22.693Z&amp;apos;
System info: host: &amp;apos;DESKTOP-E1JT2VR&amp;apos;, ip: &amp;apos;192.168.85.1&amp;apos;, os.name: &amp;apos;Windows 10&amp;apos;, os.arch: &amp;apos;amd64&amp;apos;, os.version: &amp;apos;10.0&amp;apos;, java.version: &amp;apos;1.8.0_201&amp;apos;
Driver info: org.openqa.selenium.chrome.ChromeDriver
Capabilities {acceptInsecureCerts: false, acceptSslCerts: false, applicationCacheEnabled: false, browserConnectionEnabled: false, browserName: chrome, chrome: {chromedriverVersion: 2.41.578737 (49da6702b16031..., userDataDir: C:\Users\NAGARA~1.KAG\AppDa...}, cssSelectorsEnabled: true, databaseEnabled: false, goog:chromeOptions: {debuggerAddress: localhost:64542}, handlesAlerts: true, hasTouchScreen: false, javascriptEnabled: true, locationContextEnabled: true, mobileEmulationEnabled: false, nativeEvents: true, networkConnectionEnabled: false, pageLoadStrategy: normal, platform: XP, platformName: XP, rotatable: false, setWindowRect: true, takesHeapSnapshot: true, takesScreenshot: true, unexpectedAlertBehaviour: , unhandledPromptBehavior: , version: 76.0.3809.100, webStorageEnabled: true}
Session ID: e4c5571aee96fda706eb5a345dd8ca69">
      <![CDATA[org.openqa.selenium.WebDriverException: unknown error: Element <i _ngcontent-c3="" aria-hidden="true" class="fa fa-power-off fa-lg" title="Logout"></i> is not clickable at point (1251, 22). Other element would receive the click: <div _ngcontent-c10="" class="modal-fog-background"></div>
  (Session info: chrome=76.0.3809.100)
  (Driver info: chromedriver=2.41.578737 (49da6702b16031c40d63e5618de03a32ff6c197e),platform=Windows NT 10.0.17134 x86_64) (WARNING: The server did not provide any stacktrace information)
Command duration or timeout: 0 milliseconds
Build info: version: '3.14.0', revision: 'aacccce0', time: '2018-08-02T20:13:22.693Z'
System info: host: 'DESKTOP-E1JT2VR', ip: '192.168.85.1', os.name: 'Windows 10', os.arch: 'amd64', os.version: '10.0', java.version: '1.8.0_201'
Driver info: org.openqa.selenium.chrome.ChromeDriver
Capabilities {acceptInsecureCerts: false, acceptSslCerts: false, applicationCacheEnabled: false, browserConnectionEnabled: false, browserName: chrome, chrome: {chromedriverVersion: 2.41.578737 (49da6702b16031..., userDataDir: C:\Users\NAGARA~1.KAG\AppDa...}, cssSelectorsEnabled: true, databaseEnabled: false, goog:chromeOptions: {debuggerAddress: localhost:64542}, handlesAlerts: true, hasTouchScreen: false, javascriptEnabled: true, locationContextEnabled: true, mobileEmulationEnabled: false, nativeEvents: true, networkConnectionEnabled: false, pageLoadStrategy: normal, platform: XP, platformName: XP, rotatable: false, setWindowRect: true, takesHeapSnapshot: true, takesScreenshot: true, unexpectedAlertBehaviour: , unhandledPromptBehavior: , version: 76.0.3809.100, webStorageEnabled: true}
Session ID: e4c5571aee96fda706eb5a345dd8ca69
at org.openqa.selenium.remote.ErrorHandler.createThrowable(ErrorHandler.java:214)
at org.openqa.selenium.remote.ErrorHandler.throwIfResponseFailed(ErrorHandler.java:166)
at org.openqa.selenium.remote.http.JsonHttpResponseCodec.reconstructValue(JsonHttpResponseCodec.java:40)
at org.openqa.selenium.remote.http.AbstractHttpResponseCodec.decode(AbstractHttpResponseCodec.java:80)
at org.openqa.selenium.remote.http.AbstractHttpResponseCodec.decode(AbstractHttpResponseCodec.java:44)
at org.openqa.selenium.remote.HttpCommandExecutor.execute(HttpCommandExecutor.java:158)
at org.openqa.selenium.remote.service.DriverCommandExecutor.execute(DriverCommandExecutor.java:83)
at org.openqa.selenium.remote.RemoteWebDriver.execute(RemoteWebDriver.java:548)
at org.openqa.selenium.remote.RemoteWebElement.execute(RemoteWebElement.java:276)
at org.openqa.selenium.remote.RemoteWebElement.click(RemoteWebElement.java:83)
at ApodGUI.QueuesInsideBrowseMessages.Logout(QueuesInsideBrowseMessages.java:741)
... Removed 29 stack frames]]>
    </failure>
  </testcase> <!-- Logout -->
  <testcase name="CopyMessageUsingCopyOption" time="0.0" classname="ApodGUI.QueuesInsideBrowseMessages">
    <ignored/>
  </testcase> <!-- CopyMessageUsingCopyOption -->
  <testcase name="DeleteMessageUsingDeleteIcon" time="0.0" classname="ApodGUI.QueuesInsideBrowseMessages">
    <ignored/>
  </testcase> <!-- DeleteMessageUsingDeleteIcon -->
  <testcase name="MoveMessageUsingMoveIcon" time="0.0" classname="ApodGUI.QueuesInsideBrowseMessages">
    <ignored/>
  </testcase> <!-- MoveMessageUsingMoveIcon -->
  <testcase name="ExportSelectedMessageUsingExportIcon" time="0.0" classname="ApodGUI.QueuesInsideBrowseMessages">
    <ignored/>
  </testcase> <!-- ExportSelectedMessageUsingExportIcon -->
  <testcase name="EditMessageUsingEditIcon" time="0.0" classname="ApodGUI.QueuesInsideBrowseMessages">
    <ignored/>
  </testcase> <!-- EditMessageUsingEditIcon -->
  <testcase name="MoveMessageUsingMoveOption" time="0.0" classname="ApodGUI.QueuesInsideBrowseMessages">
    <ignored/>
  </testcase> <!-- MoveMessageUsingMoveOption -->
  <testcase name="DeleteMessageUsingDeleteOption" time="0.0" classname="ApodGUI.QueuesInsideBrowseMessages">
    <ignored/>
  </testcase> <!-- DeleteMessageUsingDeleteOption -->
  <testcase name="EditMessageUsingEditOption" time="0.0" classname="ApodGUI.QueuesInsideBrowseMessages">
    <ignored/>
  </testcase> <!-- EditMessageUsingEditOption -->
  <testcase name="CopyMessageUsingCopyIcon" time="0.0" classname="ApodGUI.QueuesInsideBrowseMessages">
    <ignored/>
  </testcase> <!-- CopyMessageUsingCopyIcon -->
</testsuite> <!-- Browse Message Options -->
