<?xml version="1.0" encoding="UTF-8"?>
<!-- Generated by org.testng.reporters.JUnitXMLReporter -->
<testsuite hostname="DESKTOP-E1JT2VR" ignored="0" name="Browse Message Options" tests="13" failures="12" timestamp="27 Sep 2019 11:14:23 GMT" time="287.803" errors="0">
  <testcase name="Login" time="26.275" classname="ApodGUI.QueuesInsideBrowseMessages">
    <failure type="org.openqa.selenium.WebDriverException" message="unknown error: Element &amp;lt;i _ngcontent-vil-c4=&amp;quot;&amp;quot; class=&amp;quot;fa fa-cog fa-lg&amp;quot; title=&amp;quot;User Settings&amp;quot;&amp;gt;&amp;lt;/i&amp;gt; is not clickable at point (1177, 22). Other element would receive the click: &amp;lt;ngb-modal-window role=&amp;quot;dialog&amp;quot; tabindex=&amp;quot;-1&amp;quot; class=&amp;quot;modal fade show d-block&amp;quot; aria-modal=&amp;quot;true&amp;quot;&amp;gt;...&amp;lt;/ngb-modal-window&amp;gt;
  (Session info: chrome=77.0.3865.90)
  (Driver info: chromedriver=2.41.578737 (49da6702b16031c40d63e5618de03a32ff6c197e),platform=Windows NT 10.0.18362 x86_64) (WARNING: The server did not provide any stacktrace information)
Command duration or timeout: 0 milliseconds
Build info: version: &amp;apos;3.14.0&amp;apos;, revision: &amp;apos;aacccce0&amp;apos;, time: &amp;apos;2018-08-02T20:13:22.693Z&amp;apos;
System info: host: &amp;apos;DESKTOP-E1JT2VR&amp;apos;, ip: &amp;apos;192.168.85.1&amp;apos;, os.name: &amp;apos;Windows 10&amp;apos;, os.arch: &amp;apos;amd64&amp;apos;, os.version: &amp;apos;10.0&amp;apos;, java.version: &amp;apos;1.8.0_201&amp;apos;
Driver info: org.openqa.selenium.chrome.ChromeDriver
Capabilities {acceptInsecureCerts: false, acceptSslCerts: false, applicationCacheEnabled: false, browserConnectionEnabled: false, browserName: chrome, chrome: {chromedriverVersion: 2.41.578737 (49da6702b16031..., userDataDir: C:\Users\NAGARA~1.KAG\AppDa...}, cssSelectorsEnabled: true, databaseEnabled: false, goog:chromeOptions: {debuggerAddress: localhost:53792}, handlesAlerts: true, hasTouchScreen: false, javascriptEnabled: true, locationContextEnabled: true, mobileEmulationEnabled: false, nativeEvents: true, networkConnectionEnabled: false, pageLoadStrategy: normal, platform: XP, platformName: XP, rotatable: false, setWindowRect: true, takesHeapSnapshot: true, takesScreenshot: true, unexpectedAlertBehaviour: , unhandledPromptBehavior: , version: 77.0.3865.90, webStorageEnabled: true}
Session ID: 3d4a05d42b13654c6b7b0d24eb52d7de">
      <![CDATA[org.openqa.selenium.WebDriverException: unknown error: Element <i _ngcontent-vil-c4="" class="fa fa-cog fa-lg" title="User Settings"></i> is not clickable at point (1177, 22). Other element would receive the click: <ngb-modal-window role="dialog" tabindex="-1" class="modal fade show d-block" aria-modal="true">...</ngb-modal-window>
  (Session info: chrome=77.0.3865.90)
  (Driver info: chromedriver=2.41.578737 (49da6702b16031c40d63e5618de03a32ff6c197e),platform=Windows NT 10.0.18362 x86_64) (WARNING: The server did not provide any stacktrace information)
Command duration or timeout: 0 milliseconds
Build info: version: '3.14.0', revision: 'aacccce0', time: '2018-08-02T20:13:22.693Z'
System info: host: 'DESKTOP-E1JT2VR', ip: '192.168.85.1', os.name: 'Windows 10', os.arch: 'amd64', os.version: '10.0', java.version: '1.8.0_201'
Driver info: org.openqa.selenium.chrome.ChromeDriver
Capabilities {acceptInsecureCerts: false, acceptSslCerts: false, applicationCacheEnabled: false, browserConnectionEnabled: false, browserName: chrome, chrome: {chromedriverVersion: 2.41.578737 (49da6702b16031..., userDataDir: C:\Users\NAGARA~1.KAG\AppDa...}, cssSelectorsEnabled: true, databaseEnabled: false, goog:chromeOptions: {debuggerAddress: localhost:53792}, handlesAlerts: true, hasTouchScreen: false, javascriptEnabled: true, locationContextEnabled: true, mobileEmulationEnabled: false, nativeEvents: true, networkConnectionEnabled: false, pageLoadStrategy: normal, platform: XP, platformName: XP, rotatable: false, setWindowRect: true, takesHeapSnapshot: true, takesScreenshot: true, unexpectedAlertBehaviour: , unhandledPromptBehavior: , version: 77.0.3865.90, webStorageEnabled: true}
Session ID: 3d4a05d42b13654c6b7b0d24eb52d7de
at org.openqa.selenium.remote.ErrorHandler.createThrowable(ErrorHandler.java:214)
at org.openqa.selenium.remote.ErrorHandler.throwIfResponseFailed(ErrorHandler.java:166)
at org.openqa.selenium.remote.http.JsonHttpResponseCodec.reconstructValue(JsonHttpResponseCodec.java:40)
at org.openqa.selenium.remote.http.AbstractHttpResponseCodec.decode(AbstractHttpResponseCodec.java:80)
at org.openqa.selenium.remote.http.AbstractHttpResponseCodec.decode(AbstractHttpResponseCodec.java:44)
at org.openqa.selenium.remote.HttpCommandExecutor.execute(HttpCommandExecutor.java:158)
at org.openqa.selenium.remote.service.DriverCommandExecutor.execute(DriverCommandExecutor.java:83)
at org.openqa.selenium.remote.RemoteWebDriver.execute(RemoteWebDriver.java:548)
at org.openqa.selenium.remote.RemoteWebElement.execute(RemoteWebElement.java:276)
at org.openqa.selenium.remote.RemoteWebElement.click(RemoteWebElement.java:83)
at ApodGUI.QueuesInsideBrowseMessages.Login(QueuesInsideBrowseMessages.java:164)
... Removed 30 stack frames]]>
    </failure>
  </testcase> <!-- Login -->
  <testcase name="PutAMessageUsingPutNewIcon" time="22.378" classname="ApodGUI.QueuesInsideBrowseMessages">
    <failure type="org.openqa.selenium.NoSuchElementException" message="no such element: Unable to locate element: {&amp;quot;method&amp;quot;:&amp;quot;id&amp;quot;,&amp;quot;selector&amp;quot;:&amp;quot;encoding-text-9&amp;quot;}
  (Session info: chrome=77.0.3865.90)
  (Driver info: chromedriver=2.41.578737 (49da6702b16031c40d63e5618de03a32ff6c197e),platform=Windows NT 10.0.18362 x86_64) (WARNING: The server did not provide any stacktrace information)
Command duration or timeout: 0 milliseconds
For documentation on this error, please visit: http://seleniumhq.org/exceptions/no_such_element.html
Build info: version: &amp;apos;3.14.0&amp;apos;, revision: &amp;apos;aacccce0&amp;apos;, time: &amp;apos;2018-08-02T20:13:22.693Z&amp;apos;
System info: host: &amp;apos;DESKTOP-E1JT2VR&amp;apos;, ip: &amp;apos;192.168.85.1&amp;apos;, os.name: &amp;apos;Windows 10&amp;apos;, os.arch: &amp;apos;amd64&amp;apos;, os.version: &amp;apos;10.0&amp;apos;, java.version: &amp;apos;1.8.0_201&amp;apos;
Driver info: org.openqa.selenium.chrome.ChromeDriver
Capabilities {acceptInsecureCerts: false, acceptSslCerts: false, applicationCacheEnabled: false, browserConnectionEnabled: false, browserName: chrome, chrome: {chromedriverVersion: 2.41.578737 (49da6702b16031..., userDataDir: C:\Users\NAGARA~1.KAG\AppDa...}, cssSelectorsEnabled: true, databaseEnabled: false, goog:chromeOptions: {debuggerAddress: localhost:53792}, handlesAlerts: true, hasTouchScreen: false, javascriptEnabled: true, locationContextEnabled: true, mobileEmulationEnabled: false, nativeEvents: true, networkConnectionEnabled: false, pageLoadStrategy: normal, platform: XP, platformName: XP, rotatable: false, setWindowRect: true, takesHeapSnapshot: true, takesScreenshot: true, unexpectedAlertBehaviour: , unhandledPromptBehavior: , version: 77.0.3865.90, webStorageEnabled: true}
Session ID: 3d4a05d42b13654c6b7b0d24eb52d7de
*** Element info: {Using=id, value=encoding-text-9}">
      <![CDATA[org.openqa.selenium.NoSuchElementException: no such element: Unable to locate element: {"method":"id","selector":"encoding-text-9"}
  (Session info: chrome=77.0.3865.90)
  (Driver info: chromedriver=2.41.578737 (49da6702b16031c40d63e5618de03a32ff6c197e),platform=Windows NT 10.0.18362 x86_64) (WARNING: The server did not provide any stacktrace information)
Command duration or timeout: 0 milliseconds
For documentation on this error, please visit: http://seleniumhq.org/exceptions/no_such_element.html
Build info: version: '3.14.0', revision: 'aacccce0', time: '2018-08-02T20:13:22.693Z'
System info: host: 'DESKTOP-E1JT2VR', ip: '192.168.85.1', os.name: 'Windows 10', os.arch: 'amd64', os.version: '10.0', java.version: '1.8.0_201'
Driver info: org.openqa.selenium.chrome.ChromeDriver
Capabilities {acceptInsecureCerts: false, acceptSslCerts: false, applicationCacheEnabled: false, browserConnectionEnabled: false, browserName: chrome, chrome: {chromedriverVersion: 2.41.578737 (49da6702b16031..., userDataDir: C:\Users\NAGARA~1.KAG\AppDa...}, cssSelectorsEnabled: true, databaseEnabled: false, goog:chromeOptions: {debuggerAddress: localhost:53792}, handlesAlerts: true, hasTouchScreen: false, javascriptEnabled: true, locationContextEnabled: true, mobileEmulationEnabled: false, nativeEvents: true, networkConnectionEnabled: false, pageLoadStrategy: normal, platform: XP, platformName: XP, rotatable: false, setWindowRect: true, takesHeapSnapshot: true, takesScreenshot: true, unexpectedAlertBehaviour: , unhandledPromptBehavior: , version: 77.0.3865.90, webStorageEnabled: true}
Session ID: 3d4a05d42b13654c6b7b0d24eb52d7de
*** Element info: {Using=id, value=encoding-text-9}
at org.openqa.selenium.remote.ErrorHandler.createThrowable(ErrorHandler.java:214)
at org.openqa.selenium.remote.ErrorHandler.throwIfResponseFailed(ErrorHandler.java:166)
at org.openqa.selenium.remote.http.JsonHttpResponseCodec.reconstructValue(JsonHttpResponseCodec.java:40)
at org.openqa.selenium.remote.http.AbstractHttpResponseCodec.decode(AbstractHttpResponseCodec.java:80)
at org.openqa.selenium.remote.http.AbstractHttpResponseCodec.decode(AbstractHttpResponseCodec.java:44)
at org.openqa.selenium.remote.HttpCommandExecutor.execute(HttpCommandExecutor.java:158)
at org.openqa.selenium.remote.service.DriverCommandExecutor.execute(DriverCommandExecutor.java:83)
at org.openqa.selenium.remote.RemoteWebDriver.execute(RemoteWebDriver.java:548)
at org.openqa.selenium.remote.RemoteWebDriver.findElement(RemoteWebDriver.java:322)
at org.openqa.selenium.remote.RemoteWebDriver.findElementById(RemoteWebDriver.java:368)
at org.openqa.selenium.By$ById.findElement(By.java:188)
at org.openqa.selenium.remote.RemoteWebDriver.findElement(RemoteWebDriver.java:314)
at ApodGUI.QueuesInsideBrowseMessages.PutAMessageUsingPutNewIcon(QueuesInsideBrowseMessages.java:240)
... Removed 30 stack frames]]>
    </failure>
  </testcase> <!-- PutAMessageUsingPutNewIcon -->
  <testcase name="DeleteMessageUsingDeleteIcon" time="0.093" classname="ApodGUI.QueuesInsideBrowseMessages">
    <failure type="org.openqa.selenium.WebDriverException" message="unknown error: Element &amp;lt;input _ngcontent-vil-c9=&amp;quot;&amp;quot; data-type-button=&amp;quot;consoleActionButtons&amp;quot; name=&amp;quot;name&amp;quot; type=&amp;quot;checkbox&amp;quot; class=&amp;quot;js-unique-console-first-checkbox&amp;quot;&amp;gt; is not clickable at point (15, 647). Other element would receive the click: &amp;lt;ngb-modal-window role=&amp;quot;dialog&amp;quot; tabindex=&amp;quot;-1&amp;quot; class=&amp;quot;modal fade show d-block&amp;quot; aria-modal=&amp;quot;true&amp;quot;&amp;gt;...&amp;lt;/ngb-modal-window&amp;gt;
  (Session info: chrome=77.0.3865.90)
  (Driver info: chromedriver=2.41.578737 (49da6702b16031c40d63e5618de03a32ff6c197e),platform=Windows NT 10.0.18362 x86_64) (WARNING: The server did not provide any stacktrace information)
Command duration or timeout: 0 milliseconds
Build info: version: &amp;apos;3.14.0&amp;apos;, revision: &amp;apos;aacccce0&amp;apos;, time: &amp;apos;2018-08-02T20:13:22.693Z&amp;apos;
System info: host: &amp;apos;DESKTOP-E1JT2VR&amp;apos;, ip: &amp;apos;192.168.85.1&amp;apos;, os.name: &amp;apos;Windows 10&amp;apos;, os.arch: &amp;apos;amd64&amp;apos;, os.version: &amp;apos;10.0&amp;apos;, java.version: &amp;apos;1.8.0_201&amp;apos;
Driver info: org.openqa.selenium.chrome.ChromeDriver
Capabilities {acceptInsecureCerts: false, acceptSslCerts: false, applicationCacheEnabled: false, browserConnectionEnabled: false, browserName: chrome, chrome: {chromedriverVersion: 2.41.578737 (49da6702b16031..., userDataDir: C:\Users\NAGARA~1.KAG\AppDa...}, cssSelectorsEnabled: true, databaseEnabled: false, goog:chromeOptions: {debuggerAddress: localhost:53792}, handlesAlerts: true, hasTouchScreen: false, javascriptEnabled: true, locationContextEnabled: true, mobileEmulationEnabled: false, nativeEvents: true, networkConnectionEnabled: false, pageLoadStrategy: normal, platform: XP, platformName: XP, rotatable: false, setWindowRect: true, takesHeapSnapshot: true, takesScreenshot: true, unexpectedAlertBehaviour: , unhandledPromptBehavior: , version: 77.0.3865.90, webStorageEnabled: true}
Session ID: 3d4a05d42b13654c6b7b0d24eb52d7de">
      <![CDATA[org.openqa.selenium.WebDriverException: unknown error: Element <input _ngcontent-vil-c9="" data-type-button="consoleActionButtons" name="name" type="checkbox" class="js-unique-console-first-checkbox"> is not clickable at point (15, 647). Other element would receive the click: <ngb-modal-window role="dialog" tabindex="-1" class="modal fade show d-block" aria-modal="true">...</ngb-modal-window>
  (Session info: chrome=77.0.3865.90)
  (Driver info: chromedriver=2.41.578737 (49da6702b16031c40d63e5618de03a32ff6c197e),platform=Windows NT 10.0.18362 x86_64) (WARNING: The server did not provide any stacktrace information)
Command duration or timeout: 0 milliseconds
Build info: version: '3.14.0', revision: 'aacccce0', time: '2018-08-02T20:13:22.693Z'
System info: host: 'DESKTOP-E1JT2VR', ip: '192.168.85.1', os.name: 'Windows 10', os.arch: 'amd64', os.version: '10.0', java.version: '1.8.0_201'
Driver info: org.openqa.selenium.chrome.ChromeDriver
Capabilities {acceptInsecureCerts: false, acceptSslCerts: false, applicationCacheEnabled: false, browserConnectionEnabled: false, browserName: chrome, chrome: {chromedriverVersion: 2.41.578737 (49da6702b16031..., userDataDir: C:\Users\NAGARA~1.KAG\AppDa...}, cssSelectorsEnabled: true, databaseEnabled: false, goog:chromeOptions: {debuggerAddress: localhost:53792}, handlesAlerts: true, hasTouchScreen: false, javascriptEnabled: true, locationContextEnabled: true, mobileEmulationEnabled: false, nativeEvents: true, networkConnectionEnabled: false, pageLoadStrategy: normal, platform: XP, platformName: XP, rotatable: false, setWindowRect: true, takesHeapSnapshot: true, takesScreenshot: true, unexpectedAlertBehaviour: , unhandledPromptBehavior: , version: 77.0.3865.90, webStorageEnabled: true}
Session ID: 3d4a05d42b13654c6b7b0d24eb52d7de
at org.openqa.selenium.remote.ErrorHandler.createThrowable(ErrorHandler.java:214)
at org.openqa.selenium.remote.ErrorHandler.throwIfResponseFailed(ErrorHandler.java:166)
at org.openqa.selenium.remote.http.JsonHttpResponseCodec.reconstructValue(JsonHttpResponseCodec.java:40)
at org.openqa.selenium.remote.http.AbstractHttpResponseCodec.decode(AbstractHttpResponseCodec.java:80)
at org.openqa.selenium.remote.http.AbstractHttpResponseCodec.decode(AbstractHttpResponseCodec.java:44)
at org.openqa.selenium.remote.HttpCommandExecutor.execute(HttpCommandExecutor.java:158)
at org.openqa.selenium.remote.service.DriverCommandExecutor.execute(DriverCommandExecutor.java:83)
at org.openqa.selenium.remote.RemoteWebDriver.execute(RemoteWebDriver.java:548)
at org.openqa.selenium.remote.RemoteWebElement.execute(RemoteWebElement.java:276)
at org.openqa.selenium.remote.RemoteWebElement.click(RemoteWebElement.java:83)
at ApodGUI.QueuesInsideBrowseMessages.DeleteMessageUsingDeleteIcon(QueuesInsideBrowseMessages.java:284)
... Removed 30 stack frames]]>
    </failure>
  </testcase> <!-- DeleteMessageUsingDeleteIcon -->
  <testcase name="CopyMessageUsingCopyIcon" time="0.113" classname="ApodGUI.QueuesInsideBrowseMessages">
    <failure type="org.openqa.selenium.WebDriverException" message="unknown error: Element &amp;lt;input _ngcontent-vil-c9=&amp;quot;&amp;quot; data-type-button=&amp;quot;consoleActionButtons&amp;quot; name=&amp;quot;name&amp;quot; type=&amp;quot;checkbox&amp;quot; class=&amp;quot;js-unique-console-first-checkbox&amp;quot;&amp;gt; is not clickable at point (15, 647). Other element would receive the click: &amp;lt;ngb-modal-window role=&amp;quot;dialog&amp;quot; tabindex=&amp;quot;-1&amp;quot; class=&amp;quot;modal fade show d-block&amp;quot; aria-modal=&amp;quot;true&amp;quot;&amp;gt;...&amp;lt;/ngb-modal-window&amp;gt;
  (Session info: chrome=77.0.3865.90)
  (Driver info: chromedriver=2.41.578737 (49da6702b16031c40d63e5618de03a32ff6c197e),platform=Windows NT 10.0.18362 x86_64) (WARNING: The server did not provide any stacktrace information)
Command duration or timeout: 0 milliseconds
Build info: version: &amp;apos;3.14.0&amp;apos;, revision: &amp;apos;aacccce0&amp;apos;, time: &amp;apos;2018-08-02T20:13:22.693Z&amp;apos;
System info: host: &amp;apos;DESKTOP-E1JT2VR&amp;apos;, ip: &amp;apos;192.168.85.1&amp;apos;, os.name: &amp;apos;Windows 10&amp;apos;, os.arch: &amp;apos;amd64&amp;apos;, os.version: &amp;apos;10.0&amp;apos;, java.version: &amp;apos;1.8.0_201&amp;apos;
Driver info: org.openqa.selenium.chrome.ChromeDriver
Capabilities {acceptInsecureCerts: false, acceptSslCerts: false, applicationCacheEnabled: false, browserConnectionEnabled: false, browserName: chrome, chrome: {chromedriverVersion: 2.41.578737 (49da6702b16031..., userDataDir: C:\Users\NAGARA~1.KAG\AppDa...}, cssSelectorsEnabled: true, databaseEnabled: false, goog:chromeOptions: {debuggerAddress: localhost:53792}, handlesAlerts: true, hasTouchScreen: false, javascriptEnabled: true, locationContextEnabled: true, mobileEmulationEnabled: false, nativeEvents: true, networkConnectionEnabled: false, pageLoadStrategy: normal, platform: XP, platformName: XP, rotatable: false, setWindowRect: true, takesHeapSnapshot: true, takesScreenshot: true, unexpectedAlertBehaviour: , unhandledPromptBehavior: , version: 77.0.3865.90, webStorageEnabled: true}
Session ID: 3d4a05d42b13654c6b7b0d24eb52d7de">
      <![CDATA[org.openqa.selenium.WebDriverException: unknown error: Element <input _ngcontent-vil-c9="" data-type-button="consoleActionButtons" name="name" type="checkbox" class="js-unique-console-first-checkbox"> is not clickable at point (15, 647). Other element would receive the click: <ngb-modal-window role="dialog" tabindex="-1" class="modal fade show d-block" aria-modal="true">...</ngb-modal-window>
  (Session info: chrome=77.0.3865.90)
  (Driver info: chromedriver=2.41.578737 (49da6702b16031c40d63e5618de03a32ff6c197e),platform=Windows NT 10.0.18362 x86_64) (WARNING: The server did not provide any stacktrace information)
Command duration or timeout: 0 milliseconds
Build info: version: '3.14.0', revision: 'aacccce0', time: '2018-08-02T20:13:22.693Z'
System info: host: 'DESKTOP-E1JT2VR', ip: '192.168.85.1', os.name: 'Windows 10', os.arch: 'amd64', os.version: '10.0', java.version: '1.8.0_201'
Driver info: org.openqa.selenium.chrome.ChromeDriver
Capabilities {acceptInsecureCerts: false, acceptSslCerts: false, applicationCacheEnabled: false, browserConnectionEnabled: false, browserName: chrome, chrome: {chromedriverVersion: 2.41.578737 (49da6702b16031..., userDataDir: C:\Users\NAGARA~1.KAG\AppDa...}, cssSelectorsEnabled: true, databaseEnabled: false, goog:chromeOptions: {debuggerAddress: localhost:53792}, handlesAlerts: true, hasTouchScreen: false, javascriptEnabled: true, locationContextEnabled: true, mobileEmulationEnabled: false, nativeEvents: true, networkConnectionEnabled: false, pageLoadStrategy: normal, platform: XP, platformName: XP, rotatable: false, setWindowRect: true, takesHeapSnapshot: true, takesScreenshot: true, unexpectedAlertBehaviour: , unhandledPromptBehavior: , version: 77.0.3865.90, webStorageEnabled: true}
Session ID: 3d4a05d42b13654c6b7b0d24eb52d7de
at org.openqa.selenium.remote.ErrorHandler.createThrowable(ErrorHandler.java:214)
at org.openqa.selenium.remote.ErrorHandler.throwIfResponseFailed(ErrorHandler.java:166)
at org.openqa.selenium.remote.http.JsonHttpResponseCodec.reconstructValue(JsonHttpResponseCodec.java:40)
at org.openqa.selenium.remote.http.AbstractHttpResponseCodec.decode(AbstractHttpResponseCodec.java:80)
at org.openqa.selenium.remote.http.AbstractHttpResponseCodec.decode(AbstractHttpResponseCodec.java:44)
at org.openqa.selenium.remote.HttpCommandExecutor.execute(HttpCommandExecutor.java:158)
at org.openqa.selenium.remote.service.DriverCommandExecutor.execute(DriverCommandExecutor.java:83)
at org.openqa.selenium.remote.RemoteWebDriver.execute(RemoteWebDriver.java:548)
at org.openqa.selenium.remote.RemoteWebElement.execute(RemoteWebElement.java:276)
at org.openqa.selenium.remote.RemoteWebElement.click(RemoteWebElement.java:83)
at ApodGUI.QueuesInsideBrowseMessages.CopyMessageUsingCopyIcon(QueuesInsideBrowseMessages.java:339)
... Removed 30 stack frames]]>
    </failure>
  </testcase> <!-- CopyMessageUsingCopyIcon -->
  <testcase name="MoveMessageUsingMoveIcon" time="0.1" classname="ApodGUI.QueuesInsideBrowseMessages">
    <failure type="org.openqa.selenium.WebDriverException" message="unknown error: Element &amp;lt;input _ngcontent-vil-c9=&amp;quot;&amp;quot; data-type-button=&amp;quot;consoleActionButtons&amp;quot; name=&amp;quot;name&amp;quot; type=&amp;quot;checkbox&amp;quot; class=&amp;quot;js-unique-console-first-checkbox&amp;quot;&amp;gt; is not clickable at point (15, 647). Other element would receive the click: &amp;lt;ngb-modal-window role=&amp;quot;dialog&amp;quot; tabindex=&amp;quot;-1&amp;quot; class=&amp;quot;modal fade show d-block&amp;quot; aria-modal=&amp;quot;true&amp;quot;&amp;gt;...&amp;lt;/ngb-modal-window&amp;gt;
  (Session info: chrome=77.0.3865.90)
  (Driver info: chromedriver=2.41.578737 (49da6702b16031c40d63e5618de03a32ff6c197e),platform=Windows NT 10.0.18362 x86_64) (WARNING: The server did not provide any stacktrace information)
Command duration or timeout: 0 milliseconds
Build info: version: &amp;apos;3.14.0&amp;apos;, revision: &amp;apos;aacccce0&amp;apos;, time: &amp;apos;2018-08-02T20:13:22.693Z&amp;apos;
System info: host: &amp;apos;DESKTOP-E1JT2VR&amp;apos;, ip: &amp;apos;192.168.85.1&amp;apos;, os.name: &amp;apos;Windows 10&amp;apos;, os.arch: &amp;apos;amd64&amp;apos;, os.version: &amp;apos;10.0&amp;apos;, java.version: &amp;apos;1.8.0_201&amp;apos;
Driver info: org.openqa.selenium.chrome.ChromeDriver
Capabilities {acceptInsecureCerts: false, acceptSslCerts: false, applicationCacheEnabled: false, browserConnectionEnabled: false, browserName: chrome, chrome: {chromedriverVersion: 2.41.578737 (49da6702b16031..., userDataDir: C:\Users\NAGARA~1.KAG\AppDa...}, cssSelectorsEnabled: true, databaseEnabled: false, goog:chromeOptions: {debuggerAddress: localhost:53792}, handlesAlerts: true, hasTouchScreen: false, javascriptEnabled: true, locationContextEnabled: true, mobileEmulationEnabled: false, nativeEvents: true, networkConnectionEnabled: false, pageLoadStrategy: normal, platform: XP, platformName: XP, rotatable: false, setWindowRect: true, takesHeapSnapshot: true, takesScreenshot: true, unexpectedAlertBehaviour: , unhandledPromptBehavior: , version: 77.0.3865.90, webStorageEnabled: true}
Session ID: 3d4a05d42b13654c6b7b0d24eb52d7de">
      <![CDATA[org.openqa.selenium.WebDriverException: unknown error: Element <input _ngcontent-vil-c9="" data-type-button="consoleActionButtons" name="name" type="checkbox" class="js-unique-console-first-checkbox"> is not clickable at point (15, 647). Other element would receive the click: <ngb-modal-window role="dialog" tabindex="-1" class="modal fade show d-block" aria-modal="true">...</ngb-modal-window>
  (Session info: chrome=77.0.3865.90)
  (Driver info: chromedriver=2.41.578737 (49da6702b16031c40d63e5618de03a32ff6c197e),platform=Windows NT 10.0.18362 x86_64) (WARNING: The server did not provide any stacktrace information)
Command duration or timeout: 0 milliseconds
Build info: version: '3.14.0', revision: 'aacccce0', time: '2018-08-02T20:13:22.693Z'
System info: host: 'DESKTOP-E1JT2VR', ip: '192.168.85.1', os.name: 'Windows 10', os.arch: 'amd64', os.version: '10.0', java.version: '1.8.0_201'
Driver info: org.openqa.selenium.chrome.ChromeDriver
Capabilities {acceptInsecureCerts: false, acceptSslCerts: false, applicationCacheEnabled: false, browserConnectionEnabled: false, browserName: chrome, chrome: {chromedriverVersion: 2.41.578737 (49da6702b16031..., userDataDir: C:\Users\NAGARA~1.KAG\AppDa...}, cssSelectorsEnabled: true, databaseEnabled: false, goog:chromeOptions: {debuggerAddress: localhost:53792}, handlesAlerts: true, hasTouchScreen: false, javascriptEnabled: true, locationContextEnabled: true, mobileEmulationEnabled: false, nativeEvents: true, networkConnectionEnabled: false, pageLoadStrategy: normal, platform: XP, platformName: XP, rotatable: false, setWindowRect: true, takesHeapSnapshot: true, takesScreenshot: true, unexpectedAlertBehaviour: , unhandledPromptBehavior: , version: 77.0.3865.90, webStorageEnabled: true}
Session ID: 3d4a05d42b13654c6b7b0d24eb52d7de
at org.openqa.selenium.remote.ErrorHandler.createThrowable(ErrorHandler.java:214)
at org.openqa.selenium.remote.ErrorHandler.throwIfResponseFailed(ErrorHandler.java:166)
at org.openqa.selenium.remote.http.JsonHttpResponseCodec.reconstructValue(JsonHttpResponseCodec.java:40)
at org.openqa.selenium.remote.http.AbstractHttpResponseCodec.decode(AbstractHttpResponseCodec.java:80)
at org.openqa.selenium.remote.http.AbstractHttpResponseCodec.decode(AbstractHttpResponseCodec.java:44)
at org.openqa.selenium.remote.HttpCommandExecutor.execute(HttpCommandExecutor.java:158)
at org.openqa.selenium.remote.service.DriverCommandExecutor.execute(DriverCommandExecutor.java:83)
at org.openqa.selenium.remote.RemoteWebDriver.execute(RemoteWebDriver.java:548)
at org.openqa.selenium.remote.RemoteWebElement.execute(RemoteWebElement.java:276)
at org.openqa.selenium.remote.RemoteWebElement.click(RemoteWebElement.java:83)
at ApodGUI.QueuesInsideBrowseMessages.MoveMessageUsingMoveIcon(QueuesInsideBrowseMessages.java:398)
... Removed 30 stack frames]]>
    </failure>
  </testcase> <!-- MoveMessageUsingMoveIcon -->
  <testcase name="EditMessageUsingEditIcon" time="0.048" classname="ApodGUI.QueuesInsideBrowseMessages">
    <failure type="org.openqa.selenium.WebDriverException" message="unknown error: Element &amp;lt;input _ngcontent-vil-c9=&amp;quot;&amp;quot; data-type-button=&amp;quot;consoleActionButtons&amp;quot; name=&amp;quot;name&amp;quot; type=&amp;quot;checkbox&amp;quot; class=&amp;quot;js-unique-console-first-checkbox&amp;quot;&amp;gt; is not clickable at point (15, 647). Other element would receive the click: &amp;lt;ngb-modal-window role=&amp;quot;dialog&amp;quot; tabindex=&amp;quot;-1&amp;quot; class=&amp;quot;modal fade show d-block&amp;quot; aria-modal=&amp;quot;true&amp;quot;&amp;gt;...&amp;lt;/ngb-modal-window&amp;gt;
  (Session info: chrome=77.0.3865.90)
  (Driver info: chromedriver=2.41.578737 (49da6702b16031c40d63e5618de03a32ff6c197e),platform=Windows NT 10.0.18362 x86_64) (WARNING: The server did not provide any stacktrace information)
Command duration or timeout: 0 milliseconds
Build info: version: &amp;apos;3.14.0&amp;apos;, revision: &amp;apos;aacccce0&amp;apos;, time: &amp;apos;2018-08-02T20:13:22.693Z&amp;apos;
System info: host: &amp;apos;DESKTOP-E1JT2VR&amp;apos;, ip: &amp;apos;192.168.85.1&amp;apos;, os.name: &amp;apos;Windows 10&amp;apos;, os.arch: &amp;apos;amd64&amp;apos;, os.version: &amp;apos;10.0&amp;apos;, java.version: &amp;apos;1.8.0_201&amp;apos;
Driver info: org.openqa.selenium.chrome.ChromeDriver
Capabilities {acceptInsecureCerts: false, acceptSslCerts: false, applicationCacheEnabled: false, browserConnectionEnabled: false, browserName: chrome, chrome: {chromedriverVersion: 2.41.578737 (49da6702b16031..., userDataDir: C:\Users\NAGARA~1.KAG\AppDa...}, cssSelectorsEnabled: true, databaseEnabled: false, goog:chromeOptions: {debuggerAddress: localhost:53792}, handlesAlerts: true, hasTouchScreen: false, javascriptEnabled: true, locationContextEnabled: true, mobileEmulationEnabled: false, nativeEvents: true, networkConnectionEnabled: false, pageLoadStrategy: normal, platform: XP, platformName: XP, rotatable: false, setWindowRect: true, takesHeapSnapshot: true, takesScreenshot: true, unexpectedAlertBehaviour: , unhandledPromptBehavior: , version: 77.0.3865.90, webStorageEnabled: true}
Session ID: 3d4a05d42b13654c6b7b0d24eb52d7de">
      <![CDATA[org.openqa.selenium.WebDriverException: unknown error: Element <input _ngcontent-vil-c9="" data-type-button="consoleActionButtons" name="name" type="checkbox" class="js-unique-console-first-checkbox"> is not clickable at point (15, 647). Other element would receive the click: <ngb-modal-window role="dialog" tabindex="-1" class="modal fade show d-block" aria-modal="true">...</ngb-modal-window>
  (Session info: chrome=77.0.3865.90)
  (Driver info: chromedriver=2.41.578737 (49da6702b16031c40d63e5618de03a32ff6c197e),platform=Windows NT 10.0.18362 x86_64) (WARNING: The server did not provide any stacktrace information)
Command duration or timeout: 0 milliseconds
Build info: version: '3.14.0', revision: 'aacccce0', time: '2018-08-02T20:13:22.693Z'
System info: host: 'DESKTOP-E1JT2VR', ip: '192.168.85.1', os.name: 'Windows 10', os.arch: 'amd64', os.version: '10.0', java.version: '1.8.0_201'
Driver info: org.openqa.selenium.chrome.ChromeDriver
Capabilities {acceptInsecureCerts: false, acceptSslCerts: false, applicationCacheEnabled: false, browserConnectionEnabled: false, browserName: chrome, chrome: {chromedriverVersion: 2.41.578737 (49da6702b16031..., userDataDir: C:\Users\NAGARA~1.KAG\AppDa...}, cssSelectorsEnabled: true, databaseEnabled: false, goog:chromeOptions: {debuggerAddress: localhost:53792}, handlesAlerts: true, hasTouchScreen: false, javascriptEnabled: true, locationContextEnabled: true, mobileEmulationEnabled: false, nativeEvents: true, networkConnectionEnabled: false, pageLoadStrategy: normal, platform: XP, platformName: XP, rotatable: false, setWindowRect: true, takesHeapSnapshot: true, takesScreenshot: true, unexpectedAlertBehaviour: , unhandledPromptBehavior: , version: 77.0.3865.90, webStorageEnabled: true}
Session ID: 3d4a05d42b13654c6b7b0d24eb52d7de
at org.openqa.selenium.remote.ErrorHandler.createThrowable(ErrorHandler.java:214)
at org.openqa.selenium.remote.ErrorHandler.throwIfResponseFailed(ErrorHandler.java:166)
at org.openqa.selenium.remote.http.JsonHttpResponseCodec.reconstructValue(JsonHttpResponseCodec.java:40)
at org.openqa.selenium.remote.http.AbstractHttpResponseCodec.decode(AbstractHttpResponseCodec.java:80)
at org.openqa.selenium.remote.http.AbstractHttpResponseCodec.decode(AbstractHttpResponseCodec.java:44)
at org.openqa.selenium.remote.HttpCommandExecutor.execute(HttpCommandExecutor.java:158)
at org.openqa.selenium.remote.service.DriverCommandExecutor.execute(DriverCommandExecutor.java:83)
at org.openqa.selenium.remote.RemoteWebDriver.execute(RemoteWebDriver.java:548)
at org.openqa.selenium.remote.RemoteWebElement.execute(RemoteWebElement.java:276)
at org.openqa.selenium.remote.RemoteWebElement.click(RemoteWebElement.java:83)
at ApodGUI.QueuesInsideBrowseMessages.EditMessageUsingEditIcon(QueuesInsideBrowseMessages.java:440)
... Removed 30 stack frames]]>
    </failure>
  </testcase> <!-- EditMessageUsingEditIcon -->
  <testcase name="LoadMessageFromFileUsingIcon" time="0.069" classname="ApodGUI.QueuesInsideBrowseMessages">
    <failure type="org.openqa.selenium.WebDriverException" message="unknown error: Element &amp;lt;input _ngcontent-vil-c9=&amp;quot;&amp;quot; data-type-button=&amp;quot;consoleActionButtons&amp;quot; name=&amp;quot;name&amp;quot; type=&amp;quot;checkbox&amp;quot; class=&amp;quot;js-unique-console-first-checkbox&amp;quot;&amp;gt; is not clickable at point (15, 647). Other element would receive the click: &amp;lt;ngb-modal-window role=&amp;quot;dialog&amp;quot; tabindex=&amp;quot;-1&amp;quot; class=&amp;quot;modal fade show d-block&amp;quot; aria-modal=&amp;quot;true&amp;quot;&amp;gt;...&amp;lt;/ngb-modal-window&amp;gt;
  (Session info: chrome=77.0.3865.90)
  (Driver info: chromedriver=2.41.578737 (49da6702b16031c40d63e5618de03a32ff6c197e),platform=Windows NT 10.0.18362 x86_64) (WARNING: The server did not provide any stacktrace information)
Command duration or timeout: 0 milliseconds
Build info: version: &amp;apos;3.14.0&amp;apos;, revision: &amp;apos;aacccce0&amp;apos;, time: &amp;apos;2018-08-02T20:13:22.693Z&amp;apos;
System info: host: &amp;apos;DESKTOP-E1JT2VR&amp;apos;, ip: &amp;apos;192.168.85.1&amp;apos;, os.name: &amp;apos;Windows 10&amp;apos;, os.arch: &amp;apos;amd64&amp;apos;, os.version: &amp;apos;10.0&amp;apos;, java.version: &amp;apos;1.8.0_201&amp;apos;
Driver info: org.openqa.selenium.chrome.ChromeDriver
Capabilities {acceptInsecureCerts: false, acceptSslCerts: false, applicationCacheEnabled: false, browserConnectionEnabled: false, browserName: chrome, chrome: {chromedriverVersion: 2.41.578737 (49da6702b16031..., userDataDir: C:\Users\NAGARA~1.KAG\AppDa...}, cssSelectorsEnabled: true, databaseEnabled: false, goog:chromeOptions: {debuggerAddress: localhost:53792}, handlesAlerts: true, hasTouchScreen: false, javascriptEnabled: true, locationContextEnabled: true, mobileEmulationEnabled: false, nativeEvents: true, networkConnectionEnabled: false, pageLoadStrategy: normal, platform: XP, platformName: XP, rotatable: false, setWindowRect: true, takesHeapSnapshot: true, takesScreenshot: true, unexpectedAlertBehaviour: , unhandledPromptBehavior: , version: 77.0.3865.90, webStorageEnabled: true}
Session ID: 3d4a05d42b13654c6b7b0d24eb52d7de">
      <![CDATA[org.openqa.selenium.WebDriverException: unknown error: Element <input _ngcontent-vil-c9="" data-type-button="consoleActionButtons" name="name" type="checkbox" class="js-unique-console-first-checkbox"> is not clickable at point (15, 647). Other element would receive the click: <ngb-modal-window role="dialog" tabindex="-1" class="modal fade show d-block" aria-modal="true">...</ngb-modal-window>
  (Session info: chrome=77.0.3865.90)
  (Driver info: chromedriver=2.41.578737 (49da6702b16031c40d63e5618de03a32ff6c197e),platform=Windows NT 10.0.18362 x86_64) (WARNING: The server did not provide any stacktrace information)
Command duration or timeout: 0 milliseconds
Build info: version: '3.14.0', revision: 'aacccce0', time: '2018-08-02T20:13:22.693Z'
System info: host: 'DESKTOP-E1JT2VR', ip: '192.168.85.1', os.name: 'Windows 10', os.arch: 'amd64', os.version: '10.0', java.version: '1.8.0_201'
Driver info: org.openqa.selenium.chrome.ChromeDriver
Capabilities {acceptInsecureCerts: false, acceptSslCerts: false, applicationCacheEnabled: false, browserConnectionEnabled: false, browserName: chrome, chrome: {chromedriverVersion: 2.41.578737 (49da6702b16031..., userDataDir: C:\Users\NAGARA~1.KAG\AppDa...}, cssSelectorsEnabled: true, databaseEnabled: false, goog:chromeOptions: {debuggerAddress: localhost:53792}, handlesAlerts: true, hasTouchScreen: false, javascriptEnabled: true, locationContextEnabled: true, mobileEmulationEnabled: false, nativeEvents: true, networkConnectionEnabled: false, pageLoadStrategy: normal, platform: XP, platformName: XP, rotatable: false, setWindowRect: true, takesHeapSnapshot: true, takesScreenshot: true, unexpectedAlertBehaviour: , unhandledPromptBehavior: , version: 77.0.3865.90, webStorageEnabled: true}
Session ID: 3d4a05d42b13654c6b7b0d24eb52d7de
at org.openqa.selenium.remote.ErrorHandler.createThrowable(ErrorHandler.java:214)
at org.openqa.selenium.remote.ErrorHandler.throwIfResponseFailed(ErrorHandler.java:166)
at org.openqa.selenium.remote.http.JsonHttpResponseCodec.reconstructValue(JsonHttpResponseCodec.java:40)
at org.openqa.selenium.remote.http.AbstractHttpResponseCodec.decode(AbstractHttpResponseCodec.java:80)
at org.openqa.selenium.remote.http.AbstractHttpResponseCodec.decode(AbstractHttpResponseCodec.java:44)
at org.openqa.selenium.remote.HttpCommandExecutor.execute(HttpCommandExecutor.java:158)
at org.openqa.selenium.remote.service.DriverCommandExecutor.execute(DriverCommandExecutor.java:83)
at org.openqa.selenium.remote.RemoteWebDriver.execute(RemoteWebDriver.java:548)
at org.openqa.selenium.remote.RemoteWebElement.execute(RemoteWebElement.java:276)
at org.openqa.selenium.remote.RemoteWebElement.click(RemoteWebElement.java:83)
at ApodGUI.QueuesInsideBrowseMessages.LoadMessageFromFileUsingIcon(QueuesInsideBrowseMessages.java:493)
... Removed 30 stack frames]]>
    </failure>
  </testcase> <!-- LoadMessageFromFileUsingIcon -->
  <testcase name="ExportSelectedMessageUsingExportIcon" time="0.051" classname="ApodGUI.QueuesInsideBrowseMessages"/>
  <testcase name="EditMessageUsingEditOption" time="0.059" classname="ApodGUI.QueuesInsideBrowseMessages">
    <failure type="org.openqa.selenium.WebDriverException" message="unknown error: Element &amp;lt;input _ngcontent-vil-c9=&amp;quot;&amp;quot; data-type-button=&amp;quot;consoleActionButtons&amp;quot; name=&amp;quot;name&amp;quot; type=&amp;quot;checkbox&amp;quot; class=&amp;quot;js-unique-console-first-checkbox&amp;quot;&amp;gt; is not clickable at point (15, 647). Other element would receive the click: &amp;lt;ngb-modal-window role=&amp;quot;dialog&amp;quot; tabindex=&amp;quot;-1&amp;quot; class=&amp;quot;modal fade show d-block&amp;quot; aria-modal=&amp;quot;true&amp;quot;&amp;gt;...&amp;lt;/ngb-modal-window&amp;gt;
  (Session info: chrome=77.0.3865.90)
  (Driver info: chromedriver=2.41.578737 (49da6702b16031c40d63e5618de03a32ff6c197e),platform=Windows NT 10.0.18362 x86_64) (WARNING: The server did not provide any stacktrace information)
Command duration or timeout: 0 milliseconds
Build info: version: &amp;apos;3.14.0&amp;apos;, revision: &amp;apos;aacccce0&amp;apos;, time: &amp;apos;2018-08-02T20:13:22.693Z&amp;apos;
System info: host: &amp;apos;DESKTOP-E1JT2VR&amp;apos;, ip: &amp;apos;192.168.85.1&amp;apos;, os.name: &amp;apos;Windows 10&amp;apos;, os.arch: &amp;apos;amd64&amp;apos;, os.version: &amp;apos;10.0&amp;apos;, java.version: &amp;apos;1.8.0_201&amp;apos;
Driver info: org.openqa.selenium.chrome.ChromeDriver
Capabilities {acceptInsecureCerts: false, acceptSslCerts: false, applicationCacheEnabled: false, browserConnectionEnabled: false, browserName: chrome, chrome: {chromedriverVersion: 2.41.578737 (49da6702b16031..., userDataDir: C:\Users\NAGARA~1.KAG\AppDa...}, cssSelectorsEnabled: true, databaseEnabled: false, goog:chromeOptions: {debuggerAddress: localhost:53792}, handlesAlerts: true, hasTouchScreen: false, javascriptEnabled: true, locationContextEnabled: true, mobileEmulationEnabled: false, nativeEvents: true, networkConnectionEnabled: false, pageLoadStrategy: normal, platform: XP, platformName: XP, rotatable: false, setWindowRect: true, takesHeapSnapshot: true, takesScreenshot: true, unexpectedAlertBehaviour: , unhandledPromptBehavior: , version: 77.0.3865.90, webStorageEnabled: true}
Session ID: 3d4a05d42b13654c6b7b0d24eb52d7de">
      <![CDATA[org.openqa.selenium.WebDriverException: unknown error: Element <input _ngcontent-vil-c9="" data-type-button="consoleActionButtons" name="name" type="checkbox" class="js-unique-console-first-checkbox"> is not clickable at point (15, 647). Other element would receive the click: <ngb-modal-window role="dialog" tabindex="-1" class="modal fade show d-block" aria-modal="true">...</ngb-modal-window>
  (Session info: chrome=77.0.3865.90)
  (Driver info: chromedriver=2.41.578737 (49da6702b16031c40d63e5618de03a32ff6c197e),platform=Windows NT 10.0.18362 x86_64) (WARNING: The server did not provide any stacktrace information)
Command duration or timeout: 0 milliseconds
Build info: version: '3.14.0', revision: 'aacccce0', time: '2018-08-02T20:13:22.693Z'
System info: host: 'DESKTOP-E1JT2VR', ip: '192.168.85.1', os.name: 'Windows 10', os.arch: 'amd64', os.version: '10.0', java.version: '1.8.0_201'
Driver info: org.openqa.selenium.chrome.ChromeDriver
Capabilities {acceptInsecureCerts: false, acceptSslCerts: false, applicationCacheEnabled: false, browserConnectionEnabled: false, browserName: chrome, chrome: {chromedriverVersion: 2.41.578737 (49da6702b16031..., userDataDir: C:\Users\NAGARA~1.KAG\AppDa...}, cssSelectorsEnabled: true, databaseEnabled: false, goog:chromeOptions: {debuggerAddress: localhost:53792}, handlesAlerts: true, hasTouchScreen: false, javascriptEnabled: true, locationContextEnabled: true, mobileEmulationEnabled: false, nativeEvents: true, networkConnectionEnabled: false, pageLoadStrategy: normal, platform: XP, platformName: XP, rotatable: false, setWindowRect: true, takesHeapSnapshot: true, takesScreenshot: true, unexpectedAlertBehaviour: , unhandledPromptBehavior: , version: 77.0.3865.90, webStorageEnabled: true}
Session ID: 3d4a05d42b13654c6b7b0d24eb52d7de
at org.openqa.selenium.remote.ErrorHandler.createThrowable(ErrorHandler.java:214)
at org.openqa.selenium.remote.ErrorHandler.throwIfResponseFailed(ErrorHandler.java:166)
at org.openqa.selenium.remote.http.JsonHttpResponseCodec.reconstructValue(JsonHttpResponseCodec.java:40)
at org.openqa.selenium.remote.http.AbstractHttpResponseCodec.decode(AbstractHttpResponseCodec.java:80)
at org.openqa.selenium.remote.http.AbstractHttpResponseCodec.decode(AbstractHttpResponseCodec.java:44)
at org.openqa.selenium.remote.HttpCommandExecutor.execute(HttpCommandExecutor.java:158)
at org.openqa.selenium.remote.service.DriverCommandExecutor.execute(DriverCommandExecutor.java:83)
at org.openqa.selenium.remote.RemoteWebDriver.execute(RemoteWebDriver.java:548)
at org.openqa.selenium.remote.RemoteWebElement.execute(RemoteWebElement.java:276)
at org.openqa.selenium.remote.RemoteWebElement.click(RemoteWebElement.java:83)
at ApodGUI.QueuesInsideBrowseMessages.EditMessageUsingEditOption(QueuesInsideBrowseMessages.java:590)
... Removed 29 stack frames]]>
    </failure>
  </testcase> <!-- EditMessageUsingEditOption -->
  <testcase name="DeleteMessageUsingDeleteOption" time="0.068" classname="ApodGUI.QueuesInsideBrowseMessages">
    <failure type="org.openqa.selenium.WebDriverException" message="unknown error: Element &amp;lt;input _ngcontent-vil-c9=&amp;quot;&amp;quot; data-type-button=&amp;quot;consoleActionButtons&amp;quot; name=&amp;quot;name&amp;quot; type=&amp;quot;checkbox&amp;quot; class=&amp;quot;js-unique-console-first-checkbox&amp;quot;&amp;gt; is not clickable at point (15, 647). Other element would receive the click: &amp;lt;ngb-modal-window role=&amp;quot;dialog&amp;quot; tabindex=&amp;quot;-1&amp;quot; class=&amp;quot;modal fade show d-block&amp;quot; aria-modal=&amp;quot;true&amp;quot;&amp;gt;...&amp;lt;/ngb-modal-window&amp;gt;
  (Session info: chrome=77.0.3865.90)
  (Driver info: chromedriver=2.41.578737 (49da6702b16031c40d63e5618de03a32ff6c197e),platform=Windows NT 10.0.18362 x86_64) (WARNING: The server did not provide any stacktrace information)
Command duration or timeout: 0 milliseconds
Build info: version: &amp;apos;3.14.0&amp;apos;, revision: &amp;apos;aacccce0&amp;apos;, time: &amp;apos;2018-08-02T20:13:22.693Z&amp;apos;
System info: host: &amp;apos;DESKTOP-E1JT2VR&amp;apos;, ip: &amp;apos;192.168.85.1&amp;apos;, os.name: &amp;apos;Windows 10&amp;apos;, os.arch: &amp;apos;amd64&amp;apos;, os.version: &amp;apos;10.0&amp;apos;, java.version: &amp;apos;1.8.0_201&amp;apos;
Driver info: org.openqa.selenium.chrome.ChromeDriver
Capabilities {acceptInsecureCerts: false, acceptSslCerts: false, applicationCacheEnabled: false, browserConnectionEnabled: false, browserName: chrome, chrome: {chromedriverVersion: 2.41.578737 (49da6702b16031..., userDataDir: C:\Users\NAGARA~1.KAG\AppDa...}, cssSelectorsEnabled: true, databaseEnabled: false, goog:chromeOptions: {debuggerAddress: localhost:53792}, handlesAlerts: true, hasTouchScreen: false, javascriptEnabled: true, locationContextEnabled: true, mobileEmulationEnabled: false, nativeEvents: true, networkConnectionEnabled: false, pageLoadStrategy: normal, platform: XP, platformName: XP, rotatable: false, setWindowRect: true, takesHeapSnapshot: true, takesScreenshot: true, unexpectedAlertBehaviour: , unhandledPromptBehavior: , version: 77.0.3865.90, webStorageEnabled: true}
Session ID: 3d4a05d42b13654c6b7b0d24eb52d7de">
      <![CDATA[org.openqa.selenium.WebDriverException: unknown error: Element <input _ngcontent-vil-c9="" data-type-button="consoleActionButtons" name="name" type="checkbox" class="js-unique-console-first-checkbox"> is not clickable at point (15, 647). Other element would receive the click: <ngb-modal-window role="dialog" tabindex="-1" class="modal fade show d-block" aria-modal="true">...</ngb-modal-window>
  (Session info: chrome=77.0.3865.90)
  (Driver info: chromedriver=2.41.578737 (49da6702b16031c40d63e5618de03a32ff6c197e),platform=Windows NT 10.0.18362 x86_64) (WARNING: The server did not provide any stacktrace information)
Command duration or timeout: 0 milliseconds
Build info: version: '3.14.0', revision: 'aacccce0', time: '2018-08-02T20:13:22.693Z'
System info: host: 'DESKTOP-E1JT2VR', ip: '192.168.85.1', os.name: 'Windows 10', os.arch: 'amd64', os.version: '10.0', java.version: '1.8.0_201'
Driver info: org.openqa.selenium.chrome.ChromeDriver
Capabilities {acceptInsecureCerts: false, acceptSslCerts: false, applicationCacheEnabled: false, browserConnectionEnabled: false, browserName: chrome, chrome: {chromedriverVersion: 2.41.578737 (49da6702b16031..., userDataDir: C:\Users\NAGARA~1.KAG\AppDa...}, cssSelectorsEnabled: true, databaseEnabled: false, goog:chromeOptions: {debuggerAddress: localhost:53792}, handlesAlerts: true, hasTouchScreen: false, javascriptEnabled: true, locationContextEnabled: true, mobileEmulationEnabled: false, nativeEvents: true, networkConnectionEnabled: false, pageLoadStrategy: normal, platform: XP, platformName: XP, rotatable: false, setWindowRect: true, takesHeapSnapshot: true, takesScreenshot: true, unexpectedAlertBehaviour: , unhandledPromptBehavior: , version: 77.0.3865.90, webStorageEnabled: true}
Session ID: 3d4a05d42b13654c6b7b0d24eb52d7de
at org.openqa.selenium.remote.ErrorHandler.createThrowable(ErrorHandler.java:214)
at org.openqa.selenium.remote.ErrorHandler.throwIfResponseFailed(ErrorHandler.java:166)
at org.openqa.selenium.remote.http.JsonHttpResponseCodec.reconstructValue(JsonHttpResponseCodec.java:40)
at org.openqa.selenium.remote.http.AbstractHttpResponseCodec.decode(AbstractHttpResponseCodec.java:80)
at org.openqa.selenium.remote.http.AbstractHttpResponseCodec.decode(AbstractHttpResponseCodec.java:44)
at org.openqa.selenium.remote.HttpCommandExecutor.execute(HttpCommandExecutor.java:158)
at org.openqa.selenium.remote.service.DriverCommandExecutor.execute(DriverCommandExecutor.java:83)
at org.openqa.selenium.remote.RemoteWebDriver.execute(RemoteWebDriver.java:548)
at org.openqa.selenium.remote.RemoteWebElement.execute(RemoteWebElement.java:276)
at org.openqa.selenium.remote.RemoteWebElement.click(RemoteWebElement.java:83)
at ApodGUI.QueuesInsideBrowseMessages.DeleteMessageUsingDeleteOption(QueuesInsideBrowseMessages.java:643)
... Removed 29 stack frames]]>
    </failure>
  </testcase> <!-- DeleteMessageUsingDeleteOption -->
  <testcase name="CopyMessageUsingCopyOption" time="0.085" classname="ApodGUI.QueuesInsideBrowseMessages">
    <failure type="org.openqa.selenium.WebDriverException" message="unknown error: Element &amp;lt;input _ngcontent-vil-c9=&amp;quot;&amp;quot; data-type-button=&amp;quot;consoleActionButtons&amp;quot; name=&amp;quot;name&amp;quot; type=&amp;quot;checkbox&amp;quot; class=&amp;quot;js-unique-console-first-checkbox&amp;quot;&amp;gt; is not clickable at point (15, 647). Other element would receive the click: &amp;lt;ngb-modal-window role=&amp;quot;dialog&amp;quot; tabindex=&amp;quot;-1&amp;quot; class=&amp;quot;modal fade show d-block&amp;quot; aria-modal=&amp;quot;true&amp;quot;&amp;gt;...&amp;lt;/ngb-modal-window&amp;gt;
  (Session info: chrome=77.0.3865.90)
  (Driver info: chromedriver=2.41.578737 (49da6702b16031c40d63e5618de03a32ff6c197e),platform=Windows NT 10.0.18362 x86_64) (WARNING: The server did not provide any stacktrace information)
Command duration or timeout: 0 milliseconds
Build info: version: &amp;apos;3.14.0&amp;apos;, revision: &amp;apos;aacccce0&amp;apos;, time: &amp;apos;2018-08-02T20:13:22.693Z&amp;apos;
System info: host: &amp;apos;DESKTOP-E1JT2VR&amp;apos;, ip: &amp;apos;192.168.85.1&amp;apos;, os.name: &amp;apos;Windows 10&amp;apos;, os.arch: &amp;apos;amd64&amp;apos;, os.version: &amp;apos;10.0&amp;apos;, java.version: &amp;apos;1.8.0_201&amp;apos;
Driver info: org.openqa.selenium.chrome.ChromeDriver
Capabilities {acceptInsecureCerts: false, acceptSslCerts: false, applicationCacheEnabled: false, browserConnectionEnabled: false, browserName: chrome, chrome: {chromedriverVersion: 2.41.578737 (49da6702b16031..., userDataDir: C:\Users\NAGARA~1.KAG\AppDa...}, cssSelectorsEnabled: true, databaseEnabled: false, goog:chromeOptions: {debuggerAddress: localhost:53792}, handlesAlerts: true, hasTouchScreen: false, javascriptEnabled: true, locationContextEnabled: true, mobileEmulationEnabled: false, nativeEvents: true, networkConnectionEnabled: false, pageLoadStrategy: normal, platform: XP, platformName: XP, rotatable: false, setWindowRect: true, takesHeapSnapshot: true, takesScreenshot: true, unexpectedAlertBehaviour: , unhandledPromptBehavior: , version: 77.0.3865.90, webStorageEnabled: true}
Session ID: 3d4a05d42b13654c6b7b0d24eb52d7de">
      <![CDATA[org.openqa.selenium.WebDriverException: unknown error: Element <input _ngcontent-vil-c9="" data-type-button="consoleActionButtons" name="name" type="checkbox" class="js-unique-console-first-checkbox"> is not clickable at point (15, 647). Other element would receive the click: <ngb-modal-window role="dialog" tabindex="-1" class="modal fade show d-block" aria-modal="true">...</ngb-modal-window>
  (Session info: chrome=77.0.3865.90)
  (Driver info: chromedriver=2.41.578737 (49da6702b16031c40d63e5618de03a32ff6c197e),platform=Windows NT 10.0.18362 x86_64) (WARNING: The server did not provide any stacktrace information)
Command duration or timeout: 0 milliseconds
Build info: version: '3.14.0', revision: 'aacccce0', time: '2018-08-02T20:13:22.693Z'
System info: host: 'DESKTOP-E1JT2VR', ip: '192.168.85.1', os.name: 'Windows 10', os.arch: 'amd64', os.version: '10.0', java.version: '1.8.0_201'
Driver info: org.openqa.selenium.chrome.ChromeDriver
Capabilities {acceptInsecureCerts: false, acceptSslCerts: false, applicationCacheEnabled: false, browserConnectionEnabled: false, browserName: chrome, chrome: {chromedriverVersion: 2.41.578737 (49da6702b16031..., userDataDir: C:\Users\NAGARA~1.KAG\AppDa...}, cssSelectorsEnabled: true, databaseEnabled: false, goog:chromeOptions: {debuggerAddress: localhost:53792}, handlesAlerts: true, hasTouchScreen: false, javascriptEnabled: true, locationContextEnabled: true, mobileEmulationEnabled: false, nativeEvents: true, networkConnectionEnabled: false, pageLoadStrategy: normal, platform: XP, platformName: XP, rotatable: false, setWindowRect: true, takesHeapSnapshot: true, takesScreenshot: true, unexpectedAlertBehaviour: , unhandledPromptBehavior: , version: 77.0.3865.90, webStorageEnabled: true}
Session ID: 3d4a05d42b13654c6b7b0d24eb52d7de
at org.openqa.selenium.remote.ErrorHandler.createThrowable(ErrorHandler.java:214)
at org.openqa.selenium.remote.ErrorHandler.throwIfResponseFailed(ErrorHandler.java:166)
at org.openqa.selenium.remote.http.JsonHttpResponseCodec.reconstructValue(JsonHttpResponseCodec.java:40)
at org.openqa.selenium.remote.http.AbstractHttpResponseCodec.decode(AbstractHttpResponseCodec.java:80)
at org.openqa.selenium.remote.http.AbstractHttpResponseCodec.decode(AbstractHttpResponseCodec.java:44)
at org.openqa.selenium.remote.HttpCommandExecutor.execute(HttpCommandExecutor.java:158)
at org.openqa.selenium.remote.service.DriverCommandExecutor.execute(DriverCommandExecutor.java:83)
at org.openqa.selenium.remote.RemoteWebDriver.execute(RemoteWebDriver.java:548)
at org.openqa.selenium.remote.RemoteWebElement.execute(RemoteWebElement.java:276)
at org.openqa.selenium.remote.RemoteWebElement.click(RemoteWebElement.java:83)
at ApodGUI.QueuesInsideBrowseMessages.CopyMessageUsingCopyOption(QueuesInsideBrowseMessages.java:699)
... Removed 29 stack frames]]>
    </failure>
  </testcase> <!-- CopyMessageUsingCopyOption -->
  <testcase name="MoveMessageUsingMoveOption" time="0.09" classname="ApodGUI.QueuesInsideBrowseMessages">
    <failure type="org.openqa.selenium.WebDriverException" message="unknown error: Element &amp;lt;input _ngcontent-vil-c9=&amp;quot;&amp;quot; data-type-button=&amp;quot;consoleActionButtons&amp;quot; name=&amp;quot;name&amp;quot; type=&amp;quot;checkbox&amp;quot; class=&amp;quot;js-unique-console-first-checkbox&amp;quot;&amp;gt; is not clickable at point (15, 647). Other element would receive the click: &amp;lt;ngb-modal-window role=&amp;quot;dialog&amp;quot; tabindex=&amp;quot;-1&amp;quot; class=&amp;quot;modal fade show d-block&amp;quot; aria-modal=&amp;quot;true&amp;quot;&amp;gt;...&amp;lt;/ngb-modal-window&amp;gt;
  (Session info: chrome=77.0.3865.90)
  (Driver info: chromedriver=2.41.578737 (49da6702b16031c40d63e5618de03a32ff6c197e),platform=Windows NT 10.0.18362 x86_64) (WARNING: The server did not provide any stacktrace information)
Command duration or timeout: 0 milliseconds
Build info: version: &amp;apos;3.14.0&amp;apos;, revision: &amp;apos;aacccce0&amp;apos;, time: &amp;apos;2018-08-02T20:13:22.693Z&amp;apos;
System info: host: &amp;apos;DESKTOP-E1JT2VR&amp;apos;, ip: &amp;apos;192.168.85.1&amp;apos;, os.name: &amp;apos;Windows 10&amp;apos;, os.arch: &amp;apos;amd64&amp;apos;, os.version: &amp;apos;10.0&amp;apos;, java.version: &amp;apos;1.8.0_201&amp;apos;
Driver info: org.openqa.selenium.chrome.ChromeDriver
Capabilities {acceptInsecureCerts: false, acceptSslCerts: false, applicationCacheEnabled: false, browserConnectionEnabled: false, browserName: chrome, chrome: {chromedriverVersion: 2.41.578737 (49da6702b16031..., userDataDir: C:\Users\NAGARA~1.KAG\AppDa...}, cssSelectorsEnabled: true, databaseEnabled: false, goog:chromeOptions: {debuggerAddress: localhost:53792}, handlesAlerts: true, hasTouchScreen: false, javascriptEnabled: true, locationContextEnabled: true, mobileEmulationEnabled: false, nativeEvents: true, networkConnectionEnabled: false, pageLoadStrategy: normal, platform: XP, platformName: XP, rotatable: false, setWindowRect: true, takesHeapSnapshot: true, takesScreenshot: true, unexpectedAlertBehaviour: , unhandledPromptBehavior: , version: 77.0.3865.90, webStorageEnabled: true}
Session ID: 3d4a05d42b13654c6b7b0d24eb52d7de">
      <![CDATA[org.openqa.selenium.WebDriverException: unknown error: Element <input _ngcontent-vil-c9="" data-type-button="consoleActionButtons" name="name" type="checkbox" class="js-unique-console-first-checkbox"> is not clickable at point (15, 647). Other element would receive the click: <ngb-modal-window role="dialog" tabindex="-1" class="modal fade show d-block" aria-modal="true">...</ngb-modal-window>
  (Session info: chrome=77.0.3865.90)
  (Driver info: chromedriver=2.41.578737 (49da6702b16031c40d63e5618de03a32ff6c197e),platform=Windows NT 10.0.18362 x86_64) (WARNING: The server did not provide any stacktrace information)
Command duration or timeout: 0 milliseconds
Build info: version: '3.14.0', revision: 'aacccce0', time: '2018-08-02T20:13:22.693Z'
System info: host: 'DESKTOP-E1JT2VR', ip: '192.168.85.1', os.name: 'Windows 10', os.arch: 'amd64', os.version: '10.0', java.version: '1.8.0_201'
Driver info: org.openqa.selenium.chrome.ChromeDriver
Capabilities {acceptInsecureCerts: false, acceptSslCerts: false, applicationCacheEnabled: false, browserConnectionEnabled: false, browserName: chrome, chrome: {chromedriverVersion: 2.41.578737 (49da6702b16031..., userDataDir: C:\Users\NAGARA~1.KAG\AppDa...}, cssSelectorsEnabled: true, databaseEnabled: false, goog:chromeOptions: {debuggerAddress: localhost:53792}, handlesAlerts: true, hasTouchScreen: false, javascriptEnabled: true, locationContextEnabled: true, mobileEmulationEnabled: false, nativeEvents: true, networkConnectionEnabled: false, pageLoadStrategy: normal, platform: XP, platformName: XP, rotatable: false, setWindowRect: true, takesHeapSnapshot: true, takesScreenshot: true, unexpectedAlertBehaviour: , unhandledPromptBehavior: , version: 77.0.3865.90, webStorageEnabled: true}
Session ID: 3d4a05d42b13654c6b7b0d24eb52d7de
at org.openqa.selenium.remote.ErrorHandler.createThrowable(ErrorHandler.java:214)
at org.openqa.selenium.remote.ErrorHandler.throwIfResponseFailed(ErrorHandler.java:166)
at org.openqa.selenium.remote.http.JsonHttpResponseCodec.reconstructValue(JsonHttpResponseCodec.java:40)
at org.openqa.selenium.remote.http.AbstractHttpResponseCodec.decode(AbstractHttpResponseCodec.java:80)
at org.openqa.selenium.remote.http.AbstractHttpResponseCodec.decode(AbstractHttpResponseCodec.java:44)
at org.openqa.selenium.remote.HttpCommandExecutor.execute(HttpCommandExecutor.java:158)
at org.openqa.selenium.remote.service.DriverCommandExecutor.execute(DriverCommandExecutor.java:83)
at org.openqa.selenium.remote.RemoteWebDriver.execute(RemoteWebDriver.java:548)
at org.openqa.selenium.remote.RemoteWebElement.execute(RemoteWebElement.java:276)
at org.openqa.selenium.remote.RemoteWebElement.click(RemoteWebElement.java:83)
at ApodGUI.QueuesInsideBrowseMessages.MoveMessageUsingMoveOption(QueuesInsideBrowseMessages.java:760)
... Removed 29 stack frames]]>
    </failure>
  </testcase> <!-- MoveMessageUsingMoveOption -->
  <testcase name="Logout" time="1.123" classname="ApodGUI.QueuesInsideBrowseMessages">
    <failure type="org.openqa.selenium.WebDriverException" message="unknown error: Element &amp;lt;i _ngcontent-vil-c4=&amp;quot;&amp;quot; aria-hidden=&amp;quot;true&amp;quot; class=&amp;quot;fa fa-power-off fa-lg&amp;quot; title=&amp;quot;Logout&amp;quot;&amp;gt;&amp;lt;/i&amp;gt; is not clickable at point (1251, 22). Other element would receive the click: &amp;lt;ngb-modal-window role=&amp;quot;dialog&amp;quot; tabindex=&amp;quot;-1&amp;quot; class=&amp;quot;modal fade show d-block&amp;quot; aria-modal=&amp;quot;true&amp;quot;&amp;gt;...&amp;lt;/ngb-modal-window&amp;gt;
  (Session info: chrome=77.0.3865.90)
  (Driver info: chromedriver=2.41.578737 (49da6702b16031c40d63e5618de03a32ff6c197e),platform=Windows NT 10.0.18362 x86_64) (WARNING: The server did not provide any stacktrace information)
Command duration or timeout: 0 milliseconds
Build info: version: &amp;apos;3.14.0&amp;apos;, revision: &amp;apos;aacccce0&amp;apos;, time: &amp;apos;2018-08-02T20:13:22.693Z&amp;apos;
System info: host: &amp;apos;DESKTOP-E1JT2VR&amp;apos;, ip: &amp;apos;192.168.85.1&amp;apos;, os.name: &amp;apos;Windows 10&amp;apos;, os.arch: &amp;apos;amd64&amp;apos;, os.version: &amp;apos;10.0&amp;apos;, java.version: &amp;apos;1.8.0_201&amp;apos;
Driver info: org.openqa.selenium.chrome.ChromeDriver
Capabilities {acceptInsecureCerts: false, acceptSslCerts: false, applicationCacheEnabled: false, browserConnectionEnabled: false, browserName: chrome, chrome: {chromedriverVersion: 2.41.578737 (49da6702b16031..., userDataDir: C:\Users\NAGARA~1.KAG\AppDa...}, cssSelectorsEnabled: true, databaseEnabled: false, goog:chromeOptions: {debuggerAddress: localhost:53792}, handlesAlerts: true, hasTouchScreen: false, javascriptEnabled: true, locationContextEnabled: true, mobileEmulationEnabled: false, nativeEvents: true, networkConnectionEnabled: false, pageLoadStrategy: normal, platform: XP, platformName: XP, rotatable: false, setWindowRect: true, takesHeapSnapshot: true, takesScreenshot: true, unexpectedAlertBehaviour: , unhandledPromptBehavior: , version: 77.0.3865.90, webStorageEnabled: true}
Session ID: 3d4a05d42b13654c6b7b0d24eb52d7de">
      <![CDATA[org.openqa.selenium.WebDriverException: unknown error: Element <i _ngcontent-vil-c4="" aria-hidden="true" class="fa fa-power-off fa-lg" title="Logout"></i> is not clickable at point (1251, 22). Other element would receive the click: <ngb-modal-window role="dialog" tabindex="-1" class="modal fade show d-block" aria-modal="true">...</ngb-modal-window>
  (Session info: chrome=77.0.3865.90)
  (Driver info: chromedriver=2.41.578737 (49da6702b16031c40d63e5618de03a32ff6c197e),platform=Windows NT 10.0.18362 x86_64) (WARNING: The server did not provide any stacktrace information)
Command duration or timeout: 0 milliseconds
Build info: version: '3.14.0', revision: 'aacccce0', time: '2018-08-02T20:13:22.693Z'
System info: host: 'DESKTOP-E1JT2VR', ip: '192.168.85.1', os.name: 'Windows 10', os.arch: 'amd64', os.version: '10.0', java.version: '1.8.0_201'
Driver info: org.openqa.selenium.chrome.ChromeDriver
Capabilities {acceptInsecureCerts: false, acceptSslCerts: false, applicationCacheEnabled: false, browserConnectionEnabled: false, browserName: chrome, chrome: {chromedriverVersion: 2.41.578737 (49da6702b16031..., userDataDir: C:\Users\NAGARA~1.KAG\AppDa...}, cssSelectorsEnabled: true, databaseEnabled: false, goog:chromeOptions: {debuggerAddress: localhost:53792}, handlesAlerts: true, hasTouchScreen: false, javascriptEnabled: true, locationContextEnabled: true, mobileEmulationEnabled: false, nativeEvents: true, networkConnectionEnabled: false, pageLoadStrategy: normal, platform: XP, platformName: XP, rotatable: false, setWindowRect: true, takesHeapSnapshot: true, takesScreenshot: true, unexpectedAlertBehaviour: , unhandledPromptBehavior: , version: 77.0.3865.90, webStorageEnabled: true}
Session ID: 3d4a05d42b13654c6b7b0d24eb52d7de
at org.openqa.selenium.remote.ErrorHandler.createThrowable(ErrorHandler.java:214)
at org.openqa.selenium.remote.ErrorHandler.throwIfResponseFailed(ErrorHandler.java:166)
at org.openqa.selenium.remote.http.JsonHttpResponseCodec.reconstructValue(JsonHttpResponseCodec.java:40)
at org.openqa.selenium.remote.http.AbstractHttpResponseCodec.decode(AbstractHttpResponseCodec.java:80)
at org.openqa.selenium.remote.http.AbstractHttpResponseCodec.decode(AbstractHttpResponseCodec.java:44)
at org.openqa.selenium.remote.HttpCommandExecutor.execute(HttpCommandExecutor.java:158)
at org.openqa.selenium.remote.service.DriverCommandExecutor.execute(DriverCommandExecutor.java:83)
at org.openqa.selenium.remote.RemoteWebDriver.execute(RemoteWebDriver.java:548)
at org.openqa.selenium.remote.RemoteWebElement.execute(RemoteWebElement.java:276)
at org.openqa.selenium.remote.RemoteWebElement.click(RemoteWebElement.java:83)
at ApodGUI.QueuesInsideBrowseMessages.Logout(QueuesInsideBrowseMessages.java:812)
... Removed 29 stack frames]]>
    </failure>
  </testcase> <!-- Logout -->
</testsuite> <!-- Browse Message Options -->
