<?xml version="1.0" encoding="UTF-8"?>
<!-- Generated by org.testng.reporters.JUnitXMLReporter -->
<testsuite hostname="DESKTOP-E1JT2VR" ignored="0" name="Test Service Viewlet" tests="8" failures="0" timestamp="21 Aug 2019 14:28:51 GMT" time="171.027" errors="0">
  <testcase name="Login" time="18.649" classname="ApodGUI.ServiceViewlet"/>
  <testcase name="AddServiceViewlet" time="4.392" classname="ApodGUI.ServiceViewlet"/>
  <testcase name="ServiceEvents" time="11.55" classname="ApodGUI.ServiceViewlet"/>
  <testcase name="AddToFavoriteViewlet" time="7.997" classname="ApodGUI.ServiceViewlet"/>
  <testcase name="CompareServiceNames" time="4.763" classname="ApodGUI.ServiceViewlet"/>
  <testcase name="AddToFavoriteForMultipleServices" time="4.692" classname="ApodGUI.ServiceViewlet"/>
  <testcase name="ShowObjectAttributesForService" time="38.55" classname="ApodGUI.ServiceViewlet"/>
  <testcase name="Logout" time="2.549" classname="ApodGUI.ServiceViewlet"/>
</testsuite> <!-- Test Service Viewlet -->
