<?xml version="1.0" encoding="UTF-8"?>
<!-- Generated by org.testng.reporters.JUnitXMLReporter -->
<testsuite hostname="DESKTOP-E1JT2VR" ignored="0" name="Test Process Viewlet" tests="18" failures="0" timestamp="10 Sep 2019 08:00:28 GMT" time="549.321" errors="0">
  <testcase name="Login" time="24.511" classname="ApodGUI.ProcessViewlet"/>
  <testcase name="AddProcessViewlet" time="4.202" classname="ApodGUI.ProcessViewlet"/>
  <testcase name="CreateProcessFromPlusIcon" time="22.252" classname="ApodGUI.ProcessViewlet"/>
  <testcase name="CopyAsFromCommands" time="25.352" classname="ApodGUI.ProcessViewlet"/>
  <testcase name="RenameFromCommands" time="24.94" classname="ApodGUI.ProcessViewlet"/>
  <testcase name="DeleteFromCommands" time="9.578" classname="ApodGUI.ProcessViewlet"/>
  <testcase name="CreateProcess" time="24.112" classname="ApodGUI.ProcessViewlet"/>
  <testcase name="Properties" time="2.413" classname="ApodGUI.ProcessViewlet"/>
  <testcase name="ProcessEvents" time="1.715" classname="ApodGUI.ProcessViewlet"/>
  <testcase name="AddToFavoriteViewlet" time="8.618" classname="ApodGUI.ProcessViewlet"/>
  <testcase name="CompareProcessNames" time="4.705" classname="ApodGUI.ProcessViewlet"/>
  <testcase name="CopyAsFromCommandsForMultipleProcess" time="22.193" classname="ApodGUI.ProcessViewlet"/>
  <testcase name="RenameFromCommandsForMultipleProcess" time="25.141" classname="ApodGUI.ProcessViewlet"/>
  <testcase name="DeleteFromCommandsForMultipleProcess" time="13.081" classname="ApodGUI.ProcessViewlet"/>
  <testcase name="MultipleProperties" time="9.451" classname="ApodGUI.ProcessViewlet"/>
  <testcase name="AddToFavoriteForMultipleProcess" time="4.671" classname="ApodGUI.ProcessViewlet"/>
  <testcase name="ShowObjectAttributesForProcess" time="32.573" classname="ApodGUI.ProcessViewlet"/>
  <testcase name="Logout" time="2.55" classname="ApodGUI.ProcessViewlet"/>
</testsuite> <!-- Test Process Viewlet -->
