<?xml version="1.0" encoding="UTF-8"?>
<!-- Generated by org.testng.reporters.JUnitXMLReporter -->
<testsuite hostname="DESKTOP-E1JT2VR" ignored="2" name="Test Route Viewlet" tests="12" failures="0" timestamp="16 Sep 2019 12:07:51 GMT" time="335.193" errors="0">
  <testcase name="Login" time="25.689" classname="ApodGUI.RouteViewlet"/>
  <testcase name="AddRouteViewlet" time="6.51" classname="ApodGUI.RouteViewlet"/>
  <testcase name="AddRouteFromPlusIcon" time="24.822" classname="ApodGUI.RouteViewlet"/>
  <testcase name="RouteStatus" time="6.529" classname="ApodGUI.RouteViewlet"/>
  <testcase name="Properties" time="10.378" classname="ApodGUI.RouteViewlet"/>
  <testcase name="RouteEvents" time="12.991" classname="ApodGUI.RouteViewlet"/>
  <testcase name="AddToFavoriteViewlet" time="7.675" classname="ApodGUI.RouteViewlet"/>
  <testcase name="CompareRoutes" time="5.639" classname="ApodGUI.RouteViewlet"/>
  <testcase name="MultipleProperties" time="28.624" classname="ApodGUI.RouteViewlet"/>
  <testcase name="AddToFavoriteForMultipleRoutes" time="4.69" classname="ApodGUI.RouteViewlet"/>
  <testcase name="ShowObjectAttributesForRoute" time="36.553" classname="ApodGUI.RouteViewlet"/>
  <testcase name="Logout" time="6.751" classname="ApodGUI.RouteViewlet"/>
  <testcase name="DeleteCommand" time="0.0" classname="ApodGUI.RouteViewlet">
    <ignored/>
  </testcase> <!-- DeleteCommand -->
  <testcase name="DeleteMultiples" time="0.0" classname="ApodGUI.RouteViewlet">
    <ignored/>
  </testcase> <!-- DeleteMultiples -->
</testsuite> <!-- Test Route Viewlet -->
