<?xml version="1.0" encoding="UTF-8"?>
<testng-results skipped="0" failed="2" ignored="0" total="4" passed="2">
  <reporter-output>
    <line>
      <![CDATA[<br/>]]>
    </line>
    <line>
      <![CDATA[<img src=" C:\Users\Nagaraju.kagitala\git\TestNav\Nav/Screenshots/ScreenshotsSuccess/Login.png" alt="""/" />]]>
    </line>
    <line>
      <![CDATA[Screenshots/ScreenshotsFailure/PutAmessageIntoQueue.png]]>
    </line>
    <line>
      <![CDATA[<br/>Failed to execute method: PutAmessageIntoQueue<br/>]]>
    </line>
    <line>
      <![CDATA[<br/>]]>
    </line>
    <line>
      <![CDATA[<img src=" C:\Users\Nagaraju.kagitala\git\TestNav\Nav/Screenshots/ScreenshotsFailure/PutAmessageIntoQueue.png" alt="""/" />]]>
    </line>
    <line>
      <![CDATA[<br/>]]>
    </line>
    <line>
      <![CDATA[<img src=" C:\Users\Nagaraju.kagitala\git\TestNav\Nav/Screenshots/ScreenshotsSuccess/AddSearchCriteriaCondition.png" alt="""/" />]]>
    </line>
  </reporter-output>
  <suite name="Testing Navigator Dashboard" duration-ms="128470" started-at="2020-03-25T12:13:37Z" finished-at="2020-03-25T12:15:46Z">
    <groups>
    </groups>
    <test name="Add Dashboard reports" duration-ms="128470" started-at="2020-03-25T12:13:37Z" finished-at="2020-03-25T12:15:46Z">
      <class name="ApodGUI.SearchCriteria">
        <test-method status="PASS" signature="beforeTest()[pri:0, instance:ApodGUI.SearchCriteria@1563da5]" name="beforeTest" is-config="true" duration-ms="19" started-at="2020-03-25T12:13:37Z" finished-at="2020-03-25T12:13:37Z">
          <reporter-output>
          </reporter-output>
        </test-method> <!-- beforeTest -->
        <test-method status="PASS" signature="Login(java.lang.String, java.lang.String, java.lang.String, java.lang.String)[pri:0, instance:ApodGUI.SearchCriteria@1563da5]" name="Login" duration-ms="63142" started-at="2020-03-25T12:13:37Z" finished-at="2020-03-25T12:14:41Z">
          <params>
            <param index="0">
              <value>
                <![CDATA[webdriver.chrome.driver]]>
              </value>
            </param>
            <param index="1">
              <value>
                <![CDATA[Drivers/chromedriver.exe]]>
              </value>
            </param>
            <param index="2">
              <value>
                <![CDATA[Search Criteria Dashboard]]>
              </value>
            </param>
            <param index="3">
              <value>
                <![CDATA[Queues Viewlest]]>
              </value>
            </param>
          </params>
          <reporter-output>
            <line>
              <![CDATA[<br/>]]>
            </line>
            <line>
              <![CDATA[<img src=" C:\Users\Nagaraju.kagitala\git\TestNav\Nav/Screenshots/ScreenshotsSuccess/Login.png" alt="""/" />]]>
            </line>
          </reporter-output>
        </test-method> <!-- Login -->
        <test-method status="PASS" signature="tearDown(org.testng.ITestResult)[pri:0, instance:ApodGUI.SearchCriteria@1563da5]" name="tearDown" is-config="true" duration-ms="3227" started-at="2020-03-25T12:14:41Z" finished-at="2020-03-25T12:14:44Z">
          <params>
            <param index="0">
              <value>
                <![CDATA[[TestResult name=Login status=SUCCESS method=SearchCriteria.Login(java.lang.String, java.lang.String, java.lang.String, java.lang.String)[pri:0, instance:ApodGUI.SearchCriteria@1563da5] output=<br/>]]]>
              </value>
            </param>
          </params>
          <reporter-output>
          </reporter-output>
        </test-method> <!-- tearDown -->
        <test-method status="FAIL" signature="PutAmessageIntoQueue(java.lang.String)[pri:1, instance:ApodGUI.SearchCriteria@1563da5]" name="PutAmessageIntoQueue" duration-ms="3223" started-at="2020-03-25T12:14:44Z" finished-at="2020-03-25T12:14:47Z">
          <params>
            <param index="0">
              <value>
                <![CDATA[Test the Message Search criteria condition]]>
              </value>
            </param>
          </params>
          <exception class="org.openqa.selenium.WebDriverException">
            <message>
              <![CDATA[unknown error: Element <input _ngcontent-ptp-c21="" type="checkbox" class="ng-star-inserted"> is not clickable at point (38, 283). Other element would receive the click: <div _ngcontent-ptp-c21="" class="wrapper-viewlet-glass"></div>
  (Session info: chrome=80.0.3987.149)
  (Driver info: chromedriver=2.41.578737 (49da6702b16031c40d63e5618de03a32ff6c197e),platform=Windows NT 10.0.18362 x86_64) (WARNING: The server did not provide any stacktrace information)
Command duration or timeout: 0 milliseconds
Build info: version: '3.14.0', revision: 'aacccce0', time: '2018-08-02T20:13:22.693Z'
System info: host: 'DESKTOP-E1JT2VR', ip: '192.168.122.1', os.name: 'Windows 10', os.arch: 'amd64', os.version: '10.0', java.version: '1.8.0_201'
Driver info: org.openqa.selenium.chrome.ChromeDriver
Capabilities {acceptInsecureCerts: false, acceptSslCerts: false, applicationCacheEnabled: false, browserConnectionEnabled: false, browserName: chrome, chrome: {chromedriverVersion: 2.41.578737 (49da6702b16031..., userDataDir: C:\Users\nastel5\AppData\Lo...}, cssSelectorsEnabled: true, databaseEnabled: false, goog:chromeOptions: {debuggerAddress: localhost:51644}, handlesAlerts: true, hasTouchScreen: false, javascriptEnabled: true, locationContextEnabled: true, mobileEmulationEnabled: false, nativeEvents: true, networkConnectionEnabled: false, pageLoadStrategy: normal, platform: XP, platformName: XP, rotatable: false, setWindowRect: true, takesHeapSnapshot: true, takesScreenshot: true, unexpectedAlertBehaviour: , unhandledPromptBehavior: , version: 80.0.3987.149, webStorageEnabled: true}
Session ID: 1c3d361a6fdf3940b15d77d85a333edb]]>
            </message>
            <full-stacktrace>
              <![CDATA[org.openqa.selenium.WebDriverException: unknown error: Element <input _ngcontent-ptp-c21="" type="checkbox" class="ng-star-inserted"> is not clickable at point (38, 283). Other element would receive the click: <div _ngcontent-ptp-c21="" class="wrapper-viewlet-glass"></div>
  (Session info: chrome=80.0.3987.149)
  (Driver info: chromedriver=2.41.578737 (49da6702b16031c40d63e5618de03a32ff6c197e),platform=Windows NT 10.0.18362 x86_64) (WARNING: The server did not provide any stacktrace information)
Command duration or timeout: 0 milliseconds
Build info: version: '3.14.0', revision: 'aacccce0', time: '2018-08-02T20:13:22.693Z'
System info: host: 'DESKTOP-E1JT2VR', ip: '192.168.122.1', os.name: 'Windows 10', os.arch: 'amd64', os.version: '10.0', java.version: '1.8.0_201'
Driver info: org.openqa.selenium.chrome.ChromeDriver
Capabilities {acceptInsecureCerts: false, acceptSslCerts: false, applicationCacheEnabled: false, browserConnectionEnabled: false, browserName: chrome, chrome: {chromedriverVersion: 2.41.578737 (49da6702b16031..., userDataDir: C:\Users\nastel5\AppData\Lo...}, cssSelectorsEnabled: true, databaseEnabled: false, goog:chromeOptions: {debuggerAddress: localhost:51644}, handlesAlerts: true, hasTouchScreen: false, javascriptEnabled: true, locationContextEnabled: true, mobileEmulationEnabled: false, nativeEvents: true, networkConnectionEnabled: false, pageLoadStrategy: normal, platform: XP, platformName: XP, rotatable: false, setWindowRect: true, takesHeapSnapshot: true, takesScreenshot: true, unexpectedAlertBehaviour: , unhandledPromptBehavior: , version: 80.0.3987.149, webStorageEnabled: true}
Session ID: 1c3d361a6fdf3940b15d77d85a333edb
at sun.reflect.NativeConstructorAccessorImpl.newInstance0(Native Method)
at sun.reflect.NativeConstructorAccessorImpl.newInstance(NativeConstructorAccessorImpl.java:62)
at sun.reflect.DelegatingConstructorAccessorImpl.newInstance(DelegatingConstructorAccessorImpl.java:45)
at java.lang.reflect.Constructor.newInstance(Constructor.java:423)
at org.openqa.selenium.remote.ErrorHandler.createThrowable(ErrorHandler.java:214)
at org.openqa.selenium.remote.ErrorHandler.throwIfResponseFailed(ErrorHandler.java:166)
at org.openqa.selenium.remote.http.JsonHttpResponseCodec.reconstructValue(JsonHttpResponseCodec.java:40)
at org.openqa.selenium.remote.http.AbstractHttpResponseCodec.decode(AbstractHttpResponseCodec.java:80)
at org.openqa.selenium.remote.http.AbstractHttpResponseCodec.decode(AbstractHttpResponseCodec.java:44)
at org.openqa.selenium.remote.HttpCommandExecutor.execute(HttpCommandExecutor.java:158)
at org.openqa.selenium.remote.service.DriverCommandExecutor.execute(DriverCommandExecutor.java:83)
at org.openqa.selenium.remote.RemoteWebDriver.execute(RemoteWebDriver.java:548)
at org.openqa.selenium.remote.RemoteWebElement.execute(RemoteWebElement.java:276)
at org.openqa.selenium.remote.RemoteWebElement.click(RemoteWebElement.java:83)
at ApodGUI.SearchCriteria.PutAmessageIntoQueue(SearchCriteria.java:176)
at sun.reflect.NativeMethodAccessorImpl.invoke0(Native Method)
at sun.reflect.NativeMethodAccessorImpl.invoke(NativeMethodAccessorImpl.java:62)
at sun.reflect.DelegatingMethodAccessorImpl.invoke(DelegatingMethodAccessorImpl.java:43)
at java.lang.reflect.Method.invoke(Method.java:498)
at org.testng.internal.MethodInvocationHelper.invokeMethod(MethodInvocationHelper.java:124)
at org.testng.internal.Invoker.invokeMethod(Invoker.java:580)
at org.testng.internal.Invoker.invokeTestMethod(Invoker.java:716)
at org.testng.internal.Invoker.invokeTestMethods(Invoker.java:988)
at org.testng.internal.TestMethodWorker.invokeTestMethods(TestMethodWorker.java:125)
at org.testng.internal.TestMethodWorker.run(TestMethodWorker.java:109)
at org.testng.TestRunner.privateRun(TestRunner.java:648)
at org.testng.TestRunner.run(TestRunner.java:505)
at org.testng.SuiteRunner.runTest(SuiteRunner.java:455)
at org.testng.SuiteRunner.runSequentially(SuiteRunner.java:450)
at org.testng.SuiteRunner.privateRun(SuiteRunner.java:415)
at org.testng.SuiteRunner.run(SuiteRunner.java:364)
at org.testng.SuiteRunnerWorker.runSuite(SuiteRunnerWorker.java:52)
at org.testng.SuiteRunnerWorker.run(SuiteRunnerWorker.java:84)
at org.testng.TestNG.runSuitesSequentially(TestNG.java:1208)
at org.testng.TestNG.runSuitesLocally(TestNG.java:1137)
at org.testng.TestNG.runSuites(TestNG.java:1049)
at org.testng.TestNG.run(TestNG.java:1017)
at org.testng.remote.AbstractRemoteTestNG.run(AbstractRemoteTestNG.java:114)
at org.testng.remote.RemoteTestNG.initAndRun(RemoteTestNG.java:251)
at org.testng.remote.RemoteTestNG.main(RemoteTestNG.java:77)
]]>
            </full-stacktrace>
          </exception> <!-- org.openqa.selenium.WebDriverException -->
          <reporter-output>
            <line>
              <![CDATA[<br/>Failed to execute method: PutAmessageIntoQueue<br/>]]>
            </line>
            <line>
              <![CDATA[<br/>]]>
            </line>
            <line>
              <![CDATA[<img src=" C:\Users\Nagaraju.kagitala\git\TestNav\Nav/Screenshots/ScreenshotsFailure/PutAmessageIntoQueue.png" alt="""/" />]]>
            </line>
          </reporter-output>
        </test-method> <!-- PutAmessageIntoQueue -->
        <test-method status="PASS" signature="tearDown(org.testng.ITestResult)[pri:0, instance:ApodGUI.SearchCriteria@1563da5]" name="tearDown" is-config="true" duration-ms="5152" started-at="2020-03-25T12:14:47Z" finished-at="2020-03-25T12:14:52Z">
          <params>
            <param index="0">
              <value>
                <![CDATA[[TestResult name=PutAmessageIntoQueue status=FAILURE method=SearchCriteria.PutAmessageIntoQueue(java.lang.String)[pri:1, instance:ApodGUI.SearchCriteria@1563da5] output=<br/>Failed to execute method: PutAmessageIntoQueue<br/>]]]>
              </value>
            </param>
          </params>
          <reporter-output>
            <line>
              <![CDATA[Screenshots/ScreenshotsFailure/PutAmessageIntoQueue.png]]>
            </line>
          </reporter-output>
        </test-method> <!-- tearDown -->
        <test-method status="PASS" signature="AddSearchCriteriaCondition(java.lang.String, java.lang.String, org.testng.ITestContext)[pri:2, instance:ApodGUI.SearchCriteria@1563da5]" name="AddSearchCriteriaCondition" duration-ms="14082" started-at="2020-03-25T12:14:52Z" finished-at="2020-03-25T12:15:06Z">
          <params>
            <param index="0">
              <value>
                <![CDATA[Search Queues]]>
              </value>
            </param>
            <param index="1">
              <value>
                <![CDATA[Message Search criteria]]>
              </value>
            </param>
            <param index="2">
              <value>
                <![CDATA[org.testng.TestRunner@6c4980d3]]>
              </value>
            </param>
          </params>
          <reporter-output>
            <line>
              <![CDATA[<br/>]]>
            </line>
            <line>
              <![CDATA[<img src=" C:\Users\Nagaraju.kagitala\git\TestNav\Nav/Screenshots/ScreenshotsSuccess/AddSearchCriteriaCondition.png" alt="""/" />]]>
            </line>
          </reporter-output>
        </test-method> <!-- AddSearchCriteriaCondition -->
        <test-method status="PASS" signature="tearDown(org.testng.ITestResult)[pri:0, instance:ApodGUI.SearchCriteria@1563da5]" name="tearDown" is-config="true" duration-ms="20760" started-at="2020-03-25T12:15:24Z" finished-at="2020-03-25T12:15:45Z">
          <params>
            <param index="0">
              <value>
                <![CDATA[[TestResult name=AddSearchCriteriaCondition status=SUCCESS method=SearchCriteria.AddSearchCriteriaCondition(java.lang.String, java.lang.String, org.testng.ITestContext)[pri:2, instance:ApodGUI.SearchCriteria@1563da5] output=<br/>]]]>
              </value>
            </param>
          </params>
          <reporter-output>
          </reporter-output>
        </test-method> <!-- tearDown -->
        <test-method status="FAIL" signature="Logout()[pri:20, instance:ApodGUI.SearchCriteria@1563da5]" name="Logout" duration-ms="1202" started-at="2020-03-25T12:15:45Z" finished-at="2020-03-25T12:15:46Z">
          <exception class="org.openqa.selenium.WebDriverException">
            <message>
              <![CDATA[unknown error: Element <i _ngcontent-ptp-c3="" aria-hidden="true" class="fa fa-power-off fa-lg" title="Logout"></i> is not clickable at point (1251, 22). Other element would receive the click: <ngb-modal-window role="dialog" tabindex="-1" class="modal fade show d-block" aria-modal="true">...</ngb-modal-window>
  (Session info: chrome=80.0.3987.149)
  (Driver info: chromedriver=2.41.578737 (49da6702b16031c40d63e5618de03a32ff6c197e),platform=Windows NT 10.0.18362 x86_64) (WARNING: The server did not provide any stacktrace information)
Command duration or timeout: 0 milliseconds
Build info: version: '3.14.0', revision: 'aacccce0', time: '2018-08-02T20:13:22.693Z'
System info: host: 'DESKTOP-E1JT2VR', ip: '192.168.122.1', os.name: 'Windows 10', os.arch: 'amd64', os.version: '10.0', java.version: '1.8.0_201'
Driver info: org.openqa.selenium.chrome.ChromeDriver
Capabilities {acceptInsecureCerts: false, acceptSslCerts: false, applicationCacheEnabled: false, browserConnectionEnabled: false, browserName: chrome, chrome: {chromedriverVersion: 2.41.578737 (49da6702b16031..., userDataDir: C:\Users\nastel5\AppData\Lo...}, cssSelectorsEnabled: true, databaseEnabled: false, goog:chromeOptions: {debuggerAddress: localhost:51644}, handlesAlerts: true, hasTouchScreen: false, javascriptEnabled: true, locationContextEnabled: true, mobileEmulationEnabled: false, nativeEvents: true, networkConnectionEnabled: false, pageLoadStrategy: normal, platform: XP, platformName: XP, rotatable: false, setWindowRect: true, takesHeapSnapshot: true, takesScreenshot: true, unexpectedAlertBehaviour: , unhandledPromptBehavior: , version: 80.0.3987.149, webStorageEnabled: true}
Session ID: 1c3d361a6fdf3940b15d77d85a333edb]]>
            </message>
            <full-stacktrace>
              <![CDATA[org.openqa.selenium.WebDriverException: unknown error: Element <i _ngcontent-ptp-c3="" aria-hidden="true" class="fa fa-power-off fa-lg" title="Logout"></i> is not clickable at point (1251, 22). Other element would receive the click: <ngb-modal-window role="dialog" tabindex="-1" class="modal fade show d-block" aria-modal="true">...</ngb-modal-window>
  (Session info: chrome=80.0.3987.149)
  (Driver info: chromedriver=2.41.578737 (49da6702b16031c40d63e5618de03a32ff6c197e),platform=Windows NT 10.0.18362 x86_64) (WARNING: The server did not provide any stacktrace information)
Command duration or timeout: 0 milliseconds
Build info: version: '3.14.0', revision: 'aacccce0', time: '2018-08-02T20:13:22.693Z'
System info: host: 'DESKTOP-E1JT2VR', ip: '192.168.122.1', os.name: 'Windows 10', os.arch: 'amd64', os.version: '10.0', java.version: '1.8.0_201'
Driver info: org.openqa.selenium.chrome.ChromeDriver
Capabilities {acceptInsecureCerts: false, acceptSslCerts: false, applicationCacheEnabled: false, browserConnectionEnabled: false, browserName: chrome, chrome: {chromedriverVersion: 2.41.578737 (49da6702b16031..., userDataDir: C:\Users\nastel5\AppData\Lo...}, cssSelectorsEnabled: true, databaseEnabled: false, goog:chromeOptions: {debuggerAddress: localhost:51644}, handlesAlerts: true, hasTouchScreen: false, javascriptEnabled: true, locationContextEnabled: true, mobileEmulationEnabled: false, nativeEvents: true, networkConnectionEnabled: false, pageLoadStrategy: normal, platform: XP, platformName: XP, rotatable: false, setWindowRect: true, takesHeapSnapshot: true, takesScreenshot: true, unexpectedAlertBehaviour: , unhandledPromptBehavior: , version: 80.0.3987.149, webStorageEnabled: true}
Session ID: 1c3d361a6fdf3940b15d77d85a333edb
at sun.reflect.NativeConstructorAccessorImpl.newInstance0(Native Method)
at sun.reflect.NativeConstructorAccessorImpl.newInstance(NativeConstructorAccessorImpl.java:62)
at sun.reflect.DelegatingConstructorAccessorImpl.newInstance(DelegatingConstructorAccessorImpl.java:45)
at java.lang.reflect.Constructor.newInstance(Constructor.java:423)
at org.openqa.selenium.remote.ErrorHandler.createThrowable(ErrorHandler.java:214)
at org.openqa.selenium.remote.ErrorHandler.throwIfResponseFailed(ErrorHandler.java:166)
at org.openqa.selenium.remote.http.JsonHttpResponseCodec.reconstructValue(JsonHttpResponseCodec.java:40)
at org.openqa.selenium.remote.http.AbstractHttpResponseCodec.decode(AbstractHttpResponseCodec.java:80)
at org.openqa.selenium.remote.http.AbstractHttpResponseCodec.decode(AbstractHttpResponseCodec.java:44)
at org.openqa.selenium.remote.HttpCommandExecutor.execute(HttpCommandExecutor.java:158)
at org.openqa.selenium.remote.service.DriverCommandExecutor.execute(DriverCommandExecutor.java:83)
at org.openqa.selenium.remote.RemoteWebDriver.execute(RemoteWebDriver.java:548)
at org.openqa.selenium.remote.RemoteWebElement.execute(RemoteWebElement.java:276)
at org.openqa.selenium.remote.RemoteWebElement.click(RemoteWebElement.java:83)
at ApodGUI.SearchCriteria.Logout(SearchCriteria.java:324)
at sun.reflect.NativeMethodAccessorImpl.invoke0(Native Method)
at sun.reflect.NativeMethodAccessorImpl.invoke(NativeMethodAccessorImpl.java:62)
at sun.reflect.DelegatingMethodAccessorImpl.invoke(DelegatingMethodAccessorImpl.java:43)
at java.lang.reflect.Method.invoke(Method.java:498)
at org.testng.internal.MethodInvocationHelper.invokeMethod(MethodInvocationHelper.java:124)
at org.testng.internal.Invoker.invokeMethod(Invoker.java:580)
at org.testng.internal.Invoker.invokeTestMethod(Invoker.java:716)
at org.testng.internal.Invoker.invokeTestMethods(Invoker.java:988)
at org.testng.internal.TestMethodWorker.invokeTestMethods(TestMethodWorker.java:125)
at org.testng.internal.TestMethodWorker.run(TestMethodWorker.java:109)
at org.testng.TestRunner.privateRun(TestRunner.java:648)
at org.testng.TestRunner.run(TestRunner.java:505)
at org.testng.SuiteRunner.runTest(SuiteRunner.java:455)
at org.testng.SuiteRunner.runSequentially(SuiteRunner.java:450)
at org.testng.SuiteRunner.privateRun(SuiteRunner.java:415)
at org.testng.SuiteRunner.run(SuiteRunner.java:364)
at org.testng.SuiteRunnerWorker.runSuite(SuiteRunnerWorker.java:52)
at org.testng.SuiteRunnerWorker.run(SuiteRunnerWorker.java:84)
at org.testng.TestNG.runSuitesSequentially(TestNG.java:1208)
at org.testng.TestNG.runSuitesLocally(TestNG.java:1137)
at org.testng.TestNG.runSuites(TestNG.java:1049)
at org.testng.TestNG.run(TestNG.java:1017)
at org.testng.remote.AbstractRemoteTestNG.run(AbstractRemoteTestNG.java:114)
at org.testng.remote.RemoteTestNG.initAndRun(RemoteTestNG.java:251)
at org.testng.remote.RemoteTestNG.main(RemoteTestNG.java:77)
]]>
            </full-stacktrace>
          </exception> <!-- org.openqa.selenium.WebDriverException -->
          <reporter-output>
          </reporter-output>
        </test-method> <!-- Logout -->
        <test-method status="PASS" signature="tearDown(org.testng.ITestResult)[pri:0, instance:ApodGUI.SearchCriteria@1563da5]" name="tearDown" is-config="true" duration-ms="1" started-at="2020-03-25T12:15:46Z" finished-at="2020-03-25T12:15:46Z">
          <params>
            <param index="0">
              <value>
                <![CDATA[[TestResult name=Logout status=FAILURE method=SearchCriteria.Logout()[pri:20, instance:ApodGUI.SearchCriteria@1563da5] output={null}]]]>
              </value>
            </param>
          </params>
          <reporter-output>
          </reporter-output>
        </test-method> <!-- tearDown -->
      </class> <!-- ApodGUI.SearchCriteria -->
    </test> <!-- Add Dashboard reports -->
  </suite> <!-- Testing Navigator Dashboard -->
</testng-results>
