<?xml version="1.0" encoding="UTF-8"?>
<testng-results skipped="0" failed="2" ignored="8" total="19" passed="9">
  <reporter-output>
    <line>
      <![CDATA[<br/>]]>
    </line>
    <line>
      <![CDATA[<img src=" C:\Users\Nagaraju.kagitala\git\TestNav\Nav/Screenshots/ScreenshotsSuccess/Login.png" alt="""/" />]]>
    </line>
    <line>
      <![CDATA[<br/>]]>
    </line>
    <line>
      <![CDATA[<img src=" C:\Users\Nagaraju.kagitala\git\TestNav\Nav/Screenshots/ScreenshotsSuccess/AddSubscriptionViewlet.png" alt="""/" />]]>
    </line>
    <line>
      <![CDATA[<br/>]]>
    </line>
    <line>
      <![CDATA[<img src=" C:\Users\Nagaraju.kagitala\git\TestNav\Nav/Screenshots/ScreenshotsSuccess/CreateSubscriptionFromOptions.png" alt="""/" />]]>
    </line>
    <line>
      <![CDATA[<br/>]]>
    </line>
    <line>
      <![CDATA[<img src=" C:\Users\Nagaraju.kagitala\git\TestNav\Nav/Screenshots/ScreenshotsSuccess/CopyAsFromCommands.png" alt="""/" />]]>
    </line>
    <line>
      <![CDATA[<br/>]]>
    </line>
    <line>
      <![CDATA[<img src=" C:\Users\Nagaraju.kagitala\git\TestNav\Nav/Screenshots/ScreenshotsSuccess/RenameFromCommands.png" alt="""/" />]]>
    </line>
    <line>
      <![CDATA[Screenshots/ScreenshotsFailure/DeleteFromCommands.png]]>
    </line>
    <line>
      <![CDATA[<br/>Failed to execute method: DeleteFromCommands<br/>]]>
    </line>
    <line>
      <![CDATA[<br/>]]>
    </line>
    <line>
      <![CDATA[<img src=" C:\Users\Nagaraju.kagitala\git\TestNav\Nav/Screenshots/ScreenshotsFailure/DeleteFromCommands.png" alt="""/" />]]>
    </line>
    <line>
      <![CDATA[<br/>]]>
    </line>
    <line>
      <![CDATA[<img src=" C:\Users\Nagaraju.kagitala\git\TestNav\Nav/Screenshots/ScreenshotsSuccess/CreateSubscriptionFromPlusIcon.png" alt="""/" />]]>
    </line>
    <line>
      <![CDATA[<br/>]]>
    </line>
    <line>
      <![CDATA[<img src=" C:\Users\Nagaraju.kagitala\git\TestNav\Nav/Screenshots/ScreenshotsSuccess/CopyAsFromCommandsForMultipleSubscriptions.png" alt="""/" />]]>
    </line>
    <line>
      <![CDATA[<br/>]]>
    </line>
    <line>
      <![CDATA[<img src=" C:\Users\Nagaraju.kagitala\git\TestNav\Nav/Screenshots/ScreenshotsSuccess/RenameFromCommandsForMultipleSubscriptions.png" alt="""/" />]]>
    </line>
    <line>
      <![CDATA[Screenshots/ScreenshotsFailure/DeleteFromCommandsForMultipleSubscriptions.png]]>
    </line>
    <line>
      <![CDATA[<br/>Failed to execute method: DeleteFromCommandsForMultipleSubscriptions<br/>]]>
    </line>
    <line>
      <![CDATA[<br/>]]>
    </line>
    <line>
      <![CDATA[<img src=" C:\Users\Nagaraju.kagitala\git\TestNav\Nav/Screenshots/ScreenshotsFailure/DeleteFromCommandsForMultipleSubscriptions.png" alt="""/" />]]>
    </line>
  </reporter-output>
  <suite name="Navigator" duration-ms="648552" started-at="2020-01-27T10:32:11Z" finished-at="2020-01-27T10:43:00Z">
    <groups>
    </groups>
    <test name="Test Subscription Viewlet" duration-ms="648552" started-at="2020-01-27T10:32:11Z" finished-at="2020-01-27T10:43:00Z">
      <class name="ApodGUI.SubscriptionViewlet">
        <test-method status="PASS" signature="beforeTest()[pri:0, instance:ApodGUI.SubscriptionViewlet@33c7e1bb]" name="beforeTest" is-config="true" duration-ms="16" started-at="2020-01-27T10:32:11Z" finished-at="2020-01-27T10:32:11Z">
          <reporter-output>
          </reporter-output>
        </test-method> <!-- beforeTest -->
        <test-method status="PASS" signature="Login(java.lang.String, java.lang.String, java.lang.String)[pri:0, instance:ApodGUI.SubscriptionViewlet@33c7e1bb]" name="Login" duration-ms="24389" started-at="2020-01-27T10:32:11Z" finished-at="2020-01-27T10:32:36Z">
          <params>
            <param index="0">
              <value>
                <![CDATA[webdriver.chrome.driver]]>
              </value>
            </param>
            <param index="1">
              <value>
                <![CDATA[Drivers/chromedriver.exe]]>
              </value>
            </param>
            <param index="2">
              <value>
                <![CDATA[Subscription Verification]]>
              </value>
            </param>
          </params>
          <reporter-output>
            <line>
              <![CDATA[<br/>]]>
            </line>
            <line>
              <![CDATA[<img src=" C:\Users\Nagaraju.kagitala\git\TestNav\Nav/Screenshots/ScreenshotsSuccess/Login.png" alt="""/" />]]>
            </line>
          </reporter-output>
        </test-method> <!-- Login -->
        <test-method status="PASS" signature="tearDown(org.testng.ITestResult)[pri:0, instance:ApodGUI.SubscriptionViewlet@33c7e1bb]" name="tearDown" is-config="true" duration-ms="457" started-at="2020-01-27T10:32:36Z" finished-at="2020-01-27T10:32:36Z">
          <params>
            <param index="0">
              <value>
                <![CDATA[[TestResult name=Login status=SUCCESS method=SubscriptionViewlet.Login(java.lang.String, java.lang.String, java.lang.String)[pri:0, instance:ApodGUI.SubscriptionViewlet@33c7e1bb] output=<br/>]]]>
              </value>
            </param>
          </params>
          <reporter-output>
          </reporter-output>
        </test-method> <!-- tearDown -->
        <test-method status="PASS" signature="AddSubscriptionViewlet(java.lang.String, org.testng.ITestContext)[pri:1, instance:ApodGUI.SubscriptionViewlet@33c7e1bb]" name="AddSubscriptionViewlet" duration-ms="9198" started-at="2020-01-27T10:32:36Z" finished-at="2020-01-27T10:32:45Z">
          <params>
            <param index="0">
              <value>
                <![CDATA[New Subscription Viewlet]]>
              </value>
            </param>
            <param index="1">
              <value>
                <![CDATA[org.testng.TestRunner@4dd6fd0a]]>
              </value>
            </param>
          </params>
          <reporter-output>
            <line>
              <![CDATA[<br/>]]>
            </line>
            <line>
              <![CDATA[<img src=" C:\Users\Nagaraju.kagitala\git\TestNav\Nav/Screenshots/ScreenshotsSuccess/AddSubscriptionViewlet.png" alt="""/" />]]>
            </line>
          </reporter-output>
        </test-method> <!-- AddSubscriptionViewlet -->
        <test-method status="PASS" signature="tearDown(org.testng.ITestResult)[pri:0, instance:ApodGUI.SubscriptionViewlet@33c7e1bb]" name="tearDown" is-config="true" duration-ms="17232" started-at="2020-01-27T10:33:01Z" finished-at="2020-01-27T10:33:18Z">
          <params>
            <param index="0">
              <value>
                <![CDATA[[TestResult name=AddSubscriptionViewlet status=SUCCESS method=SubscriptionViewlet.AddSubscriptionViewlet(java.lang.String, org.testng.ITestContext)[pri:1, instance:ApodGUI.SubscriptionViewlet@33c7e1bb] output=<br/>]]]>
              </value>
            </param>
          </params>
          <reporter-output>
          </reporter-output>
        </test-method> <!-- tearDown -->
        <test-method status="PASS" signature="CreateSubscriptionFromOptions(java.lang.String, java.lang.String, org.testng.ITestContext)[pri:2, instance:ApodGUI.SubscriptionViewlet@33c7e1bb]" name="CreateSubscriptionFromOptions" duration-ms="44266" started-at="2020-01-27T10:33:18Z" finished-at="2020-01-27T10:34:02Z">
          <params>
            <param index="0">
              <value>
                <![CDATA[SYSTEM.ADD.NEW.SUBSCRIPTION121.OPTIONS]]>
              </value>
            </param>
            <param index="1">
              <value>
                <![CDATA[Unique]]>
              </value>
            </param>
            <param index="2">
              <value>
                <![CDATA[org.testng.TestRunner@4dd6fd0a]]>
              </value>
            </param>
          </params>
          <reporter-output>
            <line>
              <![CDATA[<br/>]]>
            </line>
            <line>
              <![CDATA[<img src=" C:\Users\Nagaraju.kagitala\git\TestNav\Nav/Screenshots/ScreenshotsSuccess/CreateSubscriptionFromOptions.png" alt="""/" />]]>
            </line>
          </reporter-output>
        </test-method> <!-- CreateSubscriptionFromOptions -->
        <test-method status="PASS" signature="tearDown(org.testng.ITestResult)[pri:0, instance:ApodGUI.SubscriptionViewlet@33c7e1bb]" name="tearDown" is-config="true" duration-ms="16284" started-at="2020-01-27T10:34:18Z" finished-at="2020-01-27T10:34:34Z">
          <params>
            <param index="0">
              <value>
                <![CDATA[[TestResult name=CreateSubscriptionFromOptions status=SUCCESS method=SubscriptionViewlet.CreateSubscriptionFromOptions(java.lang.String, java.lang.String, org.testng.ITestContext)[pri:2, instance:ApodGUI.SubscriptionViewlet@33c7e1bb] output=<br/>]]]>
              </value>
            </param>
          </params>
          <reporter-output>
          </reporter-output>
        </test-method> <!-- tearDown -->
        <test-method status="PASS" signature="CopyAsFromCommands(java.lang.String, java.lang.String, org.testng.ITestContext)[pri:3, instance:ApodGUI.SubscriptionViewlet@33c7e1bb]" name="CopyAsFromCommands" duration-ms="31496" started-at="2020-01-27T10:34:34Z" depends-on-methods="ApodGUI.SubscriptionViewlet.CreateSubscriptionFromOptions" finished-at="2020-01-27T10:35:06Z">
          <params>
            <param index="0">
              <value>
                <![CDATA[.Copy]]>
              </value>
            </param>
            <param index="1">
              <value>
                <![CDATA[SYSTEM.ADD.NEW.SUBSCRIPTION121.OPTIONS]]>
              </value>
            </param>
            <param index="2">
              <value>
                <![CDATA[org.testng.TestRunner@4dd6fd0a]]>
              </value>
            </param>
          </params>
          <reporter-output>
            <line>
              <![CDATA[<br/>]]>
            </line>
            <line>
              <![CDATA[<img src=" C:\Users\Nagaraju.kagitala\git\TestNav\Nav/Screenshots/ScreenshotsSuccess/CopyAsFromCommands.png" alt="""/" />]]>
            </line>
          </reporter-output>
        </test-method> <!-- CopyAsFromCommands -->
        <test-method status="PASS" signature="tearDown(org.testng.ITestResult)[pri:0, instance:ApodGUI.SubscriptionViewlet@33c7e1bb]" name="tearDown" is-config="true" duration-ms="16922" started-at="2020-01-27T10:35:29Z" finished-at="2020-01-27T10:35:46Z">
          <params>
            <param index="0">
              <value>
                <![CDATA[[TestResult name=CopyAsFromCommands status=SUCCESS method=SubscriptionViewlet.CopyAsFromCommands(java.lang.String, java.lang.String, org.testng.ITestContext)[pri:3, instance:ApodGUI.SubscriptionViewlet@33c7e1bb] output=<br/>]]]>
              </value>
            </param>
          </params>
          <reporter-output>
          </reporter-output>
        </test-method> <!-- tearDown -->
        <test-method status="PASS" signature="RenameFromCommands(java.lang.String, java.lang.String, java.lang.String, org.testng.ITestContext)[pri:4, instance:ApodGUI.SubscriptionViewlet@33c7e1bb]" name="RenameFromCommands" duration-ms="19622" started-at="2020-01-27T10:35:46Z" depends-on-methods="ApodGUI.SubscriptionViewlet.CopyAsFromCommands" finished-at="2020-01-27T10:36:05Z">
          <params>
            <param index="0">
              <value>
                <![CDATA[Test.Subscription.Rename]]>
              </value>
            </param>
            <param index="1">
              <value>
                <![CDATA[.Copy]]>
              </value>
            </param>
            <param index="2">
              <value>
                <![CDATA[SYSTEM.ADD.NEW.SUBSCRIPTION121.OPTIONS]]>
              </value>
            </param>
            <param index="3">
              <value>
                <![CDATA[org.testng.TestRunner@4dd6fd0a]]>
              </value>
            </param>
          </params>
          <reporter-output>
            <line>
              <![CDATA[<br/>]]>
            </line>
            <line>
              <![CDATA[<img src=" C:\Users\Nagaraju.kagitala\git\TestNav\Nav/Screenshots/ScreenshotsSuccess/RenameFromCommands.png" alt="""/" />]]>
            </line>
          </reporter-output>
        </test-method> <!-- RenameFromCommands -->
        <test-method status="PASS" signature="tearDown(org.testng.ITestResult)[pri:0, instance:ApodGUI.SubscriptionViewlet@33c7e1bb]" name="tearDown" is-config="true" duration-ms="17715" started-at="2020-01-27T10:36:20Z" finished-at="2020-01-27T10:36:38Z">
          <params>
            <param index="0">
              <value>
                <![CDATA[[TestResult name=RenameFromCommands status=SUCCESS method=SubscriptionViewlet.RenameFromCommands(java.lang.String, java.lang.String, java.lang.String, org.testng.ITestContext)[pri:4, instance:ApodGUI.SubscriptionViewlet@33c7e1bb] output=<br/>]]]>
              </value>
            </param>
          </params>
          <reporter-output>
          </reporter-output>
        </test-method> <!-- tearDown -->
        <test-method status="FAIL" signature="DeleteFromCommands(java.lang.String, org.testng.ITestContext)[pri:5, instance:ApodGUI.SubscriptionViewlet@33c7e1bb]" name="DeleteFromCommands" duration-ms="9317" started-at="2020-01-27T10:36:38Z" depends-on-methods="ApodGUI.SubscriptionViewlet.RenameFromCommands" finished-at="2020-01-27T10:36:47Z">
          <params>
            <param index="0">
              <value>
                <![CDATA[Test.Subscription.Rename]]>
              </value>
            </param>
            <param index="1">
              <value>
                <![CDATA[org.testng.TestRunner@4dd6fd0a]]>
              </value>
            </param>
          </params>
          <exception class="org.openqa.selenium.InvalidSelectorException">
            <message>
              <![CDATA[invalid selector: Unable to locate an element with the xpath expression Subscription delete failed because of the following error:
SyntaxError: Failed to execute 'evaluate' on 'Document': The string 'Subscription delete failed' is not a valid XPath expression.
  (Session info: chrome=79.0.3945.130)
  (Driver info: chromedriver=2.41.578737 (49da6702b16031c40d63e5618de03a32ff6c197e),platform=Windows NT 10.0.18362 x86_64) (WARNING: The server did not provide any stacktrace information)
Command duration or timeout: 0 milliseconds
For documentation on this error, please visit: http://seleniumhq.org/exceptions/invalid_selector_exception.html
Build info: version: '3.14.0', revision: 'aacccce0', time: '2018-08-02T20:13:22.693Z'
System info: host: 'DESKTOP-E1JT2VR', ip: '192.168.122.1', os.name: 'Windows 10', os.arch: 'amd64', os.version: '10.0', java.version: '1.8.0_201'
Driver info: org.openqa.selenium.chrome.ChromeDriver
Capabilities {acceptInsecureCerts: false, acceptSslCerts: false, applicationCacheEnabled: false, browserConnectionEnabled: false, browserName: chrome, chrome: {chromedriverVersion: 2.41.578737 (49da6702b16031..., userDataDir: C:\Users\nastel5\AppData\Lo...}, cssSelectorsEnabled: true, databaseEnabled: false, goog:chromeOptions: {debuggerAddress: localhost:60526}, handlesAlerts: true, hasTouchScreen: false, javascriptEnabled: true, locationContextEnabled: true, mobileEmulationEnabled: false, nativeEvents: true, networkConnectionEnabled: false, pageLoadStrategy: normal, platform: XP, platformName: XP, rotatable: false, setWindowRect: true, takesHeapSnapshot: true, takesScreenshot: true, unexpectedAlertBehaviour: , unhandledPromptBehavior: , version: 79.0.3945.130, webStorageEnabled: true}
Session ID: cfbc0242c3805e8461d0ef503dc2b745
*** Element info: {Using=xpath, value=Subscription delete failed}]]>
            </message>
            <full-stacktrace>
              <![CDATA[org.openqa.selenium.InvalidSelectorException: invalid selector: Unable to locate an element with the xpath expression Subscription delete failed because of the following error:
SyntaxError: Failed to execute 'evaluate' on 'Document': The string 'Subscription delete failed' is not a valid XPath expression.
  (Session info: chrome=79.0.3945.130)
  (Driver info: chromedriver=2.41.578737 (49da6702b16031c40d63e5618de03a32ff6c197e),platform=Windows NT 10.0.18362 x86_64) (WARNING: The server did not provide any stacktrace information)
Command duration or timeout: 0 milliseconds
For documentation on this error, please visit: http://seleniumhq.org/exceptions/invalid_selector_exception.html
Build info: version: '3.14.0', revision: 'aacccce0', time: '2018-08-02T20:13:22.693Z'
System info: host: 'DESKTOP-E1JT2VR', ip: '192.168.122.1', os.name: 'Windows 10', os.arch: 'amd64', os.version: '10.0', java.version: '1.8.0_201'
Driver info: org.openqa.selenium.chrome.ChromeDriver
Capabilities {acceptInsecureCerts: false, acceptSslCerts: false, applicationCacheEnabled: false, browserConnectionEnabled: false, browserName: chrome, chrome: {chromedriverVersion: 2.41.578737 (49da6702b16031..., userDataDir: C:\Users\nastel5\AppData\Lo...}, cssSelectorsEnabled: true, databaseEnabled: false, goog:chromeOptions: {debuggerAddress: localhost:60526}, handlesAlerts: true, hasTouchScreen: false, javascriptEnabled: true, locationContextEnabled: true, mobileEmulationEnabled: false, nativeEvents: true, networkConnectionEnabled: false, pageLoadStrategy: normal, platform: XP, platformName: XP, rotatable: false, setWindowRect: true, takesHeapSnapshot: true, takesScreenshot: true, unexpectedAlertBehaviour: , unhandledPromptBehavior: , version: 79.0.3945.130, webStorageEnabled: true}
Session ID: cfbc0242c3805e8461d0ef503dc2b745
*** Element info: {Using=xpath, value=Subscription delete failed}
at sun.reflect.NativeConstructorAccessorImpl.newInstance0(Native Method)
at sun.reflect.NativeConstructorAccessorImpl.newInstance(NativeConstructorAccessorImpl.java:62)
at sun.reflect.DelegatingConstructorAccessorImpl.newInstance(DelegatingConstructorAccessorImpl.java:45)
at java.lang.reflect.Constructor.newInstance(Constructor.java:423)
at org.openqa.selenium.remote.ErrorHandler.createThrowable(ErrorHandler.java:214)
at org.openqa.selenium.remote.ErrorHandler.throwIfResponseFailed(ErrorHandler.java:166)
at org.openqa.selenium.remote.http.JsonHttpResponseCodec.reconstructValue(JsonHttpResponseCodec.java:40)
at org.openqa.selenium.remote.http.AbstractHttpResponseCodec.decode(AbstractHttpResponseCodec.java:80)
at org.openqa.selenium.remote.http.AbstractHttpResponseCodec.decode(AbstractHttpResponseCodec.java:44)
at org.openqa.selenium.remote.HttpCommandExecutor.execute(HttpCommandExecutor.java:158)
at org.openqa.selenium.remote.service.DriverCommandExecutor.execute(DriverCommandExecutor.java:83)
at org.openqa.selenium.remote.RemoteWebDriver.execute(RemoteWebDriver.java:548)
at org.openqa.selenium.remote.RemoteWebDriver.findElement(RemoteWebDriver.java:322)
at org.openqa.selenium.remote.RemoteWebDriver.findElementByXPath(RemoteWebDriver.java:424)
at org.openqa.selenium.By$ByXPath.findElement(By.java:353)
at org.openqa.selenium.remote.RemoteWebDriver.findElement(RemoteWebDriver.java:314)
at ApodGUI.SubscriptionViewlet.DeleteFromCommands(SubscriptionViewlet.java:574)
at sun.reflect.NativeMethodAccessorImpl.invoke0(Native Method)
at sun.reflect.NativeMethodAccessorImpl.invoke(NativeMethodAccessorImpl.java:62)
at sun.reflect.DelegatingMethodAccessorImpl.invoke(DelegatingMethodAccessorImpl.java:43)
at java.lang.reflect.Method.invoke(Method.java:498)
at org.testng.internal.MethodInvocationHelper.invokeMethod(MethodInvocationHelper.java:124)
at org.testng.internal.Invoker.invokeMethod(Invoker.java:580)
at org.testng.internal.Invoker.invokeTestMethod(Invoker.java:716)
at org.testng.internal.Invoker.invokeTestMethods(Invoker.java:988)
at org.testng.internal.TestMethodWorker.invokeTestMethods(TestMethodWorker.java:125)
at org.testng.internal.TestMethodWorker.run(TestMethodWorker.java:109)
at org.testng.TestRunner.privateRun(TestRunner.java:648)
at org.testng.TestRunner.run(TestRunner.java:505)
at org.testng.SuiteRunner.runTest(SuiteRunner.java:455)
at org.testng.SuiteRunner.runSequentially(SuiteRunner.java:450)
at org.testng.SuiteRunner.privateRun(SuiteRunner.java:415)
at org.testng.SuiteRunner.run(SuiteRunner.java:364)
at org.testng.SuiteRunnerWorker.runSuite(SuiteRunnerWorker.java:52)
at org.testng.SuiteRunnerWorker.run(SuiteRunnerWorker.java:84)
at org.testng.TestNG.runSuitesSequentially(TestNG.java:1208)
at org.testng.TestNG.runSuitesLocally(TestNG.java:1137)
at org.testng.TestNG.runSuites(TestNG.java:1049)
at org.testng.TestNG.run(TestNG.java:1017)
at org.testng.remote.AbstractRemoteTestNG.run(AbstractRemoteTestNG.java:114)
at org.testng.remote.RemoteTestNG.initAndRun(RemoteTestNG.java:251)
at org.testng.remote.RemoteTestNG.main(RemoteTestNG.java:77)
]]>
            </full-stacktrace>
          </exception> <!-- org.openqa.selenium.InvalidSelectorException -->
          <reporter-output>
            <line>
              <![CDATA[<br/>Failed to execute method: DeleteFromCommands<br/>]]>
            </line>
            <line>
              <![CDATA[<br/>]]>
            </line>
            <line>
              <![CDATA[<img src=" C:\Users\Nagaraju.kagitala\git\TestNav\Nav/Screenshots/ScreenshotsFailure/DeleteFromCommands.png" alt="""/" />]]>
            </line>
          </reporter-output>
        </test-method> <!-- DeleteFromCommands -->
        <test-method status="PASS" signature="tearDown(org.testng.ITestResult)[pri:0, instance:ApodGUI.SubscriptionViewlet@33c7e1bb]" name="tearDown" is-config="true" duration-ms="18193" started-at="2020-01-27T10:37:13Z" finished-at="2020-01-27T10:37:31Z">
          <params>
            <param index="0">
              <value>
                <![CDATA[[TestResult name=DeleteFromCommands status=FAILURE method=SubscriptionViewlet.DeleteFromCommands(java.lang.String, org.testng.ITestContext)[pri:5, instance:ApodGUI.SubscriptionViewlet@33c7e1bb] output=<br/>Failed to execute method: DeleteFromCommands<br/>]]]>
              </value>
            </param>
          </params>
          <reporter-output>
            <line>
              <![CDATA[Screenshots/ScreenshotsFailure/DeleteFromCommands.png]]>
            </line>
          </reporter-output>
        </test-method> <!-- tearDown -->
        <test-method status="PASS" signature="CreateSubscriptionFromPlusIcon(java.lang.String, java.lang.String, org.testng.ITestContext)[pri:11, instance:ApodGUI.SubscriptionViewlet@33c7e1bb]" name="CreateSubscriptionFromPlusIcon" duration-ms="104279" started-at="2020-01-27T10:37:31Z" finished-at="2020-01-27T10:39:16Z">
          <params>
            <param index="0">
              <value>
                <![CDATA[SYSTEM.ADD.NEW.SUBSCRIPTION121.ICON]]>
              </value>
            </param>
            <param index="1">
              <value>
                <![CDATA[UniqueIcon]]>
              </value>
            </param>
            <param index="2">
              <value>
                <![CDATA[org.testng.TestRunner@4dd6fd0a]]>
              </value>
            </param>
          </params>
          <reporter-output>
            <line>
              <![CDATA[<br/>]]>
            </line>
            <line>
              <![CDATA[<img src=" C:\Users\Nagaraju.kagitala\git\TestNav\Nav/Screenshots/ScreenshotsSuccess/CreateSubscriptionFromPlusIcon.png" alt="""/" />]]>
            </line>
          </reporter-output>
        </test-method> <!-- CreateSubscriptionFromPlusIcon -->
        <test-method status="PASS" signature="tearDown(org.testng.ITestResult)[pri:0, instance:ApodGUI.SubscriptionViewlet@33c7e1bb]" name="tearDown" is-config="true" duration-ms="15747" started-at="2020-01-27T10:39:30Z" finished-at="2020-01-27T10:39:46Z">
          <params>
            <param index="0">
              <value>
                <![CDATA[[TestResult name=CreateSubscriptionFromPlusIcon status=SUCCESS method=SubscriptionViewlet.CreateSubscriptionFromPlusIcon(java.lang.String, java.lang.String, org.testng.ITestContext)[pri:11, instance:ApodGUI.SubscriptionViewlet@33c7e1bb] output=<br/>]]]>
              </value>
            </param>
          </params>
          <reporter-output>
          </reporter-output>
        </test-method> <!-- tearDown -->
        <test-method status="PASS" signature="CopyAsFromCommandsForMultipleSubscriptions(java.lang.String, java.lang.String, org.testng.ITestContext)[pri:12, instance:ApodGUI.SubscriptionViewlet@33c7e1bb]" name="CopyAsFromCommandsForMultipleSubscriptions" duration-ms="28458" started-at="2020-01-27T10:39:46Z" depends-on-methods="ApodGUI.SubscriptionViewlet.CreateSubscriptionFromPlusIcon" finished-at="2020-01-27T10:40:15Z">
          <params>
            <param index="0">
              <value>
                <![CDATA[SUB.MULTIPLE.COPY]]>
              </value>
            </param>
            <param index="1">
              <value>
                <![CDATA[SYSTEM.ADD.NEW.SUBSCRIPTION121.ICON]]>
              </value>
            </param>
            <param index="2">
              <value>
                <![CDATA[org.testng.TestRunner@4dd6fd0a]]>
              </value>
            </param>
          </params>
          <reporter-output>
            <line>
              <![CDATA[<br/>]]>
            </line>
            <line>
              <![CDATA[<img src=" C:\Users\Nagaraju.kagitala\git\TestNav\Nav/Screenshots/ScreenshotsSuccess/CopyAsFromCommandsForMultipleSubscriptions.png" alt="""/" />]]>
            </line>
          </reporter-output>
        </test-method> <!-- CopyAsFromCommandsForMultipleSubscriptions -->
        <test-method status="PASS" signature="tearDown(org.testng.ITestResult)[pri:0, instance:ApodGUI.SubscriptionViewlet@33c7e1bb]" name="tearDown" is-config="true" duration-ms="18082" started-at="2020-01-27T10:40:37Z" finished-at="2020-01-27T10:40:55Z">
          <params>
            <param index="0">
              <value>
                <![CDATA[[TestResult name=CopyAsFromCommandsForMultipleSubscriptions status=SUCCESS method=SubscriptionViewlet.CopyAsFromCommandsForMultipleSubscriptions(java.lang.String, java.lang.String, org.testng.ITestContext)[pri:12, instance:ApodGUI.SubscriptionViewlet@33c7e1bb] output=<br/>]]]>
              </value>
            </param>
          </params>
          <reporter-output>
          </reporter-output>
        </test-method> <!-- tearDown -->
        <test-method status="PASS" signature="RenameFromCommandsForMultipleSubscriptions(java.lang.String, org.testng.ITestContext)[pri:13, instance:ApodGUI.SubscriptionViewlet@33c7e1bb]" name="RenameFromCommandsForMultipleSubscriptions" duration-ms="30258" started-at="2020-01-27T10:40:55Z" depends-on-methods="ApodGUI.SubscriptionViewlet.CopyAsFromCommandsForMultipleSubscriptions" finished-at="2020-01-27T10:41:25Z">
          <params>
            <param index="0">
              <value>
                <![CDATA[SYSTEM.SUBSCRIPTION.RENAME]]>
              </value>
            </param>
            <param index="1">
              <value>
                <![CDATA[org.testng.TestRunner@4dd6fd0a]]>
              </value>
            </param>
          </params>
          <reporter-output>
            <line>
              <![CDATA[<br/>]]>
            </line>
            <line>
              <![CDATA[<img src=" C:\Users\Nagaraju.kagitala\git\TestNav\Nav/Screenshots/ScreenshotsSuccess/RenameFromCommandsForMultipleSubscriptions.png" alt="""/" />]]>
            </line>
          </reporter-output>
        </test-method> <!-- RenameFromCommandsForMultipleSubscriptions -->
        <test-method status="PASS" signature="tearDown(org.testng.ITestResult)[pri:0, instance:ApodGUI.SubscriptionViewlet@33c7e1bb]" name="tearDown" is-config="true" duration-ms="23147" started-at="2020-01-27T10:41:40Z" finished-at="2020-01-27T10:42:03Z">
          <params>
            <param index="0">
              <value>
                <![CDATA[[TestResult name=RenameFromCommandsForMultipleSubscriptions status=SUCCESS method=SubscriptionViewlet.RenameFromCommandsForMultipleSubscriptions(java.lang.String, org.testng.ITestContext)[pri:13, instance:ApodGUI.SubscriptionViewlet@33c7e1bb] output=<br/>]]]>
              </value>
            </param>
          </params>
          <reporter-output>
          </reporter-output>
        </test-method> <!-- tearDown -->
        <test-method status="FAIL" signature="DeleteFromCommandsForMultipleSubscriptions(java.lang.String, org.testng.ITestContext)[pri:14, instance:ApodGUI.SubscriptionViewlet@33c7e1bb]" name="DeleteFromCommandsForMultipleSubscriptions" duration-ms="20943" started-at="2020-01-27T10:42:03Z" depends-on-methods="ApodGUI.SubscriptionViewlet.RenameFromCommandsForMultipleSubscriptions" finished-at="2020-01-27T10:42:24Z">
          <params>
            <param index="0">
              <value>
                <![CDATA[SYSTEM.SUBSCRIPTION.RENAME]]>
              </value>
            </param>
            <param index="1">
              <value>
                <![CDATA[org.testng.TestRunner@4dd6fd0a]]>
              </value>
            </param>
          </params>
          <exception class="org.openqa.selenium.InvalidSelectorException">
            <message>
              <![CDATA[invalid selector: Unable to locate an element with the xpath expression Multiple Subscriptions are failed because of the following error:
SyntaxError: Failed to execute 'evaluate' on 'Document': The string 'Multiple Subscriptions are failed' is not a valid XPath expression.
  (Session info: chrome=79.0.3945.130)
  (Driver info: chromedriver=2.41.578737 (49da6702b16031c40d63e5618de03a32ff6c197e),platform=Windows NT 10.0.18362 x86_64) (WARNING: The server did not provide any stacktrace information)
Command duration or timeout: 0 milliseconds
For documentation on this error, please visit: http://seleniumhq.org/exceptions/invalid_selector_exception.html
Build info: version: '3.14.0', revision: 'aacccce0', time: '2018-08-02T20:13:22.693Z'
System info: host: 'DESKTOP-E1JT2VR', ip: '192.168.122.1', os.name: 'Windows 10', os.arch: 'amd64', os.version: '10.0', java.version: '1.8.0_201'
Driver info: org.openqa.selenium.chrome.ChromeDriver
Capabilities {acceptInsecureCerts: false, acceptSslCerts: false, applicationCacheEnabled: false, browserConnectionEnabled: false, browserName: chrome, chrome: {chromedriverVersion: 2.41.578737 (49da6702b16031..., userDataDir: C:\Users\nastel5\AppData\Lo...}, cssSelectorsEnabled: true, databaseEnabled: false, goog:chromeOptions: {debuggerAddress: localhost:60526}, handlesAlerts: true, hasTouchScreen: false, javascriptEnabled: true, locationContextEnabled: true, mobileEmulationEnabled: false, nativeEvents: true, networkConnectionEnabled: false, pageLoadStrategy: normal, platform: XP, platformName: XP, rotatable: false, setWindowRect: true, takesHeapSnapshot: true, takesScreenshot: true, unexpectedAlertBehaviour: , unhandledPromptBehavior: , version: 79.0.3945.130, webStorageEnabled: true}
Session ID: cfbc0242c3805e8461d0ef503dc2b745
*** Element info: {Using=xpath, value=Multiple Subscriptions are failed}]]>
            </message>
            <full-stacktrace>
              <![CDATA[org.openqa.selenium.InvalidSelectorException: invalid selector: Unable to locate an element with the xpath expression Multiple Subscriptions are failed because of the following error:
SyntaxError: Failed to execute 'evaluate' on 'Document': The string 'Multiple Subscriptions are failed' is not a valid XPath expression.
  (Session info: chrome=79.0.3945.130)
  (Driver info: chromedriver=2.41.578737 (49da6702b16031c40d63e5618de03a32ff6c197e),platform=Windows NT 10.0.18362 x86_64) (WARNING: The server did not provide any stacktrace information)
Command duration or timeout: 0 milliseconds
For documentation on this error, please visit: http://seleniumhq.org/exceptions/invalid_selector_exception.html
Build info: version: '3.14.0', revision: 'aacccce0', time: '2018-08-02T20:13:22.693Z'
System info: host: 'DESKTOP-E1JT2VR', ip: '192.168.122.1', os.name: 'Windows 10', os.arch: 'amd64', os.version: '10.0', java.version: '1.8.0_201'
Driver info: org.openqa.selenium.chrome.ChromeDriver
Capabilities {acceptInsecureCerts: false, acceptSslCerts: false, applicationCacheEnabled: false, browserConnectionEnabled: false, browserName: chrome, chrome: {chromedriverVersion: 2.41.578737 (49da6702b16031..., userDataDir: C:\Users\nastel5\AppData\Lo...}, cssSelectorsEnabled: true, databaseEnabled: false, goog:chromeOptions: {debuggerAddress: localhost:60526}, handlesAlerts: true, hasTouchScreen: false, javascriptEnabled: true, locationContextEnabled: true, mobileEmulationEnabled: false, nativeEvents: true, networkConnectionEnabled: false, pageLoadStrategy: normal, platform: XP, platformName: XP, rotatable: false, setWindowRect: true, takesHeapSnapshot: true, takesScreenshot: true, unexpectedAlertBehaviour: , unhandledPromptBehavior: , version: 79.0.3945.130, webStorageEnabled: true}
Session ID: cfbc0242c3805e8461d0ef503dc2b745
*** Element info: {Using=xpath, value=Multiple Subscriptions are failed}
at sun.reflect.NativeConstructorAccessorImpl.newInstance0(Native Method)
at sun.reflect.NativeConstructorAccessorImpl.newInstance(NativeConstructorAccessorImpl.java:62)
at sun.reflect.DelegatingConstructorAccessorImpl.newInstance(DelegatingConstructorAccessorImpl.java:45)
at java.lang.reflect.Constructor.newInstance(Constructor.java:423)
at org.openqa.selenium.remote.ErrorHandler.createThrowable(ErrorHandler.java:214)
at org.openqa.selenium.remote.ErrorHandler.throwIfResponseFailed(ErrorHandler.java:166)
at org.openqa.selenium.remote.http.JsonHttpResponseCodec.reconstructValue(JsonHttpResponseCodec.java:40)
at org.openqa.selenium.remote.http.AbstractHttpResponseCodec.decode(AbstractHttpResponseCodec.java:80)
at org.openqa.selenium.remote.http.AbstractHttpResponseCodec.decode(AbstractHttpResponseCodec.java:44)
at org.openqa.selenium.remote.HttpCommandExecutor.execute(HttpCommandExecutor.java:158)
at org.openqa.selenium.remote.service.DriverCommandExecutor.execute(DriverCommandExecutor.java:83)
at org.openqa.selenium.remote.RemoteWebDriver.execute(RemoteWebDriver.java:548)
at org.openqa.selenium.remote.RemoteWebDriver.findElement(RemoteWebDriver.java:322)
at org.openqa.selenium.remote.RemoteWebDriver.findElementByXPath(RemoteWebDriver.java:424)
at org.openqa.selenium.By$ByXPath.findElement(By.java:353)
at org.openqa.selenium.remote.RemoteWebDriver.findElement(RemoteWebDriver.java:314)
at ApodGUI.SubscriptionViewlet.DeleteFromCommandsForMultipleSubscriptions(SubscriptionViewlet.java:1406)
at sun.reflect.NativeMethodAccessorImpl.invoke0(Native Method)
at sun.reflect.NativeMethodAccessorImpl.invoke(NativeMethodAccessorImpl.java:62)
at sun.reflect.DelegatingMethodAccessorImpl.invoke(DelegatingMethodAccessorImpl.java:43)
at java.lang.reflect.Method.invoke(Method.java:498)
at org.testng.internal.MethodInvocationHelper.invokeMethod(MethodInvocationHelper.java:124)
at org.testng.internal.Invoker.invokeMethod(Invoker.java:580)
at org.testng.internal.Invoker.invokeTestMethod(Invoker.java:716)
at org.testng.internal.Invoker.invokeTestMethods(Invoker.java:988)
at org.testng.internal.TestMethodWorker.invokeTestMethods(TestMethodWorker.java:125)
at org.testng.internal.TestMethodWorker.run(TestMethodWorker.java:109)
at org.testng.TestRunner.privateRun(TestRunner.java:648)
at org.testng.TestRunner.run(TestRunner.java:505)
at org.testng.SuiteRunner.runTest(SuiteRunner.java:455)
at org.testng.SuiteRunner.runSequentially(SuiteRunner.java:450)
at org.testng.SuiteRunner.privateRun(SuiteRunner.java:415)
at org.testng.SuiteRunner.run(SuiteRunner.java:364)
at org.testng.SuiteRunnerWorker.runSuite(SuiteRunnerWorker.java:52)
at org.testng.SuiteRunnerWorker.run(SuiteRunnerWorker.java:84)
at org.testng.TestNG.runSuitesSequentially(TestNG.java:1208)
at org.testng.TestNG.runSuitesLocally(TestNG.java:1137)
at org.testng.TestNG.runSuites(TestNG.java:1049)
at org.testng.TestNG.run(TestNG.java:1017)
at org.testng.remote.AbstractRemoteTestNG.run(AbstractRemoteTestNG.java:114)
at org.testng.remote.RemoteTestNG.initAndRun(RemoteTestNG.java:251)
at org.testng.remote.RemoteTestNG.main(RemoteTestNG.java:77)
]]>
            </full-stacktrace>
          </exception> <!-- org.openqa.selenium.InvalidSelectorException -->
          <reporter-output>
            <line>
              <![CDATA[<br/>Failed to execute method: DeleteFromCommandsForMultipleSubscriptions<br/>]]>
            </line>
            <line>
              <![CDATA[<br/>]]>
            </line>
            <line>
              <![CDATA[<img src=" C:\Users\Nagaraju.kagitala\git\TestNav\Nav/Screenshots/ScreenshotsFailure/DeleteFromCommandsForMultipleSubscriptions.png" alt="""/" />]]>
            </line>
          </reporter-output>
        </test-method> <!-- DeleteFromCommandsForMultipleSubscriptions -->
        <test-method status="PASS" signature="tearDown(org.testng.ITestResult)[pri:0, instance:ApodGUI.SubscriptionViewlet@33c7e1bb]" name="tearDown" is-config="true" duration-ms="16147" started-at="2020-01-27T10:42:41Z" finished-at="2020-01-27T10:42:57Z">
          <params>
            <param index="0">
              <value>
                <![CDATA[[TestResult name=DeleteFromCommandsForMultipleSubscriptions status=FAILURE method=SubscriptionViewlet.DeleteFromCommandsForMultipleSubscriptions(java.lang.String, org.testng.ITestContext)[pri:14, instance:ApodGUI.SubscriptionViewlet@33c7e1bb] output=<br/>Failed to execute method: DeleteFromCommandsForMultipleSubscriptions<br/>]]]>
              </value>
            </param>
          </params>
          <reporter-output>
            <line>
              <![CDATA[Screenshots/ScreenshotsFailure/DeleteFromCommandsForMultipleSubscriptions.png]]>
            </line>
          </reporter-output>
        </test-method> <!-- tearDown -->
        <test-method status="PASS" signature="Logout()[pri:25, instance:ApodGUI.SubscriptionViewlet@33c7e1bb]" name="Logout" duration-ms="2472" started-at="2020-01-27T10:42:57Z" finished-at="2020-01-27T10:43:00Z">
          <reporter-output>
          </reporter-output>
        </test-method> <!-- Logout -->
        <test-method status="PASS" signature="tearDown(org.testng.ITestResult)[pri:0, instance:ApodGUI.SubscriptionViewlet@33c7e1bb]" name="tearDown" is-config="true" duration-ms="0" started-at="2020-01-27T10:43:00Z" finished-at="2020-01-27T10:43:00Z">
          <params>
            <param index="0">
              <value>
                <![CDATA[[TestResult name=Logout status=SUCCESS method=SubscriptionViewlet.Logout()[pri:25, instance:ApodGUI.SubscriptionViewlet@33c7e1bb] output={null}]]]>
              </value>
            </param>
          </params>
          <reporter-output>
          </reporter-output>
        </test-method> <!-- tearDown -->
      </class> <!-- ApodGUI.SubscriptionViewlet -->
    </test> <!-- Test Subscription Viewlet -->
  </suite> <!-- Navigator -->
</testng-results>
