<?xml version="1.0" encoding="UTF-8"?>
<testng-results skipped="0" failed="0" ignored="13" total="18" passed="5">
  <reporter-output>
    <line>
      <![CDATA[<br/>]]>
    </line>
    <line>
      <![CDATA[<img src=" C:\Users\Nagaraju.kagitala\git\TestNav\Nav/Screenshots/ScreenshotsSuccess/Login.png" alt="""/" />]]>
    </line>
    <line>
      <![CDATA[Workgroup server is added successfylly]]>
    </line>
    <line>
      <![CDATA[<br/>]]>
    </line>
    <line>
      <![CDATA[<img src=" C:\Users\Nagaraju.kagitala\git\TestNav\Nav/Screenshots/ScreenshotsSuccess/AddWorkgroupFromPlusIcon.png" alt="""/" />]]>
    </line>
    <line>
      <![CDATA[<br/>]]>
    </line>
    <line>
      <![CDATA[<img src=" C:\Users\Nagaraju.kagitala\git\TestNav\Nav/Screenshots/ScreenshotsSuccess/DefaultConnection.png" alt="""/" />]]>
    </line>
    <line>
      <![CDATA[<br/>]]>
    </line>
    <line>
      <![CDATA[<img src=" C:\Users\Nagaraju.kagitala\git\TestNav\Nav/Screenshots/ScreenshotsSuccess/EditWorkgroup.png" alt="""/" />]]>
    </line>
  </reporter-output>
  <suite name="Navigator" duration-ms="146101" started-at="2019-12-26T10:21:59Z" finished-at="2019-12-26T10:24:25Z">
    <groups>
    </groups>
    <test name="WorkGroup server Viewlet" duration-ms="146101" started-at="2019-12-26T10:21:59Z" finished-at="2019-12-26T10:24:25Z">
      <class name="ApodGUI.WorkgroupServer">
        <test-method status="PASS" signature="beforeTest()[pri:0, instance:ApodGUI.WorkgroupServer@1563da5]" name="beforeTest" is-config="true" duration-ms="33" started-at="2019-12-26T10:21:59Z" finished-at="2019-12-26T10:21:59Z">
          <reporter-output>
          </reporter-output>
        </test-method> <!-- beforeTest -->
        <test-method status="PASS" signature="Login(java.lang.String, java.lang.String, java.lang.String, org.testng.ITestContext)[pri:0, instance:ApodGUI.WorkgroupServer@1563da5]" name="Login" duration-ms="39112" started-at="2019-12-26T10:21:59Z" finished-at="2019-12-26T10:22:38Z">
          <params>
            <param index="0">
              <value>
                <![CDATA[webdriver.chrome.driver]]>
              </value>
            </param>
            <param index="1">
              <value>
                <![CDATA[Drivers/chromedriver.exe]]>
              </value>
            </param>
            <param index="2">
              <value>
                <![CDATA[WGS10]]>
              </value>
            </param>
            <param index="3">
              <value>
                <![CDATA[org.testng.TestRunner@31f924f5]]>
              </value>
            </param>
          </params>
          <reporter-output>
            <line>
              <![CDATA[<br/>]]>
            </line>
            <line>
              <![CDATA[<img src=" C:\Users\Nagaraju.kagitala\git\TestNav\Nav/Screenshots/ScreenshotsSuccess/Login.png" alt="""/" />]]>
            </line>
          </reporter-output>
        </test-method> <!-- Login -->
        <test-method status="PASS" signature="tearDown(org.testng.ITestResult)[pri:0, instance:ApodGUI.WorkgroupServer@1563da5]" name="tearDown" is-config="true" duration-ms="558" started-at="2019-12-26T10:22:38Z" finished-at="2019-12-26T10:22:39Z">
          <params>
            <param index="0">
              <value>
                <![CDATA[[TestResult name=Login status=SUCCESS method=WorkgroupServer.Login(java.lang.String, java.lang.String, java.lang.String, org.testng.ITestContext)[pri:0, instance:ApodGUI.WorkgroupServer@1563da5] output=<br/>]]]>
              </value>
            </param>
          </params>
          <reporter-output>
          </reporter-output>
        </test-method> <!-- tearDown -->
        <test-method status="PASS" signature="AddWorkgroupFromPlusIcon(org.testng.ITestContext)[pri:1, instance:ApodGUI.WorkgroupServer@1563da5]" name="AddWorkgroupFromPlusIcon" duration-ms="28262" started-at="2019-12-26T10:22:39Z" finished-at="2019-12-26T10:23:07Z">
          <params>
            <param index="0">
              <value>
                <![CDATA[org.testng.TestRunner@31f924f5]]>
              </value>
            </param>
          </params>
          <reporter-output>
            <line>
              <![CDATA[Workgroup server is added successfylly]]>
            </line>
            <line>
              <![CDATA[<br/>]]>
            </line>
            <line>
              <![CDATA[<img src=" C:\Users\Nagaraju.kagitala\git\TestNav\Nav/Screenshots/ScreenshotsSuccess/AddWorkgroupFromPlusIcon.png" alt="""/" />]]>
            </line>
          </reporter-output>
        </test-method> <!-- AddWorkgroupFromPlusIcon -->
        <test-method status="PASS" signature="tearDown(org.testng.ITestResult)[pri:0, instance:ApodGUI.WorkgroupServer@1563da5]" name="tearDown" is-config="true" duration-ms="12654" started-at="2019-12-26T10:23:07Z" finished-at="2019-12-26T10:23:19Z">
          <params>
            <param index="0">
              <value>
                <![CDATA[[TestResult name=AddWorkgroupFromPlusIcon status=SUCCESS method=WorkgroupServer.AddWorkgroupFromPlusIcon(org.testng.ITestContext)[pri:1, instance:ApodGUI.WorkgroupServer@1563da5] output=Workgroup server is added successfylly]]]>
              </value>
            </param>
          </params>
          <reporter-output>
          </reporter-output>
        </test-method> <!-- tearDown -->
        <test-method status="PASS" signature="DefaultConnection(org.testng.ITestContext)[pri:2, instance:ApodGUI.WorkgroupServer@1563da5]" name="DefaultConnection" duration-ms="23944" started-at="2019-12-26T10:23:19Z" finished-at="2019-12-26T10:23:43Z">
          <params>
            <param index="0">
              <value>
                <![CDATA[org.testng.TestRunner@31f924f5]]>
              </value>
            </param>
          </params>
          <reporter-output>
            <line>
              <![CDATA[<br/>]]>
            </line>
            <line>
              <![CDATA[<img src=" C:\Users\Nagaraju.kagitala\git\TestNav\Nav/Screenshots/ScreenshotsSuccess/DefaultConnection.png" alt="""/" />]]>
            </line>
          </reporter-output>
        </test-method> <!-- DefaultConnection -->
        <test-method status="PASS" signature="tearDown(org.testng.ITestResult)[pri:0, instance:ApodGUI.WorkgroupServer@1563da5]" name="tearDown" is-config="true" duration-ms="405" started-at="2019-12-26T10:23:43Z" finished-at="2019-12-26T10:23:44Z">
          <params>
            <param index="0">
              <value>
                <![CDATA[[TestResult name=DefaultConnection status=SUCCESS method=WorkgroupServer.DefaultConnection(org.testng.ITestContext)[pri:2, instance:ApodGUI.WorkgroupServer@1563da5] output=<br/>]]]>
              </value>
            </param>
          </params>
          <reporter-output>
          </reporter-output>
        </test-method> <!-- tearDown -->
        <test-method status="PASS" signature="EditWorkgroup(java.lang.String, org.testng.ITestContext)[pri:3, instance:ApodGUI.WorkgroupServer@1563da5]" name="EditWorkgroup" duration-ms="16561" started-at="2019-12-26T10:23:44Z" depends-on-methods="ApodGUI.WorkgroupServer.DefaultConnection" finished-at="2019-12-26T10:24:00Z">
          <params>
            <param index="0">
              <value>
                <![CDATA[localhost]]>
              </value>
            </param>
            <param index="1">
              <value>
                <![CDATA[org.testng.TestRunner@31f924f5]]>
              </value>
            </param>
          </params>
          <reporter-output>
            <line>
              <![CDATA[<br/>]]>
            </line>
            <line>
              <![CDATA[<img src=" C:\Users\Nagaraju.kagitala\git\TestNav\Nav/Screenshots/ScreenshotsSuccess/EditWorkgroup.png" alt="""/" />]]>
            </line>
          </reporter-output>
        </test-method> <!-- EditWorkgroup -->
        <test-method status="PASS" signature="tearDown(org.testng.ITestResult)[pri:0, instance:ApodGUI.WorkgroupServer@1563da5]" name="tearDown" is-config="true" duration-ms="12911" started-at="2019-12-26T10:24:00Z" finished-at="2019-12-26T10:24:13Z">
          <params>
            <param index="0">
              <value>
                <![CDATA[[TestResult name=EditWorkgroup status=SUCCESS method=WorkgroupServer.EditWorkgroup(java.lang.String, org.testng.ITestContext)[pri:3, instance:ApodGUI.WorkgroupServer@1563da5] output=<br/>]]]>
              </value>
            </param>
          </params>
          <reporter-output>
          </reporter-output>
        </test-method> <!-- tearDown -->
        <test-method status="PASS" signature="Logout()[pri:23, instance:ApodGUI.WorkgroupServer@1563da5]" name="Logout" duration-ms="11612" started-at="2019-12-26T10:24:13Z" finished-at="2019-12-26T10:24:25Z">
          <reporter-output>
          </reporter-output>
        </test-method> <!-- Logout -->
        <test-method status="PASS" signature="tearDown(org.testng.ITestResult)[pri:0, instance:ApodGUI.WorkgroupServer@1563da5]" name="tearDown" is-config="true" duration-ms="1" started-at="2019-12-26T10:24:25Z" finished-at="2019-12-26T10:24:25Z">
          <params>
            <param index="0">
              <value>
                <![CDATA[[TestResult name=Logout status=SUCCESS method=WorkgroupServer.Logout()[pri:23, instance:ApodGUI.WorkgroupServer@1563da5] output={null}]]]>
              </value>
            </param>
          </params>
          <reporter-output>
          </reporter-output>
        </test-method> <!-- tearDown -->
      </class> <!-- ApodGUI.WorkgroupServer -->
    </test> <!-- WorkGroup server Viewlet -->
  </suite> <!-- Navigator -->
</testng-results>
