<?xml version="1.0" encoding="UTF-8"?>
<testng-results skipped="0" failed="1" ignored="1" total="4" passed="2">
  <reporter-output>
    <line>
      <![CDATA[<br/>]]>
    </line>
    <line>
      <![CDATA[<img src=" C:\Users\Nagaraju.kagitala\git\TestNav\Nav/Screenshots/ScreenshotsSuccess/Login.png" alt="""/" />]]>
    </line>
    <line>
      <![CDATA[Screenshots/ScreenshotsFailure/PutMessageInInhibitedQueue.png]]>
    </line>
    <line>
      <![CDATA[<br/>Failed to execute method: PutMessageInInhibitedQueue<br/>]]>
    </line>
    <line>
      <![CDATA[<br/>]]>
    </line>
    <line>
      <![CDATA[<img src=" C:\Users\Nagaraju.kagitala\git\TestNav\Nav/Screenshots/ScreenshotsFailure/PutMessageInInhibitedQueue.png" alt="""/" />]]>
    </line>
  </reporter-output>
  <suite name="Navigator" duration-ms="64756" started-at="2020-02-06T11:35:10Z" finished-at="2020-02-06T11:36:14Z">
    <groups>
    </groups>
    <test name="Test Queue Viewlet" duration-ms="64756" started-at="2020-02-06T11:35:10Z" finished-at="2020-02-06T11:36:14Z">
      <class name="ApodGUI.QueueProperties">
        <test-method status="PASS" signature="beforeTest()[pri:0, instance:ApodGUI.QueueProperties@528931cf]" name="beforeTest" is-config="true" duration-ms="15" started-at="2020-02-06T11:35:10Z" finished-at="2020-02-06T11:35:10Z">
          <reporter-output>
          </reporter-output>
        </test-method> <!-- beforeTest -->
        <test-method status="PASS" signature="Login(java.lang.String, java.lang.String, java.lang.String, java.lang.String)[pri:0, instance:ApodGUI.QueueProperties@528931cf]" name="Login" duration-ms="42335" started-at="2020-02-06T11:35:10Z" finished-at="2020-02-06T11:35:52Z">
          <params>
            <param index="0">
              <value>
                <![CDATA[webdriver.chrome.driver]]>
              </value>
            </param>
            <param index="1">
              <value>
                <![CDATA[Drivers/chromedriver.exe]]>
              </value>
            </param>
            <param index="2">
              <value>
                <![CDATA[QueuesProperties]]>
              </value>
            </param>
            <param index="3">
              <value>
                <![CDATA[Local Queue]]>
              </value>
            </param>
          </params>
          <reporter-output>
            <line>
              <![CDATA[<br/>]]>
            </line>
            <line>
              <![CDATA[<img src=" C:\Users\Nagaraju.kagitala\git\TestNav\Nav/Screenshots/ScreenshotsSuccess/Login.png" alt="""/" />]]>
            </line>
          </reporter-output>
        </test-method> <!-- Login -->
        <test-method status="PASS" signature="tearDown(org.testng.ITestResult)[pri:0, instance:ApodGUI.QueueProperties@528931cf]" name="tearDown" is-config="true" duration-ms="428" started-at="2020-02-06T11:35:52Z" finished-at="2020-02-06T11:35:52Z">
          <params>
            <param index="0">
              <value>
                <![CDATA[[TestResult name=Login status=SUCCESS method=QueueProperties.Login(java.lang.String, java.lang.String, java.lang.String, java.lang.String)[pri:0, instance:ApodGUI.QueueProperties@528931cf] output=<br/>]]]>
              </value>
            </param>
          </params>
          <reporter-output>
          </reporter-output>
        </test-method> <!-- tearDown -->
        <test-method status="FAIL" signature="PutMessageInInhibitedQueue(java.lang.String)[pri:1, instance:ApodGUI.QueueProperties@528931cf]" name="PutMessageInInhibitedQueue" duration-ms="19110" started-at="2020-02-06T11:35:52Z" finished-at="2020-02-06T11:36:12Z">
          <params>
            <param index="0">
              <value>
                <![CDATA[Inhibited]]>
              </value>
            </param>
          </params>
          <exception class="org.openqa.selenium.NoSuchElementException">
            <message>
              <![CDATA[no such element: Unable to locate element: {"method":"tag name","selector":"a"}
  (Session info: chrome=79.0.3945.130)
  (Driver info: chromedriver=2.41.578737 (49da6702b16031c40d63e5618de03a32ff6c197e),platform=Windows NT 10.0.18362 x86_64) (WARNING: The server did not provide any stacktrace information)
Command duration or timeout: 0 milliseconds
For documentation on this error, please visit: http://seleniumhq.org/exceptions/no_such_element.html
Build info: version: '3.14.0', revision: 'aacccce0', time: '2018-08-02T20:13:22.693Z'
System info: host: 'DESKTOP-E1JT2VR', ip: '192.168.122.1', os.name: 'Windows 10', os.arch: 'amd64', os.version: '10.0', java.version: '1.8.0_201'
Driver info: org.openqa.selenium.chrome.ChromeDriver
Capabilities {acceptInsecureCerts: false, acceptSslCerts: false, applicationCacheEnabled: false, browserConnectionEnabled: false, browserName: chrome, chrome: {chromedriverVersion: 2.41.578737 (49da6702b16031..., userDataDir: C:\Users\nastel5\AppData\Lo...}, cssSelectorsEnabled: true, databaseEnabled: false, goog:chromeOptions: {debuggerAddress: localhost:59737}, handlesAlerts: true, hasTouchScreen: false, javascriptEnabled: true, locationContextEnabled: true, mobileEmulationEnabled: false, nativeEvents: true, networkConnectionEnabled: false, pageLoadStrategy: normal, platform: XP, platformName: XP, rotatable: false, setWindowRect: true, takesHeapSnapshot: true, takesScreenshot: true, unexpectedAlertBehaviour: , unhandledPromptBehavior: , version: 79.0.3945.130, webStorageEnabled: true}
Session ID: a3273a398e022892a1c0f489401f1fd2
*** Element info: {Using=tag name, value=a}]]>
            </message>
            <full-stacktrace>
              <![CDATA[org.openqa.selenium.NoSuchElementException: no such element: Unable to locate element: {"method":"tag name","selector":"a"}
  (Session info: chrome=79.0.3945.130)
  (Driver info: chromedriver=2.41.578737 (49da6702b16031c40d63e5618de03a32ff6c197e),platform=Windows NT 10.0.18362 x86_64) (WARNING: The server did not provide any stacktrace information)
Command duration or timeout: 0 milliseconds
For documentation on this error, please visit: http://seleniumhq.org/exceptions/no_such_element.html
Build info: version: '3.14.0', revision: 'aacccce0', time: '2018-08-02T20:13:22.693Z'
System info: host: 'DESKTOP-E1JT2VR', ip: '192.168.122.1', os.name: 'Windows 10', os.arch: 'amd64', os.version: '10.0', java.version: '1.8.0_201'
Driver info: org.openqa.selenium.chrome.ChromeDriver
Capabilities {acceptInsecureCerts: false, acceptSslCerts: false, applicationCacheEnabled: false, browserConnectionEnabled: false, browserName: chrome, chrome: {chromedriverVersion: 2.41.578737 (49da6702b16031..., userDataDir: C:\Users\nastel5\AppData\Lo...}, cssSelectorsEnabled: true, databaseEnabled: false, goog:chromeOptions: {debuggerAddress: localhost:59737}, handlesAlerts: true, hasTouchScreen: false, javascriptEnabled: true, locationContextEnabled: true, mobileEmulationEnabled: false, nativeEvents: true, networkConnectionEnabled: false, pageLoadStrategy: normal, platform: XP, platformName: XP, rotatable: false, setWindowRect: true, takesHeapSnapshot: true, takesScreenshot: true, unexpectedAlertBehaviour: , unhandledPromptBehavior: , version: 79.0.3945.130, webStorageEnabled: true}
Session ID: a3273a398e022892a1c0f489401f1fd2
*** Element info: {Using=tag name, value=a}
at sun.reflect.NativeConstructorAccessorImpl.newInstance0(Native Method)
at sun.reflect.NativeConstructorAccessorImpl.newInstance(NativeConstructorAccessorImpl.java:62)
at sun.reflect.DelegatingConstructorAccessorImpl.newInstance(DelegatingConstructorAccessorImpl.java:45)
at java.lang.reflect.Constructor.newInstance(Constructor.java:423)
at org.openqa.selenium.remote.ErrorHandler.createThrowable(ErrorHandler.java:214)
at org.openqa.selenium.remote.ErrorHandler.throwIfResponseFailed(ErrorHandler.java:166)
at org.openqa.selenium.remote.http.JsonHttpResponseCodec.reconstructValue(JsonHttpResponseCodec.java:40)
at org.openqa.selenium.remote.http.AbstractHttpResponseCodec.decode(AbstractHttpResponseCodec.java:80)
at org.openqa.selenium.remote.http.AbstractHttpResponseCodec.decode(AbstractHttpResponseCodec.java:44)
at org.openqa.selenium.remote.HttpCommandExecutor.execute(HttpCommandExecutor.java:158)
at org.openqa.selenium.remote.service.DriverCommandExecutor.execute(DriverCommandExecutor.java:83)
at org.openqa.selenium.remote.RemoteWebDriver.execute(RemoteWebDriver.java:548)
at org.openqa.selenium.remote.RemoteWebElement.execute(RemoteWebElement.java:276)
at org.openqa.selenium.remote.RemoteWebElement.findElement(RemoteWebElement.java:179)
at org.openqa.selenium.remote.RemoteWebElement.findElementByTagName(RemoteWebElement.java:268)
at org.openqa.selenium.By$ByTagName.findElement(By.java:320)
at org.openqa.selenium.remote.RemoteWebElement.findElement(RemoteWebElement.java:175)
at ApodGUI.QueueProperties.PutMessageInInhibitedQueue(QueueProperties.java:179)
at sun.reflect.NativeMethodAccessorImpl.invoke0(Native Method)
at sun.reflect.NativeMethodAccessorImpl.invoke(NativeMethodAccessorImpl.java:62)
at sun.reflect.DelegatingMethodAccessorImpl.invoke(DelegatingMethodAccessorImpl.java:43)
at java.lang.reflect.Method.invoke(Method.java:498)
at org.testng.internal.MethodInvocationHelper.invokeMethod(MethodInvocationHelper.java:124)
at org.testng.internal.Invoker.invokeMethod(Invoker.java:580)
at org.testng.internal.Invoker.invokeTestMethod(Invoker.java:716)
at org.testng.internal.Invoker.invokeTestMethods(Invoker.java:988)
at org.testng.internal.TestMethodWorker.invokeTestMethods(TestMethodWorker.java:125)
at org.testng.internal.TestMethodWorker.run(TestMethodWorker.java:109)
at org.testng.TestRunner.privateRun(TestRunner.java:648)
at org.testng.TestRunner.run(TestRunner.java:505)
at org.testng.SuiteRunner.runTest(SuiteRunner.java:455)
at org.testng.SuiteRunner.runSequentially(SuiteRunner.java:450)
at org.testng.SuiteRunner.privateRun(SuiteRunner.java:415)
at org.testng.SuiteRunner.run(SuiteRunner.java:364)
at org.testng.SuiteRunnerWorker.runSuite(SuiteRunnerWorker.java:52)
at org.testng.SuiteRunnerWorker.run(SuiteRunnerWorker.java:84)
at org.testng.TestNG.runSuitesSequentially(TestNG.java:1208)
at org.testng.TestNG.runSuitesLocally(TestNG.java:1137)
at org.testng.TestNG.runSuites(TestNG.java:1049)
at org.testng.TestNG.run(TestNG.java:1017)
at org.testng.remote.AbstractRemoteTestNG.run(AbstractRemoteTestNG.java:114)
at org.testng.remote.RemoteTestNG.initAndRun(RemoteTestNG.java:251)
at org.testng.remote.RemoteTestNG.main(RemoteTestNG.java:77)
]]>
            </full-stacktrace>
          </exception> <!-- org.openqa.selenium.NoSuchElementException -->
          <reporter-output>
            <line>
              <![CDATA[<br/>Failed to execute method: PutMessageInInhibitedQueue<br/>]]>
            </line>
            <line>
              <![CDATA[<br/>]]>
            </line>
            <line>
              <![CDATA[<img src=" C:\Users\Nagaraju.kagitala\git\TestNav\Nav/Screenshots/ScreenshotsFailure/PutMessageInInhibitedQueue.png" alt="""/" />]]>
            </line>
          </reporter-output>
        </test-method> <!-- PutMessageInInhibitedQueue -->
        <test-method status="PASS" signature="tearDown(org.testng.ITestResult)[pri:0, instance:ApodGUI.QueueProperties@528931cf]" name="tearDown" is-config="true" duration-ms="360" started-at="2020-02-06T11:36:12Z" finished-at="2020-02-06T11:36:12Z">
          <params>
            <param index="0">
              <value>
                <![CDATA[[TestResult name=PutMessageInInhibitedQueue status=FAILURE method=QueueProperties.PutMessageInInhibitedQueue(java.lang.String)[pri:1, instance:ApodGUI.QueueProperties@528931cf] output=<br/>Failed to execute method: PutMessageInInhibitedQueue<br/>]]]>
              </value>
            </param>
          </params>
          <reporter-output>
            <line>
              <![CDATA[Screenshots/ScreenshotsFailure/PutMessageInInhibitedQueue.png]]>
            </line>
          </reporter-output>
        </test-method> <!-- tearDown -->
        <test-method status="PASS" signature="Logout()[pri:25, instance:ApodGUI.QueueProperties@528931cf]" name="Logout" duration-ms="2477" started-at="2020-02-06T11:36:12Z" finished-at="2020-02-06T11:36:14Z">
          <reporter-output>
          </reporter-output>
        </test-method> <!-- Logout -->
        <test-method status="PASS" signature="tearDown(org.testng.ITestResult)[pri:0, instance:ApodGUI.QueueProperties@528931cf]" name="tearDown" is-config="true" duration-ms="1" started-at="2020-02-06T11:36:14Z" finished-at="2020-02-06T11:36:14Z">
          <params>
            <param index="0">
              <value>
                <![CDATA[[TestResult name=Logout status=SUCCESS method=QueueProperties.Logout()[pri:25, instance:ApodGUI.QueueProperties@528931cf] output={null}]]]>
              </value>
            </param>
          </params>
          <reporter-output>
          </reporter-output>
        </test-method> <!-- tearDown -->
      </class> <!-- ApodGUI.QueueProperties -->
    </test> <!-- Test Queue Viewlet -->
  </suite> <!-- Navigator -->
</testng-results>
