<?xml version="1.0" encoding="UTF-8"?>
<testng-results skipped="2" failed="1" ignored="2" total="15" passed="10">
  <reporter-output>
    <line>
      <![CDATA[<br/>]]>
    </line>
    <line>
      <![CDATA[<img src=" C:\Users\Nagaraju.kagitala\git\TestNav\Nav/Screenshots/ScreenshotsSuccess/Login.png" alt="""/" />]]>
    </line>
    <line>
      <![CDATA[Workgroup server is added successfylly]]>
    </line>
    <line>
      <![CDATA[<br/>]]>
    </line>
    <line>
      <![CDATA[<img src=" C:\Users\Nagaraju.kagitala\git\TestNav\Nav/Screenshots/ScreenshotsSuccess/AddWorkgroupFromPlusIcon.png" alt="""/" />]]>
    </line>
    <line>
      <![CDATA[<br/>]]>
    </line>
    <line>
      <![CDATA[<img src=" C:\Users\Nagaraju.kagitala\git\TestNav\Nav/Screenshots/ScreenshotsSuccess/EditWorkgroup.png" alt="""/" />]]>
    </line>
    <line>
      <![CDATA[<br/>]]>
    </line>
    <line>
      <![CDATA[<img src=" C:\Users\Nagaraju.kagitala\git\TestNav\Nav/Screenshots/ScreenshotsSuccess/DeleteWorkgroup.png" alt="""/" />]]>
    </line>
    <line>
      <![CDATA[<br/>]]>
    </line>
    <line>
      <![CDATA[<img src=" C:\Users\Nagaraju.kagitala\git\TestNav\Nav/Screenshots/ScreenshotsSuccess/AddNode.png" alt="""/" />]]>
    </line>
    <line>
      <![CDATA[Screenshots/ScreenshotsFailure/AddRemoteQueueManager.png]]>
    </line>
    <line>
      <![CDATA[<br/>Failed to execute method: AddRemoteQueueManager<br/>]]>
    </line>
    <line>
      <![CDATA[<br/>]]>
    </line>
    <line>
      <![CDATA[<img src=" C:\Users\Nagaraju.kagitala\git\TestNav\Nav/Screenshots/ScreenshotsFailure/AddRemoteQueueManager.png" alt="""/" />]]>
    </line>
    <line>
      <![CDATA[<br/>]]>
    </line>
    <line>
      <![CDATA[<img src=" C:\Users\Nagaraju.kagitala\git\TestNav\Nav/Screenshots/ScreenshotsSuccess/AddRemoteEMSManager.png" alt="""/" />]]>
    </line>
    <line>
      <![CDATA[<br/>]]>
    </line>
    <line>
      <![CDATA[<img src=" C:\Users\Nagaraju.kagitala\git\TestNav\Nav/Screenshots/ScreenshotsSuccess/ModifyRemoteEMSServer.png" alt="""/" />]]>
    </line>
    <line>
      <![CDATA[<br/>]]>
    </line>
    <line>
      <![CDATA[<img src=" C:\Users\Nagaraju.kagitala\git\TestNav\Nav/Screenshots/ScreenshotsSuccess/DeleteRemoteEMSServer.png" alt="""/" />]]>
    </line>
    <line>
      <![CDATA[Workgroup server is added successfylly]]>
    </line>
    <line>
      <![CDATA[<br/>]]>
    </line>
    <line>
      <![CDATA[<img src=" C:\Users\Nagaraju.kagitala\git\TestNav\Nav/Screenshots/ScreenshotsSuccess/SearchFilter.png" alt="""/" />]]>
    </line>
  </reporter-output>
  <suite name="Navigator" duration-ms="296092" started-at="2019-09-16T05:45:19Z" finished-at="2019-09-16T05:50:15Z">
    <groups>
    </groups>
    <test name="WorkGroup server Viewlet" duration-ms="296092" started-at="2019-09-16T05:45:19Z" finished-at="2019-09-16T05:50:15Z">
      <class name="ApodGUI.WorkgroupServer">
        <test-method status="PASS" signature="beforeTest()[pri:0, instance:ApodGUI.WorkgroupServer@33c7e1bb]" name="beforeTest" is-config="true" duration-ms="13" started-at="2019-09-16T05:45:19Z" finished-at="2019-09-16T05:45:19Z">
          <reporter-output>
          </reporter-output>
        </test-method> <!-- beforeTest -->
        <test-method status="PASS" signature="Login(java.lang.String, java.lang.String, java.lang.String, org.testng.ITestContext)[pri:0, instance:ApodGUI.WorkgroupServer@33c7e1bb]" name="Login" duration-ms="34372" started-at="2019-09-16T05:45:19Z" finished-at="2019-09-16T05:45:54Z">
          <params>
            <param index="0">
              <value>
                <![CDATA[webdriver.chrome.driver]]>
              </value>
            </param>
            <param index="1">
              <value>
                <![CDATA[Drivers/chromedriver.exe]]>
              </value>
            </param>
            <param index="2">
              <value>
                <![CDATA[WGS10]]>
              </value>
            </param>
            <param index="3">
              <value>
                <![CDATA[org.testng.TestRunner@5fdba6f9]]>
              </value>
            </param>
          </params>
          <reporter-output>
            <line>
              <![CDATA[<br/>]]>
            </line>
            <line>
              <![CDATA[<img src=" C:\Users\Nagaraju.kagitala\git\TestNav\Nav/Screenshots/ScreenshotsSuccess/Login.png" alt="""/" />]]>
            </line>
          </reporter-output>
        </test-method> <!-- Login -->
        <test-method status="PASS" signature="tearDown(org.testng.ITestResult)[pri:0, instance:ApodGUI.WorkgroupServer@33c7e1bb]" name="tearDown" is-config="true" duration-ms="436" started-at="2019-09-16T05:45:54Z" finished-at="2019-09-16T05:45:54Z">
          <params>
            <param index="0">
              <value>
                <![CDATA[[TestResult name=Login status=SUCCESS method=WorkgroupServer.Login(java.lang.String, java.lang.String, java.lang.String, org.testng.ITestContext)[pri:0, instance:ApodGUI.WorkgroupServer@33c7e1bb] output=<br/>]]]>
              </value>
            </param>
          </params>
          <reporter-output>
          </reporter-output>
        </test-method> <!-- tearDown -->
        <test-method status="PASS" signature="AddWorkgroupFromPlusIcon(org.testng.ITestContext)[pri:1, instance:ApodGUI.WorkgroupServer@33c7e1bb]" name="AddWorkgroupFromPlusIcon" duration-ms="12924" started-at="2019-09-16T05:45:54Z" finished-at="2019-09-16T05:46:07Z">
          <params>
            <param index="0">
              <value>
                <![CDATA[org.testng.TestRunner@5fdba6f9]]>
              </value>
            </param>
          </params>
          <reporter-output>
            <line>
              <![CDATA[Workgroup server is added successfylly]]>
            </line>
            <line>
              <![CDATA[<br/>]]>
            </line>
            <line>
              <![CDATA[<img src=" C:\Users\Nagaraju.kagitala\git\TestNav\Nav/Screenshots/ScreenshotsSuccess/AddWorkgroupFromPlusIcon.png" alt="""/" />]]>
            </line>
          </reporter-output>
        </test-method> <!-- AddWorkgroupFromPlusIcon -->
        <test-method status="PASS" signature="tearDown(org.testng.ITestResult)[pri:0, instance:ApodGUI.WorkgroupServer@33c7e1bb]" name="tearDown" is-config="true" duration-ms="7415" started-at="2019-09-16T05:46:14Z" finished-at="2019-09-16T05:46:21Z">
          <params>
            <param index="0">
              <value>
                <![CDATA[[TestResult name=AddWorkgroupFromPlusIcon status=SUCCESS method=WorkgroupServer.AddWorkgroupFromPlusIcon(org.testng.ITestContext)[pri:1, instance:ApodGUI.WorkgroupServer@33c7e1bb] output=Workgroup server is added successfylly]]]>
              </value>
            </param>
          </params>
          <reporter-output>
          </reporter-output>
        </test-method> <!-- tearDown -->
        <test-method status="PASS" signature="EditWorkgroup(java.lang.String, org.testng.ITestContext)[pri:2, instance:ApodGUI.WorkgroupServer@33c7e1bb]" name="EditWorkgroup" duration-ms="15860" started-at="2019-09-16T05:46:21Z" finished-at="2019-09-16T05:46:37Z">
          <params>
            <param index="0">
              <value>
                <![CDATA[localhost]]>
              </value>
            </param>
            <param index="1">
              <value>
                <![CDATA[org.testng.TestRunner@5fdba6f9]]>
              </value>
            </param>
          </params>
          <reporter-output>
            <line>
              <![CDATA[<br/>]]>
            </line>
            <line>
              <![CDATA[<img src=" C:\Users\Nagaraju.kagitala\git\TestNav\Nav/Screenshots/ScreenshotsSuccess/EditWorkgroup.png" alt="""/" />]]>
            </line>
          </reporter-output>
        </test-method> <!-- EditWorkgroup -->
        <test-method status="PASS" signature="tearDown(org.testng.ITestResult)[pri:0, instance:ApodGUI.WorkgroupServer@33c7e1bb]" name="tearDown" is-config="true" duration-ms="7190" started-at="2019-09-16T05:46:44Z" finished-at="2019-09-16T05:46:51Z">
          <params>
            <param index="0">
              <value>
                <![CDATA[[TestResult name=EditWorkgroup status=SUCCESS method=WorkgroupServer.EditWorkgroup(java.lang.String, org.testng.ITestContext)[pri:2, instance:ApodGUI.WorkgroupServer@33c7e1bb] output=<br/>]]]>
              </value>
            </param>
          </params>
          <reporter-output>
          </reporter-output>
        </test-method> <!-- tearDown -->
        <test-method status="PASS" signature="DeleteWorkgroup(java.lang.String, org.testng.ITestContext)[pri:4, instance:ApodGUI.WorkgroupServer@33c7e1bb]" name="DeleteWorkgroup" duration-ms="10615" started-at="2019-09-16T05:46:51Z" finished-at="2019-09-16T05:47:02Z">
          <params>
            <param index="0">
              <value>
                <![CDATA[WGS10]]>
              </value>
            </param>
            <param index="1">
              <value>
                <![CDATA[org.testng.TestRunner@5fdba6f9]]>
              </value>
            </param>
          </params>
          <reporter-output>
            <line>
              <![CDATA[<br/>]]>
            </line>
            <line>
              <![CDATA[<img src=" C:\Users\Nagaraju.kagitala\git\TestNav\Nav/Screenshots/ScreenshotsSuccess/DeleteWorkgroup.png" alt="""/" />]]>
            </line>
          </reporter-output>
        </test-method> <!-- DeleteWorkgroup -->
        <test-method status="PASS" signature="tearDown(org.testng.ITestResult)[pri:0, instance:ApodGUI.WorkgroupServer@33c7e1bb]" name="tearDown" is-config="true" duration-ms="8945" started-at="2019-09-16T05:47:08Z" finished-at="2019-09-16T05:47:17Z">
          <params>
            <param index="0">
              <value>
                <![CDATA[[TestResult name=DeleteWorkgroup status=SUCCESS method=WorkgroupServer.DeleteWorkgroup(java.lang.String, org.testng.ITestContext)[pri:4, instance:ApodGUI.WorkgroupServer@33c7e1bb] output=<br/>]]]>
              </value>
            </param>
          </params>
          <reporter-output>
          </reporter-output>
        </test-method> <!-- tearDown -->
        <test-method status="PASS" signature="AddNode(org.testng.ITestContext)[pri:4, instance:ApodGUI.WorkgroupServer@33c7e1bb]" name="AddNode" duration-ms="16665" started-at="2019-09-16T05:47:17Z" finished-at="2019-09-16T05:47:33Z">
          <params>
            <param index="0">
              <value>
                <![CDATA[org.testng.TestRunner@5fdba6f9]]>
              </value>
            </param>
          </params>
          <reporter-output>
            <line>
              <![CDATA[<br/>]]>
            </line>
            <line>
              <![CDATA[<img src=" C:\Users\Nagaraju.kagitala\git\TestNav\Nav/Screenshots/ScreenshotsSuccess/AddNode.png" alt="""/" />]]>
            </line>
          </reporter-output>
        </test-method> <!-- AddNode -->
        <test-method status="PASS" signature="tearDown(org.testng.ITestResult)[pri:0, instance:ApodGUI.WorkgroupServer@33c7e1bb]" name="tearDown" is-config="true" duration-ms="8231" started-at="2019-09-16T05:47:39Z" finished-at="2019-09-16T05:47:48Z">
          <params>
            <param index="0">
              <value>
                <![CDATA[[TestResult name=AddNode status=SUCCESS method=WorkgroupServer.AddNode(org.testng.ITestContext)[pri:4, instance:ApodGUI.WorkgroupServer@33c7e1bb] output=<br/>]]]>
              </value>
            </param>
          </params>
          <reporter-output>
          </reporter-output>
        </test-method> <!-- tearDown -->
        <test-method status="FAIL" signature="AddRemoteQueueManager(java.lang.String, java.lang.String, java.lang.String, java.lang.String, java.lang.String, org.testng.ITestContext)[pri:5, instance:ApodGUI.WorkgroupServer@33c7e1bb]" name="AddRemoteQueueManager" duration-ms="12465" started-at="2019-09-16T05:47:48Z" finished-at="2019-09-16T05:48:00Z">
          <params>
            <param index="0">
              <value>
                <![CDATA[REMOTE_QMGRS]]>
              </value>
            </param>
            <param index="1">
              <value>
                <![CDATA[QMGR_NAME_DELETE]]>
              </value>
            </param>
            <param index="2">
              <value>
                <![CDATA[localhost]]>
              </value>
            </param>
            <param index="3">
              <value>
                <![CDATA[SYSTEM.ADMIN.COMMAND.QUEUE]]>
              </value>
            </param>
            <param index="4">
              <value>
                <![CDATA[SYSTEM.DEF.SVRCONN]]>
              </value>
            </param>
            <param index="5">
              <value>
                <![CDATA[org.testng.TestRunner@5fdba6f9]]>
              </value>
            </param>
          </params>
          <exception class="org.openqa.selenium.WebDriverException">
            <message>
              <![CDATA[unknown error: Element <button _ngcontent-c35="" class="btn btn-danger" type="button">...</button> is not clickable at point (1034, 760). Other element would receive the click: <ngb-modal-window role="dialog" tabindex="-1" class="modal fade show d-block">...</ngb-modal-window>
  (Session info: chrome=76.0.3809.132)
  (Driver info: chromedriver=2.41.578737 (49da6702b16031c40d63e5618de03a32ff6c197e),platform=Windows NT 10.0.18362 x86_64) (WARNING: The server did not provide any stacktrace information)
Command duration or timeout: 0 milliseconds
Build info: version: '3.14.0', revision: 'aacccce0', time: '2018-08-02T20:13:22.693Z'
System info: host: 'DESKTOP-E1JT2VR', ip: '192.168.85.1', os.name: 'Windows 10', os.arch: 'amd64', os.version: '10.0', java.version: '1.8.0_201'
Driver info: org.openqa.selenium.chrome.ChromeDriver
Capabilities {acceptInsecureCerts: false, acceptSslCerts: false, applicationCacheEnabled: false, browserConnectionEnabled: false, browserName: chrome, chrome: {chromedriverVersion: 2.41.578737 (49da6702b16031..., userDataDir: C:\Users\NAGARA~1.KAG\AppDa...}, cssSelectorsEnabled: true, databaseEnabled: false, goog:chromeOptions: {debuggerAddress: localhost:55254}, handlesAlerts: true, hasTouchScreen: false, javascriptEnabled: true, locationContextEnabled: true, mobileEmulationEnabled: false, nativeEvents: true, networkConnectionEnabled: false, pageLoadStrategy: normal, platform: XP, platformName: XP, rotatable: false, setWindowRect: true, takesHeapSnapshot: true, takesScreenshot: true, unexpectedAlertBehaviour: , unhandledPromptBehavior: , version: 76.0.3809.132, webStorageEnabled: true}
Session ID: 7ec814b7baacf3186365a1e97a0cec69]]>
            </message>
            <full-stacktrace>
              <![CDATA[org.openqa.selenium.WebDriverException: unknown error: Element <button _ngcontent-c35="" class="btn btn-danger" type="button">...</button> is not clickable at point (1034, 760). Other element would receive the click: <ngb-modal-window role="dialog" tabindex="-1" class="modal fade show d-block">...</ngb-modal-window>
  (Session info: chrome=76.0.3809.132)
  (Driver info: chromedriver=2.41.578737 (49da6702b16031c40d63e5618de03a32ff6c197e),platform=Windows NT 10.0.18362 x86_64) (WARNING: The server did not provide any stacktrace information)
Command duration or timeout: 0 milliseconds
Build info: version: '3.14.0', revision: 'aacccce0', time: '2018-08-02T20:13:22.693Z'
System info: host: 'DESKTOP-E1JT2VR', ip: '192.168.85.1', os.name: 'Windows 10', os.arch: 'amd64', os.version: '10.0', java.version: '1.8.0_201'
Driver info: org.openqa.selenium.chrome.ChromeDriver
Capabilities {acceptInsecureCerts: false, acceptSslCerts: false, applicationCacheEnabled: false, browserConnectionEnabled: false, browserName: chrome, chrome: {chromedriverVersion: 2.41.578737 (49da6702b16031..., userDataDir: C:\Users\NAGARA~1.KAG\AppDa...}, cssSelectorsEnabled: true, databaseEnabled: false, goog:chromeOptions: {debuggerAddress: localhost:55254}, handlesAlerts: true, hasTouchScreen: false, javascriptEnabled: true, locationContextEnabled: true, mobileEmulationEnabled: false, nativeEvents: true, networkConnectionEnabled: false, pageLoadStrategy: normal, platform: XP, platformName: XP, rotatable: false, setWindowRect: true, takesHeapSnapshot: true, takesScreenshot: true, unexpectedAlertBehaviour: , unhandledPromptBehavior: , version: 76.0.3809.132, webStorageEnabled: true}
Session ID: 7ec814b7baacf3186365a1e97a0cec69
at sun.reflect.NativeConstructorAccessorImpl.newInstance0(Native Method)
at sun.reflect.NativeConstructorAccessorImpl.newInstance(NativeConstructorAccessorImpl.java:62)
at sun.reflect.DelegatingConstructorAccessorImpl.newInstance(DelegatingConstructorAccessorImpl.java:45)
at java.lang.reflect.Constructor.newInstance(Constructor.java:423)
at org.openqa.selenium.remote.ErrorHandler.createThrowable(ErrorHandler.java:214)
at org.openqa.selenium.remote.ErrorHandler.throwIfResponseFailed(ErrorHandler.java:166)
at org.openqa.selenium.remote.http.JsonHttpResponseCodec.reconstructValue(JsonHttpResponseCodec.java:40)
at org.openqa.selenium.remote.http.AbstractHttpResponseCodec.decode(AbstractHttpResponseCodec.java:80)
at org.openqa.selenium.remote.http.AbstractHttpResponseCodec.decode(AbstractHttpResponseCodec.java:44)
at org.openqa.selenium.remote.HttpCommandExecutor.execute(HttpCommandExecutor.java:158)
at org.openqa.selenium.remote.service.DriverCommandExecutor.execute(DriverCommandExecutor.java:83)
at org.openqa.selenium.remote.RemoteWebDriver.execute(RemoteWebDriver.java:548)
at org.openqa.selenium.remote.RemoteWebElement.execute(RemoteWebElement.java:276)
at org.openqa.selenium.remote.RemoteWebElement.click(RemoteWebElement.java:83)
at ApodGUI.WorkgroupServer.AddRemoteQueueManager(WorkgroupServer.java:453)
at sun.reflect.NativeMethodAccessorImpl.invoke0(Native Method)
at sun.reflect.NativeMethodAccessorImpl.invoke(NativeMethodAccessorImpl.java:62)
at sun.reflect.DelegatingMethodAccessorImpl.invoke(DelegatingMethodAccessorImpl.java:43)
at java.lang.reflect.Method.invoke(Method.java:498)
at org.testng.internal.MethodInvocationHelper.invokeMethod(MethodInvocationHelper.java:124)
at org.testng.internal.Invoker.invokeMethod(Invoker.java:580)
at org.testng.internal.Invoker.invokeTestMethod(Invoker.java:716)
at org.testng.internal.Invoker.invokeTestMethods(Invoker.java:988)
at org.testng.internal.TestMethodWorker.invokeTestMethods(TestMethodWorker.java:125)
at org.testng.internal.TestMethodWorker.run(TestMethodWorker.java:109)
at org.testng.TestRunner.privateRun(TestRunner.java:648)
at org.testng.TestRunner.run(TestRunner.java:505)
at org.testng.SuiteRunner.runTest(SuiteRunner.java:455)
at org.testng.SuiteRunner.runSequentially(SuiteRunner.java:450)
at org.testng.SuiteRunner.privateRun(SuiteRunner.java:415)
at org.testng.SuiteRunner.run(SuiteRunner.java:364)
at org.testng.SuiteRunnerWorker.runSuite(SuiteRunnerWorker.java:52)
at org.testng.SuiteRunnerWorker.run(SuiteRunnerWorker.java:84)
at org.testng.TestNG.runSuitesSequentially(TestNG.java:1208)
at org.testng.TestNG.runSuitesLocally(TestNG.java:1137)
at org.testng.TestNG.runSuites(TestNG.java:1049)
at org.testng.TestNG.run(TestNG.java:1017)
at org.testng.remote.AbstractRemoteTestNG.run(AbstractRemoteTestNG.java:114)
at org.testng.remote.RemoteTestNG.initAndRun(RemoteTestNG.java:251)
at org.testng.remote.RemoteTestNG.main(RemoteTestNG.java:77)
]]>
            </full-stacktrace>
          </exception> <!-- org.openqa.selenium.WebDriverException -->
          <reporter-output>
            <line>
              <![CDATA[<br/>Failed to execute method: AddRemoteQueueManager<br/>]]>
            </line>
            <line>
              <![CDATA[<br/>]]>
            </line>
            <line>
              <![CDATA[<img src=" C:\Users\Nagaraju.kagitala\git\TestNav\Nav/Screenshots/ScreenshotsFailure/AddRemoteQueueManager.png" alt="""/" />]]>
            </line>
          </reporter-output>
        </test-method> <!-- AddRemoteQueueManager -->
        <test-method status="PASS" signature="tearDown(org.testng.ITestResult)[pri:0, instance:ApodGUI.WorkgroupServer@33c7e1bb]" name="tearDown" is-config="true" duration-ms="7355" started-at="2019-09-16T05:48:06Z" finished-at="2019-09-16T05:48:13Z">
          <params>
            <param index="0">
              <value>
                <![CDATA[[TestResult name=AddRemoteQueueManager status=FAILURE method=WorkgroupServer.AddRemoteQueueManager(java.lang.String, java.lang.String, java.lang.String, java.lang.String, java.lang.String, org.testng.ITestContext)[pri:5, instance:ApodGUI.WorkgroupServer@33c7e1bb] output=<br/>Failed to execute method: AddRemoteQueueManager<br/>]]]>
              </value>
            </param>
          </params>
          <reporter-output>
            <line>
              <![CDATA[Screenshots/ScreenshotsFailure/AddRemoteQueueManager.png]]>
            </line>
          </reporter-output>
        </test-method> <!-- tearDown -->
        <test-method status="SKIP" signature="ModifyRemoteQueueManager(java.lang.String, org.testng.ITestContext)[pri:6, instance:ApodGUI.WorkgroupServer@33c7e1bb]" name="ModifyRemoteQueueManager" duration-ms="0" started-at="2019-09-16T05:48:13Z" depends-on-methods="ApodGUI.WorkgroupServer.AddRemoteQueueManager" finished-at="2019-09-16T05:48:13Z">
          <exception class="java.lang.Throwable">
            <message>
              <![CDATA[Method WorkgroupServer.ModifyRemoteQueueManager(java.lang.String, org.testng.ITestContext)[pri:6, instance:ApodGUI.WorkgroupServer@33c7e1bb] depends on not successfully finished methods]]>
            </message>
            <full-stacktrace>
              <![CDATA[java.lang.Throwable: Method WorkgroupServer.ModifyRemoteQueueManager(java.lang.String, org.testng.ITestContext)[pri:6, instance:ApodGUI.WorkgroupServer@33c7e1bb] depends on not successfully finished methods
at org.testng.internal.Invoker.invokeTestMethods(Invoker.java:887)
at org.testng.internal.TestMethodWorker.invokeTestMethods(TestMethodWorker.java:125)
at org.testng.internal.TestMethodWorker.run(TestMethodWorker.java:109)
at org.testng.TestRunner.privateRun(TestRunner.java:648)
at org.testng.TestRunner.run(TestRunner.java:505)
at org.testng.SuiteRunner.runTest(SuiteRunner.java:455)
at org.testng.SuiteRunner.runSequentially(SuiteRunner.java:450)
at org.testng.SuiteRunner.privateRun(SuiteRunner.java:415)
at org.testng.SuiteRunner.run(SuiteRunner.java:364)
at org.testng.SuiteRunnerWorker.runSuite(SuiteRunnerWorker.java:52)
at org.testng.SuiteRunnerWorker.run(SuiteRunnerWorker.java:84)
at org.testng.TestNG.runSuitesSequentially(TestNG.java:1208)
at org.testng.TestNG.runSuitesLocally(TestNG.java:1137)
at org.testng.TestNG.runSuites(TestNG.java:1049)
at org.testng.TestNG.run(TestNG.java:1017)
at org.testng.remote.AbstractRemoteTestNG.run(AbstractRemoteTestNG.java:114)
at org.testng.remote.RemoteTestNG.initAndRun(RemoteTestNG.java:251)
at org.testng.remote.RemoteTestNG.main(RemoteTestNG.java:77)
]]>
            </full-stacktrace>
          </exception> <!-- java.lang.Throwable -->
          <reporter-output>
          </reporter-output>
        </test-method> <!-- ModifyRemoteQueueManager -->
        <test-method status="SKIP" signature="DeleteRemoteQueueManager(java.lang.String, org.testng.ITestContext)[pri:7, instance:ApodGUI.WorkgroupServer@33c7e1bb]" name="DeleteRemoteQueueManager" duration-ms="0" started-at="2019-09-16T05:48:13Z" depends-on-methods="ApodGUI.WorkgroupServer.ModifyRemoteQueueManager, ApodGUI.WorkgroupServer.AddRemoteQueueManager" finished-at="2019-09-16T05:48:13Z">
          <exception class="java.lang.Throwable">
            <message>
              <![CDATA[Method WorkgroupServer.DeleteRemoteQueueManager(java.lang.String, org.testng.ITestContext)[pri:7, instance:ApodGUI.WorkgroupServer@33c7e1bb] depends on not successfully finished methods]]>
            </message>
            <full-stacktrace>
              <![CDATA[java.lang.Throwable: Method WorkgroupServer.DeleteRemoteQueueManager(java.lang.String, org.testng.ITestContext)[pri:7, instance:ApodGUI.WorkgroupServer@33c7e1bb] depends on not successfully finished methods
at org.testng.internal.Invoker.invokeTestMethods(Invoker.java:887)
at org.testng.internal.TestMethodWorker.invokeTestMethods(TestMethodWorker.java:125)
at org.testng.internal.TestMethodWorker.run(TestMethodWorker.java:109)
at org.testng.TestRunner.privateRun(TestRunner.java:648)
at org.testng.TestRunner.run(TestRunner.java:505)
at org.testng.SuiteRunner.runTest(SuiteRunner.java:455)
at org.testng.SuiteRunner.runSequentially(SuiteRunner.java:450)
at org.testng.SuiteRunner.privateRun(SuiteRunner.java:415)
at org.testng.SuiteRunner.run(SuiteRunner.java:364)
at org.testng.SuiteRunnerWorker.runSuite(SuiteRunnerWorker.java:52)
at org.testng.SuiteRunnerWorker.run(SuiteRunnerWorker.java:84)
at org.testng.TestNG.runSuitesSequentially(TestNG.java:1208)
at org.testng.TestNG.runSuitesLocally(TestNG.java:1137)
at org.testng.TestNG.runSuites(TestNG.java:1049)
at org.testng.TestNG.run(TestNG.java:1017)
at org.testng.remote.AbstractRemoteTestNG.run(AbstractRemoteTestNG.java:114)
at org.testng.remote.RemoteTestNG.initAndRun(RemoteTestNG.java:251)
at org.testng.remote.RemoteTestNG.main(RemoteTestNG.java:77)
]]>
            </full-stacktrace>
          </exception> <!-- java.lang.Throwable -->
          <reporter-output>
          </reporter-output>
        </test-method> <!-- DeleteRemoteQueueManager -->
        <test-method status="PASS" signature="AddRemoteEMSManager(java.lang.String, java.lang.String, java.lang.String, org.testng.ITestContext)[pri:8, instance:ApodGUI.WorkgroupServer@33c7e1bb]" name="AddRemoteEMSManager" duration-ms="14293" started-at="2019-09-16T05:48:13Z" finished-at="2019-09-16T05:48:28Z">
          <params>
            <param index="0">
              <value>
                <![CDATA[EMSAGENT01]]>
              </value>
            </param>
            <param index="1">
              <value>
                <![CDATA[EMS-Server21]]>
              </value>
            </param>
            <param index="2">
              <value>
                <![CDATA[tcp://127.0.0.1:7221]]>
              </value>
            </param>
            <param index="3">
              <value>
                <![CDATA[org.testng.TestRunner@5fdba6f9]]>
              </value>
            </param>
          </params>
          <reporter-output>
            <line>
              <![CDATA[<br/>]]>
            </line>
            <line>
              <![CDATA[<img src=" C:\Users\Nagaraju.kagitala\git\TestNav\Nav/Screenshots/ScreenshotsSuccess/AddRemoteEMSManager.png" alt="""/" />]]>
            </line>
          </reporter-output>
        </test-method> <!-- AddRemoteEMSManager -->
        <test-method status="PASS" signature="tearDown(org.testng.ITestResult)[pri:0, instance:ApodGUI.WorkgroupServer@33c7e1bb]" name="tearDown" is-config="true" duration-ms="7625" started-at="2019-09-16T05:48:34Z" finished-at="2019-09-16T05:48:42Z">
          <params>
            <param index="0">
              <value>
                <![CDATA[[TestResult name=AddRemoteEMSManager status=SUCCESS method=WorkgroupServer.AddRemoteEMSManager(java.lang.String, java.lang.String, java.lang.String, org.testng.ITestContext)[pri:8, instance:ApodGUI.WorkgroupServer@33c7e1bb] output=<br/>]]]>
              </value>
            </param>
          </params>
          <reporter-output>
          </reporter-output>
        </test-method> <!-- tearDown -->
        <test-method status="PASS" signature="ModifyRemoteEMSServer(java.lang.String, org.testng.ITestContext)[pri:9, instance:ApodGUI.WorkgroupServer@33c7e1bb]" name="ModifyRemoteEMSServer" duration-ms="6513" started-at="2019-09-16T05:48:42Z" depends-on-methods="ApodGUI.WorkgroupServer.AddRemoteEMSManager" finished-at="2019-09-16T05:48:48Z">
          <params>
            <param index="0">
              <value>
                <![CDATA[tcp://127.0.0.1:7222]]>
              </value>
            </param>
            <param index="1">
              <value>
                <![CDATA[org.testng.TestRunner@5fdba6f9]]>
              </value>
            </param>
          </params>
          <reporter-output>
            <line>
              <![CDATA[<br/>]]>
            </line>
            <line>
              <![CDATA[<img src=" C:\Users\Nagaraju.kagitala\git\TestNav\Nav/Screenshots/ScreenshotsSuccess/ModifyRemoteEMSServer.png" alt="""/" />]]>
            </line>
          </reporter-output>
        </test-method> <!-- ModifyRemoteEMSServer -->
        <test-method status="PASS" signature="tearDown(org.testng.ITestResult)[pri:0, instance:ApodGUI.WorkgroupServer@33c7e1bb]" name="tearDown" is-config="true" duration-ms="7341" started-at="2019-09-16T05:48:54Z" finished-at="2019-09-16T05:49:02Z">
          <params>
            <param index="0">
              <value>
                <![CDATA[[TestResult name=ModifyRemoteEMSServer status=SUCCESS method=WorkgroupServer.ModifyRemoteEMSServer(java.lang.String, org.testng.ITestContext)[pri:9, instance:ApodGUI.WorkgroupServer@33c7e1bb] output=<br/>]]]>
              </value>
            </param>
          </params>
          <reporter-output>
          </reporter-output>
        </test-method> <!-- tearDown -->
        <test-method status="PASS" signature="DeleteRemoteEMSServer(java.lang.String, org.testng.ITestContext)[pri:10, instance:ApodGUI.WorkgroupServer@33c7e1bb]" name="DeleteRemoteEMSServer" duration-ms="11468" started-at="2019-09-16T05:49:02Z" depends-on-methods="ApodGUI.WorkgroupServer.ModifyRemoteEMSServer, ApodGUI.WorkgroupServer.AddRemoteEMSManager" finished-at="2019-09-16T05:49:13Z">
          <params>
            <param index="0">
              <value>
                <![CDATA[EMS-Server21]]>
              </value>
            </param>
            <param index="1">
              <value>
                <![CDATA[org.testng.TestRunner@5fdba6f9]]>
              </value>
            </param>
          </params>
          <reporter-output>
            <line>
              <![CDATA[<br/>]]>
            </line>
            <line>
              <![CDATA[<img src=" C:\Users\Nagaraju.kagitala\git\TestNav\Nav/Screenshots/ScreenshotsSuccess/DeleteRemoteEMSServer.png" alt="""/" />]]>
            </line>
          </reporter-output>
        </test-method> <!-- DeleteRemoteEMSServer -->
        <test-method status="PASS" signature="tearDown(org.testng.ITestResult)[pri:0, instance:ApodGUI.WorkgroupServer@33c7e1bb]" name="tearDown" is-config="true" duration-ms="7290" started-at="2019-09-16T05:49:19Z" finished-at="2019-09-16T05:49:26Z">
          <params>
            <param index="0">
              <value>
                <![CDATA[[TestResult name=DeleteRemoteEMSServer status=SUCCESS method=WorkgroupServer.DeleteRemoteEMSServer(java.lang.String, org.testng.ITestContext)[pri:10, instance:ApodGUI.WorkgroupServer@33c7e1bb] output=<br/>]]]>
              </value>
            </param>
          </params>
          <reporter-output>
          </reporter-output>
        </test-method> <!-- tearDown -->
        <test-method status="PASS" signature="SearchFilter(org.testng.ITestContext)[pri:12, instance:ApodGUI.WorkgroupServer@33c7e1bb]" name="SearchFilter" duration-ms="23271" started-at="2019-09-16T05:49:26Z" finished-at="2019-09-16T05:49:50Z">
          <params>
            <param index="0">
              <value>
                <![CDATA[org.testng.TestRunner@5fdba6f9]]>
              </value>
            </param>
          </params>
          <reporter-output>
            <line>
              <![CDATA[Workgroup server is added successfylly]]>
            </line>
            <line>
              <![CDATA[<br/>]]>
            </line>
            <line>
              <![CDATA[<img src=" C:\Users\Nagaraju.kagitala\git\TestNav\Nav/Screenshots/ScreenshotsSuccess/SearchFilter.png" alt="""/" />]]>
            </line>
          </reporter-output>
        </test-method> <!-- SearchFilter -->
        <test-method status="PASS" signature="tearDown(org.testng.ITestResult)[pri:0, instance:ApodGUI.WorkgroupServer@33c7e1bb]" name="tearDown" is-config="true" duration-ms="7758" started-at="2019-09-16T05:49:56Z" finished-at="2019-09-16T05:50:04Z">
          <params>
            <param index="0">
              <value>
                <![CDATA[[TestResult name=SearchFilter status=SUCCESS method=WorkgroupServer.SearchFilter(org.testng.ITestContext)[pri:12, instance:ApodGUI.WorkgroupServer@33c7e1bb] output=Workgroup server is added successfylly]]]>
              </value>
            </param>
          </params>
          <reporter-output>
          </reporter-output>
        </test-method> <!-- tearDown -->
        <test-method status="PASS" signature="Logout()[pri:13, instance:ApodGUI.WorkgroupServer@33c7e1bb]" name="Logout" duration-ms="11527" started-at="2019-09-16T05:50:04Z" finished-at="2019-09-16T05:50:15Z">
          <reporter-output>
          </reporter-output>
        </test-method> <!-- Logout -->
        <test-method status="PASS" signature="tearDown(org.testng.ITestResult)[pri:0, instance:ApodGUI.WorkgroupServer@33c7e1bb]" name="tearDown" is-config="true" duration-ms="1" started-at="2019-09-16T05:50:15Z" finished-at="2019-09-16T05:50:15Z">
          <params>
            <param index="0">
              <value>
                <![CDATA[[TestResult name=Logout status=SUCCESS method=WorkgroupServer.Logout()[pri:13, instance:ApodGUI.WorkgroupServer@33c7e1bb] output={null}]]]>
              </value>
            </param>
          </params>
          <reporter-output>
          </reporter-output>
        </test-method> <!-- tearDown -->
      </class> <!-- ApodGUI.WorkgroupServer -->
    </test> <!-- WorkGroup server Viewlet -->
  </suite> <!-- Navigator -->
</testng-results>
