<?xml version="1.0" encoding="UTF-8"?>
<testng-results skipped="0" failed="0" ignored="6" total="9" passed="3">
  <reporter-output>
    <line>
      <![CDATA[<br/>]]>
    </line>
    <line>
      <![CDATA[<img src=" C:\Users\Nagaraju.kagitala\git\TestNav\Nav/Screenshots/ScreenshotsSuccess/Login.png" alt="""/" />]]>
    </line>
    <line>
      <![CDATA[<br/>]]>
    </line>
    <line>
      <![CDATA[<img src=" C:\Users\Nagaraju.kagitala\git\TestNav\Nav/Screenshots/ScreenshotsSuccess/AddTransportViewlet.png" alt="""/" />]]>
    </line>
  </reporter-output>
  <suite name="Navigator" duration-ms="46972" started-at="2019-09-02T12:36:26Z" finished-at="2019-09-02T12:37:13Z">
    <groups>
    </groups>
    <test name="Test Transport Viewlet" duration-ms="46972" started-at="2019-09-02T12:36:26Z" finished-at="2019-09-02T12:37:13Z">
      <class name="ApodGUI.TransportViewlet">
        <test-method status="PASS" signature="beforeTest()[pri:0, instance:ApodGUI.TransportViewlet@2bbf4b8b]" name="beforeTest" is-config="true" duration-ms="21" started-at="2019-09-02T12:36:26Z" finished-at="2019-09-02T12:36:26Z">
          <reporter-output>
          </reporter-output>
        </test-method> <!-- beforeTest -->
        <test-method status="PASS" signature="Login(java.lang.String, java.lang.String, java.lang.String)[pri:0, instance:ApodGUI.TransportViewlet@2bbf4b8b]" name="Login" duration-ms="24832" started-at="2019-09-02T12:36:26Z" finished-at="2019-09-02T12:36:50Z">
          <params>
            <param index="0">
              <value>
                <![CDATA[webdriver.chrome.driver]]>
              </value>
            </param>
            <param index="1">
              <value>
                <![CDATA[Drivers/chromedriver.exe]]>
              </value>
            </param>
            <param index="2">
              <value>
                <![CDATA[TransportViewlet Verification]]>
              </value>
            </param>
          </params>
          <reporter-output>
            <line>
              <![CDATA[<br/>]]>
            </line>
            <line>
              <![CDATA[<img src=" C:\Users\Nagaraju.kagitala\git\TestNav\Nav/Screenshots/ScreenshotsSuccess/Login.png" alt="""/" />]]>
            </line>
          </reporter-output>
        </test-method> <!-- Login -->
        <test-method status="PASS" signature="tearDown(org.testng.ITestResult)[pri:0, instance:ApodGUI.TransportViewlet@2bbf4b8b]" name="tearDown" is-config="true" duration-ms="521" started-at="2019-09-02T12:36:50Z" finished-at="2019-09-02T12:36:51Z">
          <params>
            <param index="0">
              <value>
                <![CDATA[[TestResult name=Login status=SUCCESS method=TransportViewlet.Login(java.lang.String, java.lang.String, java.lang.String)[pri:0, instance:ApodGUI.TransportViewlet@2bbf4b8b] output=<br/>]]]>
              </value>
            </param>
          </params>
          <reporter-output>
          </reporter-output>
        </test-method> <!-- tearDown -->
        <test-method status="PASS" signature="AddTransportViewlet(java.lang.String, org.testng.ITestContext)[pri:1, instance:ApodGUI.TransportViewlet@2bbf4b8b]" name="AddTransportViewlet" duration-ms="4723" started-at="2019-09-02T12:36:51Z" finished-at="2019-09-02T12:36:56Z">
          <params>
            <param index="0">
              <value>
                <![CDATA[New Transport Viewlet]]>
              </value>
            </param>
            <param index="1">
              <value>
                <![CDATA[org.testng.TestRunner@463fd068]]>
              </value>
            </param>
          </params>
          <reporter-output>
            <line>
              <![CDATA[<br/>]]>
            </line>
            <line>
              <![CDATA[<img src=" C:\Users\Nagaraju.kagitala\git\TestNav\Nav/Screenshots/ScreenshotsSuccess/AddTransportViewlet.png" alt="""/" />]]>
            </line>
          </reporter-output>
        </test-method> <!-- AddTransportViewlet -->
        <test-method status="PASS" signature="tearDown(org.testng.ITestResult)[pri:0, instance:ApodGUI.TransportViewlet@2bbf4b8b]" name="tearDown" is-config="true" duration-ms="7603" started-at="2019-09-02T12:37:02Z" finished-at="2019-09-02T12:37:10Z">
          <params>
            <param index="0">
              <value>
                <![CDATA[[TestResult name=AddTransportViewlet status=SUCCESS method=TransportViewlet.AddTransportViewlet(java.lang.String, org.testng.ITestContext)[pri:1, instance:ApodGUI.TransportViewlet@2bbf4b8b] output=<br/>]]]>
              </value>
            </param>
          </params>
          <reporter-output>
          </reporter-output>
        </test-method> <!-- tearDown -->
        <test-method status="PASS" signature="Logout()[pri:10, instance:ApodGUI.TransportViewlet@2bbf4b8b]" name="Logout" duration-ms="2674" started-at="2019-09-02T12:37:10Z" finished-at="2019-09-02T12:37:13Z">
          <reporter-output>
          </reporter-output>
        </test-method> <!-- Logout -->
        <test-method status="PASS" signature="tearDown(org.testng.ITestResult)[pri:0, instance:ApodGUI.TransportViewlet@2bbf4b8b]" name="tearDown" is-config="true" duration-ms="1" started-at="2019-09-02T12:37:13Z" finished-at="2019-09-02T12:37:13Z">
          <params>
            <param index="0">
              <value>
                <![CDATA[[TestResult name=Logout status=SUCCESS method=TransportViewlet.Logout()[pri:10, instance:ApodGUI.TransportViewlet@2bbf4b8b] output={null}]]]>
              </value>
            </param>
          </params>
          <reporter-output>
          </reporter-output>
        </test-method> <!-- tearDown -->
      </class> <!-- ApodGUI.TransportViewlet -->
    </test> <!-- Test Transport Viewlet -->
  </suite> <!-- Navigator -->
</testng-results>
