<?xml version="1.0" encoding="UTF-8"?>
<testng-results skipped="0" failed="0" ignored="0" total="4" passed="4">
  <reporter-output>
    <line>
      <![CDATA[<br/>]]>
    </line>
    <line>
      <![CDATA[<img src=" C:\Users\Nagaraju.kagitala\git\TestNav\Nav/Screenshots/ScreenshotsSuccess/Login.png" alt="""/" />]]>
    </line>
    <line>
      <![CDATA[<br/>]]>
    </line>
    <line>
      <![CDATA[<img src=" C:\Users\Nagaraju.kagitala\git\TestNav\Nav/Screenshots/ScreenshotsSuccess/CreateTemporaryViewletUsingDirectOption.png" alt="""/" />]]>
    </line>
    <line>
      <![CDATA[<br/>]]>
    </line>
    <line>
      <![CDATA[<img src=" C:\Users\Nagaraju.kagitala\git\TestNav\Nav/Screenshots/ScreenshotsSuccess/CreateTemporaryViewletUsingTemporaryViewletCheckbox.png" alt="""/" />]]>
    </line>
  </reporter-output>
  <suite name="Navigator" duration-ms="140399" started-at="2020-01-16T08:11:09Z" finished-at="2020-01-16T08:13:29Z">
    <groups>
    </groups>
    <test name="WorkGroup server Viewlet" duration-ms="140399" started-at="2020-01-16T08:11:09Z" finished-at="2020-01-16T08:13:29Z">
      <class name="ApodGUI.TemporaryViewlet">
        <test-method status="PASS" signature="beforeTest()[pri:0, instance:ApodGUI.TemporaryViewlet@1563da5]" name="beforeTest" is-config="true" duration-ms="13" started-at="2020-01-16T08:11:09Z" finished-at="2020-01-16T08:11:09Z">
          <reporter-output>
          </reporter-output>
        </test-method> <!-- beforeTest -->
        <test-method status="PASS" signature="Login(java.lang.String, java.lang.String, java.lang.String)[pri:0, instance:ApodGUI.TemporaryViewlet@1563da5]" name="Login" duration-ms="23169" started-at="2020-01-16T08:11:09Z" finished-at="2020-01-16T08:11:32Z">
          <params>
            <param index="0">
              <value>
                <![CDATA[webdriver.chrome.driver]]>
              </value>
            </param>
            <param index="1">
              <value>
                <![CDATA[Drivers/chromedriver.exe]]>
              </value>
            </param>
            <param index="2">
              <value>
                <![CDATA[Temp]]>
              </value>
            </param>
          </params>
          <reporter-output>
            <line>
              <![CDATA[<br/>]]>
            </line>
            <line>
              <![CDATA[<img src=" C:\Users\Nagaraju.kagitala\git\TestNav\Nav/Screenshots/ScreenshotsSuccess/Login.png" alt="""/" />]]>
            </line>
          </reporter-output>
        </test-method> <!-- Login -->
        <test-method status="PASS" signature="tearDown(org.testng.ITestResult)[pri:0, instance:ApodGUI.TemporaryViewlet@1563da5]" name="tearDown" is-config="true" duration-ms="421" started-at="2020-01-16T08:11:32Z" finished-at="2020-01-16T08:11:33Z">
          <params>
            <param index="0">
              <value>
                <![CDATA[[TestResult name=Login status=SUCCESS method=TemporaryViewlet.Login(java.lang.String, java.lang.String, java.lang.String)[pri:0, instance:ApodGUI.TemporaryViewlet@1563da5] output=<br/>]]]>
              </value>
            </param>
          </params>
          <reporter-output>
          </reporter-output>
        </test-method> <!-- tearDown -->
        <test-method status="PASS" signature="CreateTemporaryViewletUsingDirectOption(java.lang.String, org.testng.ITestContext)[pri:1, instance:ApodGUI.TemporaryViewlet@1563da5]" name="CreateTemporaryViewletUsingDirectOption" duration-ms="24341" started-at="2020-01-16T08:11:33Z" finished-at="2020-01-16T08:11:57Z">
          <params>
            <param index="0">
              <value>
                <![CDATA[Temp]]>
              </value>
            </param>
            <param index="1">
              <value>
                <![CDATA[org.testng.TestRunner@5f77d0f9]]>
              </value>
            </param>
          </params>
          <reporter-output>
            <line>
              <![CDATA[<br/>]]>
            </line>
            <line>
              <![CDATA[<img src=" C:\Users\Nagaraju.kagitala\git\TestNav\Nav/Screenshots/ScreenshotsSuccess/CreateTemporaryViewletUsingDirectOption.png" alt="""/" />]]>
            </line>
          </reporter-output>
        </test-method> <!-- CreateTemporaryViewletUsingDirectOption -->
        <test-method status="PASS" signature="tearDown(org.testng.ITestResult)[pri:0, instance:ApodGUI.TemporaryViewlet@1563da5]" name="tearDown" is-config="true" duration-ms="13906" started-at="2020-01-16T08:12:12Z" finished-at="2020-01-16T08:12:26Z">
          <params>
            <param index="0">
              <value>
                <![CDATA[[TestResult name=CreateTemporaryViewletUsingDirectOption status=SUCCESS method=TemporaryViewlet.CreateTemporaryViewletUsingDirectOption(java.lang.String, org.testng.ITestContext)[pri:1, instance:ApodGUI.TemporaryViewlet@1563da5] output=<br/>]]]>
              </value>
            </param>
          </params>
          <reporter-output>
          </reporter-output>
        </test-method> <!-- tearDown -->
        <test-method status="PASS" signature="CreateTemporaryViewletUsingTemporaryViewletCheckbox(java.lang.String, org.testng.ITestContext)[pri:2, instance:ApodGUI.TemporaryViewlet@1563da5]" name="CreateTemporaryViewletUsingTemporaryViewletCheckbox" duration-ms="24275" started-at="2020-01-16T08:12:26Z" finished-at="2020-01-16T08:12:50Z">
          <params>
            <param index="0">
              <value>
                <![CDATA[Temp]]>
              </value>
            </param>
            <param index="1">
              <value>
                <![CDATA[org.testng.TestRunner@5f77d0f9]]>
              </value>
            </param>
          </params>
          <reporter-output>
            <line>
              <![CDATA[<br/>]]>
            </line>
            <line>
              <![CDATA[<img src=" C:\Users\Nagaraju.kagitala\git\TestNav\Nav/Screenshots/ScreenshotsSuccess/CreateTemporaryViewletUsingTemporaryViewletCheckbox.png" alt="""/" />]]>
            </line>
          </reporter-output>
        </test-method> <!-- CreateTemporaryViewletUsingTemporaryViewletCheckbox -->
        <test-method status="PASS" signature="tearDown(org.testng.ITestResult)[pri:0, instance:ApodGUI.TemporaryViewlet@1563da5]" name="tearDown" is-config="true" duration-ms="17865" started-at="2020-01-16T08:13:05Z" finished-at="2020-01-16T08:13:23Z">
          <params>
            <param index="0">
              <value>
                <![CDATA[[TestResult name=CreateTemporaryViewletUsingTemporaryViewletCheckbox status=SUCCESS method=TemporaryViewlet.CreateTemporaryViewletUsingTemporaryViewletCheckbox(java.lang.String, org.testng.ITestContext)[pri:2, instance:ApodGUI.TemporaryViewlet@1563da5] output=<br/>]]]>
              </value>
            </param>
          </params>
          <reporter-output>
          </reporter-output>
        </test-method> <!-- tearDown -->
        <test-method status="PASS" signature="Logout()[pri:27, instance:ApodGUI.TemporaryViewlet@1563da5]" name="Logout" duration-ms="6346" started-at="2020-01-16T08:13:23Z" finished-at="2020-01-16T08:13:29Z">
          <reporter-output>
          </reporter-output>
        </test-method> <!-- Logout -->
        <test-method status="PASS" signature="tearDown(org.testng.ITestResult)[pri:0, instance:ApodGUI.TemporaryViewlet@1563da5]" name="tearDown" is-config="true" duration-ms="0" started-at="2020-01-16T08:13:29Z" finished-at="2020-01-16T08:13:29Z">
          <params>
            <param index="0">
              <value>
                <![CDATA[[TestResult name=Logout status=SUCCESS method=TemporaryViewlet.Logout()[pri:27, instance:ApodGUI.TemporaryViewlet@1563da5] output={null}]]]>
              </value>
            </param>
          </params>
          <reporter-output>
          </reporter-output>
        </test-method> <!-- tearDown -->
      </class> <!-- ApodGUI.TemporaryViewlet -->
    </test> <!-- WorkGroup server Viewlet -->
  </suite> <!-- Navigator -->
</testng-results>
