<?xml version="1.0" encoding="UTF-8"?>
<testng-results skipped="0" failed="0" ignored="0" total="4" passed="4">
  <reporter-output>
    <line>
      <![CDATA[<br/>]]>
    </line>
    <line>
      <![CDATA[<img src=" C:\Users\Nagaraju.kagitala\git\TestNav\Nav/Screenshots/ScreenshotsSuccess/Login.png" alt="""/" />]]>
    </line>
    <line>
      <![CDATA[<br/>]]>
    </line>
    <line>
      <![CDATA[<img src=" C:\Users\Nagaraju.kagitala\git\TestNav\Nav/Screenshots/ScreenshotsSuccess/PutAmessageIntoQueue.png" alt="""/" />]]>
    </line>
    <line>
      <![CDATA[<br/>]]>
    </line>
    <line>
      <![CDATA[<img src=" C:\Users\Nagaraju.kagitala\git\TestNav\Nav/Screenshots/ScreenshotsSuccess/AddSearchCriteriaCondition.png" alt="""/" />]]>
    </line>
  </reporter-output>
  <suite name="Testing Navigator Dashboard" duration-ms="101175" started-at="2020-01-17T09:27:05Z" finished-at="2020-01-17T09:28:46Z">
    <groups>
    </groups>
    <test name="Add Dashboard reports" duration-ms="101175" started-at="2020-01-17T09:27:05Z" finished-at="2020-01-17T09:28:46Z">
      <class name="ApodGUI.SearchCriteria">
        <test-method status="PASS" signature="beforeTest()[pri:0, instance:ApodGUI.SearchCriteria@1563da5]" name="beforeTest" is-config="true" duration-ms="18" started-at="2020-01-17T09:27:05Z" finished-at="2020-01-17T09:27:05Z">
          <reporter-output>
          </reporter-output>
        </test-method> <!-- beforeTest -->
        <test-method status="PASS" signature="Login(java.lang.String, java.lang.String, java.lang.String, java.lang.String)[pri:0, instance:ApodGUI.SearchCriteria@1563da5]" name="Login" duration-ms="24763" started-at="2020-01-17T09:27:05Z" finished-at="2020-01-17T09:27:30Z">
          <params>
            <param index="0">
              <value>
                <![CDATA[webdriver.chrome.driver]]>
              </value>
            </param>
            <param index="1">
              <value>
                <![CDATA[Drivers/chromedriver.exe]]>
              </value>
            </param>
            <param index="2">
              <value>
                <![CDATA[Search Criteria Dashboard]]>
              </value>
            </param>
            <param index="3">
              <value>
                <![CDATA[Queues Viewlest]]>
              </value>
            </param>
          </params>
          <reporter-output>
            <line>
              <![CDATA[<br/>]]>
            </line>
            <line>
              <![CDATA[<img src=" C:\Users\Nagaraju.kagitala\git\TestNav\Nav/Screenshots/ScreenshotsSuccess/Login.png" alt="""/" />]]>
            </line>
          </reporter-output>
        </test-method> <!-- Login -->
        <test-method status="PASS" signature="tearDown(org.testng.ITestResult)[pri:0, instance:ApodGUI.SearchCriteria@1563da5]" name="tearDown" is-config="true" duration-ms="418" started-at="2020-01-17T09:27:30Z" finished-at="2020-01-17T09:27:31Z">
          <params>
            <param index="0">
              <value>
                <![CDATA[[TestResult name=Login status=SUCCESS method=SearchCriteria.Login(java.lang.String, java.lang.String, java.lang.String, java.lang.String)[pri:0, instance:ApodGUI.SearchCriteria@1563da5] output=<br/>]]]>
              </value>
            </param>
          </params>
          <reporter-output>
          </reporter-output>
        </test-method> <!-- tearDown -->
        <test-method status="PASS" signature="PutAmessageIntoQueue(java.lang.String)[pri:1, instance:ApodGUI.SearchCriteria@1563da5]" name="PutAmessageIntoQueue" duration-ms="32250" started-at="2020-01-17T09:27:31Z" finished-at="2020-01-17T09:28:03Z">
          <params>
            <param index="0">
              <value>
                <![CDATA[Test the Message Search criteria condition]]>
              </value>
            </param>
          </params>
          <reporter-output>
            <line>
              <![CDATA[<br/>]]>
            </line>
            <line>
              <![CDATA[<img src=" C:\Users\Nagaraju.kagitala\git\TestNav\Nav/Screenshots/ScreenshotsSuccess/PutAmessageIntoQueue.png" alt="""/" />]]>
            </line>
          </reporter-output>
        </test-method> <!-- PutAmessageIntoQueue -->
        <test-method status="PASS" signature="tearDown(org.testng.ITestResult)[pri:0, instance:ApodGUI.SearchCriteria@1563da5]" name="tearDown" is-config="true" duration-ms="378" started-at="2020-01-17T09:28:03Z" finished-at="2020-01-17T09:28:03Z">
          <params>
            <param index="0">
              <value>
                <![CDATA[[TestResult name=PutAmessageIntoQueue status=SUCCESS method=SearchCriteria.PutAmessageIntoQueue(java.lang.String)[pri:1, instance:ApodGUI.SearchCriteria@1563da5] output=<br/>]]]>
              </value>
            </param>
          </params>
          <reporter-output>
          </reporter-output>
        </test-method> <!-- tearDown -->
        <test-method status="PASS" signature="AddSearchCriteriaCondition(java.lang.String, java.lang.String, org.testng.ITestContext)[pri:2, instance:ApodGUI.SearchCriteria@1563da5]" name="AddSearchCriteriaCondition" duration-ms="9543" started-at="2020-01-17T09:28:03Z" finished-at="2020-01-17T09:28:13Z">
          <params>
            <param index="0">
              <value>
                <![CDATA[Search Queues]]>
              </value>
            </param>
            <param index="1">
              <value>
                <![CDATA[Message Search criteria]]>
              </value>
            </param>
            <param index="2">
              <value>
                <![CDATA[org.testng.TestRunner@6436a7db]]>
              </value>
            </param>
          </params>
          <reporter-output>
            <line>
              <![CDATA[<br/>]]>
            </line>
            <line>
              <![CDATA[<img src=" C:\Users\Nagaraju.kagitala\git\TestNav\Nav/Screenshots/ScreenshotsSuccess/AddSearchCriteriaCondition.png" alt="""/" />]]>
            </line>
          </reporter-output>
        </test-method> <!-- AddSearchCriteriaCondition -->
        <test-method status="PASS" signature="tearDown(org.testng.ITestResult)[pri:0, instance:ApodGUI.SearchCriteria@1563da5]" name="tearDown" is-config="true" duration-ms="13689" started-at="2020-01-17T09:28:26Z" finished-at="2020-01-17T09:28:40Z">
          <params>
            <param index="0">
              <value>
                <![CDATA[[TestResult name=AddSearchCriteriaCondition status=SUCCESS method=SearchCriteria.AddSearchCriteriaCondition(java.lang.String, java.lang.String, org.testng.ITestContext)[pri:2, instance:ApodGUI.SearchCriteria@1563da5] output=<br/>]]]>
              </value>
            </param>
          </params>
          <reporter-output>
          </reporter-output>
        </test-method> <!-- tearDown -->
        <test-method status="PASS" signature="Logout()[pri:20, instance:ApodGUI.SearchCriteria@1563da5]" name="Logout" duration-ms="6437" started-at="2020-01-17T09:28:40Z" finished-at="2020-01-17T09:28:46Z">
          <reporter-output>
          </reporter-output>
        </test-method> <!-- Logout -->
        <test-method status="PASS" signature="tearDown(org.testng.ITestResult)[pri:0, instance:ApodGUI.SearchCriteria@1563da5]" name="tearDown" is-config="true" duration-ms="1" started-at="2020-01-17T09:28:46Z" finished-at="2020-01-17T09:28:46Z">
          <params>
            <param index="0">
              <value>
                <![CDATA[[TestResult name=Logout status=SUCCESS method=SearchCriteria.Logout()[pri:20, instance:ApodGUI.SearchCriteria@1563da5] output={null}]]]>
              </value>
            </param>
          </params>
          <reporter-output>
          </reporter-output>
        </test-method> <!-- tearDown -->
      </class> <!-- ApodGUI.SearchCriteria -->
    </test> <!-- Add Dashboard reports -->
  </suite> <!-- Testing Navigator Dashboard -->
</testng-results>
