<?xml version="1.0" encoding="UTF-8"?>
<testng-results skipped="0" failed="2" ignored="0" total="12" passed="10">
  <reporter-output>
    <line>
      <![CDATA[<br/>]]>
    </line>
    <line>
      <![CDATA[<img src=" C:\Users\Nagaraju.kagitala\git\TestNav\Nav/Screenshots/ScreenshotsSuccess/Login.png" alt="""/" />]]>
    </line>
    <line>
      <![CDATA[<br/>]]>
    </line>
    <line>
      <![CDATA[<img src=" C:\Users\Nagaraju.kagitala\git\TestNav\Nav/Screenshots/ScreenshotsSuccess/ManagerScheduling.png" alt="""/" />]]>
    </line>
    <line>
      <![CDATA[<br/>]]>
    </line>
    <line>
      <![CDATA[<img src=" C:\Users\Nagaraju.kagitala\git\TestNav\Nav/Screenshots/ScreenshotsSuccess/QueuesScheduling.png" alt="""/" />]]>
    </line>
    <line>
      <![CDATA[<br/>]]>
    </line>
    <line>
      <![CDATA[<img src=" C:\Users\Nagaraju.kagitala\git\TestNav\Nav/Screenshots/ScreenshotsSuccess/ChannelScheduling.png" alt="""/" />]]>
    </line>
    <line>
      <![CDATA[<br/>]]>
    </line>
    <line>
      <![CDATA[<img src=" C:\Users\Nagaraju.kagitala\git\TestNav\Nav/Screenshots/ScreenshotsSuccess/ProcessScheduling.png" alt="""/" />]]>
    </line>
    <line>
      <![CDATA[<br/>]]>
    </line>
    <line>
      <![CDATA[<img src=" C:\Users\Nagaraju.kagitala\git\TestNav\Nav/Screenshots/ScreenshotsSuccess/TopicScheduling.png" alt="""/" />]]>
    </line>
    <line>
      <![CDATA[<br/>]]>
    </line>
    <line>
      <![CDATA[<img src=" C:\Users\Nagaraju.kagitala\git\TestNav\Nav/Screenshots/ScreenshotsSuccess/ListenerScheduling.png" alt="""/" />]]>
    </line>
    <line>
      <![CDATA[<br/>]]>
    </line>
    <line>
      <![CDATA[<img src=" C:\Users\Nagaraju.kagitala\git\TestNav\Nav/Screenshots/ScreenshotsSuccess/SubScriptionScheduling.png" alt="""/" />]]>
    </line>
    <line>
      <![CDATA[<br/>]]>
    </line>
    <line>
      <![CDATA[<img src=" C:\Users\Nagaraju.kagitala\git\TestNav\Nav/Screenshots/ScreenshotsSuccess/RouteScheduling.png" alt="""/" />]]>
    </line>
    <line>
      <![CDATA[Screenshots/ScreenshotsFailure/BridgeScheduling.png]]>
    </line>
    <line>
      <![CDATA[<br/>Failed to execute method: BridgeScheduling<br/>]]>
    </line>
    <line>
      <![CDATA[<br/>]]>
    </line>
    <line>
      <![CDATA[<img src=" C:\Users\Nagaraju.kagitala\git\TestNav\Nav/Screenshots/ScreenshotsFailure/BridgeScheduling.png" alt="""/" />]]>
    </line>
    <line>
      <![CDATA[Screenshots/ScreenshotsFailure/DurableScheduling.png]]>
    </line>
    <line>
      <![CDATA[<br/>Failed to execute method: DurableScheduling<br/>]]>
    </line>
    <line>
      <![CDATA[<br/>]]>
    </line>
    <line>
      <![CDATA[<img src=" C:\Users\Nagaraju.kagitala\git\TestNav\Nav/Screenshots/ScreenshotsFailure/DurableScheduling.png" alt="""/" />]]>
    </line>
  </reporter-output>
  <suite name="Navigator" duration-ms="622709" started-at="2019-09-23T11:12:38Z" finished-at="2019-09-23T11:23:01Z">
    <groups>
    </groups>
    <test name="Schedule" duration-ms="622709" started-at="2019-09-23T11:12:38Z" finished-at="2019-09-23T11:23:01Z">
      <class name="ApodGUI.Scheduling">
        <test-method status="PASS" signature="beforeTest()[pri:0, instance:ApodGUI.Scheduling@33c7e1bb]" name="beforeTest" is-config="true" duration-ms="13" started-at="2019-09-23T11:12:38Z" finished-at="2019-09-23T11:12:38Z">
          <reporter-output>
          </reporter-output>
        </test-method> <!-- beforeTest -->
        <test-method status="PASS" signature="Login(java.lang.String, java.lang.String, java.lang.String)[pri:0, instance:ApodGUI.Scheduling@33c7e1bb]" name="Login" duration-ms="23150" started-at="2019-09-23T11:12:38Z" finished-at="2019-09-23T11:13:01Z">
          <params>
            <param index="0">
              <value>
                <![CDATA[webdriver.chrome.driver]]>
              </value>
            </param>
            <param index="1">
              <value>
                <![CDATA[Drivers/chromedriver.exe]]>
              </value>
            </param>
            <param index="2">
              <value>
                <![CDATA[Scheduling]]>
              </value>
            </param>
          </params>
          <reporter-output>
            <line>
              <![CDATA[<br/>]]>
            </line>
            <line>
              <![CDATA[<img src=" C:\Users\Nagaraju.kagitala\git\TestNav\Nav/Screenshots/ScreenshotsSuccess/Login.png" alt="""/" />]]>
            </line>
          </reporter-output>
        </test-method> <!-- Login -->
        <test-method status="PASS" signature="tearDown(org.testng.ITestResult)[pri:0, instance:ApodGUI.Scheduling@33c7e1bb]" name="tearDown" is-config="true" duration-ms="437" started-at="2019-09-23T11:13:01Z" finished-at="2019-09-23T11:13:02Z">
          <params>
            <param index="0">
              <value>
                <![CDATA[[TestResult name=Login status=SUCCESS method=Scheduling.Login(java.lang.String, java.lang.String, java.lang.String)[pri:0, instance:ApodGUI.Scheduling@33c7e1bb] output=<br/>]]]>
              </value>
            </param>
          </params>
          <reporter-output>
          </reporter-output>
        </test-method> <!-- tearDown -->
        <test-method status="PASS" signature="ManagerScheduling(java.lang.String, java.lang.String, java.lang.String, org.testng.ITestContext)[pri:1, instance:ApodGUI.Scheduling@33c7e1bb]" name="ManagerScheduling" duration-ms="40807" started-at="2019-09-23T11:13:02Z" finished-at="2019-09-23T11:13:43Z">
          <params>
            <param index="0">
              <value>
                <![CDATA[ScheduleViewletObject]]>
              </value>
            </param>
            <param index="1">
              <value>
                <![CDATA[Apr]]>
              </value>
            </param>
            <param index="2">
              <value>
                <![CDATA[2028]]>
              </value>
            </param>
            <param index="3">
              <value>
                <![CDATA[org.testng.TestRunner@1b266842]]>
              </value>
            </param>
          </params>
          <reporter-output>
            <line>
              <![CDATA[<br/>]]>
            </line>
            <line>
              <![CDATA[<img src=" C:\Users\Nagaraju.kagitala\git\TestNav\Nav/Screenshots/ScreenshotsSuccess/ManagerScheduling.png" alt="""/" />]]>
            </line>
          </reporter-output>
        </test-method> <!-- ManagerScheduling -->
        <test-method status="PASS" signature="tearDown(org.testng.ITestResult)[pri:0, instance:ApodGUI.Scheduling@33c7e1bb]" name="tearDown" is-config="true" duration-ms="9560" started-at="2019-09-23T11:13:51Z" finished-at="2019-09-23T11:14:01Z">
          <params>
            <param index="0">
              <value>
                <![CDATA[[TestResult name=ManagerScheduling status=SUCCESS method=Scheduling.ManagerScheduling(java.lang.String, java.lang.String, java.lang.String, org.testng.ITestContext)[pri:1, instance:ApodGUI.Scheduling@33c7e1bb] output=<br/>]]]>
              </value>
            </param>
          </params>
          <reporter-output>
          </reporter-output>
        </test-method> <!-- tearDown -->
        <test-method status="PASS" signature="QueuesScheduling(java.lang.String, java.lang.String, java.lang.String, org.testng.ITestContext)[pri:2, instance:ApodGUI.Scheduling@33c7e1bb]" name="QueuesScheduling" duration-ms="47781" started-at="2019-09-23T11:14:01Z" finished-at="2019-09-23T11:14:49Z">
          <params>
            <param index="0">
              <value>
                <![CDATA[ScheduleViewletObject]]>
              </value>
            </param>
            <param index="1">
              <value>
                <![CDATA[Apr]]>
              </value>
            </param>
            <param index="2">
              <value>
                <![CDATA[2028]]>
              </value>
            </param>
            <param index="3">
              <value>
                <![CDATA[org.testng.TestRunner@1b266842]]>
              </value>
            </param>
          </params>
          <reporter-output>
            <line>
              <![CDATA[<br/>]]>
            </line>
            <line>
              <![CDATA[<img src=" C:\Users\Nagaraju.kagitala\git\TestNav\Nav/Screenshots/ScreenshotsSuccess/QueuesScheduling.png" alt="""/" />]]>
            </line>
          </reporter-output>
        </test-method> <!-- QueuesScheduling -->
        <test-method status="PASS" signature="tearDown(org.testng.ITestResult)[pri:0, instance:ApodGUI.Scheduling@33c7e1bb]" name="tearDown" is-config="true" duration-ms="9149" started-at="2019-09-23T11:14:57Z" finished-at="2019-09-23T11:15:06Z">
          <params>
            <param index="0">
              <value>
                <![CDATA[[TestResult name=QueuesScheduling status=SUCCESS method=Scheduling.QueuesScheduling(java.lang.String, java.lang.String, java.lang.String, org.testng.ITestContext)[pri:2, instance:ApodGUI.Scheduling@33c7e1bb] output=<br/>]]]>
              </value>
            </param>
          </params>
          <reporter-output>
          </reporter-output>
        </test-method> <!-- tearDown -->
        <test-method status="PASS" signature="ChannelScheduling(java.lang.String, java.lang.String, java.lang.String, org.testng.ITestContext)[pri:3, instance:ApodGUI.Scheduling@33c7e1bb]" name="ChannelScheduling" duration-ms="47592" started-at="2019-09-23T11:15:06Z" finished-at="2019-09-23T11:15:54Z">
          <params>
            <param index="0">
              <value>
                <![CDATA[ScheduleViewletObject]]>
              </value>
            </param>
            <param index="1">
              <value>
                <![CDATA[Apr]]>
              </value>
            </param>
            <param index="2">
              <value>
                <![CDATA[2028]]>
              </value>
            </param>
            <param index="3">
              <value>
                <![CDATA[org.testng.TestRunner@1b266842]]>
              </value>
            </param>
          </params>
          <reporter-output>
            <line>
              <![CDATA[<br/>]]>
            </line>
            <line>
              <![CDATA[<img src=" C:\Users\Nagaraju.kagitala\git\TestNav\Nav/Screenshots/ScreenshotsSuccess/ChannelScheduling.png" alt="""/" />]]>
            </line>
          </reporter-output>
        </test-method> <!-- ChannelScheduling -->
        <test-method status="PASS" signature="tearDown(org.testng.ITestResult)[pri:0, instance:ApodGUI.Scheduling@33c7e1bb]" name="tearDown" is-config="true" duration-ms="9214" started-at="2019-09-23T11:16:02Z" finished-at="2019-09-23T11:16:11Z">
          <params>
            <param index="0">
              <value>
                <![CDATA[[TestResult name=ChannelScheduling status=SUCCESS method=Scheduling.ChannelScheduling(java.lang.String, java.lang.String, java.lang.String, org.testng.ITestContext)[pri:3, instance:ApodGUI.Scheduling@33c7e1bb] output=<br/>]]]>
              </value>
            </param>
          </params>
          <reporter-output>
          </reporter-output>
        </test-method> <!-- tearDown -->
        <test-method status="PASS" signature="ProcessScheduling(java.lang.String, java.lang.String, java.lang.String, org.testng.ITestContext)[pri:4, instance:ApodGUI.Scheduling@33c7e1bb]" name="ProcessScheduling" duration-ms="47478" started-at="2019-09-23T11:16:11Z" finished-at="2019-09-23T11:16:59Z">
          <params>
            <param index="0">
              <value>
                <![CDATA[ScheduleViewletObject]]>
              </value>
            </param>
            <param index="1">
              <value>
                <![CDATA[Apr]]>
              </value>
            </param>
            <param index="2">
              <value>
                <![CDATA[2028]]>
              </value>
            </param>
            <param index="3">
              <value>
                <![CDATA[org.testng.TestRunner@1b266842]]>
              </value>
            </param>
          </params>
          <reporter-output>
            <line>
              <![CDATA[<br/>]]>
            </line>
            <line>
              <![CDATA[<img src=" C:\Users\Nagaraju.kagitala\git\TestNav\Nav/Screenshots/ScreenshotsSuccess/ProcessScheduling.png" alt="""/" />]]>
            </line>
          </reporter-output>
        </test-method> <!-- ProcessScheduling -->
        <test-method status="PASS" signature="tearDown(org.testng.ITestResult)[pri:0, instance:ApodGUI.Scheduling@33c7e1bb]" name="tearDown" is-config="true" duration-ms="9195" started-at="2019-09-23T11:17:07Z" finished-at="2019-09-23T11:17:16Z">
          <params>
            <param index="0">
              <value>
                <![CDATA[[TestResult name=ProcessScheduling status=SUCCESS method=Scheduling.ProcessScheduling(java.lang.String, java.lang.String, java.lang.String, org.testng.ITestContext)[pri:4, instance:ApodGUI.Scheduling@33c7e1bb] output=<br/>]]]>
              </value>
            </param>
          </params>
          <reporter-output>
          </reporter-output>
        </test-method> <!-- tearDown -->
        <test-method status="PASS" signature="TopicScheduling(java.lang.String, java.lang.String, java.lang.String, org.testng.ITestContext)[pri:5, instance:ApodGUI.Scheduling@33c7e1bb]" name="TopicScheduling" duration-ms="27648" started-at="2019-09-23T11:17:16Z" finished-at="2019-09-23T11:17:44Z">
          <params>
            <param index="0">
              <value>
                <![CDATA[ScheduleViewletObject]]>
              </value>
            </param>
            <param index="1">
              <value>
                <![CDATA[Apr]]>
              </value>
            </param>
            <param index="2">
              <value>
                <![CDATA[2028]]>
              </value>
            </param>
            <param index="3">
              <value>
                <![CDATA[org.testng.TestRunner@1b266842]]>
              </value>
            </param>
          </params>
          <reporter-output>
            <line>
              <![CDATA[<br/>]]>
            </line>
            <line>
              <![CDATA[<img src=" C:\Users\Nagaraju.kagitala\git\TestNav\Nav/Screenshots/ScreenshotsSuccess/TopicScheduling.png" alt="""/" />]]>
            </line>
          </reporter-output>
        </test-method> <!-- TopicScheduling -->
        <test-method status="PASS" signature="tearDown(org.testng.ITestResult)[pri:0, instance:ApodGUI.Scheduling@33c7e1bb]" name="tearDown" is-config="true" duration-ms="9097" started-at="2019-09-23T11:17:51Z" finished-at="2019-09-23T11:18:00Z">
          <params>
            <param index="0">
              <value>
                <![CDATA[[TestResult name=TopicScheduling status=SUCCESS method=Scheduling.TopicScheduling(java.lang.String, java.lang.String, java.lang.String, org.testng.ITestContext)[pri:5, instance:ApodGUI.Scheduling@33c7e1bb] output=<br/>]]]>
              </value>
            </param>
          </params>
          <reporter-output>
          </reporter-output>
        </test-method> <!-- tearDown -->
        <test-method status="PASS" signature="ListenerScheduling(java.lang.String, java.lang.String, java.lang.String, org.testng.ITestContext)[pri:6, instance:ApodGUI.Scheduling@33c7e1bb]" name="ListenerScheduling" duration-ms="47711" started-at="2019-09-23T11:18:00Z" finished-at="2019-09-23T11:18:48Z">
          <params>
            <param index="0">
              <value>
                <![CDATA[ScheduleViewletObject]]>
              </value>
            </param>
            <param index="1">
              <value>
                <![CDATA[Apr]]>
              </value>
            </param>
            <param index="2">
              <value>
                <![CDATA[2028]]>
              </value>
            </param>
            <param index="3">
              <value>
                <![CDATA[org.testng.TestRunner@1b266842]]>
              </value>
            </param>
          </params>
          <reporter-output>
            <line>
              <![CDATA[<br/>]]>
            </line>
            <line>
              <![CDATA[<img src=" C:\Users\Nagaraju.kagitala\git\TestNav\Nav/Screenshots/ScreenshotsSuccess/ListenerScheduling.png" alt="""/" />]]>
            </line>
          </reporter-output>
        </test-method> <!-- ListenerScheduling -->
        <test-method status="PASS" signature="tearDown(org.testng.ITestResult)[pri:0, instance:ApodGUI.Scheduling@33c7e1bb]" name="tearDown" is-config="true" duration-ms="9392" started-at="2019-09-23T11:18:56Z" finished-at="2019-09-23T11:19:06Z">
          <params>
            <param index="0">
              <value>
                <![CDATA[[TestResult name=ListenerScheduling status=SUCCESS method=Scheduling.ListenerScheduling(java.lang.String, java.lang.String, java.lang.String, org.testng.ITestContext)[pri:6, instance:ApodGUI.Scheduling@33c7e1bb] output=<br/>]]]>
              </value>
            </param>
          </params>
          <reporter-output>
          </reporter-output>
        </test-method> <!-- tearDown -->
        <test-method status="PASS" signature="SubScriptionScheduling(java.lang.String, java.lang.String, java.lang.String, org.testng.ITestContext)[pri:7, instance:ApodGUI.Scheduling@33c7e1bb]" name="SubScriptionScheduling" duration-ms="27470" started-at="2019-09-23T11:19:06Z" finished-at="2019-09-23T11:19:33Z">
          <params>
            <param index="0">
              <value>
                <![CDATA[ScheduleViewletObject]]>
              </value>
            </param>
            <param index="1">
              <value>
                <![CDATA[Apr]]>
              </value>
            </param>
            <param index="2">
              <value>
                <![CDATA[2028]]>
              </value>
            </param>
            <param index="3">
              <value>
                <![CDATA[org.testng.TestRunner@1b266842]]>
              </value>
            </param>
          </params>
          <reporter-output>
            <line>
              <![CDATA[<br/>]]>
            </line>
            <line>
              <![CDATA[<img src=" C:\Users\Nagaraju.kagitala\git\TestNav\Nav/Screenshots/ScreenshotsSuccess/SubScriptionScheduling.png" alt="""/" />]]>
            </line>
          </reporter-output>
        </test-method> <!-- SubScriptionScheduling -->
        <test-method status="PASS" signature="tearDown(org.testng.ITestResult)[pri:0, instance:ApodGUI.Scheduling@33c7e1bb]" name="tearDown" is-config="true" duration-ms="9511" started-at="2019-09-23T11:19:41Z" finished-at="2019-09-23T11:19:51Z">
          <params>
            <param index="0">
              <value>
                <![CDATA[[TestResult name=SubScriptionScheduling status=SUCCESS method=Scheduling.SubScriptionScheduling(java.lang.String, java.lang.String, java.lang.String, org.testng.ITestContext)[pri:7, instance:ApodGUI.Scheduling@33c7e1bb] output=<br/>]]]>
              </value>
            </param>
          </params>
          <reporter-output>
          </reporter-output>
        </test-method> <!-- tearDown -->
        <test-method status="PASS" signature="RouteScheduling(java.lang.String, java.lang.String, java.lang.String, org.testng.ITestContext)[pri:8, instance:ApodGUI.Scheduling@33c7e1bb]" name="RouteScheduling" duration-ms="47648" started-at="2019-09-23T11:19:51Z" finished-at="2019-09-23T11:20:38Z">
          <params>
            <param index="0">
              <value>
                <![CDATA[ScheduleViewletObject]]>
              </value>
            </param>
            <param index="1">
              <value>
                <![CDATA[Apr]]>
              </value>
            </param>
            <param index="2">
              <value>
                <![CDATA[2028]]>
              </value>
            </param>
            <param index="3">
              <value>
                <![CDATA[org.testng.TestRunner@1b266842]]>
              </value>
            </param>
          </params>
          <reporter-output>
            <line>
              <![CDATA[<br/>]]>
            </line>
            <line>
              <![CDATA[<img src=" C:\Users\Nagaraju.kagitala\git\TestNav\Nav/Screenshots/ScreenshotsSuccess/RouteScheduling.png" alt="""/" />]]>
            </line>
          </reporter-output>
        </test-method> <!-- RouteScheduling -->
        <test-method status="PASS" signature="tearDown(org.testng.ITestResult)[pri:0, instance:ApodGUI.Scheduling@33c7e1bb]" name="tearDown" is-config="true" duration-ms="9012" started-at="2019-09-23T11:20:46Z" finished-at="2019-09-23T11:20:55Z">
          <params>
            <param index="0">
              <value>
                <![CDATA[[TestResult name=RouteScheduling status=SUCCESS method=Scheduling.RouteScheduling(java.lang.String, java.lang.String, java.lang.String, org.testng.ITestContext)[pri:8, instance:ApodGUI.Scheduling@33c7e1bb] output=<br/>]]]>
              </value>
            </param>
          </params>
          <reporter-output>
          </reporter-output>
        </test-method> <!-- tearDown -->
        <test-method status="FAIL" signature="BridgeScheduling(java.lang.String, java.lang.String, java.lang.String, org.testng.ITestContext)[pri:9, instance:ApodGUI.Scheduling@33c7e1bb]" name="BridgeScheduling" duration-ms="43885" started-at="2019-09-23T11:20:55Z" finished-at="2019-09-23T11:21:39Z">
          <params>
            <param index="0">
              <value>
                <![CDATA[ScheduleViewletObject]]>
              </value>
            </param>
            <param index="1">
              <value>
                <![CDATA[Apr]]>
              </value>
            </param>
            <param index="2">
              <value>
                <![CDATA[2028]]>
              </value>
            </param>
            <param index="3">
              <value>
                <![CDATA[org.testng.TestRunner@1b266842]]>
              </value>
            </param>
          </params>
          <exception class="org.openqa.selenium.InvalidSelectorException">
            <message>
              <![CDATA[invalid selector: Unable to locate an element with the xpath expression Node creation failed because of the following error:
SyntaxError: Failed to execute 'evaluate' on 'Document': The string 'Node creation failed' is not a valid XPath expression.
  (Session info: chrome=76.0.3809.132)
  (Driver info: chromedriver=2.41.578737 (49da6702b16031c40d63e5618de03a32ff6c197e),platform=Windows NT 10.0.18362 x86_64) (WARNING: The server did not provide any stacktrace information)
Command duration or timeout: 0 milliseconds
For documentation on this error, please visit: http://seleniumhq.org/exceptions/invalid_selector_exception.html
Build info: version: '3.14.0', revision: 'aacccce0', time: '2018-08-02T20:13:22.693Z'
System info: host: 'DESKTOP-E1JT2VR', ip: '192.168.85.1', os.name: 'Windows 10', os.arch: 'amd64', os.version: '10.0', java.version: '1.8.0_201'
Driver info: org.openqa.selenium.chrome.ChromeDriver
Capabilities {acceptInsecureCerts: false, acceptSslCerts: false, applicationCacheEnabled: false, browserConnectionEnabled: false, browserName: chrome, chrome: {chromedriverVersion: 2.41.578737 (49da6702b16031..., userDataDir: C:\Users\NAGARA~1.KAG\AppDa...}, cssSelectorsEnabled: true, databaseEnabled: false, goog:chromeOptions: {debuggerAddress: localhost:50136}, handlesAlerts: true, hasTouchScreen: false, javascriptEnabled: true, locationContextEnabled: true, mobileEmulationEnabled: false, nativeEvents: true, networkConnectionEnabled: false, pageLoadStrategy: normal, platform: XP, platformName: XP, rotatable: false, setWindowRect: true, takesHeapSnapshot: true, takesScreenshot: true, unexpectedAlertBehaviour: , unhandledPromptBehavior: , version: 76.0.3809.132, webStorageEnabled: true}
Session ID: b1eeabbf35ee069780e6cd5dafb014f3
*** Element info: {Using=xpath, value=Node creation failed}]]>
            </message>
            <full-stacktrace>
              <![CDATA[org.openqa.selenium.InvalidSelectorException: invalid selector: Unable to locate an element with the xpath expression Node creation failed because of the following error:
SyntaxError: Failed to execute 'evaluate' on 'Document': The string 'Node creation failed' is not a valid XPath expression.
  (Session info: chrome=76.0.3809.132)
  (Driver info: chromedriver=2.41.578737 (49da6702b16031c40d63e5618de03a32ff6c197e),platform=Windows NT 10.0.18362 x86_64) (WARNING: The server did not provide any stacktrace information)
Command duration or timeout: 0 milliseconds
For documentation on this error, please visit: http://seleniumhq.org/exceptions/invalid_selector_exception.html
Build info: version: '3.14.0', revision: 'aacccce0', time: '2018-08-02T20:13:22.693Z'
System info: host: 'DESKTOP-E1JT2VR', ip: '192.168.85.1', os.name: 'Windows 10', os.arch: 'amd64', os.version: '10.0', java.version: '1.8.0_201'
Driver info: org.openqa.selenium.chrome.ChromeDriver
Capabilities {acceptInsecureCerts: false, acceptSslCerts: false, applicationCacheEnabled: false, browserConnectionEnabled: false, browserName: chrome, chrome: {chromedriverVersion: 2.41.578737 (49da6702b16031..., userDataDir: C:\Users\NAGARA~1.KAG\AppDa...}, cssSelectorsEnabled: true, databaseEnabled: false, goog:chromeOptions: {debuggerAddress: localhost:50136}, handlesAlerts: true, hasTouchScreen: false, javascriptEnabled: true, locationContextEnabled: true, mobileEmulationEnabled: false, nativeEvents: true, networkConnectionEnabled: false, pageLoadStrategy: normal, platform: XP, platformName: XP, rotatable: false, setWindowRect: true, takesHeapSnapshot: true, takesScreenshot: true, unexpectedAlertBehaviour: , unhandledPromptBehavior: , version: 76.0.3809.132, webStorageEnabled: true}
Session ID: b1eeabbf35ee069780e6cd5dafb014f3
*** Element info: {Using=xpath, value=Node creation failed}
at sun.reflect.NativeConstructorAccessorImpl.newInstance0(Native Method)
at sun.reflect.NativeConstructorAccessorImpl.newInstance(NativeConstructorAccessorImpl.java:62)
at sun.reflect.DelegatingConstructorAccessorImpl.newInstance(DelegatingConstructorAccessorImpl.java:45)
at java.lang.reflect.Constructor.newInstance(Constructor.java:423)
at org.openqa.selenium.remote.ErrorHandler.createThrowable(ErrorHandler.java:214)
at org.openqa.selenium.remote.ErrorHandler.throwIfResponseFailed(ErrorHandler.java:166)
at org.openqa.selenium.remote.http.JsonHttpResponseCodec.reconstructValue(JsonHttpResponseCodec.java:40)
at org.openqa.selenium.remote.http.AbstractHttpResponseCodec.decode(AbstractHttpResponseCodec.java:80)
at org.openqa.selenium.remote.http.AbstractHttpResponseCodec.decode(AbstractHttpResponseCodec.java:44)
at org.openqa.selenium.remote.HttpCommandExecutor.execute(HttpCommandExecutor.java:158)
at org.openqa.selenium.remote.service.DriverCommandExecutor.execute(DriverCommandExecutor.java:83)
at org.openqa.selenium.remote.RemoteWebDriver.execute(RemoteWebDriver.java:548)
at org.openqa.selenium.remote.RemoteWebDriver.findElement(RemoteWebDriver.java:322)
at org.openqa.selenium.remote.RemoteWebDriver.findElementByXPath(RemoteWebDriver.java:424)
at org.openqa.selenium.By$ByXPath.findElement(By.java:353)
at org.openqa.selenium.remote.RemoteWebDriver.findElement(RemoteWebDriver.java:314)
at ApodGUI.Scheduling.SchedulerVerification(Scheduling.java:588)
at ApodGUI.Scheduling.BridgeScheduling(Scheduling.java:442)
at sun.reflect.NativeMethodAccessorImpl.invoke0(Native Method)
at sun.reflect.NativeMethodAccessorImpl.invoke(NativeMethodAccessorImpl.java:62)
at sun.reflect.DelegatingMethodAccessorImpl.invoke(DelegatingMethodAccessorImpl.java:43)
at java.lang.reflect.Method.invoke(Method.java:498)
at org.testng.internal.MethodInvocationHelper.invokeMethod(MethodInvocationHelper.java:124)
at org.testng.internal.Invoker.invokeMethod(Invoker.java:580)
at org.testng.internal.Invoker.invokeTestMethod(Invoker.java:716)
at org.testng.internal.Invoker.invokeTestMethods(Invoker.java:988)
at org.testng.internal.TestMethodWorker.invokeTestMethods(TestMethodWorker.java:125)
at org.testng.internal.TestMethodWorker.run(TestMethodWorker.java:109)
at org.testng.TestRunner.privateRun(TestRunner.java:648)
at org.testng.TestRunner.run(TestRunner.java:505)
at org.testng.SuiteRunner.runTest(SuiteRunner.java:455)
at org.testng.SuiteRunner.runSequentially(SuiteRunner.java:450)
at org.testng.SuiteRunner.privateRun(SuiteRunner.java:415)
at org.testng.SuiteRunner.run(SuiteRunner.java:364)
at org.testng.SuiteRunnerWorker.runSuite(SuiteRunnerWorker.java:52)
at org.testng.SuiteRunnerWorker.run(SuiteRunnerWorker.java:84)
at org.testng.TestNG.runSuitesSequentially(TestNG.java:1208)
at org.testng.TestNG.runSuitesLocally(TestNG.java:1137)
at org.testng.TestNG.runSuites(TestNG.java:1049)
at org.testng.TestNG.run(TestNG.java:1017)
at org.testng.remote.AbstractRemoteTestNG.run(AbstractRemoteTestNG.java:114)
at org.testng.remote.RemoteTestNG.initAndRun(RemoteTestNG.java:251)
at org.testng.remote.RemoteTestNG.main(RemoteTestNG.java:77)
]]>
            </full-stacktrace>
          </exception> <!-- org.openqa.selenium.InvalidSelectorException -->
          <reporter-output>
            <line>
              <![CDATA[<br/>Failed to execute method: BridgeScheduling<br/>]]>
            </line>
            <line>
              <![CDATA[<br/>]]>
            </line>
            <line>
              <![CDATA[<img src=" C:\Users\Nagaraju.kagitala\git\TestNav\Nav/Screenshots/ScreenshotsFailure/BridgeScheduling.png" alt="""/" />]]>
            </line>
          </reporter-output>
        </test-method> <!-- BridgeScheduling -->
        <test-method status="PASS" signature="tearDown(org.testng.ITestResult)[pri:0, instance:ApodGUI.Scheduling@33c7e1bb]" name="tearDown" is-config="true" duration-ms="9214" started-at="2019-09-23T11:21:47Z" finished-at="2019-09-23T11:21:56Z">
          <params>
            <param index="0">
              <value>
                <![CDATA[[TestResult name=BridgeScheduling status=FAILURE method=Scheduling.BridgeScheduling(java.lang.String, java.lang.String, java.lang.String, org.testng.ITestContext)[pri:9, instance:ApodGUI.Scheduling@33c7e1bb] output=<br/>Failed to execute method: BridgeScheduling<br/>]]]>
              </value>
            </param>
          </params>
          <reporter-output>
            <line>
              <![CDATA[Screenshots/ScreenshotsFailure/BridgeScheduling.png]]>
            </line>
          </reporter-output>
        </test-method> <!-- tearDown -->
        <test-method status="FAIL" signature="DurableScheduling(java.lang.String, java.lang.String, java.lang.String, java.lang.String, org.testng.ITestContext)[pri:10, instance:ApodGUI.Scheduling@33c7e1bb]" name="DurableScheduling" duration-ms="38669" started-at="2019-09-23T11:21:56Z" finished-at="2019-09-23T11:22:35Z">
          <params>
            <param index="0">
              <value>
                <![CDATA[ScheduleViewletObject]]>
              </value>
            </param>
            <param index="1">
              <value>
                <![CDATA[Apr]]>
              </value>
            </param>
            <param index="2">
              <value>
                <![CDATA[2028]]>
              </value>
            </param>
            <param index="3">
              <value>
                <![CDATA[Schedule.Durable]]>
              </value>
            </param>
            <param index="4">
              <value>
                <![CDATA[org.testng.TestRunner@1b266842]]>
              </value>
            </param>
          </params>
          <exception class="org.openqa.selenium.NoSuchElementException">
            <message>
              <![CDATA[no such element: Unable to locate element: {"method":"xpath","selector":"(//input[@type='text'])[3]"}
  (Session info: chrome=76.0.3809.132)
  (Driver info: chromedriver=2.41.578737 (49da6702b16031c40d63e5618de03a32ff6c197e),platform=Windows NT 10.0.18362 x86_64) (WARNING: The server did not provide any stacktrace information)
Command duration or timeout: 0 milliseconds
For documentation on this error, please visit: http://seleniumhq.org/exceptions/no_such_element.html
Build info: version: '3.14.0', revision: 'aacccce0', time: '2018-08-02T20:13:22.693Z'
System info: host: 'DESKTOP-E1JT2VR', ip: '192.168.85.1', os.name: 'Windows 10', os.arch: 'amd64', os.version: '10.0', java.version: '1.8.0_201'
Driver info: org.openqa.selenium.chrome.ChromeDriver
Capabilities {acceptInsecureCerts: false, acceptSslCerts: false, applicationCacheEnabled: false, browserConnectionEnabled: false, browserName: chrome, chrome: {chromedriverVersion: 2.41.578737 (49da6702b16031..., userDataDir: C:\Users\NAGARA~1.KAG\AppDa...}, cssSelectorsEnabled: true, databaseEnabled: false, goog:chromeOptions: {debuggerAddress: localhost:50136}, handlesAlerts: true, hasTouchScreen: false, javascriptEnabled: true, locationContextEnabled: true, mobileEmulationEnabled: false, nativeEvents: true, networkConnectionEnabled: false, pageLoadStrategy: normal, platform: XP, platformName: XP, rotatable: false, setWindowRect: true, takesHeapSnapshot: true, takesScreenshot: true, unexpectedAlertBehaviour: , unhandledPromptBehavior: , version: 76.0.3809.132, webStorageEnabled: true}
Session ID: b1eeabbf35ee069780e6cd5dafb014f3
*** Element info: {Using=xpath, value=(//input[@type='text'])[3]}]]>
            </message>
            <full-stacktrace>
              <![CDATA[org.openqa.selenium.NoSuchElementException: no such element: Unable to locate element: {"method":"xpath","selector":"(//input[@type='text'])[3]"}
  (Session info: chrome=76.0.3809.132)
  (Driver info: chromedriver=2.41.578737 (49da6702b16031c40d63e5618de03a32ff6c197e),platform=Windows NT 10.0.18362 x86_64) (WARNING: The server did not provide any stacktrace information)
Command duration or timeout: 0 milliseconds
For documentation on this error, please visit: http://seleniumhq.org/exceptions/no_such_element.html
Build info: version: '3.14.0', revision: 'aacccce0', time: '2018-08-02T20:13:22.693Z'
System info: host: 'DESKTOP-E1JT2VR', ip: '192.168.85.1', os.name: 'Windows 10', os.arch: 'amd64', os.version: '10.0', java.version: '1.8.0_201'
Driver info: org.openqa.selenium.chrome.ChromeDriver
Capabilities {acceptInsecureCerts: false, acceptSslCerts: false, applicationCacheEnabled: false, browserConnectionEnabled: false, browserName: chrome, chrome: {chromedriverVersion: 2.41.578737 (49da6702b16031..., userDataDir: C:\Users\NAGARA~1.KAG\AppDa...}, cssSelectorsEnabled: true, databaseEnabled: false, goog:chromeOptions: {debuggerAddress: localhost:50136}, handlesAlerts: true, hasTouchScreen: false, javascriptEnabled: true, locationContextEnabled: true, mobileEmulationEnabled: false, nativeEvents: true, networkConnectionEnabled: false, pageLoadStrategy: normal, platform: XP, platformName: XP, rotatable: false, setWindowRect: true, takesHeapSnapshot: true, takesScreenshot: true, unexpectedAlertBehaviour: , unhandledPromptBehavior: , version: 76.0.3809.132, webStorageEnabled: true}
Session ID: b1eeabbf35ee069780e6cd5dafb014f3
*** Element info: {Using=xpath, value=(//input[@type='text'])[3]}
at sun.reflect.NativeConstructorAccessorImpl.newInstance0(Native Method)
at sun.reflect.NativeConstructorAccessorImpl.newInstance(NativeConstructorAccessorImpl.java:62)
at sun.reflect.DelegatingConstructorAccessorImpl.newInstance(DelegatingConstructorAccessorImpl.java:45)
at java.lang.reflect.Constructor.newInstance(Constructor.java:423)
at org.openqa.selenium.remote.ErrorHandler.createThrowable(ErrorHandler.java:214)
at org.openqa.selenium.remote.ErrorHandler.throwIfResponseFailed(ErrorHandler.java:166)
at org.openqa.selenium.remote.http.JsonHttpResponseCodec.reconstructValue(JsonHttpResponseCodec.java:40)
at org.openqa.selenium.remote.http.AbstractHttpResponseCodec.decode(AbstractHttpResponseCodec.java:80)
at org.openqa.selenium.remote.http.AbstractHttpResponseCodec.decode(AbstractHttpResponseCodec.java:44)
at org.openqa.selenium.remote.HttpCommandExecutor.execute(HttpCommandExecutor.java:158)
at org.openqa.selenium.remote.service.DriverCommandExecutor.execute(DriverCommandExecutor.java:83)
at org.openqa.selenium.remote.RemoteWebDriver.execute(RemoteWebDriver.java:548)
at org.openqa.selenium.remote.RemoteWebDriver.findElement(RemoteWebDriver.java:322)
at org.openqa.selenium.remote.RemoteWebDriver.findElementByXPath(RemoteWebDriver.java:424)
at org.openqa.selenium.By$ByXPath.findElement(By.java:353)
at org.openqa.selenium.remote.RemoteWebDriver.findElement(RemoteWebDriver.java:314)
at ApodGUI.Scheduling.DurableScheduling(Scheduling.java:479)
at sun.reflect.NativeMethodAccessorImpl.invoke0(Native Method)
at sun.reflect.NativeMethodAccessorImpl.invoke(NativeMethodAccessorImpl.java:62)
at sun.reflect.DelegatingMethodAccessorImpl.invoke(DelegatingMethodAccessorImpl.java:43)
at java.lang.reflect.Method.invoke(Method.java:498)
at org.testng.internal.MethodInvocationHelper.invokeMethod(MethodInvocationHelper.java:124)
at org.testng.internal.Invoker.invokeMethod(Invoker.java:580)
at org.testng.internal.Invoker.invokeTestMethod(Invoker.java:716)
at org.testng.internal.Invoker.invokeTestMethods(Invoker.java:988)
at org.testng.internal.TestMethodWorker.invokeTestMethods(TestMethodWorker.java:125)
at org.testng.internal.TestMethodWorker.run(TestMethodWorker.java:109)
at org.testng.TestRunner.privateRun(TestRunner.java:648)
at org.testng.TestRunner.run(TestRunner.java:505)
at org.testng.SuiteRunner.runTest(SuiteRunner.java:455)
at org.testng.SuiteRunner.runSequentially(SuiteRunner.java:450)
at org.testng.SuiteRunner.privateRun(SuiteRunner.java:415)
at org.testng.SuiteRunner.run(SuiteRunner.java:364)
at org.testng.SuiteRunnerWorker.runSuite(SuiteRunnerWorker.java:52)
at org.testng.SuiteRunnerWorker.run(SuiteRunnerWorker.java:84)
at org.testng.TestNG.runSuitesSequentially(TestNG.java:1208)
at org.testng.TestNG.runSuitesLocally(TestNG.java:1137)
at org.testng.TestNG.runSuites(TestNG.java:1049)
at org.testng.TestNG.run(TestNG.java:1017)
at org.testng.remote.AbstractRemoteTestNG.run(AbstractRemoteTestNG.java:114)
at org.testng.remote.RemoteTestNG.initAndRun(RemoteTestNG.java:251)
at org.testng.remote.RemoteTestNG.main(RemoteTestNG.java:77)
]]>
            </full-stacktrace>
          </exception> <!-- org.openqa.selenium.NoSuchElementException -->
          <reporter-output>
            <line>
              <![CDATA[<br/>Failed to execute method: DurableScheduling<br/>]]>
            </line>
            <line>
              <![CDATA[<br/>]]>
            </line>
            <line>
              <![CDATA[<img src=" C:\Users\Nagaraju.kagitala\git\TestNav\Nav/Screenshots/ScreenshotsFailure/DurableScheduling.png" alt="""/" />]]>
            </line>
          </reporter-output>
        </test-method> <!-- DurableScheduling -->
        <test-method status="PASS" signature="tearDown(org.testng.ITestResult)[pri:0, instance:ApodGUI.Scheduling@33c7e1bb]" name="tearDown" is-config="true" duration-ms="9258" started-at="2019-09-23T11:22:43Z" finished-at="2019-09-23T11:22:52Z">
          <params>
            <param index="0">
              <value>
                <![CDATA[[TestResult name=DurableScheduling status=FAILURE method=Scheduling.DurableScheduling(java.lang.String, java.lang.String, java.lang.String, java.lang.String, org.testng.ITestContext)[pri:10, instance:ApodGUI.Scheduling@33c7e1bb] output=<br/>Failed to execute method: DurableScheduling<br/>]]]>
              </value>
            </param>
          </params>
          <reporter-output>
            <line>
              <![CDATA[Screenshots/ScreenshotsFailure/DurableScheduling.png]]>
            </line>
          </reporter-output>
        </test-method> <!-- tearDown -->
        <test-method status="PASS" signature="Logout()[pri:25, instance:ApodGUI.Scheduling@33c7e1bb]" name="Logout" duration-ms="8751" started-at="2019-09-23T11:22:52Z" finished-at="2019-09-23T11:23:01Z">
          <reporter-output>
          </reporter-output>
        </test-method> <!-- Logout -->
        <test-method status="PASS" signature="tearDown(org.testng.ITestResult)[pri:0, instance:ApodGUI.Scheduling@33c7e1bb]" name="tearDown" is-config="true" duration-ms="0" started-at="2019-09-23T11:23:01Z" finished-at="2019-09-23T11:23:01Z">
          <params>
            <param index="0">
              <value>
                <![CDATA[[TestResult name=Logout status=SUCCESS method=Scheduling.Logout()[pri:25, instance:ApodGUI.Scheduling@33c7e1bb] output={null}]]]>
              </value>
            </param>
          </params>
          <reporter-output>
          </reporter-output>
        </test-method> <!-- tearDown -->
      </class> <!-- ApodGUI.Scheduling -->
    </test> <!-- Schedule -->
  </suite> <!-- Navigator -->
</testng-results>
