<?xml version="1.0" encoding="UTF-8"?>
<testng-results skipped="0" failed="0" ignored="11" total="15" passed="4">
  <reporter-output>
    <line>
      <![CDATA[<br/>]]>
    </line>
    <line>
      <![CDATA[<img src=" C:\Users\Nagaraju.kagitala\git\TestNav\Nav/Screenshots/ScreenshotsSuccess/Login.png" alt="""/" />]]>
    </line>
    <line>
      <![CDATA[<br/>]]>
    </line>
    <line>
      <![CDATA[<img src=" C:\Users\Nagaraju.kagitala\git\TestNav\Nav/Screenshots/ScreenshotsSuccess/AddToFavoriteViewlet.png" alt="""/" />]]>
    </line>
    <line>
      <![CDATA[<br/>]]>
    </line>
    <line>
      <![CDATA[<img src=" C:\Users\Nagaraju.kagitala\git\TestNav\Nav/Screenshots/ScreenshotsSuccess/AddToFavoriteForMultipleTopics.png" alt="""/" />]]>
    </line>
  </reporter-output>
  <suite name="Navigator" duration-ms="112362" started-at="2020-01-09T09:53:10Z" finished-at="2020-01-09T09:55:02Z">
    <groups>
    </groups>
    <test name="Test Topic Viewlet" duration-ms="112362" started-at="2020-01-09T09:53:10Z" finished-at="2020-01-09T09:55:02Z">
      <class name="ApodGUI.EMSTopic">
        <test-method status="PASS" signature="beforeTest()[pri:0, instance:ApodGUI.EMSTopic@33c7e1bb]" name="beforeTest" is-config="true" duration-ms="12" started-at="2020-01-09T09:53:10Z" finished-at="2020-01-09T09:53:10Z">
          <reporter-output>
          </reporter-output>
        </test-method> <!-- beforeTest -->
        <test-method status="PASS" signature="Login(java.lang.String, java.lang.String, java.lang.String, java.lang.String, java.lang.String)[pri:0, instance:ApodGUI.EMSTopic@33c7e1bb]" name="Login" duration-ms="40053" started-at="2020-01-09T09:53:10Z" finished-at="2020-01-09T09:53:50Z">
          <params>
            <param index="0">
              <value>
                <![CDATA[webdriver.chrome.driver]]>
              </value>
            </param>
            <param index="1">
              <value>
                <![CDATA[Drivers/chromedriver.exe]]>
              </value>
            </param>
            <param index="2">
              <value>
                <![CDATA[TopicViewlet Verification]]>
              </value>
            </param>
            <param index="3">
              <value>
                <![CDATA[New Topic Viewlet]]>
              </value>
            </param>
            <param index="4">
              <value>
                <![CDATA[Durable Viewlet]]>
              </value>
            </param>
          </params>
          <reporter-output>
            <line>
              <![CDATA[<br/>]]>
            </line>
            <line>
              <![CDATA[<img src=" C:\Users\Nagaraju.kagitala\git\TestNav\Nav/Screenshots/ScreenshotsSuccess/Login.png" alt="""/" />]]>
            </line>
          </reporter-output>
        </test-method> <!-- Login -->
        <test-method status="PASS" signature="tearDown(org.testng.ITestResult)[pri:0, instance:ApodGUI.EMSTopic@33c7e1bb]" name="tearDown" is-config="true" duration-ms="411" started-at="2020-01-09T09:53:50Z" finished-at="2020-01-09T09:53:51Z">
          <params>
            <param index="0">
              <value>
                <![CDATA[[TestResult name=Login status=SUCCESS method=EMSTopic.Login(java.lang.String, java.lang.String, java.lang.String, java.lang.String, java.lang.String)[pri:0, instance:ApodGUI.EMSTopic@33c7e1bb] output=<br/>]]]>
              </value>
            </param>
          </params>
          <reporter-output>
          </reporter-output>
        </test-method> <!-- tearDown -->
        <test-method status="PASS" signature="AddToFavoriteViewlet(java.lang.String, org.testng.ITestContext)[pri:9, instance:ApodGUI.EMSTopic@33c7e1bb]" name="AddToFavoriteViewlet" duration-ms="7743" started-at="2020-01-09T09:53:51Z" finished-at="2020-01-09T09:53:58Z">
          <params>
            <param index="0">
              <value>
                <![CDATA[Favorite Viewlet for Topic]]>
              </value>
            </param>
            <param index="1">
              <value>
                <![CDATA[org.testng.TestRunner@1869fbd2]]>
              </value>
            </param>
          </params>
          <reporter-output>
            <line>
              <![CDATA[<br/>]]>
            </line>
            <line>
              <![CDATA[<img src=" C:\Users\Nagaraju.kagitala\git\TestNav\Nav/Screenshots/ScreenshotsSuccess/AddToFavoriteViewlet.png" alt="""/" />]]>
            </line>
          </reporter-output>
        </test-method> <!-- AddToFavoriteViewlet -->
        <test-method status="PASS" signature="tearDown(org.testng.ITestResult)[pri:0, instance:ApodGUI.EMSTopic@33c7e1bb]" name="tearDown" is-config="true" duration-ms="14940" started-at="2020-01-09T09:54:12Z" finished-at="2020-01-09T09:54:27Z">
          <params>
            <param index="0">
              <value>
                <![CDATA[[TestResult name=AddToFavoriteViewlet status=SUCCESS method=EMSTopic.AddToFavoriteViewlet(java.lang.String, org.testng.ITestContext)[pri:9, instance:ApodGUI.EMSTopic@33c7e1bb] output=<br/>]]]>
              </value>
            </param>
          </params>
          <reporter-output>
          </reporter-output>
        </test-method> <!-- tearDown -->
        <test-method status="PASS" signature="AddToFavoriteForMultipleTopics(java.lang.String, org.testng.ITestContext)[pri:15, instance:ApodGUI.EMSTopic@33c7e1bb]" name="AddToFavoriteForMultipleTopics" duration-ms="4752" started-at="2020-01-09T09:54:27Z" depends-on-methods="ApodGUI.EMSTopic.AddToFavoriteViewlet" finished-at="2020-01-09T09:54:32Z">
          <params>
            <param index="0">
              <value>
                <![CDATA[Favorite Viewlet for Topic]]>
              </value>
            </param>
            <param index="1">
              <value>
                <![CDATA[org.testng.TestRunner@1869fbd2]]>
              </value>
            </param>
          </params>
          <reporter-output>
            <line>
              <![CDATA[<br/>]]>
            </line>
            <line>
              <![CDATA[<img src=" C:\Users\Nagaraju.kagitala\git\TestNav\Nav/Screenshots/ScreenshotsSuccess/AddToFavoriteForMultipleTopics.png" alt="""/" />]]>
            </line>
          </reporter-output>
        </test-method> <!-- AddToFavoriteForMultipleTopics -->
        <test-method status="PASS" signature="tearDown(org.testng.ITestResult)[pri:0, instance:ApodGUI.EMSTopic@33c7e1bb]" name="tearDown" is-config="true" duration-ms="14659" started-at="2020-01-09T09:54:45Z" finished-at="2020-01-09T09:55:00Z">
          <params>
            <param index="0">
              <value>
                <![CDATA[[TestResult name=AddToFavoriteForMultipleTopics status=SUCCESS method=EMSTopic.AddToFavoriteForMultipleTopics(java.lang.String, org.testng.ITestContext)[pri:15, instance:ApodGUI.EMSTopic@33c7e1bb] output=<br/>]]]>
              </value>
            </param>
          </params>
          <reporter-output>
          </reporter-output>
        </test-method> <!-- tearDown -->
        <test-method status="PASS" signature="Logout()[pri:20, instance:ApodGUI.EMSTopic@33c7e1bb]" name="Logout" duration-ms="2475" started-at="2020-01-09T09:55:00Z" finished-at="2020-01-09T09:55:02Z">
          <reporter-output>
          </reporter-output>
        </test-method> <!-- Logout -->
        <test-method status="PASS" signature="tearDown(org.testng.ITestResult)[pri:0, instance:ApodGUI.EMSTopic@33c7e1bb]" name="tearDown" is-config="true" duration-ms="0" started-at="2020-01-09T09:55:02Z" finished-at="2020-01-09T09:55:02Z">
          <params>
            <param index="0">
              <value>
                <![CDATA[[TestResult name=Logout status=SUCCESS method=EMSTopic.Logout()[pri:20, instance:ApodGUI.EMSTopic@33c7e1bb] output={null}]]]>
              </value>
            </param>
          </params>
          <reporter-output>
          </reporter-output>
        </test-method> <!-- tearDown -->
      </class> <!-- ApodGUI.EMSTopic -->
    </test> <!-- Test Topic Viewlet -->
  </suite> <!-- Navigator -->
</testng-results>
