<?xml version="1.0" encoding="UTF-8"?>
<testng-results skipped="0" failed="0" ignored="3" total="8" passed="5">
  <reporter-output>
    <line>
      <![CDATA[<br/>]]>
    </line>
    <line>
      <![CDATA[<img src=" F:\Selenium Automation\TestRailNavigator/Screenshots/ScreenshotsSuccess/Login.png" alt="""/" />]]>
    </line>
    <line>
      <![CDATA[<br/>]]>
    </line>
    <line>
      <![CDATA[<img src=" F:\Selenium Automation\TestRailNavigator/Screenshots/ScreenshotsSuccess/AddClusterQueueManagerViewlet.png" alt="""/" />]]>
    </line>
    <line>
      <![CDATA[<br/>]]>
    </line>
    <line>
      <![CDATA[<img src=" F:\Selenium Automation\TestRailNavigator/Screenshots/ScreenshotsSuccess/AddToFavoriteViewlet.png" alt="""/" />]]>
    </line>
    <line>
      <![CDATA[<br/>]]>
    </line>
    <line>
      <![CDATA[<img src=" F:\Selenium Automation\TestRailNavigator/Screenshots/ScreenshotsSuccess/AddToFavoriteForMultipleClusterQMs.png" alt="""/" />]]>
    </line>
  </reporter-output>
  <suite name="Navigator" duration-ms="82639" started-at="2019-08-30T06:12:12Z" finished-at="2019-08-30T06:13:35Z">
    <groups>
    </groups>
    <test name="Test Cluster QM Viewlet" duration-ms="82639" started-at="2019-08-30T06:12:12Z" finished-at="2019-08-30T06:13:35Z">
      <class name="ApodGUI.ClusterQueueManager">
        <test-method status="PASS" signature="beforeTest()[pri:0, instance:ApodGUI.ClusterQueueManager@2bbf4b8b]" name="beforeTest" is-config="true" duration-ms="10" started-at="2019-08-30T06:12:12Z" finished-at="2019-08-30T06:12:12Z">
          <reporter-output>
          </reporter-output>
        </test-method> <!-- beforeTest -->
        <test-method status="PASS" signature="Login(java.lang.String, java.lang.String, java.lang.String)[pri:0, instance:ApodGUI.ClusterQueueManager@2bbf4b8b]" name="Login" duration-ms="19249" started-at="2019-08-30T06:12:12Z" finished-at="2019-08-30T06:12:31Z">
          <params>
            <param index="0">
              <value>
                <![CDATA[webdriver.chrome.driver]]>
              </value>
            </param>
            <param index="1">
              <value>
                <![CDATA[Drivers/chromedriver.exe]]>
              </value>
            </param>
            <param index="2">
              <value>
                <![CDATA[Cluster QM Verification]]>
              </value>
            </param>
          </params>
          <reporter-output>
            <line>
              <![CDATA[<br/>]]>
            </line>
            <line>
              <![CDATA[<img src=" F:\Selenium Automation\TestRailNavigator/Screenshots/ScreenshotsSuccess/Login.png" alt="""/" />]]>
            </line>
          </reporter-output>
        </test-method> <!-- Login -->
        <test-method status="PASS" signature="tearDown(org.testng.ITestResult)[pri:0, instance:ApodGUI.ClusterQueueManager@2bbf4b8b]" name="tearDown" is-config="true" duration-ms="469" started-at="2019-08-30T06:12:31Z" finished-at="2019-08-30T06:12:32Z">
          <params>
            <param index="0">
              <value>
                <![CDATA[[TestResult name=Login status=SUCCESS method=ClusterQueueManager.Login(java.lang.String, java.lang.String, java.lang.String)[pri:0, instance:ApodGUI.ClusterQueueManager@2bbf4b8b] output=<br/>]]]>
              </value>
            </param>
          </params>
          <reporter-output>
          </reporter-output>
        </test-method> <!-- tearDown -->
        <test-method status="PASS" signature="AddClusterQueueManagerViewlet(java.lang.String, org.testng.ITestContext)[pri:1, instance:ApodGUI.ClusterQueueManager@2bbf4b8b]" name="AddClusterQueueManagerViewlet" duration-ms="4716" started-at="2019-08-30T06:12:32Z" finished-at="2019-08-30T06:12:36Z">
          <params>
            <param index="0">
              <value>
                <![CDATA[New Cluster Queue Manager Viewlet]]>
              </value>
            </param>
            <param index="1">
              <value>
                <![CDATA[org.testng.TestRunner@6c61a903]]>
              </value>
            </param>
          </params>
          <reporter-output>
            <line>
              <![CDATA[<br/>]]>
            </line>
            <line>
              <![CDATA[<img src=" F:\Selenium Automation\TestRailNavigator/Screenshots/ScreenshotsSuccess/AddClusterQueueManagerViewlet.png" alt="""/" />]]>
            </line>
          </reporter-output>
        </test-method> <!-- AddClusterQueueManagerViewlet -->
        <test-method status="PASS" signature="tearDown(org.testng.ITestResult)[pri:0, instance:ApodGUI.ClusterQueueManager@2bbf4b8b]" name="tearDown" is-config="true" duration-ms="7649" started-at="2019-08-30T06:12:43Z" finished-at="2019-08-30T06:12:51Z">
          <params>
            <param index="0">
              <value>
                <![CDATA[[TestResult name=AddClusterQueueManagerViewlet status=SUCCESS method=ClusterQueueManager.AddClusterQueueManagerViewlet(java.lang.String, org.testng.ITestContext)[pri:1, instance:ApodGUI.ClusterQueueManager@2bbf4b8b] output=<br/>]]]>
              </value>
            </param>
          </params>
          <reporter-output>
          </reporter-output>
        </test-method> <!-- tearDown -->
        <test-method status="PASS" signature="AddToFavoriteViewlet(java.lang.String, org.testng.ITestContext)[pri:4, instance:ApodGUI.ClusterQueueManager@2bbf4b8b]" name="AddToFavoriteViewlet" duration-ms="7994" started-at="2019-08-30T06:12:51Z" finished-at="2019-08-30T06:12:59Z">
          <params>
            <param index="0">
              <value>
                <![CDATA[Cluster QM Favorite viewlet]]>
              </value>
            </param>
            <param index="1">
              <value>
                <![CDATA[org.testng.TestRunner@6c61a903]]>
              </value>
            </param>
          </params>
          <reporter-output>
            <line>
              <![CDATA[<br/>]]>
            </line>
            <line>
              <![CDATA[<img src=" F:\Selenium Automation\TestRailNavigator/Screenshots/ScreenshotsSuccess/AddToFavoriteViewlet.png" alt="""/" />]]>
            </line>
          </reporter-output>
        </test-method> <!-- AddToFavoriteViewlet -->
        <test-method status="PASS" signature="tearDown(org.testng.ITestResult)[pri:0, instance:ApodGUI.ClusterQueueManager@2bbf4b8b]" name="tearDown" is-config="true" duration-ms="8198" started-at="2019-08-30T06:13:05Z" finished-at="2019-08-30T06:13:13Z">
          <params>
            <param index="0">
              <value>
                <![CDATA[[TestResult name=AddToFavoriteViewlet status=SUCCESS method=ClusterQueueManager.AddToFavoriteViewlet(java.lang.String, org.testng.ITestContext)[pri:4, instance:ApodGUI.ClusterQueueManager@2bbf4b8b] output=<br/>]]]>
              </value>
            </param>
          </params>
          <reporter-output>
          </reporter-output>
        </test-method> <!-- tearDown -->
        <test-method status="PASS" signature="AddToFavoriteForMultipleClusterQMs(java.lang.String, org.testng.ITestContext)[pri:6, instance:ApodGUI.ClusterQueueManager@2bbf4b8b]" name="AddToFavoriteForMultipleClusterQMs" duration-ms="4725" started-at="2019-08-30T06:13:13Z" finished-at="2019-08-30T06:13:18Z">
          <params>
            <param index="0">
              <value>
                <![CDATA[Cluster QM Favorite viewlet]]>
              </value>
            </param>
            <param index="1">
              <value>
                <![CDATA[org.testng.TestRunner@6c61a903]]>
              </value>
            </param>
          </params>
          <reporter-output>
            <line>
              <![CDATA[<br/>]]>
            </line>
            <line>
              <![CDATA[<img src=" F:\Selenium Automation\TestRailNavigator/Screenshots/ScreenshotsSuccess/AddToFavoriteForMultipleClusterQMs.png" alt="""/" />]]>
            </line>
          </reporter-output>
        </test-method> <!-- AddToFavoriteForMultipleClusterQMs -->
        <test-method status="PASS" signature="tearDown(org.testng.ITestResult)[pri:0, instance:ApodGUI.ClusterQueueManager@2bbf4b8b]" name="tearDown" is-config="true" duration-ms="7868" started-at="2019-08-30T06:13:24Z" finished-at="2019-08-30T06:13:32Z">
          <params>
            <param index="0">
              <value>
                <![CDATA[[TestResult name=AddToFavoriteForMultipleClusterQMs status=SUCCESS method=ClusterQueueManager.AddToFavoriteForMultipleClusterQMs(java.lang.String, org.testng.ITestContext)[pri:6, instance:ApodGUI.ClusterQueueManager@2bbf4b8b] output=<br/>]]]>
              </value>
            </param>
          </params>
          <reporter-output>
          </reporter-output>
        </test-method> <!-- tearDown -->
        <test-method status="PASS" signature="Logout()[pri:11, instance:ApodGUI.ClusterQueueManager@2bbf4b8b]" name="Logout" duration-ms="2547" started-at="2019-08-30T06:13:32Z" finished-at="2019-08-30T06:13:35Z">
          <reporter-output>
          </reporter-output>
        </test-method> <!-- Logout -->
        <test-method status="PASS" signature="tearDown(org.testng.ITestResult)[pri:0, instance:ApodGUI.ClusterQueueManager@2bbf4b8b]" name="tearDown" is-config="true" duration-ms="0" started-at="2019-08-30T06:13:35Z" finished-at="2019-08-30T06:13:35Z">
          <params>
            <param index="0">
              <value>
                <![CDATA[[TestResult name=Logout status=SUCCESS method=ClusterQueueManager.Logout()[pri:11, instance:ApodGUI.ClusterQueueManager@2bbf4b8b] output={null}]]]>
              </value>
            </param>
          </params>
          <reporter-output>
          </reporter-output>
        </test-method> <!-- tearDown -->
      </class> <!-- ApodGUI.ClusterQueueManager -->
    </test> <!-- Test Cluster QM Viewlet -->
  </suite> <!-- Navigator -->
</testng-results>
