<?xml version="1.0" encoding="UTF-8"?>
<testng-results skipped="0" failed="0" ignored="0" total="9" passed="9">
  <reporter-output>
    <line>
      <![CDATA[<br/>]]>
    </line>
    <line>
      <![CDATA[<img src=" C:\Users\Nagaraju.kagitala\git\TestNav\Nav/Screenshots/ScreenshotsSuccess/Login.png" alt="""/" />]]>
    </line>
    <line>
      <![CDATA[<br/>]]>
    </line>
    <line>
      <![CDATA[<img src=" C:\Users\Nagaraju.kagitala\git\TestNav\Nav/Screenshots/ScreenshotsSuccess/CreateViewletUsingObjectCheckbox.png" alt="""/" />]]>
    </line>
    <line>
      <![CDATA[<br/>]]>
    </line>
    <line>
      <![CDATA[<img src=" C:\Users\Nagaraju.kagitala\git\TestNav\Nav/Screenshots/ScreenshotsSuccess/CreateATemporaryViewletUsingSearchCheckbox.png" alt="""/" />]]>
    </line>
    <line>
      <![CDATA[<br/>]]>
    </line>
    <line>
      <![CDATA[<img src=" C:\Users\Nagaraju.kagitala\git\TestNav\Nav/Screenshots/ScreenshotsSuccess/CreateFavoriteViewletUsingCheckbox.png" alt="""/" />]]>
    </line>
    <line>
      <![CDATA[<br/>]]>
    </line>
    <line>
      <![CDATA[<img src=" C:\Users\Nagaraju.kagitala\git\TestNav\Nav/Screenshots/ScreenshotsSuccess/OpenAnExistingCheckbox.png" alt="""/" />]]>
    </line>
    <line>
      <![CDATA[<br/>]]>
    </line>
    <line>
      <![CDATA[<img src=" C:\Users\Nagaraju.kagitala\git\TestNav\Nav/Screenshots/ScreenshotsSuccess/CreateTemporaryViewletUsingTemporaryViewletCheckbox.png" alt="""/" />]]>
    </line>
    <line>
      <![CDATA[<br/>]]>
    </line>
    <line>
      <![CDATA[<img src=" C:\Users\Nagaraju.kagitala\git\TestNav\Nav/Screenshots/ScreenshotsSuccess/EditViewletOption.png" alt="""/" />]]>
    </line>
    <line>
      <![CDATA[<br/>]]>
    </line>
    <line>
      <![CDATA[<img src=" C:\Users\Nagaraju.kagitala\git\TestNav\Nav/Screenshots/ScreenshotsSuccess/DeleteViewletOption.png" alt="""/" />]]>
    </line>
  </reporter-output>
  <suite name="Navigator" duration-ms="92825" started-at="2020-03-10T13:31:07Z" finished-at="2020-03-10T13:32:40Z">
    <groups>
    </groups>
    <test name="Create viewlet types" duration-ms="92825" started-at="2020-03-10T13:31:07Z" finished-at="2020-03-10T13:32:40Z">
      <class name="ApodGUI.CreateViewletTypesUsingViewletButton">
        <test-method status="PASS" signature="beforeTest()[pri:0, instance:ApodGUI.CreateViewletTypesUsingViewletButton@528931cf]" name="beforeTest" is-config="true" duration-ms="16" started-at="2020-03-10T13:31:07Z" finished-at="2020-03-10T13:31:07Z">
          <reporter-output>
          </reporter-output>
        </test-method> <!-- beforeTest -->
        <test-method status="PASS" signature="Login(java.lang.String, java.lang.String, java.lang.String)[pri:0, instance:ApodGUI.CreateViewletTypesUsingViewletButton@528931cf]" name="Login" duration-ms="23560" started-at="2020-03-10T13:31:07Z" finished-at="2020-03-10T13:31:31Z">
          <params>
            <param index="0">
              <value>
                <![CDATA[webdriver.chrome.driver]]>
              </value>
            </param>
            <param index="1">
              <value>
                <![CDATA[Drivers/chromedriver.exe]]>
              </value>
            </param>
            <param index="2">
              <value>
                <![CDATA[Viewet Button Options]]>
              </value>
            </param>
          </params>
          <reporter-output>
            <line>
              <![CDATA[<br/>]]>
            </line>
            <line>
              <![CDATA[<img src=" C:\Users\Nagaraju.kagitala\git\TestNav\Nav/Screenshots/ScreenshotsSuccess/Login.png" alt="""/" />]]>
            </line>
          </reporter-output>
        </test-method> <!-- Login -->
        <test-method status="PASS" signature="tearDown(org.testng.ITestResult)[pri:0, instance:ApodGUI.CreateViewletTypesUsingViewletButton@528931cf]" name="tearDown" is-config="true" duration-ms="447" started-at="2020-03-10T13:31:31Z" finished-at="2020-03-10T13:31:31Z">
          <params>
            <param index="0">
              <value>
                <![CDATA[[TestResult name=Login status=SUCCESS method=CreateViewletTypesUsingViewletButton.Login(java.lang.String, java.lang.String, java.lang.String)[pri:0, instance:ApodGUI.CreateViewletTypesUsingViewletButton@528931cf] output=<br/>]]]>
              </value>
            </param>
          </params>
          <reporter-output>
          </reporter-output>
        </test-method> <!-- tearDown -->
        <test-method status="PASS" signature="CreateViewletUsingObjectCheckbox(java.lang.String, org.testng.ITestContext)[pri:1, instance:ApodGUI.CreateViewletTypesUsingViewletButton@528931cf]" name="CreateViewletUsingObjectCheckbox" duration-ms="2898" started-at="2020-03-10T13:31:31Z" finished-at="2020-03-10T13:31:34Z">
          <params>
            <param index="0">
              <value>
                <![CDATA[Node Viewlet]]>
              </value>
            </param>
            <param index="1">
              <value>
                <![CDATA[org.testng.TestRunner@352ff4da]]>
              </value>
            </param>
          </params>
          <reporter-output>
            <line>
              <![CDATA[<br/>]]>
            </line>
            <line>
              <![CDATA[<img src=" C:\Users\Nagaraju.kagitala\git\TestNav\Nav/Screenshots/ScreenshotsSuccess/CreateViewletUsingObjectCheckbox.png" alt="""/" />]]>
            </line>
          </reporter-output>
        </test-method> <!-- CreateViewletUsingObjectCheckbox -->
        <test-method status="PASS" signature="tearDown(org.testng.ITestResult)[pri:0, instance:ApodGUI.CreateViewletTypesUsingViewletButton@528931cf]" name="tearDown" is-config="true" duration-ms="359" started-at="2020-03-10T13:31:34Z" finished-at="2020-03-10T13:31:34Z">
          <params>
            <param index="0">
              <value>
                <![CDATA[[TestResult name=CreateViewletUsingObjectCheckbox status=SUCCESS method=CreateViewletTypesUsingViewletButton.CreateViewletUsingObjectCheckbox(java.lang.String, org.testng.ITestContext)[pri:1, instance:ApodGUI.CreateViewletTypesUsingViewletButton@528931cf] output=<br/>]]]>
              </value>
            </param>
          </params>
          <reporter-output>
          </reporter-output>
        </test-method> <!-- tearDown -->
        <test-method status="PASS" signature="CreateATemporaryViewletUsingSearchCheckbox(org.testng.ITestContext)[pri:2, instance:ApodGUI.CreateViewletTypesUsingViewletButton@528931cf]" name="CreateATemporaryViewletUsingSearchCheckbox" duration-ms="3678" started-at="2020-03-10T13:31:34Z" finished-at="2020-03-10T13:31:38Z">
          <params>
            <param index="0">
              <value>
                <![CDATA[org.testng.TestRunner@352ff4da]]>
              </value>
            </param>
          </params>
          <reporter-output>
            <line>
              <![CDATA[<br/>]]>
            </line>
            <line>
              <![CDATA[<img src=" C:\Users\Nagaraju.kagitala\git\TestNav\Nav/Screenshots/ScreenshotsSuccess/CreateATemporaryViewletUsingSearchCheckbox.png" alt="""/" />]]>
            </line>
          </reporter-output>
        </test-method> <!-- CreateATemporaryViewletUsingSearchCheckbox -->
        <test-method status="PASS" signature="tearDown(org.testng.ITestResult)[pri:0, instance:ApodGUI.CreateViewletTypesUsingViewletButton@528931cf]" name="tearDown" is-config="true" duration-ms="389" started-at="2020-03-10T13:31:38Z" finished-at="2020-03-10T13:31:38Z">
          <params>
            <param index="0">
              <value>
                <![CDATA[[TestResult name=CreateATemporaryViewletUsingSearchCheckbox status=SUCCESS method=CreateViewletTypesUsingViewletButton.CreateATemporaryViewletUsingSearchCheckbox(org.testng.ITestContext)[pri:2, instance:ApodGUI.CreateViewletTypesUsingViewletButton@528931cf] output=<br/>]]]>
              </value>
            </param>
          </params>
          <reporter-output>
          </reporter-output>
        </test-method> <!-- tearDown -->
        <test-method status="PASS" signature="CreateFavoriteViewletUsingCheckbox(java.lang.String, org.testng.ITestContext)[pri:3, instance:ApodGUI.CreateViewletTypesUsingViewletButton@528931cf]" name="CreateFavoriteViewletUsingCheckbox" duration-ms="2997" started-at="2020-03-10T13:31:38Z" finished-at="2020-03-10T13:31:41Z">
          <params>
            <param index="0">
              <value>
                <![CDATA[New Favorite Viewlet]]>
              </value>
            </param>
            <param index="1">
              <value>
                <![CDATA[org.testng.TestRunner@352ff4da]]>
              </value>
            </param>
          </params>
          <reporter-output>
            <line>
              <![CDATA[<br/>]]>
            </line>
            <line>
              <![CDATA[<img src=" C:\Users\Nagaraju.kagitala\git\TestNav\Nav/Screenshots/ScreenshotsSuccess/CreateFavoriteViewletUsingCheckbox.png" alt="""/" />]]>
            </line>
          </reporter-output>
        </test-method> <!-- CreateFavoriteViewletUsingCheckbox -->
        <test-method status="PASS" signature="tearDown(org.testng.ITestResult)[pri:0, instance:ApodGUI.CreateViewletTypesUsingViewletButton@528931cf]" name="tearDown" is-config="true" duration-ms="392" started-at="2020-03-10T13:31:41Z" finished-at="2020-03-10T13:31:42Z">
          <params>
            <param index="0">
              <value>
                <![CDATA[[TestResult name=CreateFavoriteViewletUsingCheckbox status=SUCCESS method=CreateViewletTypesUsingViewletButton.CreateFavoriteViewletUsingCheckbox(java.lang.String, org.testng.ITestContext)[pri:3, instance:ApodGUI.CreateViewletTypesUsingViewletButton@528931cf] output=<br/>]]]>
              </value>
            </param>
          </params>
          <reporter-output>
          </reporter-output>
        </test-method> <!-- tearDown -->
        <test-method status="PASS" signature="OpenAnExistingCheckbox(org.testng.ITestContext)[pri:4, instance:ApodGUI.CreateViewletTypesUsingViewletButton@528931cf]" name="OpenAnExistingCheckbox" duration-ms="1328" started-at="2020-03-10T13:31:42Z" finished-at="2020-03-10T13:31:43Z">
          <params>
            <param index="0">
              <value>
                <![CDATA[org.testng.TestRunner@352ff4da]]>
              </value>
            </param>
          </params>
          <reporter-output>
            <line>
              <![CDATA[<br/>]]>
            </line>
            <line>
              <![CDATA[<img src=" C:\Users\Nagaraju.kagitala\git\TestNav\Nav/Screenshots/ScreenshotsSuccess/OpenAnExistingCheckbox.png" alt="""/" />]]>
            </line>
          </reporter-output>
        </test-method> <!-- OpenAnExistingCheckbox -->
        <test-method status="PASS" signature="tearDown(org.testng.ITestResult)[pri:0, instance:ApodGUI.CreateViewletTypesUsingViewletButton@528931cf]" name="tearDown" is-config="true" duration-ms="392" started-at="2020-03-10T13:31:43Z" finished-at="2020-03-10T13:31:43Z">
          <params>
            <param index="0">
              <value>
                <![CDATA[[TestResult name=OpenAnExistingCheckbox status=SUCCESS method=CreateViewletTypesUsingViewletButton.OpenAnExistingCheckbox(org.testng.ITestContext)[pri:4, instance:ApodGUI.CreateViewletTypesUsingViewletButton@528931cf] output=<br/>]]]>
              </value>
            </param>
          </params>
          <reporter-output>
          </reporter-output>
        </test-method> <!-- tearDown -->
        <test-method status="PASS" signature="CreateTemporaryViewletUsingTemporaryViewletCheckbox(java.lang.String, org.testng.ITestContext)[pri:5, instance:ApodGUI.CreateViewletTypesUsingViewletButton@528931cf]" name="CreateTemporaryViewletUsingTemporaryViewletCheckbox" duration-ms="24837" started-at="2020-03-10T13:31:43Z" finished-at="2020-03-10T13:32:08Z">
          <params>
            <param index="0">
              <value>
                <![CDATA[Viewet Button Options]]>
              </value>
            </param>
            <param index="1">
              <value>
                <![CDATA[org.testng.TestRunner@352ff4da]]>
              </value>
            </param>
          </params>
          <reporter-output>
            <line>
              <![CDATA[<br/>]]>
            </line>
            <line>
              <![CDATA[<img src=" C:\Users\Nagaraju.kagitala\git\TestNav\Nav/Screenshots/ScreenshotsSuccess/CreateTemporaryViewletUsingTemporaryViewletCheckbox.png" alt="""/" />]]>
            </line>
          </reporter-output>
        </test-method> <!-- CreateTemporaryViewletUsingTemporaryViewletCheckbox -->
        <test-method status="PASS" signature="tearDown(org.testng.ITestResult)[pri:0, instance:ApodGUI.CreateViewletTypesUsingViewletButton@528931cf]" name="tearDown" is-config="true" duration-ms="17839" started-at="2020-03-10T13:32:08Z" finished-at="2020-03-10T13:32:26Z">
          <params>
            <param index="0">
              <value>
                <![CDATA[[TestResult name=CreateTemporaryViewletUsingTemporaryViewletCheckbox status=SUCCESS method=CreateViewletTypesUsingViewletButton.CreateTemporaryViewletUsingTemporaryViewletCheckbox(java.lang.String, org.testng.ITestContext)[pri:5, instance:ApodGUI.CreateViewletTypesUsingViewletButton@528931cf] output=<br/>]]]>
              </value>
            </param>
          </params>
          <reporter-output>
          </reporter-output>
        </test-method> <!-- tearDown -->
        <test-method status="PASS" signature="EditViewletOption(java.lang.String, org.testng.ITestContext)[pri:6, instance:ApodGUI.CreateViewletTypesUsingViewletButton@528931cf]" name="EditViewletOption" duration-ms="3992" started-at="2020-03-10T13:32:26Z" finished-at="2020-03-10T13:32:30Z">
          <params>
            <param index="0">
              <value>
                <![CDATA[Testing Edit viewlet21]]>
              </value>
            </param>
            <param index="1">
              <value>
                <![CDATA[org.testng.TestRunner@352ff4da]]>
              </value>
            </param>
          </params>
          <reporter-output>
            <line>
              <![CDATA[<br/>]]>
            </line>
            <line>
              <![CDATA[<img src=" C:\Users\Nagaraju.kagitala\git\TestNav\Nav/Screenshots/ScreenshotsSuccess/EditViewletOption.png" alt="""/" />]]>
            </line>
          </reporter-output>
        </test-method> <!-- EditViewletOption -->
        <test-method status="PASS" signature="tearDown(org.testng.ITestResult)[pri:0, instance:ApodGUI.CreateViewletTypesUsingViewletButton@528931cf]" name="tearDown" is-config="true" duration-ms="385" started-at="2020-03-10T13:32:30Z" finished-at="2020-03-10T13:32:31Z">
          <params>
            <param index="0">
              <value>
                <![CDATA[[TestResult name=EditViewletOption status=SUCCESS method=CreateViewletTypesUsingViewletButton.EditViewletOption(java.lang.String, org.testng.ITestContext)[pri:6, instance:ApodGUI.CreateViewletTypesUsingViewletButton@528931cf] output=<br/>]]]>
              </value>
            </param>
          </params>
          <reporter-output>
          </reporter-output>
        </test-method> <!-- tearDown -->
        <test-method status="PASS" signature="DeleteViewletOption(org.testng.ITestContext)[pri:7, instance:ApodGUI.CreateViewletTypesUsingViewletButton@528931cf]" name="DeleteViewletOption" duration-ms="6402" started-at="2020-03-10T13:32:31Z" finished-at="2020-03-10T13:32:37Z">
          <params>
            <param index="0">
              <value>
                <![CDATA[org.testng.TestRunner@352ff4da]]>
              </value>
            </param>
          </params>
          <reporter-output>
            <line>
              <![CDATA[<br/>]]>
            </line>
            <line>
              <![CDATA[<img src=" C:\Users\Nagaraju.kagitala\git\TestNav\Nav/Screenshots/ScreenshotsSuccess/DeleteViewletOption.png" alt="""/" />]]>
            </line>
          </reporter-output>
        </test-method> <!-- DeleteViewletOption -->
        <test-method status="PASS" signature="tearDown(org.testng.ITestResult)[pri:0, instance:ApodGUI.CreateViewletTypesUsingViewletButton@528931cf]" name="tearDown" is-config="true" duration-ms="367" started-at="2020-03-10T13:32:37Z" finished-at="2020-03-10T13:32:37Z">
          <params>
            <param index="0">
              <value>
                <![CDATA[[TestResult name=DeleteViewletOption status=SUCCESS method=CreateViewletTypesUsingViewletButton.DeleteViewletOption(org.testng.ITestContext)[pri:7, instance:ApodGUI.CreateViewletTypesUsingViewletButton@528931cf] output=<br/>]]]>
              </value>
            </param>
          </params>
          <reporter-output>
          </reporter-output>
        </test-method> <!-- tearDown -->
        <test-method status="PASS" signature="Logout()[pri:20, instance:ApodGUI.CreateViewletTypesUsingViewletButton@528931cf]" name="Logout" duration-ms="2490" started-at="2020-03-10T13:32:37Z" finished-at="2020-03-10T13:32:40Z">
          <reporter-output>
          </reporter-output>
        </test-method> <!-- Logout -->
        <test-method status="PASS" signature="tearDown(org.testng.ITestResult)[pri:0, instance:ApodGUI.CreateViewletTypesUsingViewletButton@528931cf]" name="tearDown" is-config="true" duration-ms="0" started-at="2020-03-10T13:32:40Z" finished-at="2020-03-10T13:32:40Z">
          <params>
            <param index="0">
              <value>
                <![CDATA[[TestResult name=Logout status=SUCCESS method=CreateViewletTypesUsingViewletButton.Logout()[pri:20, instance:ApodGUI.CreateViewletTypesUsingViewletButton@528931cf] output={null}]]]>
              </value>
            </param>
          </params>
          <reporter-output>
          </reporter-output>
        </test-method> <!-- tearDown -->
      </class> <!-- ApodGUI.CreateViewletTypesUsingViewletButton -->
    </test> <!-- Create viewlet types -->
  </suite> <!-- Navigator -->
</testng-results>
