<?xml version="1.0" encoding="UTF-8"?>
<testng-results skipped="0" failed="0" ignored="0" total="4" passed="4">
  <reporter-output>
  </reporter-output>
  <suite name="Navigator" duration-ms="28631" started-at="2019-09-05T09:45:54Z" finished-at="2019-09-05T09:46:23Z">
    <groups>
    </groups>
    <test name="Attribute Filter Condition" duration-ms="28631" started-at="2019-09-05T09:45:54Z" finished-at="2019-09-05T09:46:23Z">
      <class name="ApodGUI.AttributeFilterCondition">
        <test-method status="PASS" signature="Login(java.lang.String, java.lang.String, java.lang.String, java.lang.String, java.lang.String)[pri:0, instance:ApodGUI.AttributeFilterCondition@536aaa8d]" name="Login" duration-ms="14484" started-at="2019-09-05T09:45:54Z" finished-at="2019-09-05T09:46:09Z">
          <params>
            <param index="0">
              <value>
                <![CDATA[webdriver.chrome.driver]]>
              </value>
            </param>
            <param index="1">
              <value>
                <![CDATA[Drivers/chromedriver.exe]]>
              </value>
            </param>
            <param index="2">
              <value>
                <![CDATA[/navigator/#/login]]>
              </value>
            </param>
            <param index="3">
              <value>
                <![CDATA[Admin]]>
              </value>
            </param>
            <param index="4">
              <value>
                <![CDATA[admin]]>
              </value>
            </param>
          </params>
          <reporter-output>
          </reporter-output>
        </test-method> <!-- Login -->
        <test-method status="PASS" signature="AddDashboard(java.lang.String, java.lang.String, int, java.lang.String)[pri:1, instance:ApodGUI.AttributeFilterCondition@536aaa8d]" name="AddDashboard" duration-ms="4756" started-at="2019-09-05T09:46:09Z" finished-at="2019-09-05T09:46:14Z">
          <params>
            <param index="0">
              <value>
                <![CDATA[Attribute Filter Dashboard]]>
              </value>
            </param>
            <param index="1">
              <value>
                <![CDATA[DESKTOP-E1JT2VR]]>
              </value>
            </param>
            <param index="2">
              <value>
                <![CDATA[0]]>
              </value>
            </param>
            <param index="3">
              <value>
                <![CDATA[MGR]]>
              </value>
            </param>
          </params>
          <reporter-output>
          </reporter-output>
        </test-method> <!-- AddDashboard -->
        <test-method status="PASS" signature="AddAttributeFilterCondition(java.lang.String, java.lang.String, java.lang.String)[pri:2, instance:ApodGUI.AttributeFilterCondition@536aaa8d]" name="AddAttributeFilterCondition" duration-ms="9133" started-at="2019-09-05T09:46:14Z" finished-at="2019-09-05T09:46:23Z">
          <params>
            <param index="0">
              <value>
                <![CDATA[Test Condtition]]>
              </value>
            </param>
            <param index="1">
              <value>
                <![CDATA[20000]]>
              </value>
            </param>
            <param index="2">
              <value>
                <![CDATA[Maximum Depth]]>
              </value>
            </param>
          </params>
          <reporter-output>
          </reporter-output>
        </test-method> <!-- AddAttributeFilterCondition -->
        <test-method status="PASS" signature="Logout()[pri:3, instance:ApodGUI.AttributeFilterCondition@536aaa8d]" name="Logout" duration-ms="231" started-at="2019-09-05T09:46:23Z" finished-at="2019-09-05T09:46:23Z">
          <reporter-output>
          </reporter-output>
        </test-method> <!-- Logout -->
      </class> <!-- ApodGUI.AttributeFilterCondition -->
    </test> <!-- Attribute Filter Condition -->
  </suite> <!-- Navigator -->
</testng-results>
