<?xml version="1.0" encoding="UTF-8"?>
<testng-results skipped="0" failed="1" ignored="11" total="18" passed="6">
  <reporter-output>
    <line>
      <![CDATA[<br/>]]>
    </line>
    <line>
      <![CDATA[<img src=" C:\Users\Nagaraju.kagitala\git\TestNav\Nav/Screenshots/ScreenshotsSuccess/Login.png" alt="""/" />]]>
    </line>
    <line>
      <![CDATA[<br/>]]>
    </line>
    <line>
      <![CDATA[<img src=" C:\Users\Nagaraju.kagitala\git\TestNav\Nav/Screenshots/ScreenshotsSuccess/AddTopicViewlet.png" alt="""/" />]]>
    </line>
    <line>
      <![CDATA[<br/>]]>
    </line>
    <line>
      <![CDATA[<img src=" C:\Users\Nagaraju.kagitala\git\TestNav\Nav/Screenshots/ScreenshotsSuccess/CreateTopic.png" alt="""/" />]]>
    </line>
    <line>
      <![CDATA[<br/>]]>
    </line>
    <line>
      <![CDATA[<img src=" C:\Users\Nagaraju.kagitala\git\TestNav\Nav/Screenshots/ScreenshotsSuccess/CopyAsFromCommands.png" alt="""/" />]]>
    </line>
    <line>
      <![CDATA[<br/>]]>
    </line>
    <line>
      <![CDATA[<img src=" C:\Users\Nagaraju.kagitala\git\TestNav\Nav/Screenshots/ScreenshotsSuccess/DeleteFromCommands.png" alt="""/" />]]>
    </line>
    <line>
      <![CDATA[Screenshots/ScreenshotsFailure/PublishFromCommands.png]]>
    </line>
    <line>
      <![CDATA[<br/>Failed to execute method: PublishFromCommands<br/>]]>
    </line>
    <line>
      <![CDATA[<br/>]]>
    </line>
    <line>
      <![CDATA[<img src=" C:\Users\Nagaraju.kagitala\git\TestNav\Nav/Screenshots/ScreenshotsFailure/PublishFromCommands.png" alt="""/" />]]>
    </line>
  </reporter-output>
  <suite name="Navigator" duration-ms="336520" started-at="2019-10-03T13:02:43Z" finished-at="2019-10-03T13:08:19Z">
    <groups>
    </groups>
    <test name="Test Topic Viewlet" duration-ms="336520" started-at="2019-10-03T13:02:43Z" finished-at="2019-10-03T13:08:19Z">
      <class name="ApodGUI.TopicViewlet">
        <test-method status="PASS" signature="beforeTest()[pri:0, instance:ApodGUI.TopicViewlet@33c7e1bb]" name="beforeTest" is-config="true" duration-ms="15" started-at="2019-10-03T13:02:43Z" finished-at="2019-10-03T13:02:43Z">
          <reporter-output>
          </reporter-output>
        </test-method> <!-- beforeTest -->
        <test-method status="PASS" signature="Login(java.lang.String, java.lang.String, java.lang.String)[pri:0, instance:ApodGUI.TopicViewlet@33c7e1bb]" name="Login" duration-ms="29225" started-at="2019-10-03T13:02:43Z" finished-at="2019-10-03T13:03:12Z">
          <params>
            <param index="0">
              <value>
                <![CDATA[webdriver.chrome.driver]]>
              </value>
            </param>
            <param index="1">
              <value>
                <![CDATA[Drivers/chromedriver.exe]]>
              </value>
            </param>
            <param index="2">
              <value>
                <![CDATA[TopicViewlet Verification]]>
              </value>
            </param>
          </params>
          <reporter-output>
            <line>
              <![CDATA[<br/>]]>
            </line>
            <line>
              <![CDATA[<img src=" C:\Users\Nagaraju.kagitala\git\TestNav\Nav/Screenshots/ScreenshotsSuccess/Login.png" alt="""/" />]]>
            </line>
          </reporter-output>
        </test-method> <!-- Login -->
        <test-method status="PASS" signature="tearDown(org.testng.ITestResult)[pri:0, instance:ApodGUI.TopicViewlet@33c7e1bb]" name="tearDown" is-config="true" duration-ms="416" started-at="2019-10-03T13:03:12Z" finished-at="2019-10-03T13:03:13Z">
          <params>
            <param index="0">
              <value>
                <![CDATA[[TestResult name=Login status=SUCCESS method=TopicViewlet.Login(java.lang.String, java.lang.String, java.lang.String)[pri:0, instance:ApodGUI.TopicViewlet@33c7e1bb] output=<br/>]]]>
              </value>
            </param>
          </params>
          <reporter-output>
          </reporter-output>
        </test-method> <!-- tearDown -->
        <test-method status="PASS" signature="AddTopicViewlet(java.lang.String, org.testng.ITestContext)[pri:1, instance:ApodGUI.TopicViewlet@33c7e1bb]" name="AddTopicViewlet" duration-ms="10345" started-at="2019-10-03T13:03:13Z" finished-at="2019-10-03T13:03:23Z">
          <params>
            <param index="0">
              <value>
                <![CDATA[New Topic Viewlet]]>
              </value>
            </param>
            <param index="1">
              <value>
                <![CDATA[org.testng.TestRunner@704deff2]]>
              </value>
            </param>
          </params>
          <reporter-output>
            <line>
              <![CDATA[<br/>]]>
            </line>
            <line>
              <![CDATA[<img src=" C:\Users\Nagaraju.kagitala\git\TestNav\Nav/Screenshots/ScreenshotsSuccess/AddTopicViewlet.png" alt="""/" />]]>
            </line>
          </reporter-output>
        </test-method> <!-- AddTopicViewlet -->
        <test-method status="PASS" signature="tearDown(org.testng.ITestResult)[pri:0, instance:ApodGUI.TopicViewlet@33c7e1bb]" name="tearDown" is-config="true" duration-ms="12549" started-at="2019-10-03T13:03:34Z" finished-at="2019-10-03T13:03:46Z">
          <params>
            <param index="0">
              <value>
                <![CDATA[[TestResult name=AddTopicViewlet status=SUCCESS method=TopicViewlet.AddTopicViewlet(java.lang.String, org.testng.ITestContext)[pri:1, instance:ApodGUI.TopicViewlet@33c7e1bb] output=<br/>]]]>
              </value>
            </param>
          </params>
          <reporter-output>
          </reporter-output>
        </test-method> <!-- tearDown -->
        <test-method status="PASS" signature="CreateTopic(java.lang.String, java.lang.String, java.lang.String, org.testng.ITestContext)[pri:3, instance:ApodGUI.TopicViewlet@33c7e1bb]" name="CreateTopic" duration-ms="32539" started-at="2019-10-03T13:03:46Z" finished-at="2019-10-03T13:04:19Z">
          <params>
            <param index="0">
              <value>
                <![CDATA[SYSTEM.DEFAULT.TOPIC.Options]]>
              </value>
            </param>
            <param index="1">
              <value>
                <![CDATA[Test the description ]]>
              </value>
            </param>
            <param index="2">
              <value>
                <![CDATA[Test]]>
              </value>
            </param>
            <param index="3">
              <value>
                <![CDATA[org.testng.TestRunner@704deff2]]>
              </value>
            </param>
          </params>
          <reporter-output>
            <line>
              <![CDATA[<br/>]]>
            </line>
            <line>
              <![CDATA[<img src=" C:\Users\Nagaraju.kagitala\git\TestNav\Nav/Screenshots/ScreenshotsSuccess/CreateTopic.png" alt="""/" />]]>
            </line>
          </reporter-output>
        </test-method> <!-- CreateTopic -->
        <test-method status="PASS" signature="tearDown(org.testng.ITestResult)[pri:0, instance:ApodGUI.TopicViewlet@33c7e1bb]" name="tearDown" is-config="true" duration-ms="12735" started-at="2019-10-03T13:04:29Z" finished-at="2019-10-03T13:04:42Z">
          <params>
            <param index="0">
              <value>
                <![CDATA[[TestResult name=CreateTopic status=SUCCESS method=TopicViewlet.CreateTopic(java.lang.String, java.lang.String, java.lang.String, org.testng.ITestContext)[pri:3, instance:ApodGUI.TopicViewlet@33c7e1bb] output=<br/>]]]>
              </value>
            </param>
          </params>
          <reporter-output>
          </reporter-output>
        </test-method> <!-- tearDown -->
        <test-method status="PASS" signature="CopyAsFromCommands(java.lang.String, java.lang.String, java.lang.String, org.testng.ITestContext)[pri:4, instance:ApodGUI.TopicViewlet@33c7e1bb]" name="CopyAsFromCommands" duration-ms="32321" started-at="2019-10-03T13:04:42Z" depends-on-methods="ApodGUI.TopicViewlet.CreateTopic" finished-at="2019-10-03T13:05:14Z">
          <params>
            <param index="0">
              <value>
                <![CDATA[.Copy]]>
              </value>
            </param>
            <param index="1">
              <value>
                <![CDATA[SYSTEM.DEFAULT.TOPIC.Options]]>
              </value>
            </param>
            <param index="2">
              <value>
                <![CDATA[TestCopy]]>
              </value>
            </param>
            <param index="3">
              <value>
                <![CDATA[org.testng.TestRunner@704deff2]]>
              </value>
            </param>
          </params>
          <reporter-output>
            <line>
              <![CDATA[<br/>]]>
            </line>
            <line>
              <![CDATA[<img src=" C:\Users\Nagaraju.kagitala\git\TestNav\Nav/Screenshots/ScreenshotsSuccess/CopyAsFromCommands.png" alt="""/" />]]>
            </line>
          </reporter-output>
        </test-method> <!-- CopyAsFromCommands -->
        <test-method status="PASS" signature="tearDown(org.testng.ITestResult)[pri:0, instance:ApodGUI.TopicViewlet@33c7e1bb]" name="tearDown" is-config="true" duration-ms="12577" started-at="2019-10-03T13:05:25Z" finished-at="2019-10-03T13:05:38Z">
          <params>
            <param index="0">
              <value>
                <![CDATA[[TestResult name=CopyAsFromCommands status=SUCCESS method=TopicViewlet.CopyAsFromCommands(java.lang.String, java.lang.String, java.lang.String, org.testng.ITestContext)[pri:4, instance:ApodGUI.TopicViewlet@33c7e1bb] output=<br/>]]]>
              </value>
            </param>
          </params>
          <reporter-output>
          </reporter-output>
        </test-method> <!-- tearDown -->
        <test-method status="PASS" signature="DeleteFromCommands(java.lang.String, java.lang.String, org.testng.ITestContext)[pri:5, instance:ApodGUI.TopicViewlet@33c7e1bb]" name="DeleteFromCommands" duration-ms="17592" started-at="2019-10-03T13:05:38Z" depends-on-methods="ApodGUI.TopicViewlet.CopyAsFromCommands" finished-at="2019-10-03T13:05:55Z">
          <params>
            <param index="0">
              <value>
                <![CDATA[SYSTEM.DEFAULT.TOPIC.Options]]>
              </value>
            </param>
            <param index="1">
              <value>
                <![CDATA[.Copy]]>
              </value>
            </param>
            <param index="2">
              <value>
                <![CDATA[org.testng.TestRunner@704deff2]]>
              </value>
            </param>
          </params>
          <reporter-output>
            <line>
              <![CDATA[<br/>]]>
            </line>
            <line>
              <![CDATA[<img src=" C:\Users\Nagaraju.kagitala\git\TestNav\Nav/Screenshots/ScreenshotsSuccess/DeleteFromCommands.png" alt="""/" />]]>
            </line>
          </reporter-output>
        </test-method> <!-- DeleteFromCommands -->
        <test-method status="PASS" signature="tearDown(org.testng.ITestResult)[pri:0, instance:ApodGUI.TopicViewlet@33c7e1bb]" name="tearDown" is-config="true" duration-ms="11726" started-at="2019-10-03T13:06:05Z" finished-at="2019-10-03T13:06:17Z">
          <params>
            <param index="0">
              <value>
                <![CDATA[[TestResult name=DeleteFromCommands status=SUCCESS method=TopicViewlet.DeleteFromCommands(java.lang.String, java.lang.String, org.testng.ITestContext)[pri:5, instance:ApodGUI.TopicViewlet@33c7e1bb] output=<br/>]]]>
              </value>
            </param>
          </params>
          <reporter-output>
          </reporter-output>
        </test-method> <!-- tearDown -->
        <test-method status="FAIL" signature="PublishFromCommands(java.lang.String, java.lang.String, java.lang.String, java.lang.String, java.lang.String, java.lang.String, org.testng.ITestContext)[pri:6, instance:ApodGUI.TopicViewlet@33c7e1bb]" name="PublishFromCommands" duration-ms="98733" started-at="2019-10-03T13:06:17Z" depends-on-methods="ApodGUI.TopicViewlet.CreateTopic" finished-at="2019-10-03T13:07:56Z">
          <params>
            <param index="0">
              <value>
                <![CDATA[SYSTEM.DEFAULT.TOPIC.Options]]>
              </value>
            </param>
            <param index="1">
              <value>
                <![CDATA[Test the publish option and sending the message to queue]]>
              </value>
            </param>
            <param index="2">
              <value>
                <![CDATA[Test Property]]>
              </value>
            </param>
            <param index="3">
              <value>
                <![CDATA[Test Property value]]>
              </value>
            </param>
            <param index="4">
              <value>
                <![CDATA[Test.Sub421]]>
              </value>
            </param>
            <param index="5">
              <value>
                <![CDATA[Test]]>
              </value>
            </param>
            <param index="6">
              <value>
                <![CDATA[org.testng.TestRunner@704deff2]]>
              </value>
            </param>
          </params>
          <exception class="org.openqa.selenium.InvalidSelectorException">
            <message>
              <![CDATA[invalid selector: Unable to locate an element with the xpath expression Publish failed because of the following error:
SyntaxError: Failed to execute 'evaluate' on 'Document': The string 'Publish failed' is not a valid XPath expression.
  (Session info: chrome=77.0.3865.90)
  (Driver info: chromedriver=2.41.578737 (49da6702b16031c40d63e5618de03a32ff6c197e),platform=Windows NT 10.0.18362 x86_64) (WARNING: The server did not provide any stacktrace information)
Command duration or timeout: 0 milliseconds
For documentation on this error, please visit: http://seleniumhq.org/exceptions/invalid_selector_exception.html
Build info: version: '3.14.0', revision: 'aacccce0', time: '2018-08-02T20:13:22.693Z'
System info: host: 'DESKTOP-E1JT2VR', ip: '192.168.85.1', os.name: 'Windows 10', os.arch: 'amd64', os.version: '10.0', java.version: '1.8.0_201'
Driver info: org.openqa.selenium.chrome.ChromeDriver
Capabilities {acceptInsecureCerts: false, acceptSslCerts: false, applicationCacheEnabled: false, browserConnectionEnabled: false, browserName: chrome, chrome: {chromedriverVersion: 2.41.578737 (49da6702b16031..., userDataDir: C:\Users\NAGARA~1.KAG\AppDa...}, cssSelectorsEnabled: true, databaseEnabled: false, goog:chromeOptions: {debuggerAddress: localhost:64123}, handlesAlerts: true, hasTouchScreen: false, javascriptEnabled: true, locationContextEnabled: true, mobileEmulationEnabled: false, nativeEvents: true, networkConnectionEnabled: false, pageLoadStrategy: normal, platform: XP, platformName: XP, rotatable: false, setWindowRect: true, takesHeapSnapshot: true, takesScreenshot: true, unexpectedAlertBehaviour: , unhandledPromptBehavior: , version: 77.0.3865.90, webStorageEnabled: true}
Session ID: bed87cec7b447b7167cb75bac89b6e86
*** Element info: {Using=xpath, value=Publish failed}]]>
            </message>
            <full-stacktrace>
              <![CDATA[org.openqa.selenium.InvalidSelectorException: invalid selector: Unable to locate an element with the xpath expression Publish failed because of the following error:
SyntaxError: Failed to execute 'evaluate' on 'Document': The string 'Publish failed' is not a valid XPath expression.
  (Session info: chrome=77.0.3865.90)
  (Driver info: chromedriver=2.41.578737 (49da6702b16031c40d63e5618de03a32ff6c197e),platform=Windows NT 10.0.18362 x86_64) (WARNING: The server did not provide any stacktrace information)
Command duration or timeout: 0 milliseconds
For documentation on this error, please visit: http://seleniumhq.org/exceptions/invalid_selector_exception.html
Build info: version: '3.14.0', revision: 'aacccce0', time: '2018-08-02T20:13:22.693Z'
System info: host: 'DESKTOP-E1JT2VR', ip: '192.168.85.1', os.name: 'Windows 10', os.arch: 'amd64', os.version: '10.0', java.version: '1.8.0_201'
Driver info: org.openqa.selenium.chrome.ChromeDriver
Capabilities {acceptInsecureCerts: false, acceptSslCerts: false, applicationCacheEnabled: false, browserConnectionEnabled: false, browserName: chrome, chrome: {chromedriverVersion: 2.41.578737 (49da6702b16031..., userDataDir: C:\Users\NAGARA~1.KAG\AppDa...}, cssSelectorsEnabled: true, databaseEnabled: false, goog:chromeOptions: {debuggerAddress: localhost:64123}, handlesAlerts: true, hasTouchScreen: false, javascriptEnabled: true, locationContextEnabled: true, mobileEmulationEnabled: false, nativeEvents: true, networkConnectionEnabled: false, pageLoadStrategy: normal, platform: XP, platformName: XP, rotatable: false, setWindowRect: true, takesHeapSnapshot: true, takesScreenshot: true, unexpectedAlertBehaviour: , unhandledPromptBehavior: , version: 77.0.3865.90, webStorageEnabled: true}
Session ID: bed87cec7b447b7167cb75bac89b6e86
*** Element info: {Using=xpath, value=Publish failed}
at sun.reflect.NativeConstructorAccessorImpl.newInstance0(Native Method)
at sun.reflect.NativeConstructorAccessorImpl.newInstance(NativeConstructorAccessorImpl.java:62)
at sun.reflect.DelegatingConstructorAccessorImpl.newInstance(DelegatingConstructorAccessorImpl.java:45)
at java.lang.reflect.Constructor.newInstance(Constructor.java:423)
at org.openqa.selenium.remote.ErrorHandler.createThrowable(ErrorHandler.java:214)
at org.openqa.selenium.remote.ErrorHandler.throwIfResponseFailed(ErrorHandler.java:166)
at org.openqa.selenium.remote.http.JsonHttpResponseCodec.reconstructValue(JsonHttpResponseCodec.java:40)
at org.openqa.selenium.remote.http.AbstractHttpResponseCodec.decode(AbstractHttpResponseCodec.java:80)
at org.openqa.selenium.remote.http.AbstractHttpResponseCodec.decode(AbstractHttpResponseCodec.java:44)
at org.openqa.selenium.remote.HttpCommandExecutor.execute(HttpCommandExecutor.java:158)
at org.openqa.selenium.remote.service.DriverCommandExecutor.execute(DriverCommandExecutor.java:83)
at org.openqa.selenium.remote.RemoteWebDriver.execute(RemoteWebDriver.java:548)
at org.openqa.selenium.remote.RemoteWebDriver.findElement(RemoteWebDriver.java:322)
at org.openqa.selenium.remote.RemoteWebDriver.findElementByXPath(RemoteWebDriver.java:424)
at org.openqa.selenium.By$ByXPath.findElement(By.java:353)
at org.openqa.selenium.remote.RemoteWebDriver.findElement(RemoteWebDriver.java:314)
at ApodGUI.TopicViewlet.PublishFromCommands(TopicViewlet.java:513)
at sun.reflect.NativeMethodAccessorImpl.invoke0(Native Method)
at sun.reflect.NativeMethodAccessorImpl.invoke(NativeMethodAccessorImpl.java:62)
at sun.reflect.DelegatingMethodAccessorImpl.invoke(DelegatingMethodAccessorImpl.java:43)
at java.lang.reflect.Method.invoke(Method.java:498)
at org.testng.internal.MethodInvocationHelper.invokeMethod(MethodInvocationHelper.java:124)
at org.testng.internal.Invoker.invokeMethod(Invoker.java:580)
at org.testng.internal.Invoker.invokeTestMethod(Invoker.java:716)
at org.testng.internal.Invoker.invokeTestMethods(Invoker.java:988)
at org.testng.internal.TestMethodWorker.invokeTestMethods(TestMethodWorker.java:125)
at org.testng.internal.TestMethodWorker.run(TestMethodWorker.java:109)
at org.testng.TestRunner.privateRun(TestRunner.java:648)
at org.testng.TestRunner.run(TestRunner.java:505)
at org.testng.SuiteRunner.runTest(SuiteRunner.java:455)
at org.testng.SuiteRunner.runSequentially(SuiteRunner.java:450)
at org.testng.SuiteRunner.privateRun(SuiteRunner.java:415)
at org.testng.SuiteRunner.run(SuiteRunner.java:364)
at org.testng.SuiteRunnerWorker.runSuite(SuiteRunnerWorker.java:52)
at org.testng.SuiteRunnerWorker.run(SuiteRunnerWorker.java:84)
at org.testng.TestNG.runSuitesSequentially(TestNG.java:1208)
at org.testng.TestNG.runSuitesLocally(TestNG.java:1137)
at org.testng.TestNG.runSuites(TestNG.java:1049)
at org.testng.TestNG.run(TestNG.java:1017)
at org.testng.remote.AbstractRemoteTestNG.run(AbstractRemoteTestNG.java:114)
at org.testng.remote.RemoteTestNG.initAndRun(RemoteTestNG.java:251)
at org.testng.remote.RemoteTestNG.main(RemoteTestNG.java:77)
]]>
            </full-stacktrace>
          </exception> <!-- org.openqa.selenium.InvalidSelectorException -->
          <reporter-output>
            <line>
              <![CDATA[<br/>Failed to execute method: PublishFromCommands<br/>]]>
            </line>
            <line>
              <![CDATA[<br/>]]>
            </line>
            <line>
              <![CDATA[<img src=" C:\Users\Nagaraju.kagitala\git\TestNav\Nav/Screenshots/ScreenshotsFailure/PublishFromCommands.png" alt="""/" />]]>
            </line>
          </reporter-output>
        </test-method> <!-- PublishFromCommands -->
        <test-method status="PASS" signature="tearDown(org.testng.ITestResult)[pri:0, instance:ApodGUI.TopicViewlet@33c7e1bb]" name="tearDown" is-config="true" duration-ms="11105" started-at="2019-10-03T13:08:06Z" finished-at="2019-10-03T13:08:17Z">
          <params>
            <param index="0">
              <value>
                <![CDATA[[TestResult name=PublishFromCommands status=FAILURE method=TopicViewlet.PublishFromCommands(java.lang.String, java.lang.String, java.lang.String, java.lang.String, java.lang.String, java.lang.String, org.testng.ITestContext)[pri:6, instance:ApodGUI.TopicViewlet@33c7e1bb] output=<br/>Failed to execute method: PublishFromCommands<br/>]]]>
              </value>
            </param>
          </params>
          <reporter-output>
            <line>
              <![CDATA[Screenshots/ScreenshotsFailure/PublishFromCommands.png]]>
            </line>
          </reporter-output>
        </test-method> <!-- tearDown -->
        <test-method status="PASS" signature="Logout()[pri:20, instance:ApodGUI.TopicViewlet@33c7e1bb]" name="Logout" duration-ms="2454" started-at="2019-10-03T13:08:17Z" finished-at="2019-10-03T13:08:19Z">
          <reporter-output>
          </reporter-output>
        </test-method> <!-- Logout -->
        <test-method status="PASS" signature="tearDown(org.testng.ITestResult)[pri:0, instance:ApodGUI.TopicViewlet@33c7e1bb]" name="tearDown" is-config="true" duration-ms="1" started-at="2019-10-03T13:08:19Z" finished-at="2019-10-03T13:08:19Z">
          <params>
            <param index="0">
              <value>
                <![CDATA[[TestResult name=Logout status=SUCCESS method=TopicViewlet.Logout()[pri:20, instance:ApodGUI.TopicViewlet@33c7e1bb] output={null}]]]>
              </value>
            </param>
          </params>
          <reporter-output>
          </reporter-output>
        </test-method> <!-- tearDown -->
      </class> <!-- ApodGUI.TopicViewlet -->
    </test> <!-- Test Topic Viewlet -->
  </suite> <!-- Navigator -->
</testng-results>
