<?xml version="1.0" encoding="UTF-8"?>
<testng-results skipped="0" failed="1" ignored="0" total="9" passed="8">
  <reporter-output>
    <line>
      <![CDATA[<br/>]]>
    </line>
    <line>
      <![CDATA[<img src=" C:\Users\Nagaraju.kagitala\git\TestNav\Nav/Screenshots/ScreenshotsSuccess/Login.png" alt="""/" />]]>
    </line>
    <line>
      <![CDATA[Screenshots/ScreenshotsFailure/CreateViewletUsingObjectCheckbox.png]]>
    </line>
    <line>
      <![CDATA[<br/>Failed to execute method: CreateViewletUsingObjectCheckbox<br/>]]>
    </line>
    <line>
      <![CDATA[<br/>]]>
    </line>
    <line>
      <![CDATA[<img src=" C:\Users\Nagaraju.kagitala\git\TestNav\Nav/Screenshots/ScreenshotsFailure/CreateViewletUsingObjectCheckbox.png" alt="""/" />]]>
    </line>
    <line>
      <![CDATA[<br/>]]>
    </line>
    <line>
      <![CDATA[<img src=" C:\Users\Nagaraju.kagitala\git\TestNav\Nav/Screenshots/ScreenshotsSuccess/CreateATemporaryViewletUsingSearchCheckbox.png" alt="""/" />]]>
    </line>
    <line>
      <![CDATA[<br/>]]>
    </line>
    <line>
      <![CDATA[<img src=" C:\Users\Nagaraju.kagitala\git\TestNav\Nav/Screenshots/ScreenshotsSuccess/CreateFavoriteViewletUsingCheckbox.png" alt="""/" />]]>
    </line>
    <line>
      <![CDATA[<br/>]]>
    </line>
    <line>
      <![CDATA[<img src=" C:\Users\Nagaraju.kagitala\git\TestNav\Nav/Screenshots/ScreenshotsSuccess/OpenAnExistingCheckbox.png" alt="""/" />]]>
    </line>
    <line>
      <![CDATA[<br/>]]>
    </line>
    <line>
      <![CDATA[<img src=" C:\Users\Nagaraju.kagitala\git\TestNav\Nav/Screenshots/ScreenshotsSuccess/CreateTemporaryViewletUsingTemporaryViewletCheckbox.png" alt="""/" />]]>
    </line>
    <line>
      <![CDATA[<br/>]]>
    </line>
    <line>
      <![CDATA[<img src=" C:\Users\Nagaraju.kagitala\git\TestNav\Nav/Screenshots/ScreenshotsSuccess/EditViewletOption.png" alt="""/" />]]>
    </line>
    <line>
      <![CDATA[<br/>]]>
    </line>
    <line>
      <![CDATA[<img src=" C:\Users\Nagaraju.kagitala\git\TestNav\Nav/Screenshots/ScreenshotsSuccess/DeleteViewletOption.png" alt="""/" />]]>
    </line>
  </reporter-output>
  <suite name="Navigator" duration-ms="169415" started-at="2020-03-10T14:14:32Z" finished-at="2020-03-10T14:17:21Z">
    <groups>
    </groups>
    <test name="Create viewlet types" duration-ms="169415" started-at="2020-03-10T14:14:32Z" finished-at="2020-03-10T14:17:21Z">
      <class name="ApodGUI.CreateViewletTypesUsingViewletButton">
        <test-method status="PASS" signature="beforeTest()[pri:0, instance:ApodGUI.CreateViewletTypesUsingViewletButton@528931cf]" name="beforeTest" is-config="true" duration-ms="18" started-at="2020-03-10T14:14:32Z" finished-at="2020-03-10T14:14:32Z">
          <reporter-output>
          </reporter-output>
        </test-method> <!-- beforeTest -->
        <test-method status="PASS" signature="Login(java.lang.String, java.lang.String, java.lang.String)[pri:0, instance:ApodGUI.CreateViewletTypesUsingViewletButton@528931cf]" name="Login" duration-ms="23665" started-at="2020-03-10T14:14:32Z" finished-at="2020-03-10T14:14:55Z">
          <params>
            <param index="0">
              <value>
                <![CDATA[webdriver.chrome.driver]]>
              </value>
            </param>
            <param index="1">
              <value>
                <![CDATA[Drivers/chromedriver.exe]]>
              </value>
            </param>
            <param index="2">
              <value>
                <![CDATA[Viewet Button Options]]>
              </value>
            </param>
          </params>
          <reporter-output>
            <line>
              <![CDATA[<br/>]]>
            </line>
            <line>
              <![CDATA[<img src=" C:\Users\Nagaraju.kagitala\git\TestNav\Nav/Screenshots/ScreenshotsSuccess/Login.png" alt="""/" />]]>
            </line>
          </reporter-output>
        </test-method> <!-- Login -->
        <test-method status="PASS" signature="tearDown(org.testng.ITestResult)[pri:0, instance:ApodGUI.CreateViewletTypesUsingViewletButton@528931cf]" name="tearDown" is-config="true" duration-ms="411" started-at="2020-03-10T14:14:55Z" finished-at="2020-03-10T14:14:56Z">
          <params>
            <param index="0">
              <value>
                <![CDATA[[TestResult name=Login status=SUCCESS method=CreateViewletTypesUsingViewletButton.Login(java.lang.String, java.lang.String, java.lang.String)[pri:0, instance:ApodGUI.CreateViewletTypesUsingViewletButton@528931cf] output=<br/>]]]>
              </value>
            </param>
          </params>
          <reporter-output>
          </reporter-output>
        </test-method> <!-- tearDown -->
        <test-method status="FAIL" signature="CreateViewletUsingObjectCheckbox(java.lang.String, org.testng.ITestContext)[pri:1, instance:ApodGUI.CreateViewletTypesUsingViewletButton@528931cf]" name="CreateViewletUsingObjectCheckbox" duration-ms="2960" started-at="2020-03-10T14:14:56Z" finished-at="2020-03-10T14:14:59Z">
          <params>
            <param index="0">
              <value>
                <![CDATA[Node Viewlet]]>
              </value>
            </param>
            <param index="1">
              <value>
                <![CDATA[org.testng.TestRunner@352ff4da]]>
              </value>
            </param>
          </params>
          <exception class="org.openqa.selenium.InvalidSelectorException">
            <message>
              <![CDATA[invalid selector: Unable to locate an element with the xpath expression Not created because of the following error:
SyntaxError: Failed to execute 'evaluate' on 'Document': The string 'Not created' is not a valid XPath expression.
  (Session info: chrome=80.0.3987.132)
  (Driver info: chromedriver=2.41.578737 (49da6702b16031c40d63e5618de03a32ff6c197e),platform=Windows NT 10.0.18362 x86_64) (WARNING: The server did not provide any stacktrace information)
Command duration or timeout: 0 milliseconds
For documentation on this error, please visit: http://seleniumhq.org/exceptions/invalid_selector_exception.html
Build info: version: '3.14.0', revision: 'aacccce0', time: '2018-08-02T20:13:22.693Z'
System info: host: 'DESKTOP-E1JT2VR', ip: '192.168.122.1', os.name: 'Windows 10', os.arch: 'amd64', os.version: '10.0', java.version: '1.8.0_201'
Driver info: org.openqa.selenium.chrome.ChromeDriver
Capabilities {acceptInsecureCerts: false, acceptSslCerts: false, applicationCacheEnabled: false, browserConnectionEnabled: false, browserName: chrome, chrome: {chromedriverVersion: 2.41.578737 (49da6702b16031..., userDataDir: C:\Users\nastel5\AppData\Lo...}, cssSelectorsEnabled: true, databaseEnabled: false, goog:chromeOptions: {debuggerAddress: localhost:62113}, handlesAlerts: true, hasTouchScreen: false, javascriptEnabled: true, locationContextEnabled: true, mobileEmulationEnabled: false, nativeEvents: true, networkConnectionEnabled: false, pageLoadStrategy: normal, platform: XP, platformName: XP, rotatable: false, setWindowRect: true, takesHeapSnapshot: true, takesScreenshot: true, unexpectedAlertBehaviour: , unhandledPromptBehavior: , version: 80.0.3987.132, webStorageEnabled: true}
Session ID: 302eb2295a95ed20c94a56ae79b5d8dd
*** Element info: {Using=xpath, value=Not created}]]>
            </message>
            <full-stacktrace>
              <![CDATA[org.openqa.selenium.InvalidSelectorException: invalid selector: Unable to locate an element with the xpath expression Not created because of the following error:
SyntaxError: Failed to execute 'evaluate' on 'Document': The string 'Not created' is not a valid XPath expression.
  (Session info: chrome=80.0.3987.132)
  (Driver info: chromedriver=2.41.578737 (49da6702b16031c40d63e5618de03a32ff6c197e),platform=Windows NT 10.0.18362 x86_64) (WARNING: The server did not provide any stacktrace information)
Command duration or timeout: 0 milliseconds
For documentation on this error, please visit: http://seleniumhq.org/exceptions/invalid_selector_exception.html
Build info: version: '3.14.0', revision: 'aacccce0', time: '2018-08-02T20:13:22.693Z'
System info: host: 'DESKTOP-E1JT2VR', ip: '192.168.122.1', os.name: 'Windows 10', os.arch: 'amd64', os.version: '10.0', java.version: '1.8.0_201'
Driver info: org.openqa.selenium.chrome.ChromeDriver
Capabilities {acceptInsecureCerts: false, acceptSslCerts: false, applicationCacheEnabled: false, browserConnectionEnabled: false, browserName: chrome, chrome: {chromedriverVersion: 2.41.578737 (49da6702b16031..., userDataDir: C:\Users\nastel5\AppData\Lo...}, cssSelectorsEnabled: true, databaseEnabled: false, goog:chromeOptions: {debuggerAddress: localhost:62113}, handlesAlerts: true, hasTouchScreen: false, javascriptEnabled: true, locationContextEnabled: true, mobileEmulationEnabled: false, nativeEvents: true, networkConnectionEnabled: false, pageLoadStrategy: normal, platform: XP, platformName: XP, rotatable: false, setWindowRect: true, takesHeapSnapshot: true, takesScreenshot: true, unexpectedAlertBehaviour: , unhandledPromptBehavior: , version: 80.0.3987.132, webStorageEnabled: true}
Session ID: 302eb2295a95ed20c94a56ae79b5d8dd
*** Element info: {Using=xpath, value=Not created}
at sun.reflect.NativeConstructorAccessorImpl.newInstance0(Native Method)
at sun.reflect.NativeConstructorAccessorImpl.newInstance(NativeConstructorAccessorImpl.java:62)
at sun.reflect.DelegatingConstructorAccessorImpl.newInstance(DelegatingConstructorAccessorImpl.java:45)
at java.lang.reflect.Constructor.newInstance(Constructor.java:423)
at org.openqa.selenium.remote.ErrorHandler.createThrowable(ErrorHandler.java:214)
at org.openqa.selenium.remote.ErrorHandler.throwIfResponseFailed(ErrorHandler.java:166)
at org.openqa.selenium.remote.http.JsonHttpResponseCodec.reconstructValue(JsonHttpResponseCodec.java:40)
at org.openqa.selenium.remote.http.AbstractHttpResponseCodec.decode(AbstractHttpResponseCodec.java:80)
at org.openqa.selenium.remote.http.AbstractHttpResponseCodec.decode(AbstractHttpResponseCodec.java:44)
at org.openqa.selenium.remote.HttpCommandExecutor.execute(HttpCommandExecutor.java:158)
at org.openqa.selenium.remote.service.DriverCommandExecutor.execute(DriverCommandExecutor.java:83)
at org.openqa.selenium.remote.RemoteWebDriver.execute(RemoteWebDriver.java:548)
at org.openqa.selenium.remote.RemoteWebDriver.findElement(RemoteWebDriver.java:322)
at org.openqa.selenium.remote.RemoteWebDriver.findElementByXPath(RemoteWebDriver.java:424)
at org.openqa.selenium.By$ByXPath.findElement(By.java:353)
at org.openqa.selenium.remote.RemoteWebDriver.findElement(RemoteWebDriver.java:314)
at ApodGUI.CreateViewletTypesUsingViewletButton.CreateViewletUsingObjectCheckbox(CreateViewletTypesUsingViewletButton.java:153)
at sun.reflect.NativeMethodAccessorImpl.invoke0(Native Method)
at sun.reflect.NativeMethodAccessorImpl.invoke(NativeMethodAccessorImpl.java:62)
at sun.reflect.DelegatingMethodAccessorImpl.invoke(DelegatingMethodAccessorImpl.java:43)
at java.lang.reflect.Method.invoke(Method.java:498)
at org.testng.internal.MethodInvocationHelper.invokeMethod(MethodInvocationHelper.java:124)
at org.testng.internal.Invoker.invokeMethod(Invoker.java:580)
at org.testng.internal.Invoker.invokeTestMethod(Invoker.java:716)
at org.testng.internal.Invoker.invokeTestMethods(Invoker.java:988)
at org.testng.internal.TestMethodWorker.invokeTestMethods(TestMethodWorker.java:125)
at org.testng.internal.TestMethodWorker.run(TestMethodWorker.java:109)
at org.testng.TestRunner.privateRun(TestRunner.java:648)
at org.testng.TestRunner.run(TestRunner.java:505)
at org.testng.SuiteRunner.runTest(SuiteRunner.java:455)
at org.testng.SuiteRunner.runSequentially(SuiteRunner.java:450)
at org.testng.SuiteRunner.privateRun(SuiteRunner.java:415)
at org.testng.SuiteRunner.run(SuiteRunner.java:364)
at org.testng.SuiteRunnerWorker.runSuite(SuiteRunnerWorker.java:52)
at org.testng.SuiteRunnerWorker.run(SuiteRunnerWorker.java:84)
at org.testng.TestNG.runSuitesSequentially(TestNG.java:1208)
at org.testng.TestNG.runSuitesLocally(TestNG.java:1137)
at org.testng.TestNG.runSuites(TestNG.java:1049)
at org.testng.TestNG.run(TestNG.java:1017)
at org.testng.remote.AbstractRemoteTestNG.run(AbstractRemoteTestNG.java:114)
at org.testng.remote.RemoteTestNG.initAndRun(RemoteTestNG.java:251)
at org.testng.remote.RemoteTestNG.main(RemoteTestNG.java:77)
]]>
            </full-stacktrace>
          </exception> <!-- org.openqa.selenium.InvalidSelectorException -->
          <reporter-output>
            <line>
              <![CDATA[<br/>Failed to execute method: CreateViewletUsingObjectCheckbox<br/>]]>
            </line>
            <line>
              <![CDATA[<br/>]]>
            </line>
            <line>
              <![CDATA[<img src=" C:\Users\Nagaraju.kagitala\git\TestNav\Nav/Screenshots/ScreenshotsFailure/CreateViewletUsingObjectCheckbox.png" alt="""/" />]]>
            </line>
          </reporter-output>
        </test-method> <!-- CreateViewletUsingObjectCheckbox -->
        <test-method status="PASS" signature="tearDown(org.testng.ITestResult)[pri:0, instance:ApodGUI.CreateViewletTypesUsingViewletButton@528931cf]" name="tearDown" is-config="true" duration-ms="559" started-at="2020-03-10T14:14:59Z" finished-at="2020-03-10T14:14:59Z">
          <params>
            <param index="0">
              <value>
                <![CDATA[[TestResult name=CreateViewletUsingObjectCheckbox status=FAILURE method=CreateViewletTypesUsingViewletButton.CreateViewletUsingObjectCheckbox(java.lang.String, org.testng.ITestContext)[pri:1, instance:ApodGUI.CreateViewletTypesUsingViewletButton@528931cf] output=<br/>Failed to execute method: CreateViewletUsingObjectCheckbox<br/>]]]>
              </value>
            </param>
          </params>
          <reporter-output>
            <line>
              <![CDATA[Screenshots/ScreenshotsFailure/CreateViewletUsingObjectCheckbox.png]]>
            </line>
          </reporter-output>
        </test-method> <!-- tearDown -->
        <test-method status="PASS" signature="CreateATemporaryViewletUsingSearchCheckbox(org.testng.ITestContext)[pri:2, instance:ApodGUI.CreateViewletTypesUsingViewletButton@528931cf]" name="CreateATemporaryViewletUsingSearchCheckbox" duration-ms="3661" started-at="2020-03-10T14:14:59Z" finished-at="2020-03-10T14:15:03Z">
          <params>
            <param index="0">
              <value>
                <![CDATA[org.testng.TestRunner@352ff4da]]>
              </value>
            </param>
          </params>
          <reporter-output>
            <line>
              <![CDATA[<br/>]]>
            </line>
            <line>
              <![CDATA[<img src=" C:\Users\Nagaraju.kagitala\git\TestNav\Nav/Screenshots/ScreenshotsSuccess/CreateATemporaryViewletUsingSearchCheckbox.png" alt="""/" />]]>
            </line>
          </reporter-output>
        </test-method> <!-- CreateATemporaryViewletUsingSearchCheckbox -->
        <test-method status="PASS" signature="tearDown(org.testng.ITestResult)[pri:0, instance:ApodGUI.CreateViewletTypesUsingViewletButton@528931cf]" name="tearDown" is-config="true" duration-ms="367" started-at="2020-03-10T14:15:03Z" finished-at="2020-03-10T14:15:03Z">
          <params>
            <param index="0">
              <value>
                <![CDATA[[TestResult name=CreateATemporaryViewletUsingSearchCheckbox status=SUCCESS method=CreateViewletTypesUsingViewletButton.CreateATemporaryViewletUsingSearchCheckbox(org.testng.ITestContext)[pri:2, instance:ApodGUI.CreateViewletTypesUsingViewletButton@528931cf] output=<br/>]]]>
              </value>
            </param>
          </params>
          <reporter-output>
          </reporter-output>
        </test-method> <!-- tearDown -->
        <test-method status="PASS" signature="CreateFavoriteViewletUsingCheckbox(java.lang.String, org.testng.ITestContext)[pri:3, instance:ApodGUI.CreateViewletTypesUsingViewletButton@528931cf]" name="CreateFavoriteViewletUsingCheckbox" duration-ms="3062" started-at="2020-03-10T14:15:03Z" finished-at="2020-03-10T14:15:06Z">
          <params>
            <param index="0">
              <value>
                <![CDATA[New Favorite Viewlet]]>
              </value>
            </param>
            <param index="1">
              <value>
                <![CDATA[org.testng.TestRunner@352ff4da]]>
              </value>
            </param>
          </params>
          <reporter-output>
            <line>
              <![CDATA[<br/>]]>
            </line>
            <line>
              <![CDATA[<img src=" C:\Users\Nagaraju.kagitala\git\TestNav\Nav/Screenshots/ScreenshotsSuccess/CreateFavoriteViewletUsingCheckbox.png" alt="""/" />]]>
            </line>
          </reporter-output>
        </test-method> <!-- CreateFavoriteViewletUsingCheckbox -->
        <test-method status="PASS" signature="tearDown(org.testng.ITestResult)[pri:0, instance:ApodGUI.CreateViewletTypesUsingViewletButton@528931cf]" name="tearDown" is-config="true" duration-ms="370" started-at="2020-03-10T14:15:06Z" finished-at="2020-03-10T14:15:07Z">
          <params>
            <param index="0">
              <value>
                <![CDATA[[TestResult name=CreateFavoriteViewletUsingCheckbox status=SUCCESS method=CreateViewletTypesUsingViewletButton.CreateFavoriteViewletUsingCheckbox(java.lang.String, org.testng.ITestContext)[pri:3, instance:ApodGUI.CreateViewletTypesUsingViewletButton@528931cf] output=<br/>]]]>
              </value>
            </param>
          </params>
          <reporter-output>
          </reporter-output>
        </test-method> <!-- tearDown -->
        <test-method status="PASS" signature="OpenAnExistingCheckbox(org.testng.ITestContext)[pri:4, instance:ApodGUI.CreateViewletTypesUsingViewletButton@528931cf]" name="OpenAnExistingCheckbox" duration-ms="1337" started-at="2020-03-10T14:15:07Z" finished-at="2020-03-10T14:15:08Z">
          <params>
            <param index="0">
              <value>
                <![CDATA[org.testng.TestRunner@352ff4da]]>
              </value>
            </param>
          </params>
          <reporter-output>
            <line>
              <![CDATA[<br/>]]>
            </line>
            <line>
              <![CDATA[<img src=" C:\Users\Nagaraju.kagitala\git\TestNav\Nav/Screenshots/ScreenshotsSuccess/OpenAnExistingCheckbox.png" alt="""/" />]]>
            </line>
          </reporter-output>
        </test-method> <!-- OpenAnExistingCheckbox -->
        <test-method status="PASS" signature="tearDown(org.testng.ITestResult)[pri:0, instance:ApodGUI.CreateViewletTypesUsingViewletButton@528931cf]" name="tearDown" is-config="true" duration-ms="383" started-at="2020-03-10T14:15:08Z" finished-at="2020-03-10T14:15:08Z">
          <params>
            <param index="0">
              <value>
                <![CDATA[[TestResult name=OpenAnExistingCheckbox status=SUCCESS method=CreateViewletTypesUsingViewletButton.OpenAnExistingCheckbox(org.testng.ITestContext)[pri:4, instance:ApodGUI.CreateViewletTypesUsingViewletButton@528931cf] output=<br/>]]]>
              </value>
            </param>
          </params>
          <reporter-output>
          </reporter-output>
        </test-method> <!-- tearDown -->
        <test-method status="PASS" signature="CreateTemporaryViewletUsingTemporaryViewletCheckbox(java.lang.String, org.testng.ITestContext)[pri:5, instance:ApodGUI.CreateViewletTypesUsingViewletButton@528931cf]" name="CreateTemporaryViewletUsingTemporaryViewletCheckbox" duration-ms="24722" started-at="2020-03-10T14:15:08Z" finished-at="2020-03-10T14:15:33Z">
          <params>
            <param index="0">
              <value>
                <![CDATA[Viewet Button Options]]>
              </value>
            </param>
            <param index="1">
              <value>
                <![CDATA[org.testng.TestRunner@352ff4da]]>
              </value>
            </param>
          </params>
          <reporter-output>
            <line>
              <![CDATA[<br/>]]>
            </line>
            <line>
              <![CDATA[<img src=" C:\Users\Nagaraju.kagitala\git\TestNav\Nav/Screenshots/ScreenshotsSuccess/CreateTemporaryViewletUsingTemporaryViewletCheckbox.png" alt="""/" />]]>
            </line>
          </reporter-output>
        </test-method> <!-- CreateTemporaryViewletUsingTemporaryViewletCheckbox -->
        <test-method status="PASS" signature="tearDown(org.testng.ITestResult)[pri:0, instance:ApodGUI.CreateViewletTypesUsingViewletButton@528931cf]" name="tearDown" is-config="true" duration-ms="94166" started-at="2020-03-10T14:15:33Z" finished-at="2020-03-10T14:17:07Z">
          <params>
            <param index="0">
              <value>
                <![CDATA[[TestResult name=CreateTemporaryViewletUsingTemporaryViewletCheckbox status=SUCCESS method=CreateViewletTypesUsingViewletButton.CreateTemporaryViewletUsingTemporaryViewletCheckbox(java.lang.String, org.testng.ITestContext)[pri:5, instance:ApodGUI.CreateViewletTypesUsingViewletButton@528931cf] output=<br/>]]]>
              </value>
            </param>
          </params>
          <reporter-output>
          </reporter-output>
        </test-method> <!-- tearDown -->
        <test-method status="PASS" signature="EditViewletOption(java.lang.String, org.testng.ITestContext)[pri:6, instance:ApodGUI.CreateViewletTypesUsingViewletButton@528931cf]" name="EditViewletOption" duration-ms="4005" started-at="2020-03-10T14:17:07Z" finished-at="2020-03-10T14:17:11Z">
          <params>
            <param index="0">
              <value>
                <![CDATA[Testing Edit viewlet21]]>
              </value>
            </param>
            <param index="1">
              <value>
                <![CDATA[org.testng.TestRunner@352ff4da]]>
              </value>
            </param>
          </params>
          <reporter-output>
            <line>
              <![CDATA[<br/>]]>
            </line>
            <line>
              <![CDATA[<img src=" C:\Users\Nagaraju.kagitala\git\TestNav\Nav/Screenshots/ScreenshotsSuccess/EditViewletOption.png" alt="""/" />]]>
            </line>
          </reporter-output>
        </test-method> <!-- EditViewletOption -->
        <test-method status="PASS" signature="tearDown(org.testng.ITestResult)[pri:0, instance:ApodGUI.CreateViewletTypesUsingViewletButton@528931cf]" name="tearDown" is-config="true" duration-ms="429" started-at="2020-03-10T14:17:11Z" finished-at="2020-03-10T14:17:12Z">
          <params>
            <param index="0">
              <value>
                <![CDATA[[TestResult name=EditViewletOption status=SUCCESS method=CreateViewletTypesUsingViewletButton.EditViewletOption(java.lang.String, org.testng.ITestContext)[pri:6, instance:ApodGUI.CreateViewletTypesUsingViewletButton@528931cf] output=<br/>]]]>
              </value>
            </param>
          </params>
          <reporter-output>
          </reporter-output>
        </test-method> <!-- tearDown -->
        <test-method status="PASS" signature="DeleteViewletOption(org.testng.ITestContext)[pri:7, instance:ApodGUI.CreateViewletTypesUsingViewletButton@528931cf]" name="DeleteViewletOption" duration-ms="6341" started-at="2020-03-10T14:17:12Z" finished-at="2020-03-10T14:17:18Z">
          <params>
            <param index="0">
              <value>
                <![CDATA[org.testng.TestRunner@352ff4da]]>
              </value>
            </param>
          </params>
          <reporter-output>
            <line>
              <![CDATA[<br/>]]>
            </line>
            <line>
              <![CDATA[<img src=" C:\Users\Nagaraju.kagitala\git\TestNav\Nav/Screenshots/ScreenshotsSuccess/DeleteViewletOption.png" alt="""/" />]]>
            </line>
          </reporter-output>
        </test-method> <!-- DeleteViewletOption -->
        <test-method status="PASS" signature="tearDown(org.testng.ITestResult)[pri:0, instance:ApodGUI.CreateViewletTypesUsingViewletButton@528931cf]" name="tearDown" is-config="true" duration-ms="390" started-at="2020-03-10T14:17:18Z" finished-at="2020-03-10T14:17:18Z">
          <params>
            <param index="0">
              <value>
                <![CDATA[[TestResult name=DeleteViewletOption status=SUCCESS method=CreateViewletTypesUsingViewletButton.DeleteViewletOption(org.testng.ITestContext)[pri:7, instance:ApodGUI.CreateViewletTypesUsingViewletButton@528931cf] output=<br/>]]]>
              </value>
            </param>
          </params>
          <reporter-output>
          </reporter-output>
        </test-method> <!-- tearDown -->
        <test-method status="PASS" signature="Logout()[pri:20, instance:ApodGUI.CreateViewletTypesUsingViewletButton@528931cf]" name="Logout" duration-ms="2497" started-at="2020-03-10T14:17:18Z" finished-at="2020-03-10T14:17:21Z">
          <reporter-output>
          </reporter-output>
        </test-method> <!-- Logout -->
        <test-method status="PASS" signature="tearDown(org.testng.ITestResult)[pri:0, instance:ApodGUI.CreateViewletTypesUsingViewletButton@528931cf]" name="tearDown" is-config="true" duration-ms="1" started-at="2020-03-10T14:17:21Z" finished-at="2020-03-10T14:17:21Z">
          <params>
            <param index="0">
              <value>
                <![CDATA[[TestResult name=Logout status=SUCCESS method=CreateViewletTypesUsingViewletButton.Logout()[pri:20, instance:ApodGUI.CreateViewletTypesUsingViewletButton@528931cf] output={null}]]]>
              </value>
            </param>
          </params>
          <reporter-output>
          </reporter-output>
        </test-method> <!-- tearDown -->
      </class> <!-- ApodGUI.CreateViewletTypesUsingViewletButton -->
    </test> <!-- Create viewlet types -->
  </suite> <!-- Navigator -->
</testng-results>
