<?xml version="1.0" encoding="UTF-8"?>
<testng-results skipped="0" failed="0" ignored="0" total="10" passed="10">
  <reporter-output>
    <line>
      <![CDATA[<br/>]]>
    </line>
    <line>
      <![CDATA[<img src=" C:\Users\Nagaraju.kagitala\git\TestNav\Nav/Screenshots/ScreenshotsSuccess/Login.png" alt="""/" />]]>
    </line>
    <line>
      <![CDATA[<br/>]]>
    </line>
    <line>
      <![CDATA[<img src=" C:\Users\Nagaraju.kagitala\git\TestNav\Nav/Screenshots/ScreenshotsSuccess/ShowInActiveChannelsCheckbox.png" alt="""/" />]]>
    </line>
    <line>
      <![CDATA[<br/>]]>
    </line>
    <line>
      <![CDATA[<img src=" C:\Users\Nagaraju.kagitala\git\TestNav\Nav/Screenshots/ScreenshotsSuccess/ShowEmptyQueuesCheckbox.png" alt="""/" />]]>
    </line>
    <line>
      <![CDATA[<br/>]]>
    </line>
    <line>
      <![CDATA[<img src=" C:\Users\Nagaraju.kagitala\git\TestNav\Nav/Screenshots/ScreenshotsSuccess/ShowTemporaryDynamicQueues.png" alt="""/" />]]>
    </line>
    <line>
      <![CDATA[<br/>]]>
    </line>
    <line>
      <![CDATA[<img src=" C:\Users\Nagaraju.kagitala\git\TestNav\Nav/Screenshots/ScreenshotsSuccess/ShowFullNamesForFavoriteShortcuts.png" alt="""/" />]]>
    </line>
    <line>
      <![CDATA[<br/>]]>
    </line>
    <line>
      <![CDATA[<img src=" C:\Users\Nagaraju.kagitala\git\TestNav\Nav/Screenshots/ScreenshotsSuccess/ShowFullNamesForSearchResultsObjects.png" alt="""/" />]]>
    </line>
    <line>
      <![CDATA[<br/>]]>
    </line>
    <line>
      <![CDATA[<img src=" C:\Users\Nagaraju.kagitala\git\TestNav\Nav/Screenshots/ScreenshotsSuccess/ShowSystemObjectsOnly.png" alt="""/" />]]>
    </line>
    <line>
      <![CDATA[<br/>]]>
    </line>
    <line>
      <![CDATA[<img src=" C:\Users\Nagaraju.kagitala\git\TestNav\Nav/Screenshots/ScreenshotsSuccess/ShowObjectSearchresultsFromActiveManagersOnly.png" alt="""/" />]]>
    </line>
    <line>
      <![CDATA[<br/>]]>
    </line>
    <line>
      <![CDATA[<img src=" C:\Users\Nagaraju.kagitala\git\TestNav\Nav/Screenshots/ScreenshotsSuccess/ShowManagersForDefaultSchemas.png" alt="""/" />]]>
    </line>
  </reporter-output>
  <suite name="Navigator" duration-ms="314866" started-at="2019-09-30T11:45:32Z" finished-at="2019-09-30T11:50:47Z">
    <groups>
    </groups>
    <test name="Settings" duration-ms="314866" started-at="2019-09-30T11:45:32Z" finished-at="2019-09-30T11:50:47Z">
      <class name="ApodGUI.NavigatorSettings">
        <test-method status="PASS" signature="beforeTest()[pri:0, instance:ApodGUI.NavigatorSettings@30a3107a]" name="beforeTest" is-config="true" duration-ms="14" started-at="2019-09-30T11:45:32Z" finished-at="2019-09-30T11:45:32Z">
          <reporter-output>
          </reporter-output>
        </test-method> <!-- beforeTest -->
        <test-method status="PASS" signature="Login(java.lang.String, java.lang.String, java.lang.String, java.lang.String, java.lang.String, java.lang.String)[pri:0, instance:ApodGUI.NavigatorSettings@30a3107a]" name="Login" duration-ms="37259" started-at="2019-09-30T11:45:32Z" finished-at="2019-09-30T11:46:09Z">
          <params>
            <param index="0">
              <value>
                <![CDATA[webdriver.chrome.driver]]>
              </value>
            </param>
            <param index="1">
              <value>
                <![CDATA[Drivers/chromedriver.exe]]>
              </value>
            </param>
            <param index="2">
              <value>
                <![CDATA[Settings Dashboard]]>
              </value>
            </param>
            <param index="3">
              <value>
                <![CDATA[MQM]]>
              </value>
            </param>
            <param index="4">
              <value>
                <![CDATA[MQM - 0]]>
              </value>
            </param>
            <param index="5">
              <value>
                <![CDATA[Fav Viewlet]]>
              </value>
            </param>
          </params>
          <reporter-output>
            <line>
              <![CDATA[<br/>]]>
            </line>
            <line>
              <![CDATA[<img src=" C:\Users\Nagaraju.kagitala\git\TestNav\Nav/Screenshots/ScreenshotsSuccess/Login.png" alt="""/" />]]>
            </line>
          </reporter-output>
        </test-method> <!-- Login -->
        <test-method status="PASS" signature="tearDown(org.testng.ITestResult)[pri:0, instance:ApodGUI.NavigatorSettings@30a3107a]" name="tearDown" is-config="true" duration-ms="422" started-at="2019-09-30T11:46:09Z" finished-at="2019-09-30T11:46:10Z">
          <params>
            <param index="0">
              <value>
                <![CDATA[[TestResult name=Login status=SUCCESS method=NavigatorSettings.Login(java.lang.String, java.lang.String, java.lang.String, java.lang.String, java.lang.String, java.lang.String)[pri:0, instance:ApodGUI.NavigatorSettings@30a3107a] output=<br/>]]]>
              </value>
            </param>
          </params>
          <reporter-output>
          </reporter-output>
        </test-method> <!-- tearDown -->
        <test-method status="PASS" signature="ShowInActiveChannelsCheckbox(org.testng.ITestContext)[pri:1, instance:ApodGUI.NavigatorSettings@30a3107a]" name="ShowInActiveChannelsCheckbox" duration-ms="9712" started-at="2019-09-30T11:46:10Z" finished-at="2019-09-30T11:46:19Z">
          <params>
            <param index="0">
              <value>
                <![CDATA[org.testng.TestRunner@51549490]]>
              </value>
            </param>
          </params>
          <reporter-output>
            <line>
              <![CDATA[<br/>]]>
            </line>
            <line>
              <![CDATA[<img src=" C:\Users\Nagaraju.kagitala\git\TestNav\Nav/Screenshots/ScreenshotsSuccess/ShowInActiveChannelsCheckbox.png" alt="""/" />]]>
            </line>
          </reporter-output>
        </test-method> <!-- ShowInActiveChannelsCheckbox -->
        <test-method status="PASS" signature="tearDown(org.testng.ITestResult)[pri:0, instance:ApodGUI.NavigatorSettings@30a3107a]" name="tearDown" is-config="true" duration-ms="11348" started-at="2019-09-30T11:46:30Z" finished-at="2019-09-30T11:46:41Z">
          <params>
            <param index="0">
              <value>
                <![CDATA[[TestResult name=ShowInActiveChannelsCheckbox status=SUCCESS method=NavigatorSettings.ShowInActiveChannelsCheckbox(org.testng.ITestContext)[pri:1, instance:ApodGUI.NavigatorSettings@30a3107a] output=<br/>]]]>
              </value>
            </param>
          </params>
          <reporter-output>
          </reporter-output>
        </test-method> <!-- tearDown -->
        <test-method status="PASS" signature="ShowEmptyQueuesCheckbox(org.testng.ITestContext)[pri:2, instance:ApodGUI.NavigatorSettings@30a3107a]" name="ShowEmptyQueuesCheckbox" duration-ms="9424" started-at="2019-09-30T11:46:41Z" finished-at="2019-09-30T11:46:51Z">
          <params>
            <param index="0">
              <value>
                <![CDATA[org.testng.TestRunner@51549490]]>
              </value>
            </param>
          </params>
          <reporter-output>
            <line>
              <![CDATA[<br/>]]>
            </line>
            <line>
              <![CDATA[<img src=" C:\Users\Nagaraju.kagitala\git\TestNav\Nav/Screenshots/ScreenshotsSuccess/ShowEmptyQueuesCheckbox.png" alt="""/" />]]>
            </line>
          </reporter-output>
        </test-method> <!-- ShowEmptyQueuesCheckbox -->
        <test-method status="PASS" signature="tearDown(org.testng.ITestResult)[pri:0, instance:ApodGUI.NavigatorSettings@30a3107a]" name="tearDown" is-config="true" duration-ms="11572" started-at="2019-09-30T11:47:01Z" finished-at="2019-09-30T11:47:12Z">
          <params>
            <param index="0">
              <value>
                <![CDATA[[TestResult name=ShowEmptyQueuesCheckbox status=SUCCESS method=NavigatorSettings.ShowEmptyQueuesCheckbox(org.testng.ITestContext)[pri:2, instance:ApodGUI.NavigatorSettings@30a3107a] output=<br/>]]]>
              </value>
            </param>
          </params>
          <reporter-output>
          </reporter-output>
        </test-method> <!-- tearDown -->
        <test-method status="PASS" signature="ShowTemporaryDynamicQueues(org.testng.ITestContext)[pri:3, instance:ApodGUI.NavigatorSettings@30a3107a]" name="ShowTemporaryDynamicQueues" duration-ms="10443" started-at="2019-09-30T11:47:12Z" finished-at="2019-09-30T11:47:23Z">
          <params>
            <param index="0">
              <value>
                <![CDATA[org.testng.TestRunner@51549490]]>
              </value>
            </param>
          </params>
          <reporter-output>
            <line>
              <![CDATA[<br/>]]>
            </line>
            <line>
              <![CDATA[<img src=" C:\Users\Nagaraju.kagitala\git\TestNav\Nav/Screenshots/ScreenshotsSuccess/ShowTemporaryDynamicQueues.png" alt="""/" />]]>
            </line>
          </reporter-output>
        </test-method> <!-- ShowTemporaryDynamicQueues -->
        <test-method status="PASS" signature="tearDown(org.testng.ITestResult)[pri:0, instance:ApodGUI.NavigatorSettings@30a3107a]" name="tearDown" is-config="true" duration-ms="11276" started-at="2019-09-30T11:47:34Z" finished-at="2019-09-30T11:47:45Z">
          <params>
            <param index="0">
              <value>
                <![CDATA[[TestResult name=ShowTemporaryDynamicQueues status=SUCCESS method=NavigatorSettings.ShowTemporaryDynamicQueues(org.testng.ITestContext)[pri:3, instance:ApodGUI.NavigatorSettings@30a3107a] output=<br/>]]]>
              </value>
            </param>
          </params>
          <reporter-output>
          </reporter-output>
        </test-method> <!-- tearDown -->
        <test-method status="PASS" signature="ShowFullNamesForFavoriteShortcuts(java.lang.String, java.lang.String, java.lang.String, org.testng.ITestContext)[pri:4, instance:ApodGUI.NavigatorSettings@30a3107a]" name="ShowFullNamesForFavoriteShortcuts" duration-ms="16157" started-at="2019-09-30T11:47:45Z" finished-at="2019-09-30T11:48:01Z">
          <params>
            <param index="0">
              <value>
                <![CDATA[Fav Viewlet]]>
              </value>
            </param>
            <param index="1">
              <value>
                <![CDATA[\\MQM]]>
              </value>
            </param>
            <param index="2">
              <value>
                <![CDATA[\\WGS10]]>
              </value>
            </param>
            <param index="3">
              <value>
                <![CDATA[org.testng.TestRunner@51549490]]>
              </value>
            </param>
          </params>
          <reporter-output>
            <line>
              <![CDATA[<br/>]]>
            </line>
            <line>
              <![CDATA[<img src=" C:\Users\Nagaraju.kagitala\git\TestNav\Nav/Screenshots/ScreenshotsSuccess/ShowFullNamesForFavoriteShortcuts.png" alt="""/" />]]>
            </line>
          </reporter-output>
        </test-method> <!-- ShowFullNamesForFavoriteShortcuts -->
        <test-method status="PASS" signature="tearDown(org.testng.ITestResult)[pri:0, instance:ApodGUI.NavigatorSettings@30a3107a]" name="tearDown" is-config="true" duration-ms="11324" started-at="2019-09-30T11:48:11Z" finished-at="2019-09-30T11:48:23Z">
          <params>
            <param index="0">
              <value>
                <![CDATA[[TestResult name=ShowFullNamesForFavoriteShortcuts status=SUCCESS method=NavigatorSettings.ShowFullNamesForFavoriteShortcuts(java.lang.String, java.lang.String, java.lang.String, org.testng.ITestContext)[pri:4, instance:ApodGUI.NavigatorSettings@30a3107a] output=<br/>]]]>
              </value>
            </param>
          </params>
          <reporter-output>
          </reporter-output>
        </test-method> <!-- tearDown -->
        <test-method status="PASS" signature="ShowFullNamesForSearchResultsObjects(java.lang.String, java.lang.String, org.testng.ITestContext)[pri:5, instance:ApodGUI.NavigatorSettings@30a3107a]" name="ShowFullNamesForSearchResultsObjects" duration-ms="9407" started-at="2019-09-30T11:48:23Z" finished-at="2019-09-30T11:48:32Z">
          <params>
            <param index="0">
              <value>
                <![CDATA[\\MQM]]>
              </value>
            </param>
            <param index="1">
              <value>
                <![CDATA[\\WGS10]]>
              </value>
            </param>
            <param index="2">
              <value>
                <![CDATA[org.testng.TestRunner@51549490]]>
              </value>
            </param>
          </params>
          <reporter-output>
            <line>
              <![CDATA[<br/>]]>
            </line>
            <line>
              <![CDATA[<img src=" C:\Users\Nagaraju.kagitala\git\TestNav\Nav/Screenshots/ScreenshotsSuccess/ShowFullNamesForSearchResultsObjects.png" alt="""/" />]]>
            </line>
          </reporter-output>
        </test-method> <!-- ShowFullNamesForSearchResultsObjects -->
        <test-method status="PASS" signature="tearDown(org.testng.ITestResult)[pri:0, instance:ApodGUI.NavigatorSettings@30a3107a]" name="tearDown" is-config="true" duration-ms="11586" started-at="2019-09-30T11:48:42Z" finished-at="2019-09-30T11:48:54Z">
          <params>
            <param index="0">
              <value>
                <![CDATA[[TestResult name=ShowFullNamesForSearchResultsObjects status=SUCCESS method=NavigatorSettings.ShowFullNamesForSearchResultsObjects(java.lang.String, java.lang.String, org.testng.ITestContext)[pri:5, instance:ApodGUI.NavigatorSettings@30a3107a] output=<br/>]]]>
              </value>
            </param>
          </params>
          <reporter-output>
          </reporter-output>
        </test-method> <!-- tearDown -->
        <test-method status="PASS" signature="ShowSystemObjectsOnly(org.testng.ITestContext)[pri:6, instance:ApodGUI.NavigatorSettings@30a3107a]" name="ShowSystemObjectsOnly" duration-ms="10735" started-at="2019-09-30T11:48:54Z" finished-at="2019-09-30T11:49:05Z">
          <params>
            <param index="0">
              <value>
                <![CDATA[org.testng.TestRunner@51549490]]>
              </value>
            </param>
          </params>
          <reporter-output>
            <line>
              <![CDATA[<br/>]]>
            </line>
            <line>
              <![CDATA[<img src=" C:\Users\Nagaraju.kagitala\git\TestNav\Nav/Screenshots/ScreenshotsSuccess/ShowSystemObjectsOnly.png" alt="""/" />]]>
            </line>
          </reporter-output>
        </test-method> <!-- ShowSystemObjectsOnly -->
        <test-method status="PASS" signature="tearDown(org.testng.ITestResult)[pri:0, instance:ApodGUI.NavigatorSettings@30a3107a]" name="tearDown" is-config="true" duration-ms="13186" started-at="2019-09-30T11:49:16Z" finished-at="2019-09-30T11:49:29Z">
          <params>
            <param index="0">
              <value>
                <![CDATA[[TestResult name=ShowSystemObjectsOnly status=SUCCESS method=NavigatorSettings.ShowSystemObjectsOnly(org.testng.ITestContext)[pri:6, instance:ApodGUI.NavigatorSettings@30a3107a] output=<br/>]]]>
              </value>
            </param>
          </params>
          <reporter-output>
          </reporter-output>
        </test-method> <!-- tearDown -->
        <test-method status="PASS" signature="ShowObjectSearchresultsFromActiveManagersOnly(java.lang.String, java.lang.String, org.testng.ITestContext)[pri:7, instance:ApodGUI.NavigatorSettings@30a3107a]" name="ShowObjectSearchresultsFromActiveManagersOnly" duration-ms="12782" started-at="2019-09-30T11:49:29Z" finished-at="2019-09-30T11:49:42Z">
          <params>
            <param index="0">
              <value>
                <![CDATA[TEST]]>
              </value>
            </param>
            <param index="1">
              <value>
                <![CDATA[Testing]]>
              </value>
            </param>
            <param index="2">
              <value>
                <![CDATA[org.testng.TestRunner@51549490]]>
              </value>
            </param>
          </params>
          <reporter-output>
            <line>
              <![CDATA[<br/>]]>
            </line>
            <line>
              <![CDATA[<img src=" C:\Users\Nagaraju.kagitala\git\TestNav\Nav/Screenshots/ScreenshotsSuccess/ShowObjectSearchresultsFromActiveManagersOnly.png" alt="""/" />]]>
            </line>
          </reporter-output>
        </test-method> <!-- ShowObjectSearchresultsFromActiveManagersOnly -->
        <test-method status="PASS" signature="tearDown(org.testng.ITestResult)[pri:0, instance:ApodGUI.NavigatorSettings@30a3107a]" name="tearDown" is-config="true" duration-ms="11275" started-at="2019-09-30T11:49:52Z" finished-at="2019-09-30T11:50:04Z">
          <params>
            <param index="0">
              <value>
                <![CDATA[[TestResult name=ShowObjectSearchresultsFromActiveManagersOnly status=SUCCESS method=NavigatorSettings.ShowObjectSearchresultsFromActiveManagersOnly(java.lang.String, java.lang.String, org.testng.ITestContext)[pri:7, instance:ApodGUI.NavigatorSettings@30a3107a] output=<br/>]]]>
              </value>
            </param>
          </params>
          <reporter-output>
          </reporter-output>
        </test-method> <!-- tearDown -->
        <test-method status="PASS" signature="ShowManagersForDefaultSchemas(org.testng.ITestContext)[pri:8, instance:ApodGUI.NavigatorSettings@30a3107a]" name="ShowManagersForDefaultSchemas" duration-ms="11776" started-at="2019-09-30T11:50:04Z" finished-at="2019-09-30T11:50:16Z">
          <params>
            <param index="0">
              <value>
                <![CDATA[org.testng.TestRunner@51549490]]>
              </value>
            </param>
          </params>
          <reporter-output>
            <line>
              <![CDATA[<br/>]]>
            </line>
            <line>
              <![CDATA[<img src=" C:\Users\Nagaraju.kagitala\git\TestNav\Nav/Screenshots/ScreenshotsSuccess/ShowManagersForDefaultSchemas.png" alt="""/" />]]>
            </line>
          </reporter-output>
        </test-method> <!-- ShowManagersForDefaultSchemas -->
        <test-method status="PASS" signature="tearDown(org.testng.ITestResult)[pri:0, instance:ApodGUI.NavigatorSettings@30a3107a]" name="tearDown" is-config="true" duration-ms="11711" started-at="2019-09-30T11:50:25Z" finished-at="2019-09-30T11:50:37Z">
          <params>
            <param index="0">
              <value>
                <![CDATA[[TestResult name=ShowManagersForDefaultSchemas status=SUCCESS method=NavigatorSettings.ShowManagersForDefaultSchemas(org.testng.ITestContext)[pri:8, instance:ApodGUI.NavigatorSettings@30a3107a] output=<br/>]]]>
              </value>
            </param>
          </params>
          <reporter-output>
          </reporter-output>
        </test-method> <!-- tearDown -->
        <test-method status="PASS" signature="Logout()[pri:9, instance:ApodGUI.NavigatorSettings@30a3107a]" name="Logout" duration-ms="9798" started-at="2019-09-30T11:50:37Z" finished-at="2019-09-30T11:50:47Z">
          <reporter-output>
          </reporter-output>
        </test-method> <!-- Logout -->
        <test-method status="PASS" signature="tearDown(org.testng.ITestResult)[pri:0, instance:ApodGUI.NavigatorSettings@30a3107a]" name="tearDown" is-config="true" duration-ms="0" started-at="2019-09-30T11:50:47Z" finished-at="2019-09-30T11:50:47Z">
          <params>
            <param index="0">
              <value>
                <![CDATA[[TestResult name=Logout status=SUCCESS method=NavigatorSettings.Logout()[pri:9, instance:ApodGUI.NavigatorSettings@30a3107a] output={null}]]]>
              </value>
            </param>
          </params>
          <reporter-output>
          </reporter-output>
        </test-method> <!-- tearDown -->
      </class> <!-- ApodGUI.NavigatorSettings -->
    </test> <!-- Settings -->
  </suite> <!-- Navigator -->
</testng-results>
