<?xml version="1.0" encoding="UTF-8"?>
<testng-results skipped="0" failed="0" ignored="8" total="12" passed="4">
  <reporter-output>
    <line>
      <![CDATA[<br/>]]>
    </line>
    <line>
      <![CDATA[<img src=" C:\Users\Nagaraju.kagitala\git\TestNav\Nav/Screenshots/ScreenshotsSuccess/Login.png" alt="""/" />]]>
    </line>
    <line>
      <![CDATA[<br/>]]>
    </line>
    <line>
      <![CDATA[<img src=" C:\Users\Nagaraju.kagitala\git\TestNav\Nav/Screenshots/ScreenshotsSuccess/AddChannelAuthrecordsViewlet.png" alt="""/" />]]>
    </line>
    <line>
      <![CDATA[<br/>]]>
    </line>
    <line>
      <![CDATA[<img src=" C:\Users\Nagaraju.kagitala\git\TestNav\Nav/Screenshots/ScreenshotsSuccess/ChannelAuthEvents.png" alt="""/" />]]>
    </line>
  </reporter-output>
  <suite name="Navigator" duration-ms="60876" started-at="2019-09-23T14:34:46Z" finished-at="2019-09-23T14:35:47Z">
    <groups>
    </groups>
    <test name="Test Channel Auth Records Viewlet" duration-ms="60876" started-at="2019-09-23T14:34:46Z" finished-at="2019-09-23T14:35:47Z">
      <class name="ApodGUI.ChannelAuthRecordsViewlet">
        <test-method status="PASS" signature="beforeTest()[pri:0, instance:ApodGUI.ChannelAuthRecordsViewlet@33c7e1bb]" name="beforeTest" is-config="true" duration-ms="15" started-at="2019-09-23T14:34:46Z" finished-at="2019-09-23T14:34:46Z">
          <reporter-output>
          </reporter-output>
        </test-method> <!-- beforeTest -->
        <test-method status="PASS" signature="Login(java.lang.String, java.lang.String, java.lang.String, int)[pri:0, instance:ApodGUI.ChannelAuthRecordsViewlet@33c7e1bb]" name="Login" duration-ms="17293" started-at="2019-09-23T14:34:46Z" finished-at="2019-09-23T14:35:03Z">
          <params>
            <param index="0">
              <value>
                <![CDATA[webdriver.chrome.driver]]>
              </value>
            </param>
            <param index="1">
              <value>
                <![CDATA[Drivers/chromedriver.exe]]>
              </value>
            </param>
            <param index="2">
              <value>
                <![CDATA[AuthInfo Verification]]>
              </value>
            </param>
            <param index="3">
              <value>
                <![CDATA[1]]>
              </value>
            </param>
          </params>
          <reporter-output>
            <line>
              <![CDATA[<br/>]]>
            </line>
            <line>
              <![CDATA[<img src=" C:\Users\Nagaraju.kagitala\git\TestNav\Nav/Screenshots/ScreenshotsSuccess/Login.png" alt="""/" />]]>
            </line>
          </reporter-output>
        </test-method> <!-- Login -->
        <test-method status="PASS" signature="tearDown(org.testng.ITestResult)[pri:0, instance:ApodGUI.ChannelAuthRecordsViewlet@33c7e1bb]" name="tearDown" is-config="true" duration-ms="627" started-at="2019-09-23T14:35:03Z" finished-at="2019-09-23T14:35:04Z">
          <params>
            <param index="0">
              <value>
                <![CDATA[[TestResult name=Login status=SUCCESS method=ChannelAuthRecordsViewlet.Login(java.lang.String, java.lang.String, java.lang.String, int)[pri:0, instance:ApodGUI.ChannelAuthRecordsViewlet@33c7e1bb] output=<br/>]]]>
              </value>
            </param>
          </params>
          <reporter-output>
          </reporter-output>
        </test-method> <!-- tearDown -->
        <test-method status="PASS" signature="AddChannelAuthrecordsViewlet(java.lang.String)[pri:1, instance:ApodGUI.ChannelAuthRecordsViewlet@33c7e1bb]" name="AddChannelAuthrecordsViewlet" duration-ms="6068" started-at="2019-09-23T14:35:04Z" finished-at="2019-09-23T14:35:10Z">
          <params>
            <param index="0">
              <value>
                <![CDATA[New Channel Auth Records]]>
              </value>
            </param>
          </params>
          <reporter-output>
            <line>
              <![CDATA[<br/>]]>
            </line>
            <line>
              <![CDATA[<img src=" C:\Users\Nagaraju.kagitala\git\TestNav\Nav/Screenshots/ScreenshotsSuccess/AddChannelAuthrecordsViewlet.png" alt="""/" />]]>
            </line>
          </reporter-output>
        </test-method> <!-- AddChannelAuthrecordsViewlet -->
        <test-method status="PASS" signature="tearDown(org.testng.ITestResult)[pri:0, instance:ApodGUI.ChannelAuthRecordsViewlet@33c7e1bb]" name="tearDown" is-config="true" duration-ms="404" started-at="2019-09-23T14:35:10Z" finished-at="2019-09-23T14:35:10Z">
          <params>
            <param index="0">
              <value>
                <![CDATA[[TestResult name=AddChannelAuthrecordsViewlet status=SUCCESS method=ChannelAuthRecordsViewlet.AddChannelAuthrecordsViewlet(java.lang.String)[pri:1, instance:ApodGUI.ChannelAuthRecordsViewlet@33c7e1bb] output=<br/>]]]>
              </value>
            </param>
          </params>
          <reporter-output>
          </reporter-output>
        </test-method> <!-- tearDown -->
        <test-method status="PASS" signature="ChannelAuthEvents(org.testng.ITestContext)[pri:5, instance:ApodGUI.ChannelAuthRecordsViewlet@33c7e1bb]" name="ChannelAuthEvents" duration-ms="11543" started-at="2019-09-23T14:35:10Z" finished-at="2019-09-23T14:35:22Z">
          <params>
            <param index="0">
              <value>
                <![CDATA[org.testng.TestRunner@75d2da2d]]>
              </value>
            </param>
          </params>
          <reporter-output>
            <line>
              <![CDATA[<br/>]]>
            </line>
            <line>
              <![CDATA[<img src=" C:\Users\Nagaraju.kagitala\git\TestNav\Nav/Screenshots/ScreenshotsSuccess/ChannelAuthEvents.png" alt="""/" />]]>
            </line>
          </reporter-output>
        </test-method> <!-- ChannelAuthEvents -->
        <test-method status="PASS" signature="tearDown(org.testng.ITestResult)[pri:0, instance:ApodGUI.ChannelAuthRecordsViewlet@33c7e1bb]" name="tearDown" is-config="true" duration-ms="9655" started-at="2019-09-23T14:35:30Z" finished-at="2019-09-23T14:35:40Z">
          <params>
            <param index="0">
              <value>
                <![CDATA[[TestResult name=ChannelAuthEvents status=SUCCESS method=ChannelAuthRecordsViewlet.ChannelAuthEvents(org.testng.ITestContext)[pri:5, instance:ApodGUI.ChannelAuthRecordsViewlet@33c7e1bb] output=<br/>]]]>
              </value>
            </param>
          </params>
          <reporter-output>
          </reporter-output>
        </test-method> <!-- tearDown -->
        <test-method status="PASS" signature="Logout()[pri:16, instance:ApodGUI.ChannelAuthRecordsViewlet@33c7e1bb]" name="Logout" duration-ms="6775" started-at="2019-09-23T14:35:40Z" finished-at="2019-09-23T14:35:47Z">
          <reporter-output>
          </reporter-output>
        </test-method> <!-- Logout -->
        <test-method status="PASS" signature="tearDown(org.testng.ITestResult)[pri:0, instance:ApodGUI.ChannelAuthRecordsViewlet@33c7e1bb]" name="tearDown" is-config="true" duration-ms="0" started-at="2019-09-23T14:35:47Z" finished-at="2019-09-23T14:35:47Z">
          <params>
            <param index="0">
              <value>
                <![CDATA[[TestResult name=Logout status=SUCCESS method=ChannelAuthRecordsViewlet.Logout()[pri:16, instance:ApodGUI.ChannelAuthRecordsViewlet@33c7e1bb] output={null}]]]>
              </value>
            </param>
          </params>
          <reporter-output>
          </reporter-output>
        </test-method> <!-- tearDown -->
      </class> <!-- ApodGUI.ChannelAuthRecordsViewlet -->
    </test> <!-- Test Channel Auth Records Viewlet -->
  </suite> <!-- Navigator -->
</testng-results>
