<?xml version="1.0" encoding="UTF-8"?>
<!-- Generated by org.testng.reporters.JUnitXMLReporter -->
<testsuite hostname="DESKTOP-E1JT2VR" ignored="7" name="Browse Message Options" tests="4" failures="0" timestamp="23 Jan 2020 07:12:17 GMT" time="146.236" errors="0">
  <testcase name="Login" time="30.683" classname="ApodGUI.EMSQueuesInsideOptionsOfBrowse"/>
  <testcase name="PutAMessageUsingPutNewIcon" time="10.809" classname="ApodGUI.EMSQueuesInsideOptionsOfBrowse"/>
  <testcase name="LoadMessageFromFileUsingIcon" time="23.696" classname="ApodGUI.EMSQueuesInsideOptionsOfBrowse"/>
  <testcase name="Logout" time="2.396" classname="ApodGUI.EMSQueuesInsideOptionsOfBrowse"/>
  <testcase name="CopyMessageUsingCopyIcon" time="0.0" classname="ApodGUI.EMSQueuesInsideOptionsOfBrowse">
    <ignored/>
  </testcase> <!-- CopyMessageUsingCopyIcon -->
  <testcase name="DeleteMessageUsingDeleteOption" time="0.0" classname="ApodGUI.EMSQueuesInsideOptionsOfBrowse">
    <ignored/>
  </testcase> <!-- DeleteMessageUsingDeleteOption -->
  <testcase name="DeleteMessageUsingDeleteIcon" time="0.0" classname="ApodGUI.EMSQueuesInsideOptionsOfBrowse">
    <ignored/>
  </testcase> <!-- DeleteMessageUsingDeleteIcon -->
  <testcase name="CopyMessageUsingCopyOption" time="0.0" classname="ApodGUI.EMSQueuesInsideOptionsOfBrowse">
    <ignored/>
  </testcase> <!-- CopyMessageUsingCopyOption -->
  <testcase name="MoveMessageUsingMoveIcon" time="0.0" classname="ApodGUI.EMSQueuesInsideOptionsOfBrowse">
    <ignored/>
  </testcase> <!-- MoveMessageUsingMoveIcon -->
  <testcase name="ExportSelectedMessageUsingExportIcon" time="0.0" classname="ApodGUI.EMSQueuesInsideOptionsOfBrowse">
    <ignored/>
  </testcase> <!-- ExportSelectedMessageUsingExportIcon -->
  <testcase name="MoveMessageUsingMoveOption" time="0.0" classname="ApodGUI.EMSQueuesInsideOptionsOfBrowse">
    <ignored/>
  </testcase> <!-- MoveMessageUsingMoveOption -->
</testsuite> <!-- Browse Message Options -->
