<?xml version="1.0" encoding="UTF-8"?>
<!-- Generated by org.testng.reporters.JUnitXMLReporter -->
<testsuite hostname="DESKTOP-E1JT2VR" ignored="0" name="Browse Message Options" tests="13" failures="0" timestamp="18 Sep 2019 12:11:07 GMT" time="402.044" errors="0">
  <testcase name="Login" time="103.345" classname="ApodGUI.QueuesInsideBrowseMessages"/>
  <testcase name="PutAMessageUsingPutNewIcon" time="10.198" classname="ApodGUI.QueuesInsideBrowseMessages"/>
  <testcase name="DeleteMessageUsingDeleteIcon" time="8.366" classname="ApodGUI.QueuesInsideBrowseMessages"/>
  <testcase name="CopyMessageUsingCopyIcon" time="8.038" classname="ApodGUI.QueuesInsideBrowseMessages"/>
  <testcase name="MoveMessageUsingMoveIcon" time="9.599" classname="ApodGUI.QueuesInsideBrowseMessages"/>
  <testcase name="EditMessageUsingEditIcon" time="7.874" classname="ApodGUI.QueuesInsideBrowseMessages"/>
  <testcase name="LoadMessageFromFileUsingIcon" time="14.571" classname="ApodGUI.QueuesInsideBrowseMessages"/>
  <testcase name="ExportSelectedMessageUsingExportIcon" time="12.779" classname="ApodGUI.QueuesInsideBrowseMessages"/>
  <testcase name="EditMessageUsingEditOption" time="6.838" classname="ApodGUI.QueuesInsideBrowseMessages"/>
  <testcase name="DeleteMessageUsingDeleteOption" time="8.335" classname="ApodGUI.QueuesInsideBrowseMessages"/>
  <testcase name="CopyMessageUsingCopyOption" time="7.708" classname="ApodGUI.QueuesInsideBrowseMessages"/>
  <testcase name="MoveMessageUsingMoveOption" time="7.68" classname="ApodGUI.QueuesInsideBrowseMessages"/>
  <testcase name="Logout" time="2.58" classname="ApodGUI.QueuesInsideBrowseMessages"/>
</testsuite> <!-- Browse Message Options -->
