<?xml version="1.0" encoding="UTF-8"?>
<!-- Generated by org.testng.reporters.JUnitXMLReporter -->
<testsuite hostname="DESKTOP-E1JT2VR" ignored="7" name="Browse Message Options" tests="4" failures="0" timestamp="29 Aug 2019 11:27:08 GMT" time="67.423" errors="0">
  <testcase name="Login" time="23.174" classname="ApodGUI.EMSQueuesInsideOptionsOfBrowse"/>
  <testcase name="PutAMessageUsingPutNewIcon" time="4.504" classname="ApodGUI.EMSQueuesInsideOptionsOfBrowse"/>
  <testcase name="LoadMessageFromFileUsingIcon" time="7.568" classname="ApodGUI.EMSQueuesInsideOptionsOfBrowse"/>
  <testcase name="Logout" time="2.475" classname="ApodGUI.EMSQueuesInsideOptionsOfBrowse"/>
  <testcase name="CopyMessageUsingCopyIcon" time="0.0" classname="ApodGUI.EMSQueuesInsideOptionsOfBrowse">
    <ignored/>
  </testcase> <!-- CopyMessageUsingCopyIcon -->
  <testcase name="DeleteMessageUsingDeleteOption" time="0.0" classname="ApodGUI.EMSQueuesInsideOptionsOfBrowse">
    <ignored/>
  </testcase> <!-- DeleteMessageUsingDeleteOption -->
  <testcase name="DeleteMessageUsingDeleteIcon" time="0.0" classname="ApodGUI.EMSQueuesInsideOptionsOfBrowse">
    <ignored/>
  </testcase> <!-- DeleteMessageUsingDeleteIcon -->
  <testcase name="CopyMessageUsingCopyOption" time="0.0" classname="ApodGUI.EMSQueuesInsideOptionsOfBrowse">
    <ignored/>
  </testcase> <!-- CopyMessageUsingCopyOption -->
  <testcase name="MoveMessageUsingMoveIcon" time="0.0" classname="ApodGUI.EMSQueuesInsideOptionsOfBrowse">
    <ignored/>
  </testcase> <!-- MoveMessageUsingMoveIcon -->
  <testcase name="ExportSelectedMessageUsingExportIcon" time="0.0" classname="ApodGUI.EMSQueuesInsideOptionsOfBrowse">
    <ignored/>
  </testcase> <!-- ExportSelectedMessageUsingExportIcon -->
  <testcase name="MoveMessageUsingMoveOption" time="0.0" classname="ApodGUI.EMSQueuesInsideOptionsOfBrowse">
    <ignored/>
  </testcase> <!-- MoveMessageUsingMoveOption -->
</testsuite> <!-- Browse Message Options -->
