<?xml version="1.0" encoding="UTF-8"?>
<!-- Generated by org.testng.reporters.JUnitXMLReporter -->
<testsuite hostname="DESKTOP-E1JT2VR" ignored="7" name="Browse Message Options" tests="4" failures="0" timestamp="12 Nov 2019 09:17:49 GMT" time="102.962" errors="0">
  <testcase name="Login" time="30.025" classname="ApodGUI.EMSQueuesInsideOptionsOfBrowse"/>
  <testcase name="PutAMessageUsingPutNewIcon" time="10.47" classname="ApodGUI.EMSQueuesInsideOptionsOfBrowse"/>
  <testcase name="MoveMessageUsingMoveIcon" time="8.031" classname="ApodGUI.EMSQueuesInsideOptionsOfBrowse"/>
  <testcase name="Logout" time="2.487" classname="ApodGUI.EMSQueuesInsideOptionsOfBrowse"/>
  <testcase name="CopyMessageUsingCopyIcon" time="0.0" classname="ApodGUI.EMSQueuesInsideOptionsOfBrowse">
    <ignored/>
  </testcase> <!-- CopyMessageUsingCopyIcon -->
  <testcase name="DeleteMessageUsingDeleteOption" time="0.0" classname="ApodGUI.EMSQueuesInsideOptionsOfBrowse">
    <ignored/>
  </testcase> <!-- DeleteMessageUsingDeleteOption -->
  <testcase name="DeleteMessageUsingDeleteIcon" time="0.0" classname="ApodGUI.EMSQueuesInsideOptionsOfBrowse">
    <ignored/>
  </testcase> <!-- DeleteMessageUsingDeleteIcon -->
  <testcase name="CopyMessageUsingCopyOption" time="0.0" classname="ApodGUI.EMSQueuesInsideOptionsOfBrowse">
    <ignored/>
  </testcase> <!-- CopyMessageUsingCopyOption -->
  <testcase name="LoadMessageFromFileUsingIcon" time="0.0" classname="ApodGUI.EMSQueuesInsideOptionsOfBrowse">
    <ignored/>
  </testcase> <!-- LoadMessageFromFileUsingIcon -->
  <testcase name="ExportSelectedMessageUsingExportIcon" time="0.0" classname="ApodGUI.EMSQueuesInsideOptionsOfBrowse">
    <ignored/>
  </testcase> <!-- ExportSelectedMessageUsingExportIcon -->
  <testcase name="MoveMessageUsingMoveOption" time="0.0" classname="ApodGUI.EMSQueuesInsideOptionsOfBrowse">
    <ignored/>
  </testcase> <!-- MoveMessageUsingMoveOption -->
</testsuite> <!-- Browse Message Options -->
