<?xml version="1.0" encoding="UTF-8"?>
<!-- Generated by org.testng.reporters.JUnitXMLReporter -->
<testsuite hostname="DESKTOP-E1JT2VR" ignored="10" name="Browse Message Options" tests="4" failures="1" timestamp="04 Oct 2019 10:59:17 GMT" time="101.568" errors="0">
  <testcase name="Login" time="27.659" classname="ApodGUI.QueuesInsideBrowseMessages">
    <failure type="org.openqa.selenium.WebDriverException" message="unknown error: Element &amp;lt;i _ngcontent-wan-c4=&amp;quot;&amp;quot; class=&amp;quot;fa fa-cog fa-lg&amp;quot; title=&amp;quot;User Settings&amp;quot;&amp;gt;&amp;lt;/i&amp;gt; is not clickable at point (1177, 22). Other element would receive the click: &amp;lt;ngb-modal-window role=&amp;quot;dialog&amp;quot; tabindex=&amp;quot;-1&amp;quot; class=&amp;quot;modal fade show d-block&amp;quot; aria-modal=&amp;quot;true&amp;quot;&amp;gt;...&amp;lt;/ngb-modal-window&amp;gt;
  (Session info: chrome=77.0.3865.90)
  (Driver info: chromedriver=2.41.578737 (49da6702b16031c40d63e5618de03a32ff6c197e),platform=Windows NT 10.0.18362 x86_64) (WARNING: The server did not provide any stacktrace information)
Command duration or timeout: 0 milliseconds
Build info: version: &amp;apos;3.14.0&amp;apos;, revision: &amp;apos;aacccce0&amp;apos;, time: &amp;apos;2018-08-02T20:13:22.693Z&amp;apos;
System info: host: &amp;apos;DESKTOP-E1JT2VR&amp;apos;, ip: &amp;apos;192.168.85.1&amp;apos;, os.name: &amp;apos;Windows 10&amp;apos;, os.arch: &amp;apos;amd64&amp;apos;, os.version: &amp;apos;10.0&amp;apos;, java.version: &amp;apos;1.8.0_201&amp;apos;
Driver info: org.openqa.selenium.chrome.ChromeDriver
Capabilities {acceptInsecureCerts: false, acceptSslCerts: false, applicationCacheEnabled: false, browserConnectionEnabled: false, browserName: chrome, chrome: {chromedriverVersion: 2.41.578737 (49da6702b16031..., userDataDir: C:\Users\NAGARA~1.KAG\AppDa...}, cssSelectorsEnabled: true, databaseEnabled: false, goog:chromeOptions: {debuggerAddress: localhost:64070}, handlesAlerts: true, hasTouchScreen: false, javascriptEnabled: true, locationContextEnabled: true, mobileEmulationEnabled: false, nativeEvents: true, networkConnectionEnabled: false, pageLoadStrategy: normal, platform: XP, platformName: XP, rotatable: false, setWindowRect: true, takesHeapSnapshot: true, takesScreenshot: true, unexpectedAlertBehaviour: , unhandledPromptBehavior: , version: 77.0.3865.90, webStorageEnabled: true}
Session ID: 70a2712a4857257d84d699b2cc486c69">
      <![CDATA[org.openqa.selenium.WebDriverException: unknown error: Element <i _ngcontent-wan-c4="" class="fa fa-cog fa-lg" title="User Settings"></i> is not clickable at point (1177, 22). Other element would receive the click: <ngb-modal-window role="dialog" tabindex="-1" class="modal fade show d-block" aria-modal="true">...</ngb-modal-window>
  (Session info: chrome=77.0.3865.90)
  (Driver info: chromedriver=2.41.578737 (49da6702b16031c40d63e5618de03a32ff6c197e),platform=Windows NT 10.0.18362 x86_64) (WARNING: The server did not provide any stacktrace information)
Command duration or timeout: 0 milliseconds
Build info: version: '3.14.0', revision: 'aacccce0', time: '2018-08-02T20:13:22.693Z'
System info: host: 'DESKTOP-E1JT2VR', ip: '192.168.85.1', os.name: 'Windows 10', os.arch: 'amd64', os.version: '10.0', java.version: '1.8.0_201'
Driver info: org.openqa.selenium.chrome.ChromeDriver
Capabilities {acceptInsecureCerts: false, acceptSslCerts: false, applicationCacheEnabled: false, browserConnectionEnabled: false, browserName: chrome, chrome: {chromedriverVersion: 2.41.578737 (49da6702b16031..., userDataDir: C:\Users\NAGARA~1.KAG\AppDa...}, cssSelectorsEnabled: true, databaseEnabled: false, goog:chromeOptions: {debuggerAddress: localhost:64070}, handlesAlerts: true, hasTouchScreen: false, javascriptEnabled: true, locationContextEnabled: true, mobileEmulationEnabled: false, nativeEvents: true, networkConnectionEnabled: false, pageLoadStrategy: normal, platform: XP, platformName: XP, rotatable: false, setWindowRect: true, takesHeapSnapshot: true, takesScreenshot: true, unexpectedAlertBehaviour: , unhandledPromptBehavior: , version: 77.0.3865.90, webStorageEnabled: true}
Session ID: 70a2712a4857257d84d699b2cc486c69
at org.openqa.selenium.remote.ErrorHandler.createThrowable(ErrorHandler.java:214)
at org.openqa.selenium.remote.ErrorHandler.throwIfResponseFailed(ErrorHandler.java:166)
at org.openqa.selenium.remote.http.JsonHttpResponseCodec.reconstructValue(JsonHttpResponseCodec.java:40)
at org.openqa.selenium.remote.http.AbstractHttpResponseCodec.decode(AbstractHttpResponseCodec.java:80)
at org.openqa.selenium.remote.http.AbstractHttpResponseCodec.decode(AbstractHttpResponseCodec.java:44)
at org.openqa.selenium.remote.HttpCommandExecutor.execute(HttpCommandExecutor.java:158)
at org.openqa.selenium.remote.service.DriverCommandExecutor.execute(DriverCommandExecutor.java:83)
at org.openqa.selenium.remote.RemoteWebDriver.execute(RemoteWebDriver.java:548)
at org.openqa.selenium.remote.RemoteWebElement.execute(RemoteWebElement.java:276)
at org.openqa.selenium.remote.RemoteWebElement.click(RemoteWebElement.java:83)
at ApodGUI.QueuesInsideBrowseMessages.Login(QueuesInsideBrowseMessages.java:167)
... Removed 29 stack frames]]>
    </failure>
  </testcase> <!-- Login -->
  <testcase name="PutAMessageUsingPutNewIcon" time="10.908" classname="ApodGUI.QueuesInsideBrowseMessages"/>
  <testcase name="RerouteQueueToCurrentManager" time="17.264" classname="ApodGUI.QueuesInsideBrowseMessages"/>
  <testcase name="Logout" time="2.734" classname="ApodGUI.QueuesInsideBrowseMessages"/>
  <testcase name="CopyMessageUsingCopyOption" time="0.0" classname="ApodGUI.QueuesInsideBrowseMessages">
    <ignored/>
  </testcase> <!-- CopyMessageUsingCopyOption -->
  <testcase name="LoadMessageFromFileUsingIcon" time="0.0" classname="ApodGUI.QueuesInsideBrowseMessages">
    <ignored/>
  </testcase> <!-- LoadMessageFromFileUsingIcon -->
  <testcase name="DeleteMessageUsingDeleteIcon" time="0.0" classname="ApodGUI.QueuesInsideBrowseMessages">
    <ignored/>
  </testcase> <!-- DeleteMessageUsingDeleteIcon -->
  <testcase name="MoveMessageUsingMoveIcon" time="0.0" classname="ApodGUI.QueuesInsideBrowseMessages">
    <ignored/>
  </testcase> <!-- MoveMessageUsingMoveIcon -->
  <testcase name="ExportSelectedMessageUsingExportIcon" time="0.0" classname="ApodGUI.QueuesInsideBrowseMessages">
    <ignored/>
  </testcase> <!-- ExportSelectedMessageUsingExportIcon -->
  <testcase name="EditMessageUsingEditIcon" time="0.0" classname="ApodGUI.QueuesInsideBrowseMessages">
    <ignored/>
  </testcase> <!-- EditMessageUsingEditIcon -->
  <testcase name="MoveMessageUsingMoveOption" time="0.0" classname="ApodGUI.QueuesInsideBrowseMessages">
    <ignored/>
  </testcase> <!-- MoveMessageUsingMoveOption -->
  <testcase name="DeleteMessageUsingDeleteOption" time="0.0" classname="ApodGUI.QueuesInsideBrowseMessages">
    <ignored/>
  </testcase> <!-- DeleteMessageUsingDeleteOption -->
  <testcase name="EditMessageUsingEditOption" time="0.0" classname="ApodGUI.QueuesInsideBrowseMessages">
    <ignored/>
  </testcase> <!-- EditMessageUsingEditOption -->
  <testcase name="CopyMessageUsingCopyIcon" time="0.0" classname="ApodGUI.QueuesInsideBrowseMessages">
    <ignored/>
  </testcase> <!-- CopyMessageUsingCopyIcon -->
</testsuite> <!-- Browse Message Options -->
