<?xml version="1.0" encoding="UTF-8"?>
<!-- Generated by org.testng.reporters.JUnitXMLReporter -->
<testsuite hostname="DESKTOP-E1JT2VR" ignored="10" name="Browse Message Options" tests="4" failures="0" timestamp="28 Jan 2020 09:35:57 GMT" time="144.958" errors="0">
  <testcase name="Login" time="34.45" classname="ApodGUI.QueuesInsideBrowseMessages"/>
  <testcase name="PutAMessageUsingPutNewIcon" time="10.973" classname="ApodGUI.QueuesInsideBrowseMessages"/>
  <testcase name="LoadMessageFromFileUsingIcon" time="18.642" classname="ApodGUI.QueuesInsideBrowseMessages"/>
  <testcase name="Logout" time="2.586" classname="ApodGUI.QueuesInsideBrowseMessages"/>
  <testcase name="CopyMessageUsingCopyOption" time="0.0" classname="ApodGUI.QueuesInsideBrowseMessages">
    <ignored/>
  </testcase> <!-- CopyMessageUsingCopyOption -->
  <testcase name="DeleteMessageUsingDeleteIcon" time="0.0" classname="ApodGUI.QueuesInsideBrowseMessages">
    <ignored/>
  </testcase> <!-- DeleteMessageUsingDeleteIcon -->
  <testcase name="MoveMessageUsingMoveIcon" time="0.0" classname="ApodGUI.QueuesInsideBrowseMessages">
    <ignored/>
  </testcase> <!-- MoveMessageUsingMoveIcon -->
  <testcase name="ExportSelectedMessageUsingExportIcon" time="0.0" classname="ApodGUI.QueuesInsideBrowseMessages">
    <ignored/>
  </testcase> <!-- ExportSelectedMessageUsingExportIcon -->
  <testcase name="EditMessageUsingEditIcon" time="0.0" classname="ApodGUI.QueuesInsideBrowseMessages">
    <ignored/>
  </testcase> <!-- EditMessageUsingEditIcon -->
  <testcase name="MoveMessageUsingMoveOption" time="0.0" classname="ApodGUI.QueuesInsideBrowseMessages">
    <ignored/>
  </testcase> <!-- MoveMessageUsingMoveOption -->
  <testcase name="DeleteMessageUsingDeleteOption" time="0.0" classname="ApodGUI.QueuesInsideBrowseMessages">
    <ignored/>
  </testcase> <!-- DeleteMessageUsingDeleteOption -->
  <testcase name="RerouteQueueToCurrentManager" time="0.0" classname="ApodGUI.QueuesInsideBrowseMessages">
    <ignored/>
  </testcase> <!-- RerouteQueueToCurrentManager -->
  <testcase name="EditMessageUsingEditOption" time="0.0" classname="ApodGUI.QueuesInsideBrowseMessages">
    <ignored/>
  </testcase> <!-- EditMessageUsingEditOption -->
  <testcase name="CopyMessageUsingCopyIcon" time="0.0" classname="ApodGUI.QueuesInsideBrowseMessages">
    <ignored/>
  </testcase> <!-- CopyMessageUsingCopyIcon -->
</testsuite> <!-- Browse Message Options -->
