<?xml version="1.0" encoding="UTF-8"?>
<!-- Generated by org.testng.reporters.JUnitXMLReporter -->
<testsuite hostname="DESKTOP-E1JT2VR" ignored="7" name="Browse Message Options" tests="6" failures="0" timestamp="16 Sep 2019 13:13:47 GMT" time="208.992" errors="0">
  <testcase name="Login" time="103.364" classname="ApodGUI.QueuesInsideBrowseMessages"/>
  <testcase name="PutAMessageUsingPutNewIcon" time="10.26" classname="ApodGUI.QueuesInsideBrowseMessages"/>
  <testcase name="DeleteMessageUsingDeleteIcon" time="8.343" classname="ApodGUI.QueuesInsideBrowseMessages"/>
  <testcase name="CopyMessageUsingCopyIcon" time="8.013" classname="ApodGUI.QueuesInsideBrowseMessages"/>
  <testcase name="MoveMessageUsingMoveIcon" time="9.67" classname="ApodGUI.QueuesInsideBrowseMessages"/>
  <testcase name="Logout" time="6.778" classname="ApodGUI.QueuesInsideBrowseMessages"/>
  <testcase name="CopyMessageUsingCopyOption" time="0.0" classname="ApodGUI.QueuesInsideBrowseMessages">
    <ignored/>
  </testcase> <!-- CopyMessageUsingCopyOption -->
  <testcase name="LoadMessageFromFileUsingIcon" time="0.0" classname="ApodGUI.QueuesInsideBrowseMessages">
    <ignored/>
  </testcase> <!-- LoadMessageFromFileUsingIcon -->
  <testcase name="ExportSelectedMessageUsingExportIcon" time="0.0" classname="ApodGUI.QueuesInsideBrowseMessages">
    <ignored/>
  </testcase> <!-- ExportSelectedMessageUsingExportIcon -->
  <testcase name="EditMessageUsingEditIcon" time="0.0" classname="ApodGUI.QueuesInsideBrowseMessages">
    <ignored/>
  </testcase> <!-- EditMessageUsingEditIcon -->
  <testcase name="MoveMessageUsingMoveOption" time="0.0" classname="ApodGUI.QueuesInsideBrowseMessages">
    <ignored/>
  </testcase> <!-- MoveMessageUsingMoveOption -->
  <testcase name="DeleteMessageUsingDeleteOption" time="0.0" classname="ApodGUI.QueuesInsideBrowseMessages">
    <ignored/>
  </testcase> <!-- DeleteMessageUsingDeleteOption -->
  <testcase name="EditMessageUsingEditOption" time="0.0" classname="ApodGUI.QueuesInsideBrowseMessages">
    <ignored/>
  </testcase> <!-- EditMessageUsingEditOption -->
</testsuite> <!-- Browse Message Options -->
