<?xml version="1.0" encoding="UTF-8"?>
<!-- Generated by org.testng.reporters.JUnitXMLReporter -->
<testsuite hostname="DESKTOP-E1JT2VR" ignored="0" name="Create viewlet types" tests="9" failures="0" timestamp="10 Mar 2020 13:32:40 GMT" time="92.825" errors="0">
  <testcase name="Login" time="23.56" classname="ApodGUI.CreateViewletTypesUsingViewletButton"/>
  <testcase name="CreateViewletUsingObjectCheckbox" time="2.898" classname="ApodGUI.CreateViewletTypesUsingViewletButton"/>
  <testcase name="CreateATemporaryViewletUsingSearchCheckbox" time="3.678" classname="ApodGUI.CreateViewletTypesUsingViewletButton"/>
  <testcase name="CreateFavoriteViewletUsingCheckbox" time="2.997" classname="ApodGUI.CreateViewletTypesUsingViewletButton"/>
  <testcase name="OpenAnExistingCheckbox" time="1.328" classname="ApodGUI.CreateViewletTypesUsingViewletButton"/>
  <testcase name="CreateTemporaryViewletUsingTemporaryViewletCheckbox" time="24.837" classname="ApodGUI.CreateViewletTypesUsingViewletButton"/>
  <testcase name="EditViewletOption" time="3.992" classname="ApodGUI.CreateViewletTypesUsingViewletButton"/>
  <testcase name="DeleteViewletOption" time="6.402" classname="ApodGUI.CreateViewletTypesUsingViewletButton"/>
  <testcase name="Logout" time="2.49" classname="ApodGUI.CreateViewletTypesUsingViewletButton"/>
</testsuite> <!-- Create viewlet types -->
