<?xml version="1.0" encoding="UTF-8"?>
<!-- Generated by org.testng.reporters.JUnitXMLReporter -->
<testsuite hostname="DESKTOP-E1JT2VR" ignored="0" name="Queue Message Options" tests="14" failures="0" timestamp="21 Jan 2020 07:35:27 GMT" time="715.733" errors="0">
  <testcase name="Login" time="81.671" classname="ApodGUI.QueueMessages"/>
  <testcase name="PutNewMessageIntoQueue" time="13.861" classname="ApodGUI.QueueMessages"/>
  <testcase name="LoadFromFileUsingYesbutton" time="17.23" classname="ApodGUI.QueueMessages"/>
  <testcase name="LoadFromFileUsingConfigurebuttonWithSingleMessage" time="29.681" classname="ApodGUI.QueueMessages"/>
  <testcase name="LoadFromFileUsingConfigurebuttonWithMultipleMessages" time="35.544" classname="ApodGUI.QueueMessages"/>
  <testcase name="ExportAllMessages" time="11.799" classname="ApodGUI.QueueMessages"/>
  <testcase name="CopyAllMessagesFromOneQueueToAnotherQueue" time="10.904" classname="ApodGUI.QueueMessages"/>
  <testcase name="MoveAllMessagesFromOneQueueToAnotherQueue" time="10.926" classname="ApodGUI.QueueMessages"/>
  <testcase name="DeleteAllMessagesFromQueue" time="19.909" classname="ApodGUI.QueueMessages"/>
  <testcase name="ClearAllMessagesFromQueue" time="14.739" classname="ApodGUI.QueueMessages"/>
  <testcase name="PutMessageUsingJsonFile" time="26.703" classname="ApodGUI.QueueMessages"/>
  <testcase name="PutMessageUsingXMLFile" time="26.559" classname="ApodGUI.QueueMessages"/>
  <testcase name="PutHexMessageIntoQueue" time="17.403" classname="ApodGUI.QueueMessages"/>
  <testcase name="Logout" time="2.506" classname="ApodGUI.QueueMessages"/>
</testsuite> <!-- Queue Message Options -->
