<?xml version="1.0" encoding="UTF-8"?>
<!-- Generated by org.testng.reporters.JUnitXMLReporter -->
<testsuite hostname="DESKTOP-E1JT2VR" ignored="5" name="Queue Message Options" tests="4" failures="0" timestamp="23 Aug 2019 11:20:28 GMT" time="124.686" errors="0">
  <testcase name="Login" time="82.251" classname="ApodGUI.QueueMessages"/>
  <testcase name="PutNewMessageIntoQueue" time="4.936" classname="ApodGUI.QueueMessages"/>
  <testcase name="LoadFromFile" time="5.817" classname="ApodGUI.QueueMessages"/>
  <testcase name="Logout" time="2.49" classname="ApodGUI.QueueMessages"/>
  <testcase name="ClearAllMessagesFromQueue" time="0.0" classname="ApodGUI.QueueMessages">
    <ignored/>
  </testcase> <!-- ClearAllMessagesFromQueue -->
  <testcase name="DeleteAllMessagesFromQueue" time="0.0" classname="ApodGUI.QueueMessages">
    <ignored/>
  </testcase> <!-- DeleteAllMessagesFromQueue -->
  <testcase name="ExportAllMessages" time="0.0" classname="ApodGUI.QueueMessages">
    <ignored/>
  </testcase> <!-- ExportAllMessages -->
  <testcase name="CopyAllMessagesFromOneQueueToAnotherQueue" time="0.0" classname="ApodGUI.QueueMessages">
    <ignored/>
  </testcase> <!-- CopyAllMessagesFromOneQueueToAnotherQueue -->
  <testcase name="MoveAllMessagesFromOneQueueToAnotherQueue" time="0.0" classname="ApodGUI.QueueMessages">
    <ignored/>
  </testcase> <!-- MoveAllMessagesFromOneQueueToAnotherQueue -->
</testsuite> <!-- Queue Message Options -->
