<?xml version="1.0" encoding="UTF-8"?>
<!-- Generated by org.testng.reporters.JUnitXMLReporter -->
<testsuite hostname="DESKTOP-E1JT2VR" ignored="0" name="Queue Message Options" tests="14" failures="0" timestamp="26 Dec 2019 12:36:10 GMT" time="600.835" errors="0">
  <testcase name="Login" time="88.863" classname="ApodGUI.QueueMessages"/>
  <testcase name="PutNewMessageIntoQueue" time="13.818" classname="ApodGUI.QueueMessages"/>
  <testcase name="LoadFromFileUsingYesbutton" time="17.123" classname="ApodGUI.QueueMessages"/>
  <testcase name="LoadFromFileUsingConfigurebuttonWithSingleMessage" time="29.774" classname="ApodGUI.QueueMessages"/>
  <testcase name="LoadFromFileUsingConfigurebuttonWithMultipleMessages" time="35.594" classname="ApodGUI.QueueMessages"/>
  <testcase name="ExportAllMessages" time="11.876" classname="ApodGUI.QueueMessages"/>
  <testcase name="CopyAllMessagesFromOneQueueToAnotherQueue" time="10.933" classname="ApodGUI.QueueMessages"/>
  <testcase name="MoveAllMessagesFromOneQueueToAnotherQueue" time="10.841" classname="ApodGUI.QueueMessages"/>
  <testcase name="DeleteAllMessagesFromQueue" time="19.849" classname="ApodGUI.QueueMessages"/>
  <testcase name="ClearAllMessagesFromQueue" time="14.865" classname="ApodGUI.QueueMessages"/>
  <testcase name="PutMessageUsingJsonFile" time="26.728" classname="ApodGUI.QueueMessages"/>
  <testcase name="PutMessageUsingXMLFile" time="26.683" classname="ApodGUI.QueueMessages"/>
  <testcase name="PutHexMessageIntoQueue" time="17.276" classname="ApodGUI.QueueMessages"/>
  <testcase name="Logout" time="6.656" classname="ApodGUI.QueueMessages"/>
</testsuite> <!-- Queue Message Options -->
