<?xml version="1.0" encoding="UTF-8"?>
<!-- Generated by org.testng.reporters.JUnitXMLReporter -->
<testsuite hostname="DESKTOP-E1JT2VR" ignored="5" name="Queue Message Options" tests="4" failures="0" timestamp="18 Sep 2019 12:04:12 GMT" time="149.313" errors="0">
  <testcase name="Login" time="88.07" classname="ApodGUI.QueueMessages"/>
  <testcase name="PutNewMessageIntoQueue" time="10.829" classname="ApodGUI.QueueMessages"/>
  <testcase name="LoadFromFile" time="12.567" classname="ApodGUI.QueueMessages"/>
  <testcase name="Logout" time="2.496" classname="ApodGUI.QueueMessages"/>
  <testcase name="ClearAllMessagesFromQueue" time="0.0" classname="ApodGUI.QueueMessages">
    <ignored/>
  </testcase> <!-- ClearAllMessagesFromQueue -->
  <testcase name="DeleteAllMessagesFromQueue" time="0.0" classname="ApodGUI.QueueMessages">
    <ignored/>
  </testcase> <!-- DeleteAllMessagesFromQueue -->
  <testcase name="ExportAllMessages" time="0.0" classname="ApodGUI.QueueMessages">
    <ignored/>
  </testcase> <!-- ExportAllMessages -->
  <testcase name="CopyAllMessagesFromOneQueueToAnotherQueue" time="0.0" classname="ApodGUI.QueueMessages">
    <ignored/>
  </testcase> <!-- CopyAllMessagesFromOneQueueToAnotherQueue -->
  <testcase name="MoveAllMessagesFromOneQueueToAnotherQueue" time="0.0" classname="ApodGUI.QueueMessages">
    <ignored/>
  </testcase> <!-- MoveAllMessagesFromOneQueueToAnotherQueue -->
</testsuite> <!-- Queue Message Options -->
