<?xml version="1.0" encoding="UTF-8"?>
<!-- Generated by org.testng.reporters.JUnitXMLReporter -->
<testsuite hostname="DESKTOP-E1JT2VR" ignored="9" name="Queue Message Options" tests="5" failures="0" timestamp="24 Mar 2020 09:50:32 GMT" time="278.591" errors="0">
  <testcase name="Login" time="126.11" classname="ApodGUI.QueueMessages"/>
  <testcase name="PutNewMessageIntoQueue" time="14.727" classname="ApodGUI.QueueMessages"/>
  <testcase name="CopyAllMessagesFromOneQueueToAnotherQueue" time="11.477" classname="ApodGUI.QueueMessages"/>
  <testcase name="MoveAllMessagesFromOneQueueToAnotherQueue" time="11.694" classname="ApodGUI.QueueMessages"/>
  <testcase name="Logout" time="4.017" classname="ApodGUI.QueueMessages"/>
  <testcase name="ClearAllMessagesFromQueue" time="0.0" classname="ApodGUI.QueueMessages">
    <ignored/>
  </testcase> <!-- ClearAllMessagesFromQueue -->
  <testcase name="DeleteAllMessagesFromQueue" time="0.0" classname="ApodGUI.QueueMessages">
    <ignored/>
  </testcase> <!-- DeleteAllMessagesFromQueue -->
  <testcase name="ExportAllMessages" time="0.0" classname="ApodGUI.QueueMessages">
    <ignored/>
  </testcase> <!-- ExportAllMessages -->
  <testcase name="LoadFromFileUsingYesbutton" time="0.0" classname="ApodGUI.QueueMessages">
    <ignored/>
  </testcase> <!-- LoadFromFileUsingYesbutton -->
  <testcase name="LoadFromFileUsingConfigurebuttonWithMultipleMessages" time="0.0" classname="ApodGUI.QueueMessages">
    <ignored/>
  </testcase> <!-- LoadFromFileUsingConfigurebuttonWithMultipleMessages -->
  <testcase name="PutMessageUsingXMLFile" time="0.0" classname="ApodGUI.QueueMessages">
    <ignored/>
  </testcase> <!-- PutMessageUsingXMLFile -->
  <testcase name="PutMessageUsingJsonFile" time="0.0" classname="ApodGUI.QueueMessages">
    <ignored/>
  </testcase> <!-- PutMessageUsingJsonFile -->
  <testcase name="PutHexMessageIntoQueue" time="0.0" classname="ApodGUI.QueueMessages">
    <ignored/>
  </testcase> <!-- PutHexMessageIntoQueue -->
  <testcase name="LoadFromFileUsingConfigurebuttonWithSingleMessage" time="0.0" classname="ApodGUI.QueueMessages">
    <ignored/>
  </testcase> <!-- LoadFromFileUsingConfigurebuttonWithSingleMessage -->
</testsuite> <!-- Queue Message Options -->
