<?xml version="1.0" encoding="UTF-8"?>
<!-- Generated by org.testng.reporters.JUnitXMLReporter -->
<testsuite hostname="DESKTOP-E1JT2VR" ignored="7" name="Queue Message Options" tests="5" failures="0" timestamp="11 Nov 2019 12:39:19 GMT" time="223.326" errors="0">
  <testcase name="Login" time="88.919" classname="ApodGUI.QueueMessages"/>
  <testcase name="PutNewMessageIntoQueue" time="13.886" classname="ApodGUI.QueueMessages"/>
  <testcase name="DeleteAllMessagesFromQueue" time="19.687" classname="ApodGUI.QueueMessages"/>
  <testcase name="ClearAllMessagesFromQueue" time="14.726" classname="ApodGUI.QueueMessages"/>
  <testcase name="Logout" time="2.489" classname="ApodGUI.QueueMessages"/>
  <testcase name="ExportAllMessages" time="0.0" classname="ApodGUI.QueueMessages">
    <ignored/>
  </testcase> <!-- ExportAllMessages -->
  <testcase name="LoadFromFile" time="0.0" classname="ApodGUI.QueueMessages">
    <ignored/>
  </testcase> <!-- LoadFromFile -->
  <testcase name="CopyAllMessagesFromOneQueueToAnotherQueue" time="0.0" classname="ApodGUI.QueueMessages">
    <ignored/>
  </testcase> <!-- CopyAllMessagesFromOneQueueToAnotherQueue -->
  <testcase name="PutMessageUsingJsonFile" time="0.0" classname="ApodGUI.QueueMessages">
    <ignored/>
  </testcase> <!-- PutMessageUsingJsonFile -->
  <testcase name="PutMessageUsingXMLFile" time="0.0" classname="ApodGUI.QueueMessages">
    <ignored/>
  </testcase> <!-- PutMessageUsingXMLFile -->
  <testcase name="PutHexMessageIntoQueue" time="0.0" classname="ApodGUI.QueueMessages">
    <ignored/>
  </testcase> <!-- PutHexMessageIntoQueue -->
  <testcase name="MoveAllMessagesFromOneQueueToAnotherQueue" time="0.0" classname="ApodGUI.QueueMessages">
    <ignored/>
  </testcase> <!-- MoveAllMessagesFromOneQueueToAnotherQueue -->
</testsuite> <!-- Queue Message Options -->
