<?xml version="1.0" encoding="UTF-8"?>
<!-- Generated by org.testng.reporters.JUnitXMLReporter -->
<testsuite hostname="DESKTOP-E1JT2VR" ignored="5" name="Queue Message Options" tests="9" failures="0" timestamp="14 Jan 2020 07:53:19 GMT" time="410.917" errors="0">
  <testcase name="Login" time="89.173" classname="ApodGUI.QueueMessages"/>
  <testcase name="CopyAllMessagesFromOneQueueToAnotherQueue" time="10.809" classname="ApodGUI.QueueMessages"/>
  <testcase name="MoveAllMessagesFromOneQueueToAnotherQueue" time="10.846" classname="ApodGUI.QueueMessages"/>
  <testcase name="DeleteAllMessagesFromQueue" time="19.9" classname="ApodGUI.QueueMessages"/>
  <testcase name="ClearAllMessagesFromQueue" time="14.779" classname="ApodGUI.QueueMessages"/>
  <testcase name="PutMessageUsingJsonFile" time="26.955" classname="ApodGUI.QueueMessages"/>
  <testcase name="PutMessageUsingXMLFile" time="26.65" classname="ApodGUI.QueueMessages"/>
  <testcase name="PutHexMessageIntoQueue" time="17.382" classname="ApodGUI.QueueMessages"/>
  <testcase name="Logout" time="6.472" classname="ApodGUI.QueueMessages"/>
  <testcase name="ExportAllMessages" time="0.0" classname="ApodGUI.QueueMessages">
    <ignored/>
  </testcase> <!-- ExportAllMessages -->
  <testcase name="LoadFromFileUsingYesbutton" time="0.0" classname="ApodGUI.QueueMessages">
    <ignored/>
  </testcase> <!-- LoadFromFileUsingYesbutton -->
  <testcase name="LoadFromFileUsingConfigurebuttonWithMultipleMessages" time="0.0" classname="ApodGUI.QueueMessages">
    <ignored/>
  </testcase> <!-- LoadFromFileUsingConfigurebuttonWithMultipleMessages -->
  <testcase name="PutNewMessageIntoQueue" time="0.0" classname="ApodGUI.QueueMessages">
    <ignored/>
  </testcase> <!-- PutNewMessageIntoQueue -->
  <testcase name="LoadFromFileUsingConfigurebuttonWithSingleMessage" time="0.0" classname="ApodGUI.QueueMessages">
    <ignored/>
  </testcase> <!-- LoadFromFileUsingConfigurebuttonWithSingleMessage -->
</testsuite> <!-- Queue Message Options -->
