<?xml version="1.0" encoding="UTF-8"?>
<!-- Generated by org.testng.reporters.JUnitXMLReporter -->
<testsuite hostname="DESKTOP-E1JT2VR" ignored="7" name="Queue Message Options" tests="7" failures="0" timestamp="28 Jan 2020 10:29:32 GMT" time="359.966" errors="0">
  <testcase name="Login" time="80.916" classname="ApodGUI.QueueMessages"/>
  <testcase name="PutNewMessageIntoQueue" time="13.856" classname="ApodGUI.QueueMessages"/>
  <testcase name="CopyAllMessagesFromOneQueueToAnotherQueue" time="10.931" classname="ApodGUI.QueueMessages"/>
  <testcase name="MoveAllMessagesFromOneQueueToAnotherQueue" time="10.965" classname="ApodGUI.QueueMessages"/>
  <testcase name="PutMessageUsingXMLFile" time="26.923" classname="ApodGUI.QueueMessages"/>
  <testcase name="PutHexMessageIntoQueue" time="17.398" classname="ApodGUI.QueueMessages"/>
  <testcase name="Logout" time="2.617" classname="ApodGUI.QueueMessages"/>
  <testcase name="ClearAllMessagesFromQueue" time="0.0" classname="ApodGUI.QueueMessages">
    <ignored/>
  </testcase> <!-- ClearAllMessagesFromQueue -->
  <testcase name="DeleteAllMessagesFromQueue" time="0.0" classname="ApodGUI.QueueMessages">
    <ignored/>
  </testcase> <!-- DeleteAllMessagesFromQueue -->
  <testcase name="ExportAllMessages" time="0.0" classname="ApodGUI.QueueMessages">
    <ignored/>
  </testcase> <!-- ExportAllMessages -->
  <testcase name="LoadFromFileUsingYesbutton" time="0.0" classname="ApodGUI.QueueMessages">
    <ignored/>
  </testcase> <!-- LoadFromFileUsingYesbutton -->
  <testcase name="LoadFromFileUsingConfigurebuttonWithMultipleMessages" time="0.0" classname="ApodGUI.QueueMessages">
    <ignored/>
  </testcase> <!-- LoadFromFileUsingConfigurebuttonWithMultipleMessages -->
  <testcase name="PutMessageUsingJsonFile" time="0.0" classname="ApodGUI.QueueMessages">
    <ignored/>
  </testcase> <!-- PutMessageUsingJsonFile -->
  <testcase name="LoadFromFileUsingConfigurebuttonWithSingleMessage" time="0.0" classname="ApodGUI.QueueMessages">
    <ignored/>
  </testcase> <!-- LoadFromFileUsingConfigurebuttonWithSingleMessage -->
</testsuite> <!-- Queue Message Options -->
