<?xml version="1.0" encoding="UTF-8"?>
<!-- Generated by org.testng.reporters.JUnitXMLReporter -->
<testsuite hostname="DESKTOP-E1JT2VR" ignored="6" name="Settings" tests="4" failures="0" timestamp="18 Sep 2019 11:47:11 GMT" time="101.247" errors="0">
  <testcase name="Login" time="36.685" classname="ApodGUI.NavigatorSettings"/>
  <testcase name="ShowInActiveChannelsCheckbox" time="9.706" classname="ApodGUI.NavigatorSettings"/>
  <testcase name="ShowEmptyQueuesCheckbox" time="9.364" classname="ApodGUI.NavigatorSettings"/>
  <testcase name="Logout" time="9.857" classname="ApodGUI.NavigatorSettings"/>
  <testcase name="ShowTemporaryDynamicQueues" time="0.0" classname="ApodGUI.NavigatorSettings">
    <ignored/>
  </testcase> <!-- ShowTemporaryDynamicQueues -->
  <testcase name="ShowObjectSearchresultsFromActiveManagersOnly" time="0.0" classname="ApodGUI.NavigatorSettings">
    <ignored/>
  </testcase> <!-- ShowObjectSearchresultsFromActiveManagersOnly -->
  <testcase name="ShowManagersForDefaultSchemas" time="0.0" classname="ApodGUI.NavigatorSettings">
    <ignored/>
  </testcase> <!-- ShowManagersForDefaultSchemas -->
  <testcase name="ShowSystemObjectsOnly" time="0.0" classname="ApodGUI.NavigatorSettings">
    <ignored/>
  </testcase> <!-- ShowSystemObjectsOnly -->
  <testcase name="ShowFullNamesForFavoriteShortcuts" time="0.0" classname="ApodGUI.NavigatorSettings">
    <ignored/>
  </testcase> <!-- ShowFullNamesForFavoriteShortcuts -->
  <testcase name="ShowFullNamesForSearchResultsObjects" time="0.0" classname="ApodGUI.NavigatorSettings">
    <ignored/>
  </testcase> <!-- ShowFullNamesForSearchResultsObjects -->
</testsuite> <!-- Settings -->
