<?xml version="1.0" encoding="UTF-8"?>
<!-- Generated by org.testng.reporters.JUnitXMLReporter -->
<testsuite hostname="DESKTOP-E1JT2VR" ignored="6" name="Settings" tests="4" failures="0" timestamp="23 Sep 2019 11:12:13 GMT" time="107.134" errors="0">
  <testcase name="Login" time="36.613" classname="ApodGUI.NavigatorSettings"/>
  <testcase name="ShowInActiveChannelsCheckbox" time="9.889" classname="ApodGUI.NavigatorSettings"/>
  <testcase name="ShowEmptyQueuesCheckbox" time="9.505" classname="ApodGUI.NavigatorSettings"/>
  <testcase name="Logout" time="14.155" classname="ApodGUI.NavigatorSettings"/>
  <testcase name="ShowTemporaryDynamicQueues" time="0.0" classname="ApodGUI.NavigatorSettings">
    <ignored/>
  </testcase> <!-- ShowTemporaryDynamicQueues -->
  <testcase name="ShowObjectSearchresultsFromActiveManagersOnly" time="0.0" classname="ApodGUI.NavigatorSettings">
    <ignored/>
  </testcase> <!-- ShowObjectSearchresultsFromActiveManagersOnly -->
  <testcase name="ShowManagersForDefaultSchemas" time="0.0" classname="ApodGUI.NavigatorSettings">
    <ignored/>
  </testcase> <!-- ShowManagersForDefaultSchemas -->
  <testcase name="ShowSystemObjectsOnly" time="0.0" classname="ApodGUI.NavigatorSettings">
    <ignored/>
  </testcase> <!-- ShowSystemObjectsOnly -->
  <testcase name="ShowFullNamesForFavoriteShortcuts" time="0.0" classname="ApodGUI.NavigatorSettings">
    <ignored/>
  </testcase> <!-- ShowFullNamesForFavoriteShortcuts -->
  <testcase name="ShowFullNamesForSearchResultsObjects" time="0.0" classname="ApodGUI.NavigatorSettings">
    <ignored/>
  </testcase> <!-- ShowFullNamesForSearchResultsObjects -->
</testsuite> <!-- Settings -->
