<?xml version="1.0" encoding="UTF-8"?>
<!-- Generated by org.testng.reporters.JUnitXMLReporter -->
<testsuite hostname="DESKTOP-E1JT2VR" ignored="0" name="Settings" tests="10" failures="0" timestamp="12 Nov 2019 07:27:44 GMT" time="373.659" errors="0">
  <testcase name="Login" time="36.678" classname="ApodGUI.NavigatorSettings"/>
  <testcase name="ShowInActiveChannelsCheckbox" time="9.91" classname="ApodGUI.NavigatorSettings"/>
  <testcase name="ShowEmptyQueuesCheckbox" time="9.467" classname="ApodGUI.NavigatorSettings"/>
  <testcase name="ShowTemporaryDynamicQueues" time="11.101" classname="ApodGUI.NavigatorSettings"/>
  <testcase name="ShowFullNamesForFavoriteShortcuts" time="15.843" classname="ApodGUI.NavigatorSettings"/>
  <testcase name="ShowFullNamesForSearchResultsObjects" time="9.404" classname="ApodGUI.NavigatorSettings"/>
  <testcase name="ShowSystemObjectsOnly" time="11.057" classname="ApodGUI.NavigatorSettings"/>
  <testcase name="ShowObjectSearchresultsFromActiveManagersOnly" time="12.707" classname="ApodGUI.NavigatorSettings"/>
  <testcase name="ShowManagersForDefaultSchemas" time="11.704" classname="ApodGUI.NavigatorSettings"/>
  <testcase name="Logout" time="9.871" classname="ApodGUI.NavigatorSettings"/>
</testsuite> <!-- Settings -->
