<?xml version="1.0" encoding="UTF-8"?>
<!-- Generated by org.testng.reporters.JUnitXMLReporter -->
<testsuite hostname="DESKTOP-E1JT2VR" ignored="0" name="Settings" tests="10" failures="0" timestamp="17 Sep 2019 10:11:30 GMT" time="268.692" errors="0">
  <testcase name="Login" time="36.651" classname="ApodGUI.NavigatorSettings"/>
  <testcase name="ShowInActiveChannelsCheckbox" time="9.741" classname="ApodGUI.NavigatorSettings"/>
  <testcase name="ShowEmptyQueuesCheckbox" time="9.344" classname="ApodGUI.NavigatorSettings"/>
  <testcase name="ShowTemporaryDynamicQueues" time="10.406" classname="ApodGUI.NavigatorSettings"/>
  <testcase name="ShowFullNamesForFavoriteShortcuts" time="16.006" classname="ApodGUI.NavigatorSettings"/>
  <testcase name="ShowFullNamesForSearchResultsObjects" time="9.409" classname="ApodGUI.NavigatorSettings"/>
  <testcase name="ShowSystemObjectsOnly" time="10.898" classname="ApodGUI.NavigatorSettings"/>
  <testcase name="ShowObjectSearchresultsFromActiveManagersOnly" time="12.825" classname="ApodGUI.NavigatorSettings"/>
  <testcase name="ShowManagersForDefaultSchemas" time="11.805" classname="ApodGUI.NavigatorSettings"/>
  <testcase name="Logout" time="10.082" classname="ApodGUI.NavigatorSettings"/>
</testsuite> <!-- Settings -->
