<?xml version="1.0" encoding="UTF-8"?>
<!-- Generated by org.testng.reporters.JUnitXMLReporter -->
<testsuite hostname="DESKTOP-E1JT2VR" ignored="0" name="Settings" tests="10" failures="0" timestamp="30 Sep 2019 11:50:47 GMT" time="314.866" errors="0">
  <testcase name="Login" time="37.259" classname="ApodGUI.NavigatorSettings"/>
  <testcase name="ShowInActiveChannelsCheckbox" time="9.712" classname="ApodGUI.NavigatorSettings"/>
  <testcase name="ShowEmptyQueuesCheckbox" time="9.424" classname="ApodGUI.NavigatorSettings"/>
  <testcase name="ShowTemporaryDynamicQueues" time="10.443" classname="ApodGUI.NavigatorSettings"/>
  <testcase name="ShowFullNamesForFavoriteShortcuts" time="16.157" classname="ApodGUI.NavigatorSettings"/>
  <testcase name="ShowFullNamesForSearchResultsObjects" time="9.407" classname="ApodGUI.NavigatorSettings"/>
  <testcase name="ShowSystemObjectsOnly" time="10.735" classname="ApodGUI.NavigatorSettings"/>
  <testcase name="ShowObjectSearchresultsFromActiveManagersOnly" time="12.782" classname="ApodGUI.NavigatorSettings"/>
  <testcase name="ShowManagersForDefaultSchemas" time="11.776" classname="ApodGUI.NavigatorSettings"/>
  <testcase name="Logout" time="9.798" classname="ApodGUI.NavigatorSettings"/>
</testsuite> <!-- Settings -->
