<?xml version="1.0" encoding="UTF-8"?>
<!-- Generated by org.testng.reporters.JUnitXMLReporter -->
<testsuite hostname="DESKTOP-E1JT2VR" ignored="0" name="Settings" tests="10" failures="0" timestamp="17 Jan 2020 08:18:37 GMT" time="360.856" errors="0">
  <testcase name="Login" time="37.449" classname="ApodGUI.NavigatorSettings"/>
  <testcase name="ShowInActiveChannelsCheckbox" time="9.974" classname="ApodGUI.NavigatorSettings"/>
  <testcase name="ShowEmptyQueuesCheckbox" time="9.413" classname="ApodGUI.NavigatorSettings"/>
  <testcase name="ShowTemporaryDynamicQueues" time="10.949" classname="ApodGUI.NavigatorSettings"/>
  <testcase name="ShowFullNamesForFavoriteShortcuts" time="15.892" classname="ApodGUI.NavigatorSettings"/>
  <testcase name="ShowFullNamesForSearchResultsObjects" time="9.424" classname="ApodGUI.NavigatorSettings"/>
  <testcase name="ShowSystemObjectsOnly" time="11.126" classname="ApodGUI.NavigatorSettings"/>
  <testcase name="ShowObjectSearchresultsFromActiveManagersOnly" time="14.192" classname="ApodGUI.NavigatorSettings"/>
  <testcase name="ShowManagersForDefaultSchemas" time="11.656" classname="ApodGUI.NavigatorSettings"/>
  <testcase name="Logout" time="9.771" classname="ApodGUI.NavigatorSettings"/>
</testsuite> <!-- Settings -->
