<?xml version="1.0" encoding="UTF-8"?>
<!-- Generated by org.testng.reporters.JUnitXMLReporter -->
<testsuite hostname="DESKTOP-E1JT2VR" ignored="2" name="Test Topic Viewlet" tests="16" failures="0" timestamp="07 Nov 2019 13:04:24 GMT" time="683.735" errors="0">
  <testcase name="Login" time="37.246" classname="ApodGUI.TopicViewlet"/>
  <testcase name="AddTopicViewlet" time="10.404" classname="ApodGUI.TopicViewlet"/>
  <testcase name="CreateTopic" time="33.147" classname="ApodGUI.TopicViewlet"/>
  <testcase name="CopyAsFromCommands" time="32.854" classname="ApodGUI.TopicViewlet"/>
  <testcase name="DeleteFromCommands" time="17.851" classname="ApodGUI.TopicViewlet"/>
  <testcase name="TopicProperties" time="10.421" classname="ApodGUI.TopicViewlet"/>
  <testcase name="TopicEvents" time="11.445" classname="ApodGUI.TopicViewlet"/>
  <testcase name="AddToFavoriteViewlet" time="10.94" classname="ApodGUI.TopicViewlet"/>
  <testcase name="CreateTopicFromPlusIcon" time="23.093" classname="ApodGUI.TopicViewlet"/>
  <testcase name="CompareTopics" time="4.694" classname="ApodGUI.TopicViewlet"/>
  <testcase name="CopyAsFromCommandsForMultipleTopics" time="24.669" classname="ApodGUI.TopicViewlet"/>
  <testcase name="DeleteFromCommandsForMultipleTopics" time="18.483" classname="ApodGUI.TopicViewlet"/>
  <testcase name="MultipleProperties" time="37.055" classname="ApodGUI.TopicViewlet"/>
  <testcase name="AddToFavoriteForMultipleTopics" time="4.632" classname="ApodGUI.TopicViewlet"/>
  <testcase name="ShowObjectAttributesForTopic" time="45.973" classname="ApodGUI.TopicViewlet"/>
  <testcase name="Logout" time="6.446" classname="ApodGUI.TopicViewlet"/>
  <testcase name="PublishFromCommandsForMultipleTopics" time="0.0" classname="ApodGUI.TopicViewlet">
    <ignored/>
  </testcase> <!-- PublishFromCommandsForMultipleTopics -->
  <testcase name="PublishFromCommands" time="0.0" classname="ApodGUI.TopicViewlet">
    <ignored/>
  </testcase> <!-- PublishFromCommands -->
</testsuite> <!-- Test Topic Viewlet -->
