<?xml version="1.0" encoding="UTF-8"?>
<!-- Generated by org.testng.reporters.JUnitXMLReporter -->
<testsuite hostname="DESKTOP-E1JT2VR" ignored="10" name="Test Listener Viewlet" tests="12" failures="1" timestamp="10 Sep 2019 13:53:22 GMT" time="332.208" errors="0">
  <testcase name="Login" time="25.309" classname="ApodGUI.ListenerViewlet"/>
  <testcase name="AddListenerViewlet" time="5.389" classname="ApodGUI.ListenerViewlet"/>
  <testcase name="CreateListener" time="24.8" classname="ApodGUI.ListenerViewlet"/>
  <testcase name="ListenerProperties" time="2.43" classname="ApodGUI.ListenerViewlet"/>
  <testcase name="ListenerEvents" time="1.885" classname="ApodGUI.ListenerViewlet"/>
  <testcase name="AddToFavoriteViewlet" time="7.917" classname="ApodGUI.ListenerViewlet"/>
  <testcase name="CompareListeners" time="2.689" classname="ApodGUI.ListenerViewlet"/>
  <testcase name="ListenerMultipleProperties" time="5.296" classname="ApodGUI.ListenerViewlet"/>
  <testcase name="AddToFavoriteForMultipleListeners" time="0.287" classname="ApodGUI.ListenerViewlet">
    <failure type="org.openqa.selenium.InvalidSelectorException" message="invalid selector: Unable to locate an element with the xpath expression Add to favorites... because of the following error:
SyntaxError: Failed to execute &amp;apos;evaluate&amp;apos; on &amp;apos;Document&amp;apos;: The string &amp;apos;Add to favorites...&amp;apos; is not a valid XPath expression.
  (Session info: chrome=76.0.3809.132)
  (Driver info: chromedriver=2.41.578737 (49da6702b16031c40d63e5618de03a32ff6c197e),platform=Windows NT 10.0.18362 x86_64) (WARNING: The server did not provide any stacktrace information)
Command duration or timeout: 0 milliseconds
For documentation on this error, please visit: http://seleniumhq.org/exceptions/invalid_selector_exception.html
Build info: version: &amp;apos;3.14.0&amp;apos;, revision: &amp;apos;aacccce0&amp;apos;, time: &amp;apos;2018-08-02T20:13:22.693Z&amp;apos;
System info: host: &amp;apos;DESKTOP-E1JT2VR&amp;apos;, ip: &amp;apos;192.168.85.1&amp;apos;, os.name: &amp;apos;Windows 10&amp;apos;, os.arch: &amp;apos;amd64&amp;apos;, os.version: &amp;apos;10.0&amp;apos;, java.version: &amp;apos;1.8.0_201&amp;apos;
Driver info: org.openqa.selenium.chrome.ChromeDriver
Capabilities {acceptInsecureCerts: false, acceptSslCerts: false, applicationCacheEnabled: false, browserConnectionEnabled: false, browserName: chrome, chrome: {chromedriverVersion: 2.41.578737 (49da6702b16031..., userDataDir: C:\Users\NAGARA~1.KAG\AppDa...}, cssSelectorsEnabled: true, databaseEnabled: false, goog:chromeOptions: {debuggerAddress: localhost:64795}, handlesAlerts: true, hasTouchScreen: false, javascriptEnabled: true, locationContextEnabled: true, mobileEmulationEnabled: false, nativeEvents: true, networkConnectionEnabled: false, pageLoadStrategy: normal, platform: XP, platformName: XP, rotatable: false, setWindowRect: true, takesHeapSnapshot: true, takesScreenshot: true, unexpectedAlertBehaviour: , unhandledPromptBehavior: , version: 76.0.3809.132, webStorageEnabled: true}
Session ID: c1fe7cbd6b9da59918cdcbf2773821e5
*** Element info: {Using=xpath, value=Add to favorites...}">
      <![CDATA[org.openqa.selenium.InvalidSelectorException: invalid selector: Unable to locate an element with the xpath expression Add to favorites... because of the following error:
SyntaxError: Failed to execute 'evaluate' on 'Document': The string 'Add to favorites...' is not a valid XPath expression.
  (Session info: chrome=76.0.3809.132)
  (Driver info: chromedriver=2.41.578737 (49da6702b16031c40d63e5618de03a32ff6c197e),platform=Windows NT 10.0.18362 x86_64) (WARNING: The server did not provide any stacktrace information)
Command duration or timeout: 0 milliseconds
For documentation on this error, please visit: http://seleniumhq.org/exceptions/invalid_selector_exception.html
Build info: version: '3.14.0', revision: 'aacccce0', time: '2018-08-02T20:13:22.693Z'
System info: host: 'DESKTOP-E1JT2VR', ip: '192.168.85.1', os.name: 'Windows 10', os.arch: 'amd64', os.version: '10.0', java.version: '1.8.0_201'
Driver info: org.openqa.selenium.chrome.ChromeDriver
Capabilities {acceptInsecureCerts: false, acceptSslCerts: false, applicationCacheEnabled: false, browserConnectionEnabled: false, browserName: chrome, chrome: {chromedriverVersion: 2.41.578737 (49da6702b16031..., userDataDir: C:\Users\NAGARA~1.KAG\AppDa...}, cssSelectorsEnabled: true, databaseEnabled: false, goog:chromeOptions: {debuggerAddress: localhost:64795}, handlesAlerts: true, hasTouchScreen: false, javascriptEnabled: true, locationContextEnabled: true, mobileEmulationEnabled: false, nativeEvents: true, networkConnectionEnabled: false, pageLoadStrategy: normal, platform: XP, platformName: XP, rotatable: false, setWindowRect: true, takesHeapSnapshot: true, takesScreenshot: true, unexpectedAlertBehaviour: , unhandledPromptBehavior: , version: 76.0.3809.132, webStorageEnabled: true}
Session ID: c1fe7cbd6b9da59918cdcbf2773821e5
*** Element info: {Using=xpath, value=Add to favorites...}
at org.openqa.selenium.remote.ErrorHandler.createThrowable(ErrorHandler.java:214)
at org.openqa.selenium.remote.ErrorHandler.throwIfResponseFailed(ErrorHandler.java:166)
at org.openqa.selenium.remote.http.JsonHttpResponseCodec.reconstructValue(JsonHttpResponseCodec.java:40)
at org.openqa.selenium.remote.http.AbstractHttpResponseCodec.decode(AbstractHttpResponseCodec.java:80)
at org.openqa.selenium.remote.http.AbstractHttpResponseCodec.decode(AbstractHttpResponseCodec.java:44)
at org.openqa.selenium.remote.HttpCommandExecutor.execute(HttpCommandExecutor.java:158)
at org.openqa.selenium.remote.service.DriverCommandExecutor.execute(DriverCommandExecutor.java:83)
at org.openqa.selenium.remote.RemoteWebDriver.execute(RemoteWebDriver.java:548)
at org.openqa.selenium.remote.RemoteWebDriver.findElement(RemoteWebDriver.java:322)
at org.openqa.selenium.remote.RemoteWebDriver.findElementByXPath(RemoteWebDriver.java:424)
at org.openqa.selenium.By$ByXPath.findElement(By.java:353)
at org.openqa.selenium.remote.RemoteWebDriver.findElement(RemoteWebDriver.java:314)
at ApodGUI.ListenerViewlet.AddToFavoriteForMultipleListeners(ListenerViewlet.java:1133)
... Removed 29 stack frames]]>
    </failure>
  </testcase> <!-- AddToFavoriteForMultipleListeners -->
  <testcase name="CreateListenerFromPlusIcon" time="32.126" classname="ApodGUI.ListenerViewlet"/>
  <testcase name="ShowObjectAttributesForListener" time="44.428" classname="ApodGUI.ListenerViewlet"/>
  <testcase name="Logout" time="2.492" classname="ApodGUI.ListenerViewlet"/>
  <testcase name="StartListenerForMultiple" time="0.0" classname="ApodGUI.ListenerViewlet">
    <ignored/>
  </testcase> <!-- StartListenerForMultiple -->
  <testcase name="RenameFromCommands" time="0.0" classname="ApodGUI.ListenerViewlet">
    <ignored/>
  </testcase> <!-- RenameFromCommands -->
  <testcase name="StopListenerForMultiple" time="0.0" classname="ApodGUI.ListenerViewlet">
    <ignored/>
  </testcase> <!-- StopListenerForMultiple -->
  <testcase name="CopyAsFromCommands" time="0.0" classname="ApodGUI.ListenerViewlet">
    <ignored/>
  </testcase> <!-- CopyAsFromCommands -->
  <testcase name="DeleteFromCommandsForMultiple" time="0.0" classname="ApodGUI.ListenerViewlet">
    <ignored/>
  </testcase> <!-- DeleteFromCommandsForMultiple -->
  <testcase name="DeleteFromCommands" time="0.0" classname="ApodGUI.ListenerViewlet">
    <ignored/>
  </testcase> <!-- DeleteFromCommands -->
  <testcase name="StartListener" time="0.0" classname="ApodGUI.ListenerViewlet">
    <ignored/>
  </testcase> <!-- StartListener -->
  <testcase name="RenameFromCommandsForMultiple" time="0.0" classname="ApodGUI.ListenerViewlet">
    <ignored/>
  </testcase> <!-- RenameFromCommandsForMultiple -->
  <testcase name="StopListener" time="0.0" classname="ApodGUI.ListenerViewlet">
    <ignored/>
  </testcase> <!-- StopListener -->
  <testcase name="CopyAsFromCommandsForMultiple" time="0.0" classname="ApodGUI.ListenerViewlet">
    <ignored/>
  </testcase> <!-- CopyAsFromCommandsForMultiple -->
</testsuite> <!-- Test Listener Viewlet -->
