<?xml version="1.0" encoding="UTF-8"?>
<!-- Generated by org.testng.reporters.JUnitXMLReporter -->
<testsuite hostname="DESKTOP-E1JT2VR" ignored="12" name="Test Node Viewlet" tests="3" failures="1" timestamp="29 Aug 2019 12:25:05 GMT" time="63.066" errors="0">
  <testcase name="Login" time="20.573" classname="ApodGUI.NodeViewlet"/>
  <testcase name="ShowTopology" time="24.73" classname="ApodGUI.NodeViewlet">
    <failure type="org.openqa.selenium.InvalidSelectorException" message="invalid selector: Unable to locate an element with the xpath expression Topology openeing is failed with the list of QM&amp;apos;s because of the following error:
SyntaxError: Failed to execute &amp;apos;evaluate&amp;apos; on &amp;apos;Document&amp;apos;: The string &amp;apos;Topology openeing is failed with the list of QM&amp;apos;s&amp;apos; is not a valid XPath expression.
  (Session info: chrome=76.0.3809.132)
  (Driver info: chromedriver=2.41.578737 (49da6702b16031c40d63e5618de03a32ff6c197e),platform=Windows NT 10.0.17134 x86_64) (WARNING: The server did not provide any stacktrace information)
Command duration or timeout: 0 milliseconds
For documentation on this error, please visit: http://seleniumhq.org/exceptions/invalid_selector_exception.html
Build info: version: &amp;apos;3.14.0&amp;apos;, revision: &amp;apos;aacccce0&amp;apos;, time: &amp;apos;2018-08-02T20:13:22.693Z&amp;apos;
System info: host: &amp;apos;DESKTOP-E1JT2VR&amp;apos;, ip: &amp;apos;192.168.85.1&amp;apos;, os.name: &amp;apos;Windows 10&amp;apos;, os.arch: &amp;apos;amd64&amp;apos;, os.version: &amp;apos;10.0&amp;apos;, java.version: &amp;apos;1.8.0_201&amp;apos;
Driver info: org.openqa.selenium.chrome.ChromeDriver
Capabilities {acceptInsecureCerts: false, acceptSslCerts: false, applicationCacheEnabled: false, browserConnectionEnabled: false, browserName: chrome, chrome: {chromedriverVersion: 2.41.578737 (49da6702b16031..., userDataDir: C:\Users\NAGARA~1.KAG\AppDa...}, cssSelectorsEnabled: true, databaseEnabled: false, goog:chromeOptions: {debuggerAddress: localhost:56307}, handlesAlerts: true, hasTouchScreen: false, javascriptEnabled: true, locationContextEnabled: true, mobileEmulationEnabled: false, nativeEvents: true, networkConnectionEnabled: false, pageLoadStrategy: normal, platform: XP, platformName: XP, rotatable: false, setWindowRect: true, takesHeapSnapshot: true, takesScreenshot: true, unexpectedAlertBehaviour: , unhandledPromptBehavior: , version: 76.0.3809.132, webStorageEnabled: true}
Session ID: da462dbd27904c01c41daf5405af9e1b
*** Element info: {Using=xpath, value=Topology openeing is failed with the list of QM&amp;apos;s}">
      <![CDATA[org.openqa.selenium.InvalidSelectorException: invalid selector: Unable to locate an element with the xpath expression Topology openeing is failed with the list of QM's because of the following error:
SyntaxError: Failed to execute 'evaluate' on 'Document': The string 'Topology openeing is failed with the list of QM's' is not a valid XPath expression.
  (Session info: chrome=76.0.3809.132)
  (Driver info: chromedriver=2.41.578737 (49da6702b16031c40d63e5618de03a32ff6c197e),platform=Windows NT 10.0.17134 x86_64) (WARNING: The server did not provide any stacktrace information)
Command duration or timeout: 0 milliseconds
For documentation on this error, please visit: http://seleniumhq.org/exceptions/invalid_selector_exception.html
Build info: version: '3.14.0', revision: 'aacccce0', time: '2018-08-02T20:13:22.693Z'
System info: host: 'DESKTOP-E1JT2VR', ip: '192.168.85.1', os.name: 'Windows 10', os.arch: 'amd64', os.version: '10.0', java.version: '1.8.0_201'
Driver info: org.openqa.selenium.chrome.ChromeDriver
Capabilities {acceptInsecureCerts: false, acceptSslCerts: false, applicationCacheEnabled: false, browserConnectionEnabled: false, browserName: chrome, chrome: {chromedriverVersion: 2.41.578737 (49da6702b16031..., userDataDir: C:\Users\NAGARA~1.KAG\AppDa...}, cssSelectorsEnabled: true, databaseEnabled: false, goog:chromeOptions: {debuggerAddress: localhost:56307}, handlesAlerts: true, hasTouchScreen: false, javascriptEnabled: true, locationContextEnabled: true, mobileEmulationEnabled: false, nativeEvents: true, networkConnectionEnabled: false, pageLoadStrategy: normal, platform: XP, platformName: XP, rotatable: false, setWindowRect: true, takesHeapSnapshot: true, takesScreenshot: true, unexpectedAlertBehaviour: , unhandledPromptBehavior: , version: 76.0.3809.132, webStorageEnabled: true}
Session ID: da462dbd27904c01c41daf5405af9e1b
*** Element info: {Using=xpath, value=Topology openeing is failed with the list of QM's}
at org.openqa.selenium.remote.ErrorHandler.createThrowable(ErrorHandler.java:214)
at org.openqa.selenium.remote.ErrorHandler.throwIfResponseFailed(ErrorHandler.java:166)
at org.openqa.selenium.remote.http.JsonHttpResponseCodec.reconstructValue(JsonHttpResponseCodec.java:40)
at org.openqa.selenium.remote.http.AbstractHttpResponseCodec.decode(AbstractHttpResponseCodec.java:80)
at org.openqa.selenium.remote.http.AbstractHttpResponseCodec.decode(AbstractHttpResponseCodec.java:44)
at org.openqa.selenium.remote.HttpCommandExecutor.execute(HttpCommandExecutor.java:158)
at org.openqa.selenium.remote.service.DriverCommandExecutor.execute(DriverCommandExecutor.java:83)
at org.openqa.selenium.remote.RemoteWebDriver.execute(RemoteWebDriver.java:548)
at org.openqa.selenium.remote.RemoteWebDriver.findElement(RemoteWebDriver.java:322)
at org.openqa.selenium.remote.RemoteWebDriver.findElementByXPath(RemoteWebDriver.java:424)
at org.openqa.selenium.By$ByXPath.findElement(By.java:353)
at org.openqa.selenium.remote.RemoteWebDriver.findElement(RemoteWebDriver.java:314)
at ApodGUI.NodeViewlet.ShowTopology(NodeViewlet.java:225)
... Removed 29 stack frames]]>
    </failure>
  </testcase> <!-- ShowTopology -->
  <testcase name="Logout" time="2.515" classname="ApodGUI.NodeViewlet"/>
  <testcase name="NodeEvents" time="0.0" classname="ApodGUI.NodeViewlet">
    <ignored/>
  </testcase> <!-- NodeEvents -->
  <testcase name="PropertiesOfNode" time="0.0" classname="ApodGUI.NodeViewlet">
    <ignored/>
  </testcase> <!-- PropertiesOfNode -->
  <testcase name="SearchFilter" time="0.0" classname="ApodGUI.NodeViewlet">
    <ignored/>
  </testcase> <!-- SearchFilter -->
  <testcase name="DiscoverNow" time="0.0" classname="ApodGUI.NodeViewlet">
    <ignored/>
  </testcase> <!-- DiscoverNow -->
  <testcase name="AddtoFavoriteForMultipleNodes" time="0.0" classname="ApodGUI.NodeViewlet">
    <ignored/>
  </testcase> <!-- AddtoFavoriteForMultipleNodes -->
  <testcase name="CreateNodeUsingIcon" time="0.0" classname="ApodGUI.NodeViewlet">
    <ignored/>
  </testcase> <!-- CreateNodeUsingIcon -->
  <testcase name="AddToFavotiteViewlet" time="0.0" classname="ApodGUI.NodeViewlet">
    <ignored/>
  </testcase> <!-- AddToFavotiteViewlet -->
  <testcase name="CompareTwoNodes" time="0.0" classname="ApodGUI.NodeViewlet">
    <ignored/>
  </testcase> <!-- CompareTwoNodes -->
  <testcase name="ShowObjectAttributesforNode" time="0.0" classname="ApodGUI.NodeViewlet">
    <ignored/>
  </testcase> <!-- ShowObjectAttributesforNode -->
  <testcase name="CreateQueueManagerFromNodeViewletOptions" time="0.0" classname="ApodGUI.NodeViewlet">
    <ignored/>
  </testcase> <!-- CreateQueueManagerFromNodeViewletOptions -->
  <testcase name="ManageAndUnmanageNode" time="0.0" classname="ApodGUI.NodeViewlet">
    <ignored/>
  </testcase> <!-- ManageAndUnmanageNode -->
  <testcase name="DeleteNode" time="0.0" classname="ApodGUI.NodeViewlet">
    <ignored/>
  </testcase> <!-- DeleteNode -->
</testsuite> <!-- Test Node Viewlet -->
