<?xml version="1.0" encoding="UTF-8"?>
<!-- Generated by org.testng.reporters.JUnitXMLReporter -->
<testsuite hostname="DESKTOP-E1JT2VR" ignored="15" name="Test Topic Viewlet" tests="4" failures="0" timestamp="28 Jan 2020 11:09:52 GMT" time="162.095" errors="0">
  <testcase name="Login" time="29.647" classname="ApodGUI.TopicViewlet"/>
  <testcase name="AddTopicViewlet" time="10.391" classname="ApodGUI.TopicViewlet"/>
  <testcase name="ShowObjectAttributesForTopic" time="45.957" classname="ApodGUI.TopicViewlet"/>
  <testcase name="Logout" time="6.696" classname="ApodGUI.TopicViewlet"/>
  <testcase name="CompareTopics" time="0.0" classname="ApodGUI.TopicViewlet">
    <ignored/>
  </testcase> <!-- CompareTopics -->
  <testcase name="CreateTopicFromPlusIcon" time="0.0" classname="ApodGUI.TopicViewlet">
    <ignored/>
  </testcase> <!-- CreateTopicFromPlusIcon -->
  <testcase name="TopicProperties" time="0.0" classname="ApodGUI.TopicViewlet">
    <ignored/>
  </testcase> <!-- TopicProperties -->
  <testcase name="CopyAsFromCommandsForMultipleTopics" time="0.0" classname="ApodGUI.TopicViewlet">
    <ignored/>
  </testcase> <!-- CopyAsFromCommandsForMultipleTopics -->
  <testcase name="AddToFavoriteForMultipleTopics" time="0.0" classname="ApodGUI.TopicViewlet">
    <ignored/>
  </testcase> <!-- AddToFavoriteForMultipleTopics -->
  <testcase name="CopyAsFromCommands" time="0.0" classname="ApodGUI.TopicViewlet">
    <ignored/>
  </testcase> <!-- CopyAsFromCommands -->
  <testcase name="MultipleProperties" time="0.0" classname="ApodGUI.TopicViewlet">
    <ignored/>
  </testcase> <!-- MultipleProperties -->
  <testcase name="TopicEvents" time="0.0" classname="ApodGUI.TopicViewlet">
    <ignored/>
  </testcase> <!-- TopicEvents -->
  <testcase name="DeleteFromCommandsForMultipleTopics" time="0.0" classname="ApodGUI.TopicViewlet">
    <ignored/>
  </testcase> <!-- DeleteFromCommandsForMultipleTopics -->
  <testcase name="PublishFromCommandsForMultipleTopics" time="0.0" classname="ApodGUI.TopicViewlet">
    <ignored/>
  </testcase> <!-- PublishFromCommandsForMultipleTopics -->
  <testcase name="AddToFavoriteViewlet" time="0.0" classname="ApodGUI.TopicViewlet">
    <ignored/>
  </testcase> <!-- AddToFavoriteViewlet -->
  <testcase name="PublishFromCommands" time="0.0" classname="ApodGUI.TopicViewlet">
    <ignored/>
  </testcase> <!-- PublishFromCommands -->
  <testcase name="CreateTopic" time="0.0" classname="ApodGUI.TopicViewlet">
    <ignored/>
  </testcase> <!-- CreateTopic -->
  <testcase name="CheckDifferencesForTopics" time="0.0" classname="ApodGUI.TopicViewlet">
    <ignored/>
  </testcase> <!-- CheckDifferencesForTopics -->
  <testcase name="DeleteFromCommands" time="0.0" classname="ApodGUI.TopicViewlet">
    <ignored/>
  </testcase> <!-- DeleteFromCommands -->
</testsuite> <!-- Test Topic Viewlet -->
