<?xml version="1.0" encoding="UTF-8"?>
<!-- Generated by org.testng.reporters.JUnitXMLReporter -->
<testsuite hostname="DESKTOP-E1JT2VR" ignored="10" name="Test Topic Viewlet" tests="6" failures="1" timestamp="23 Sep 2019 10:56:16 GMT" time="156.252" errors="0">
  <testcase name="Login" time="31.238" classname="ApodGUI.EMSTopic"/>
  <testcase name="CreateTopicFromPlusIcon" time="23.14" classname="ApodGUI.EMSTopic"/>
  <testcase name="CopyAsFromCommands" time="33.005" classname="ApodGUI.EMSTopic"/>
  <testcase name="DeleteFromCommands" time="12.635" classname="ApodGUI.EMSTopic"/>
  <testcase name="ShowObjectAttributesForTopic" time="0.0" classname="ApodGUI.EMSTopic">
    <failure type="org.testng.TestNGException" message="
Parameter &amp;apos;schemaName&amp;apos; is required by @Test on method ShowObjectAttributesForTopic but has not been marked @Optional or defined
in C:\Users\Nagaraju.kagitala\git\TestNav\Nav\EMSTopic.xml">
      <![CDATA[org.testng.TestNGException: 
Parameter 'schemaName' is required by @Test on method ShowObjectAttributesForTopic but has not been marked @Optional or defined
in C:\Users\Nagaraju.kagitala\git\TestNav\Nav\EMSTopic.xml
... Removed 24 stack frames]]>
    </failure>
  </testcase> <!-- ShowObjectAttributesForTopic -->
  <testcase name="Logout" time="2.482" classname="ApodGUI.EMSTopic"/>
  <testcase name="AddToFavoriteViewlet" time="0.0" classname="ApodGUI.EMSTopic">
    <ignored/>
  </testcase> <!-- AddToFavoriteViewlet -->
  <testcase name="CopyAsFromCommandsForMultipleTopics" time="0.0" classname="ApodGUI.EMSTopic">
    <ignored/>
  </testcase> <!-- CopyAsFromCommandsForMultipleTopics -->
  <testcase name="DeleteFromCommandsForMultipleTopics" time="0.0" classname="ApodGUI.EMSTopic">
    <ignored/>
  </testcase> <!-- DeleteFromCommandsForMultipleTopics -->
  <testcase name="EMSTopicPublish" time="0.0" classname="ApodGUI.EMSTopic">
    <ignored/>
  </testcase> <!-- EMSTopicPublish -->
  <testcase name="TopicEvents" time="0.0" classname="ApodGUI.EMSTopic">
    <ignored/>
  </testcase> <!-- TopicEvents -->
  <testcase name="TopicProperties" time="0.0" classname="ApodGUI.EMSTopic">
    <ignored/>
  </testcase> <!-- TopicProperties -->
  <testcase name="AddToFavoriteForMultipleTopics" time="0.0" classname="ApodGUI.EMSTopic">
    <ignored/>
  </testcase> <!-- AddToFavoriteForMultipleTopics -->
  <testcase name="PublishFromCommands" time="0.0" classname="ApodGUI.EMSTopic">
    <ignored/>
  </testcase> <!-- PublishFromCommands -->
  <testcase name="PublishFromCommandsForMultipleTopics" time="0.0" classname="ApodGUI.EMSTopic">
    <ignored/>
  </testcase> <!-- PublishFromCommandsForMultipleTopics -->
  <testcase name="MultipleProperties" time="0.0" classname="ApodGUI.EMSTopic">
    <ignored/>
  </testcase> <!-- MultipleProperties -->
</testsuite> <!-- Test Topic Viewlet -->
