<?xml version="1.0" encoding="UTF-8"?>
<!-- Generated by org.testng.reporters.JUnitXMLReporter -->
<testsuite hostname="DESKTOP-E1JT2VR" ignored="11" name="Test Route Viewlet" tests="4" failures="0" timestamp="07 Jan 2020 12:01:26 GMT" time="130.763" errors="0">
  <testcase name="Login" time="28.035" classname="ApodGUI.RouteViewlet"/>
  <testcase name="AddRouteViewlet" time="7.086" classname="ApodGUI.RouteViewlet"/>
  <testcase name="ShowObjectAttributesForRoute" time="37.216" classname="ApodGUI.RouteViewlet"/>
  <testcase name="Logout" time="2.514" classname="ApodGUI.RouteViewlet"/>
  <testcase name="RouteEvents" time="0.0" classname="ApodGUI.RouteViewlet">
    <ignored/>
  </testcase> <!-- RouteEvents -->
  <testcase name="AddRouteFromPlusIcon" time="0.0" classname="ApodGUI.RouteViewlet">
    <ignored/>
  </testcase> <!-- AddRouteFromPlusIcon -->
  <testcase name="AddToFavoriteForMultipleRoutes" time="0.0" classname="ApodGUI.RouteViewlet">
    <ignored/>
  </testcase> <!-- AddToFavoriteForMultipleRoutes -->
  <testcase name="DeleteCommand" time="0.0" classname="ApodGUI.RouteViewlet">
    <ignored/>
  </testcase> <!-- DeleteCommand -->
  <testcase name="AddToFavoriteViewlet" time="0.0" classname="ApodGUI.RouteViewlet">
    <ignored/>
  </testcase> <!-- AddToFavoriteViewlet -->
  <testcase name="Properties" time="0.0" classname="ApodGUI.RouteViewlet">
    <ignored/>
  </testcase> <!-- Properties -->
  <testcase name="MultipleProperties" time="0.0" classname="ApodGUI.RouteViewlet">
    <ignored/>
  </testcase> <!-- MultipleProperties -->
  <testcase name="CheckDifferencesForRoutes" time="0.0" classname="ApodGUI.RouteViewlet">
    <ignored/>
  </testcase> <!-- CheckDifferencesForRoutes -->
  <testcase name="RouteStatus" time="0.0" classname="ApodGUI.RouteViewlet">
    <ignored/>
  </testcase> <!-- RouteStatus -->
  <testcase name="CompareRoutes" time="0.0" classname="ApodGUI.RouteViewlet">
    <ignored/>
  </testcase> <!-- CompareRoutes -->
  <testcase name="DeleteMultiples" time="0.0" classname="ApodGUI.RouteViewlet">
    <ignored/>
  </testcase> <!-- DeleteMultiples -->
</testsuite> <!-- Test Route Viewlet -->
