<?xml version="1.0" encoding="UTF-8"?>
<!-- Generated by org.testng.reporters.JUnitXMLReporter -->
<testsuite hostname="DESKTOP-E1JT2VR" ignored="0" name="Test Auth Info Viewlet" tests="8" failures="0" timestamp="29 Aug 2019 09:50:19 GMT" time="167.641" errors="0">
  <testcase name="Login" time="19.104" classname="ApodGUI.AuthorizationInfoViewlet"/>
  <testcase name="AddAuthInfoViewlet" time="4.271" classname="ApodGUI.AuthorizationInfoViewlet"/>
  <testcase name="AuthInfoEvents" time="11.507" classname="ApodGUI.AuthorizationInfoViewlet"/>
  <testcase name="AddToFavoriteViewlet" time="7.813" classname="ApodGUI.AuthorizationInfoViewlet"/>
  <testcase name="CompareAuthInfo" time="3.847" classname="ApodGUI.AuthorizationInfoViewlet"/>
  <testcase name="AddToFavoriteForMultipleAuthInfo" time="4.756" classname="ApodGUI.AuthorizationInfoViewlet"/>
  <testcase name="ShowObjectAttributesForAuthInfo" time="27.188" classname="ApodGUI.AuthorizationInfoViewlet"/>
  <testcase name="Logout" time="2.506" classname="ApodGUI.AuthorizationInfoViewlet"/>
</testsuite> <!-- Test Auth Info Viewlet -->
