<?xml version="1.0" encoding="UTF-8"?>
<!-- Generated by org.testng.reporters.JUnitXMLReporter -->
<testsuite hostname="DESKTOP-E1JT2VR" ignored="0" name="Test Cluster QM Viewlet" tests="8" failures="0" timestamp="08 Nov 2019 08:08:32 GMT" time="323.297" errors="0">
  <testcase name="Login" time="32.932" classname="ApodGUI.ClusterQueueManager"/>
  <testcase name="AddClusterQueueManagerViewlet" time="9.73" classname="ApodGUI.ClusterQueueManager"/>
  <testcase name="ClusterQMEvents" time="11.53" classname="ApodGUI.ClusterQueueManager"/>
  <testcase name="AddToFavoriteViewlet" time="8.037" classname="ApodGUI.ClusterQueueManager"/>
  <testcase name="CompareClusterQueueManagers" time="4.747" classname="ApodGUI.ClusterQueueManager"/>
  <testcase name="AddToFavoriteForMultipleClusterQMs" time="11.771" classname="ApodGUI.ClusterQueueManager"/>
  <testcase name="ShowObjectAttributesForClusterQM" time="89.835" classname="ApodGUI.ClusterQueueManager"/>
  <testcase name="Logout" time="2.599" classname="ApodGUI.ClusterQueueManager"/>
</testsuite> <!-- Test Cluster QM Viewlet -->
