<?xml version="1.0" encoding="UTF-8"?>
<!-- Generated by org.testng.reporters.JUnitXMLReporter -->
<testsuite hostname="DESKTOP-E1JT2VR" ignored="13" name="Test Queue Viewlet" tests="3" failures="0" timestamp="29 Aug 2019 09:35:26 GMT" time="56.663" errors="0">
  <testcase name="Login" time="31.923" classname="ApodGUI.QueuesViewlet"/>
  <testcase name="SearchFilter" time="4.284" classname="ApodGUI.QueuesViewlet"/>
  <testcase name="Logout" time="5.777" classname="ApodGUI.QueuesViewlet"/>
  <testcase name="AddQueueFromPlusIcon" time="0.0" classname="ApodGUI.QueuesViewlet">
    <ignored/>
  </testcase> <!-- AddQueueFromPlusIcon -->
  <testcase name="QueueProperties" time="0.0" classname="ApodGUI.QueuesViewlet">
    <ignored/>
  </testcase> <!-- QueueProperties -->
  <testcase name="MultipleQueueProperties" time="0.0" classname="ApodGUI.QueuesViewlet">
    <ignored/>
  </testcase> <!-- MultipleQueueProperties -->
  <testcase name="CreateQueueFromOptions" time="0.0" classname="ApodGUI.QueuesViewlet">
    <ignored/>
  </testcase> <!-- CreateQueueFromOptions -->
  <testcase name="ShowQueueStatusForMultipleQueues" time="0.0" classname="ApodGUI.QueuesViewlet">
    <ignored/>
  </testcase> <!-- ShowQueueStatusForMultipleQueues -->
  <testcase name="AddToFavoriteViewlet" time="0.0" classname="ApodGUI.QueuesViewlet">
    <ignored/>
  </testcase> <!-- AddToFavoriteViewlet -->
  <testcase name="ShowObjectAttributesForQueues" time="0.0" classname="ApodGUI.QueuesViewlet">
    <ignored/>
  </testcase> <!-- ShowObjectAttributesForQueues -->
  <testcase name="CompareQueues" time="0.0" classname="ApodGUI.QueuesViewlet">
    <ignored/>
  </testcase> <!-- CompareQueues -->
  <testcase name="ShowQueueStatus" time="0.0" classname="ApodGUI.QueuesViewlet">
    <ignored/>
  </testcase> <!-- ShowQueueStatus -->
  <testcase name="AddToFavoriteForMultipleQueues" time="0.0" classname="ApodGUI.QueuesViewlet">
    <ignored/>
  </testcase> <!-- AddToFavoriteForMultipleQueues -->
  <testcase name="QueueEvents" time="0.0" classname="ApodGUI.QueuesViewlet">
    <ignored/>
  </testcase> <!-- QueueEvents -->
  <testcase name="BrowseMessages" time="0.0" classname="ApodGUI.QueuesViewlet">
    <ignored/>
  </testcase> <!-- BrowseMessages -->
  <testcase name="QueueCommands" time="0.0" classname="ApodGUI.QueuesViewlet">
    <ignored/>
  </testcase> <!-- QueueCommands -->
</testsuite> <!-- Test Queue Viewlet -->
