<?xml version="1.0" encoding="UTF-8"?>
<!-- Generated by org.testng.reporters.JUnitXMLReporter -->
<testsuite hostname="DESKTOP-E1JT2VR" ignored="11" name="Test Topic Viewlet" tests="4" failures="0" timestamp="09 Jan 2020 09:55:02 GMT" time="112.362" errors="0">
  <testcase name="Login" time="40.053" classname="ApodGUI.EMSTopic"/>
  <testcase name="AddToFavoriteViewlet" time="7.743" classname="ApodGUI.EMSTopic"/>
  <testcase name="AddToFavoriteForMultipleTopics" time="4.752" classname="ApodGUI.EMSTopic"/>
  <testcase name="Logout" time="2.475" classname="ApodGUI.EMSTopic"/>
  <testcase name="CreateTopicFromPlusIcon" time="0.0" classname="ApodGUI.EMSTopic">
    <ignored/>
  </testcase> <!-- CreateTopicFromPlusIcon -->
  <testcase name="ShowObjectAttributesForTopic" time="0.0" classname="ApodGUI.EMSTopic">
    <ignored/>
  </testcase> <!-- ShowObjectAttributesForTopic -->
  <testcase name="CopyAsFromCommands" time="0.0" classname="ApodGUI.EMSTopic">
    <ignored/>
  </testcase> <!-- CopyAsFromCommands -->
  <testcase name="CopyAsFromCommandsForMultipleTopics" time="0.0" classname="ApodGUI.EMSTopic">
    <ignored/>
  </testcase> <!-- CopyAsFromCommandsForMultipleTopics -->
  <testcase name="DeleteFromCommandsForMultipleTopics" time="0.0" classname="ApodGUI.EMSTopic">
    <ignored/>
  </testcase> <!-- DeleteFromCommandsForMultipleTopics -->
  <testcase name="EMSTopicPublish" time="0.0" classname="ApodGUI.EMSTopic">
    <ignored/>
  </testcase> <!-- EMSTopicPublish -->
  <testcase name="DeleteFromCommands" time="0.0" classname="ApodGUI.EMSTopic">
    <ignored/>
  </testcase> <!-- DeleteFromCommands -->
  <testcase name="TopicEvents" time="0.0" classname="ApodGUI.EMSTopic">
    <ignored/>
  </testcase> <!-- TopicEvents -->
  <testcase name="TopicProperties" time="0.0" classname="ApodGUI.EMSTopic">
    <ignored/>
  </testcase> <!-- TopicProperties -->
  <testcase name="PublishFromCommandsForMultipleTopics" time="0.0" classname="ApodGUI.EMSTopic">
    <ignored/>
  </testcase> <!-- PublishFromCommandsForMultipleTopics -->
  <testcase name="MultipleProperties" time="0.0" classname="ApodGUI.EMSTopic">
    <ignored/>
  </testcase> <!-- MultipleProperties -->
</testsuite> <!-- Test Topic Viewlet -->
