<?xml version="1.0" encoding="UTF-8"?>
<!-- Generated by org.testng.reporters.JUnitXMLReporter -->
<testsuite hostname="DESKTOP-E1JT2VR" ignored="3" name="Test Cluster QM Viewlet" tests="5" failures="0" timestamp="30 Aug 2019 06:13:35 GMT" time="82.639" errors="0">
  <testcase name="Login" time="19.249" classname="ApodGUI.ClusterQueueManager"/>
  <testcase name="AddClusterQueueManagerViewlet" time="4.716" classname="ApodGUI.ClusterQueueManager"/>
  <testcase name="AddToFavoriteViewlet" time="7.994" classname="ApodGUI.ClusterQueueManager"/>
  <testcase name="AddToFavoriteForMultipleClusterQMs" time="4.725" classname="ApodGUI.ClusterQueueManager"/>
  <testcase name="Logout" time="2.547" classname="ApodGUI.ClusterQueueManager"/>
  <testcase name="CompareClusterQueueManagers" time="0.0" classname="ApodGUI.ClusterQueueManager">
    <ignored/>
  </testcase> <!-- CompareClusterQueueManagers -->
  <testcase name="ClusterQMEvents" time="0.0" classname="ApodGUI.ClusterQueueManager">
    <ignored/>
  </testcase> <!-- ClusterQMEvents -->
  <testcase name="ShowObjectAttributesForClusterQM" time="0.0" classname="ApodGUI.ClusterQueueManager">
    <ignored/>
  </testcase> <!-- ShowObjectAttributesForClusterQM -->
</testsuite> <!-- Test Cluster QM Viewlet -->
