<?xml version="1.0" encoding="UTF-8"?>
<!-- Generated by org.testng.reporters.JUnitXMLReporter -->
<testsuite hostname="DESKTOP-E1JT2VR" ignored="12" name="Test Topic Viewlet" tests="6" failures="0" timestamp="27 Sep 2019 13:27:58 GMT" time="186.645" errors="0">
  <testcase name="Login" time="29.477" classname="ApodGUI.TopicViewlet"/>
  <testcase name="AddTopicViewlet" time="10.287" classname="ApodGUI.TopicViewlet"/>
  <testcase name="AddToFavoriteViewlet" time="10.856" classname="ApodGUI.TopicViewlet"/>
  <testcase name="MultipleProperties" time="37.031" classname="ApodGUI.TopicViewlet"/>
  <testcase name="AddToFavoriteForMultipleTopics" time="5.095" classname="ApodGUI.TopicViewlet"/>
  <testcase name="Logout" time="2.658" classname="ApodGUI.TopicViewlet"/>
  <testcase name="DeleteFromCommandsForMultipleTopics" time="0.0" classname="ApodGUI.TopicViewlet">
    <ignored/>
  </testcase> <!-- DeleteFromCommandsForMultipleTopics -->
  <testcase name="PublishFromCommands" time="0.0" classname="ApodGUI.TopicViewlet">
    <ignored/>
  </testcase> <!-- PublishFromCommands -->
  <testcase name="PublishFromCommandsForMultipleTopics" time="0.0" classname="ApodGUI.TopicViewlet">
    <ignored/>
  </testcase> <!-- PublishFromCommandsForMultipleTopics -->
  <testcase name="CompareTopics" time="0.0" classname="ApodGUI.TopicViewlet">
    <ignored/>
  </testcase> <!-- CompareTopics -->
  <testcase name="CreateTopic" time="0.0" classname="ApodGUI.TopicViewlet">
    <ignored/>
  </testcase> <!-- CreateTopic -->
  <testcase name="CreateTopicFromPlusIcon" time="0.0" classname="ApodGUI.TopicViewlet">
    <ignored/>
  </testcase> <!-- CreateTopicFromPlusIcon -->
  <testcase name="TopicProperties" time="0.0" classname="ApodGUI.TopicViewlet">
    <ignored/>
  </testcase> <!-- TopicProperties -->
  <testcase name="CopyAsFromCommandsForMultipleTopics" time="0.0" classname="ApodGUI.TopicViewlet">
    <ignored/>
  </testcase> <!-- CopyAsFromCommandsForMultipleTopics -->
  <testcase name="CopyAsFromCommands" time="0.0" classname="ApodGUI.TopicViewlet">
    <ignored/>
  </testcase> <!-- CopyAsFromCommands -->
  <testcase name="ShowObjectAttributesForTopic" time="0.0" classname="ApodGUI.TopicViewlet">
    <ignored/>
  </testcase> <!-- ShowObjectAttributesForTopic -->
  <testcase name="TopicEvents" time="0.0" classname="ApodGUI.TopicViewlet">
    <ignored/>
  </testcase> <!-- TopicEvents -->
  <testcase name="DeleteFromCommands" time="0.0" classname="ApodGUI.TopicViewlet">
    <ignored/>
  </testcase> <!-- DeleteFromCommands -->
</testsuite> <!-- Test Topic Viewlet -->
