<?xml version="1.0" encoding="UTF-8"?>
<!-- Generated by org.testng.reporters.JUnitXMLReporter -->
<testsuite hostname="DESKTOP-E1JT2VR" ignored="23" name="Test Manager Viewlet options" tests="3" failures="0" timestamp="21 Jan 2020 05:42:58 GMT" time="94.395" errors="0">
  <testcase name="Login" time="24.669" classname="ApodGUI.ManagerViewlet"/>
  <testcase name="CreateQueueManagerFromOptions" time="35.122" classname="ApodGUI.ManagerViewlet"/>
  <testcase name="Logout" time="2.628" classname="ApodGUI.ManagerViewlet"/>
  <testcase name="AddNewManagerFromIcon" time="0.0" classname="ApodGUI.ManagerViewlet">
    <ignored/>
  </testcase> <!-- AddNewManagerFromIcon -->
  <testcase name="ShowObjectAttributes" time="0.0" classname="ApodGUI.ManagerViewlet">
    <ignored/>
  </testcase> <!-- ShowObjectAttributes -->
  <testcase name="AddToFavorites" time="0.0" classname="ApodGUI.ManagerViewlet">
    <ignored/>
  </testcase> <!-- AddToFavorites -->
  <testcase name="StartAllWMQObjectsForMultipleManagers" time="0.0" classname="ApodGUI.ManagerViewlet">
    <ignored/>
  </testcase> <!-- StartAllWMQObjectsForMultipleManagers -->
  <testcase name="SaveMQSCConsoleResponceData" time="0.0" classname="ApodGUI.ManagerViewlet">
    <ignored/>
  </testcase> <!-- SaveMQSCConsoleResponceData -->
  <testcase name="Events" time="0.0" classname="ApodGUI.ManagerViewlet">
    <ignored/>
  </testcase> <!-- Events -->
  <testcase name="CheckDifferencesForManagers" time="0.0" classname="ApodGUI.ManagerViewlet">
    <ignored/>
  </testcase> <!-- CheckDifferencesForManagers -->
  <testcase name="AddToFavoriteForMultipleManagers" time="0.0" classname="ApodGUI.ManagerViewlet">
    <ignored/>
  </testcase> <!-- AddToFavoriteForMultipleManagers -->
  <testcase name="StartAllWMQObjects" time="0.0" classname="ApodGUI.ManagerViewlet">
    <ignored/>
  </testcase> <!-- StartAllWMQObjects -->
  <testcase name="ViewErrorLogs" time="0.0" classname="ApodGUI.ManagerViewlet">
    <ignored/>
  </testcase> <!-- ViewErrorLogs -->
  <testcase name="ShowTopology" time="0.0" classname="ApodGUI.ManagerViewlet">
    <ignored/>
  </testcase> <!-- ShowTopology -->
  <testcase name="MultipleManagersProperties" time="0.0" classname="ApodGUI.ManagerViewlet">
    <ignored/>
  </testcase> <!-- MultipleManagersProperties -->
  <testcase name="MQSCConsoleCommandOption" time="0.0" classname="ApodGUI.ManagerViewlet">
    <ignored/>
  </testcase> <!-- MQSCConsoleCommandOption -->
  <testcase name="DeleteFromDB" time="0.0" classname="ApodGUI.ManagerViewlet">
    <ignored/>
  </testcase> <!-- DeleteFromDB -->
  <testcase name="CompareManagers" time="0.0" classname="ApodGUI.ManagerViewlet">
    <ignored/>
  </testcase> <!-- CompareManagers -->
  <testcase name="Delete" time="0.0" classname="ApodGUI.ManagerViewlet">
    <ignored/>
  </testcase> <!-- Delete -->
  <testcase name="StopAllWMQObjects" time="0.0" classname="ApodGUI.ManagerViewlet">
    <ignored/>
  </testcase> <!-- StopAllWMQObjects -->
  <testcase name="ClearMQSCConsoleResponceData" time="0.0" classname="ApodGUI.ManagerViewlet">
    <ignored/>
  </testcase> <!-- ClearMQSCConsoleResponceData -->
  <testcase name="SearchFilter" time="0.0" classname="ApodGUI.ManagerViewlet">
    <ignored/>
  </testcase> <!-- SearchFilter -->
  <testcase name="Properties" time="0.0" classname="ApodGUI.ManagerViewlet">
    <ignored/>
  </testcase> <!-- Properties -->
  <testcase name="StopAllWMQObjectsForMultipleManagers" time="0.0" classname="ApodGUI.ManagerViewlet">
    <ignored/>
  </testcase> <!-- StopAllWMQObjectsForMultipleManagers -->
  <testcase name="DiscoverNow" time="0.0" classname="ApodGUI.ManagerViewlet">
    <ignored/>
  </testcase> <!-- DiscoverNow -->
  <testcase name="Security" time="0.0" classname="ApodGUI.ManagerViewlet">
    <ignored/>
  </testcase> <!-- Security -->
</testsuite> <!-- Test Manager Viewlet options -->
