<?xml version="1.0" encoding="UTF-8"?>
<!-- Generated by org.testng.reporters.JUnitXMLReporter -->
<testsuite hostname="DESKTOP-E1JT2VR" ignored="6" name="Test Manager Viewlet options" tests="17" failures="0" timestamp="18 Sep 2019 08:44:24 GMT" time="690.826" errors="0">
  <testcase name="Login" time="22.689" classname="ApodGUI.ManagerViewlet"/>
  <testcase name="AddNewManagerFromIcon" time="50.931" classname="ApodGUI.ManagerViewlet"/>
  <testcase name="ShowTopology" time="11.557" classname="ApodGUI.ManagerViewlet"/>
  <testcase name="Security" time="12.459" classname="ApodGUI.ManagerViewlet"/>
  <testcase name="ViewErrorLogs" time="12.736" classname="ApodGUI.ManagerViewlet"/>
  <testcase name="Properties" time="13.55" classname="ApodGUI.ManagerViewlet"/>
  <testcase name="MQSCConsole" time="16.187" classname="ApodGUI.ManagerViewlet"/>
  <testcase name="DiscoverNow" time="8.501" classname="ApodGUI.ManagerViewlet"/>
  <testcase name="Events" time="4.932" classname="ApodGUI.ManagerViewlet"/>
  <testcase name="AddToFavorites" time="16.304" classname="ApodGUI.ManagerViewlet"/>
  <testcase name="CompareManagers" time="4.649" classname="ApodGUI.ManagerViewlet"/>
  <testcase name="MultipleManagersProperties" time="30.877" classname="ApodGUI.ManagerViewlet"/>
  <testcase name="AddToFavoriteForMultipleManagers" time="10.761" classname="ApodGUI.ManagerViewlet"/>
  <testcase name="CreateQueueManagerFromOptions" time="34.453" classname="ApodGUI.ManagerViewlet"/>
  <testcase name="SearchFilter" time="4.588" classname="ApodGUI.ManagerViewlet"/>
  <testcase name="ShowObjectAttributes" time="171.338" classname="ApodGUI.ManagerViewlet"/>
  <testcase name="Logout" time="2.61" classname="ApodGUI.ManagerViewlet"/>
  <testcase name="StartAllWMQObjectsForMultipleManagers" time="0.0" classname="ApodGUI.ManagerViewlet">
    <ignored/>
  </testcase> <!-- StartAllWMQObjectsForMultipleManagers -->
  <testcase name="DeleteFromDB" time="0.0" classname="ApodGUI.ManagerViewlet">
    <ignored/>
  </testcase> <!-- DeleteFromDB -->
  <testcase name="Delete" time="0.0" classname="ApodGUI.ManagerViewlet">
    <ignored/>
  </testcase> <!-- Delete -->
  <testcase name="StopAllWMQObjects" time="0.0" classname="ApodGUI.ManagerViewlet">
    <ignored/>
  </testcase> <!-- StopAllWMQObjects -->
  <testcase name="StopAllWMQObjectsForMultipleManagers" time="0.0" classname="ApodGUI.ManagerViewlet">
    <ignored/>
  </testcase> <!-- StopAllWMQObjectsForMultipleManagers -->
  <testcase name="StartAllWMQObjects" time="0.0" classname="ApodGUI.ManagerViewlet">
    <ignored/>
  </testcase> <!-- StartAllWMQObjects -->
</testsuite> <!-- Test Manager Viewlet options -->
