<?xml version="1.0" encoding="UTF-8"?>
<!-- Generated by org.testng.reporters.JUnitXMLReporter -->
<testsuite hostname="DESKTOP-E1JT2VR" ignored="0" name="Test Auth Info Viewlet" tests="9" failures="0" timestamp="21 Jan 2020 10:45:20 GMT" time="342.269" errors="0">
  <testcase name="Login" time="23.733" classname="ApodGUI.AuthorizationInfoViewlet"/>
  <testcase name="AddAuthInfoViewlet" time="9.023" classname="ApodGUI.AuthorizationInfoViewlet"/>
  <testcase name="AuthInfoEvents" time="11.496" classname="ApodGUI.AuthorizationInfoViewlet"/>
  <testcase name="AddToFavoriteViewlet" time="7.428" classname="ApodGUI.AuthorizationInfoViewlet"/>
  <testcase name="CompareAuthInfo" time="5.543" classname="ApodGUI.AuthorizationInfoViewlet"/>
  <testcase name="CheckDifferencesForAuthInfos" time="8.477" classname="ApodGUI.AuthorizationInfoViewlet"/>
  <testcase name="AddToFavoriteForMultipleAuthInfo" time="4.628" classname="ApodGUI.AuthorizationInfoViewlet"/>
  <testcase name="ShowObjectAttributesForAuthInfo" time="25.933" classname="ApodGUI.AuthorizationInfoViewlet"/>
  <testcase name="Logout" time="2.47" classname="ApodGUI.AuthorizationInfoViewlet"/>
</testsuite> <!-- Test Auth Info Viewlet -->
