<?xml version="1.0" encoding="UTF-8"?>
<!-- Generated by org.testng.reporters.JUnitXMLReporter -->
<testsuite hostname="DESKTOP-E1JT2VR" ignored="15" name="Test Process Viewlet" tests="4" failures="0" timestamp="24 Mar 2020 06:39:28 GMT" time="146.559" errors="0">
  <testcase name="Login" time="27.732" classname="ApodGUI.ProcessViewlet"/>
  <testcase name="AddProcessViewlet" time="4.427" classname="ApodGUI.ProcessViewlet"/>
  <testcase name="MultipleProperties" time="33.752" classname="ApodGUI.ProcessViewlet"/>
  <testcase name="Logout" time="6.565" classname="ApodGUI.ProcessViewlet"/>
  <testcase name="AddToFavoriteForMultipleProcess" time="0.0" classname="ApodGUI.ProcessViewlet">
    <ignored/>
  </testcase> <!-- AddToFavoriteForMultipleProcess -->
  <testcase name="CopyAsFromCommandsForMultipleProcess" time="0.0" classname="ApodGUI.ProcessViewlet">
    <ignored/>
  </testcase> <!-- CopyAsFromCommandsForMultipleProcess -->
  <testcase name="DeleteFromCommands" time="0.0" classname="ApodGUI.ProcessViewlet">
    <ignored/>
  </testcase> <!-- DeleteFromCommands -->
  <testcase name="ShowObjectAttributesForProcess" time="0.0" classname="ApodGUI.ProcessViewlet">
    <ignored/>
  </testcase> <!-- ShowObjectAttributesForProcess -->
  <testcase name="AddToFavoriteViewlet" time="0.0" classname="ApodGUI.ProcessViewlet">
    <ignored/>
  </testcase> <!-- AddToFavoriteViewlet -->
  <testcase name="RenameFromCommands" time="0.0" classname="ApodGUI.ProcessViewlet">
    <ignored/>
  </testcase> <!-- RenameFromCommands -->
  <testcase name="ProcessEvents" time="0.0" classname="ApodGUI.ProcessViewlet">
    <ignored/>
  </testcase> <!-- ProcessEvents -->
  <testcase name="DeleteFromCommandsForMultipleProcess" time="0.0" classname="ApodGUI.ProcessViewlet">
    <ignored/>
  </testcase> <!-- DeleteFromCommandsForMultipleProcess -->
  <testcase name="CopyAsFromCommands" time="0.0" classname="ApodGUI.ProcessViewlet">
    <ignored/>
  </testcase> <!-- CopyAsFromCommands -->
  <testcase name="Properties" time="0.0" classname="ApodGUI.ProcessViewlet">
    <ignored/>
  </testcase> <!-- Properties -->
  <testcase name="RenameFromCommandsForMultipleProcess" time="0.0" classname="ApodGUI.ProcessViewlet">
    <ignored/>
  </testcase> <!-- RenameFromCommandsForMultipleProcess -->
  <testcase name="CreateProcess" time="0.0" classname="ApodGUI.ProcessViewlet">
    <ignored/>
  </testcase> <!-- CreateProcess -->
  <testcase name="CreateProcessFromPlusIcon" time="0.0" classname="ApodGUI.ProcessViewlet">
    <ignored/>
  </testcase> <!-- CreateProcessFromPlusIcon -->
  <testcase name="CheckDifferencesForProcess" time="0.0" classname="ApodGUI.ProcessViewlet">
    <ignored/>
  </testcase> <!-- CheckDifferencesForProcess -->
  <testcase name="CompareProcessNames" time="0.0" classname="ApodGUI.ProcessViewlet">
    <ignored/>
  </testcase> <!-- CompareProcessNames -->
</testsuite> <!-- Test Process Viewlet -->
