<?xml version="1.0" encoding="UTF-8"?>
<!-- Generated by org.testng.reporters.JUnitXMLReporter -->
<testsuite hostname="DESKTOP-E1JT2VR" ignored="5" name="Test Name List Viewlet" tests="4" failures="0" timestamp="14 Jan 2020 11:47:36 GMT" time="116.414" errors="0">
  <testcase name="Login" time="23.474" classname="ApodGUI.NameListViewlet"/>
  <testcase name="AddNameListViewlet" time="6.971" classname="ApodGUI.NameListViewlet"/>
  <testcase name="ShowObjectAttributesForNameList" time="28.813" classname="ApodGUI.NameListViewlet"/>
  <testcase name="Logout" time="2.473" classname="ApodGUI.NameListViewlet"/>
  <testcase name="AddToFavoriteViewlet" time="0.0" classname="ApodGUI.NameListViewlet">
    <ignored/>
  </testcase> <!-- AddToFavoriteViewlet -->
  <testcase name="AddToFavoriteForMultipleNameLists" time="0.0" classname="ApodGUI.NameListViewlet">
    <ignored/>
  </testcase> <!-- AddToFavoriteForMultipleNameLists -->
  <testcase name="CheckDifferencesForNameList" time="0.0" classname="ApodGUI.NameListViewlet">
    <ignored/>
  </testcase> <!-- CheckDifferencesForNameList -->
  <testcase name="NameListEvents" time="0.0" classname="ApodGUI.NameListViewlet">
    <ignored/>
  </testcase> <!-- NameListEvents -->
  <testcase name="CompareNameLists" time="0.0" classname="ApodGUI.NameListViewlet">
    <ignored/>
  </testcase> <!-- CompareNameLists -->
</testsuite> <!-- Test Name List Viewlet -->
