<?xml version="1.0" encoding="UTF-8"?>
<!-- Generated by org.testng.reporters.JUnitXMLReporter -->
<testsuite hostname="DESKTOP-E1JT2VR" ignored="8" name="Test Subscription Viewlet" tests="11" failures="2" timestamp="27 Jan 2020 10:43:00 GMT" time="648.552" errors="0">
  <testcase name="Login" time="24.389" classname="ApodGUI.SubscriptionViewlet"/>
  <testcase name="AddSubscriptionViewlet" time="9.198" classname="ApodGUI.SubscriptionViewlet"/>
  <testcase name="CreateSubscriptionFromOptions" time="44.266" classname="ApodGUI.SubscriptionViewlet"/>
  <testcase name="CopyAsFromCommands" time="31.496" classname="ApodGUI.SubscriptionViewlet"/>
  <testcase name="RenameFromCommands" time="19.622" classname="ApodGUI.SubscriptionViewlet"/>
  <testcase name="DeleteFromCommands" time="9.317" classname="ApodGUI.SubscriptionViewlet">
    <failure type="org.openqa.selenium.InvalidSelectorException" message="invalid selector: Unable to locate an element with the xpath expression Subscription delete failed because of the following error:
SyntaxError: Failed to execute &amp;apos;evaluate&amp;apos; on &amp;apos;Document&amp;apos;: The string &amp;apos;Subscription delete failed&amp;apos; is not a valid XPath expression.
  (Session info: chrome=79.0.3945.130)
  (Driver info: chromedriver=2.41.578737 (49da6702b16031c40d63e5618de03a32ff6c197e),platform=Windows NT 10.0.18362 x86_64) (WARNING: The server did not provide any stacktrace information)
Command duration or timeout: 0 milliseconds
For documentation on this error, please visit: http://seleniumhq.org/exceptions/invalid_selector_exception.html
Build info: version: &amp;apos;3.14.0&amp;apos;, revision: &amp;apos;aacccce0&amp;apos;, time: &amp;apos;2018-08-02T20:13:22.693Z&amp;apos;
System info: host: &amp;apos;DESKTOP-E1JT2VR&amp;apos;, ip: &amp;apos;192.168.122.1&amp;apos;, os.name: &amp;apos;Windows 10&amp;apos;, os.arch: &amp;apos;amd64&amp;apos;, os.version: &amp;apos;10.0&amp;apos;, java.version: &amp;apos;1.8.0_201&amp;apos;
Driver info: org.openqa.selenium.chrome.ChromeDriver
Capabilities {acceptInsecureCerts: false, acceptSslCerts: false, applicationCacheEnabled: false, browserConnectionEnabled: false, browserName: chrome, chrome: {chromedriverVersion: 2.41.578737 (49da6702b16031..., userDataDir: C:\Users\nastel5\AppData\Lo...}, cssSelectorsEnabled: true, databaseEnabled: false, goog:chromeOptions: {debuggerAddress: localhost:60526}, handlesAlerts: true, hasTouchScreen: false, javascriptEnabled: true, locationContextEnabled: true, mobileEmulationEnabled: false, nativeEvents: true, networkConnectionEnabled: false, pageLoadStrategy: normal, platform: XP, platformName: XP, rotatable: false, setWindowRect: true, takesHeapSnapshot: true, takesScreenshot: true, unexpectedAlertBehaviour: , unhandledPromptBehavior: , version: 79.0.3945.130, webStorageEnabled: true}
Session ID: cfbc0242c3805e8461d0ef503dc2b745
*** Element info: {Using=xpath, value=Subscription delete failed}">
      <![CDATA[org.openqa.selenium.InvalidSelectorException: invalid selector: Unable to locate an element with the xpath expression Subscription delete failed because of the following error:
SyntaxError: Failed to execute 'evaluate' on 'Document': The string 'Subscription delete failed' is not a valid XPath expression.
  (Session info: chrome=79.0.3945.130)
  (Driver info: chromedriver=2.41.578737 (49da6702b16031c40d63e5618de03a32ff6c197e),platform=Windows NT 10.0.18362 x86_64) (WARNING: The server did not provide any stacktrace information)
Command duration or timeout: 0 milliseconds
For documentation on this error, please visit: http://seleniumhq.org/exceptions/invalid_selector_exception.html
Build info: version: '3.14.0', revision: 'aacccce0', time: '2018-08-02T20:13:22.693Z'
System info: host: 'DESKTOP-E1JT2VR', ip: '192.168.122.1', os.name: 'Windows 10', os.arch: 'amd64', os.version: '10.0', java.version: '1.8.0_201'
Driver info: org.openqa.selenium.chrome.ChromeDriver
Capabilities {acceptInsecureCerts: false, acceptSslCerts: false, applicationCacheEnabled: false, browserConnectionEnabled: false, browserName: chrome, chrome: {chromedriverVersion: 2.41.578737 (49da6702b16031..., userDataDir: C:\Users\nastel5\AppData\Lo...}, cssSelectorsEnabled: true, databaseEnabled: false, goog:chromeOptions: {debuggerAddress: localhost:60526}, handlesAlerts: true, hasTouchScreen: false, javascriptEnabled: true, locationContextEnabled: true, mobileEmulationEnabled: false, nativeEvents: true, networkConnectionEnabled: false, pageLoadStrategy: normal, platform: XP, platformName: XP, rotatable: false, setWindowRect: true, takesHeapSnapshot: true, takesScreenshot: true, unexpectedAlertBehaviour: , unhandledPromptBehavior: , version: 79.0.3945.130, webStorageEnabled: true}
Session ID: cfbc0242c3805e8461d0ef503dc2b745
*** Element info: {Using=xpath, value=Subscription delete failed}
at org.openqa.selenium.remote.ErrorHandler.createThrowable(ErrorHandler.java:214)
at org.openqa.selenium.remote.ErrorHandler.throwIfResponseFailed(ErrorHandler.java:166)
at org.openqa.selenium.remote.http.JsonHttpResponseCodec.reconstructValue(JsonHttpResponseCodec.java:40)
at org.openqa.selenium.remote.http.AbstractHttpResponseCodec.decode(AbstractHttpResponseCodec.java:80)
at org.openqa.selenium.remote.http.AbstractHttpResponseCodec.decode(AbstractHttpResponseCodec.java:44)
at org.openqa.selenium.remote.HttpCommandExecutor.execute(HttpCommandExecutor.java:158)
at org.openqa.selenium.remote.service.DriverCommandExecutor.execute(DriverCommandExecutor.java:83)
at org.openqa.selenium.remote.RemoteWebDriver.execute(RemoteWebDriver.java:548)
at org.openqa.selenium.remote.RemoteWebDriver.findElement(RemoteWebDriver.java:322)
at org.openqa.selenium.remote.RemoteWebDriver.findElementByXPath(RemoteWebDriver.java:424)
at org.openqa.selenium.By$ByXPath.findElement(By.java:353)
at org.openqa.selenium.remote.RemoteWebDriver.findElement(RemoteWebDriver.java:314)
at ApodGUI.SubscriptionViewlet.DeleteFromCommands(SubscriptionViewlet.java:574)
... Removed 29 stack frames]]>
    </failure>
  </testcase> <!-- DeleteFromCommands -->
  <testcase name="CreateSubscriptionFromPlusIcon" time="104.279" classname="ApodGUI.SubscriptionViewlet"/>
  <testcase name="CopyAsFromCommandsForMultipleSubscriptions" time="28.458" classname="ApodGUI.SubscriptionViewlet"/>
  <testcase name="RenameFromCommandsForMultipleSubscriptions" time="30.258" classname="ApodGUI.SubscriptionViewlet"/>
  <testcase name="DeleteFromCommandsForMultipleSubscriptions" time="20.943" classname="ApodGUI.SubscriptionViewlet">
    <failure type="org.openqa.selenium.InvalidSelectorException" message="invalid selector: Unable to locate an element with the xpath expression Multiple Subscriptions are failed because of the following error:
SyntaxError: Failed to execute &amp;apos;evaluate&amp;apos; on &amp;apos;Document&amp;apos;: The string &amp;apos;Multiple Subscriptions are failed&amp;apos; is not a valid XPath expression.
  (Session info: chrome=79.0.3945.130)
  (Driver info: chromedriver=2.41.578737 (49da6702b16031c40d63e5618de03a32ff6c197e),platform=Windows NT 10.0.18362 x86_64) (WARNING: The server did not provide any stacktrace information)
Command duration or timeout: 0 milliseconds
For documentation on this error, please visit: http://seleniumhq.org/exceptions/invalid_selector_exception.html
Build info: version: &amp;apos;3.14.0&amp;apos;, revision: &amp;apos;aacccce0&amp;apos;, time: &amp;apos;2018-08-02T20:13:22.693Z&amp;apos;
System info: host: &amp;apos;DESKTOP-E1JT2VR&amp;apos;, ip: &amp;apos;192.168.122.1&amp;apos;, os.name: &amp;apos;Windows 10&amp;apos;, os.arch: &amp;apos;amd64&amp;apos;, os.version: &amp;apos;10.0&amp;apos;, java.version: &amp;apos;1.8.0_201&amp;apos;
Driver info: org.openqa.selenium.chrome.ChromeDriver
Capabilities {acceptInsecureCerts: false, acceptSslCerts: false, applicationCacheEnabled: false, browserConnectionEnabled: false, browserName: chrome, chrome: {chromedriverVersion: 2.41.578737 (49da6702b16031..., userDataDir: C:\Users\nastel5\AppData\Lo...}, cssSelectorsEnabled: true, databaseEnabled: false, goog:chromeOptions: {debuggerAddress: localhost:60526}, handlesAlerts: true, hasTouchScreen: false, javascriptEnabled: true, locationContextEnabled: true, mobileEmulationEnabled: false, nativeEvents: true, networkConnectionEnabled: false, pageLoadStrategy: normal, platform: XP, platformName: XP, rotatable: false, setWindowRect: true, takesHeapSnapshot: true, takesScreenshot: true, unexpectedAlertBehaviour: , unhandledPromptBehavior: , version: 79.0.3945.130, webStorageEnabled: true}
Session ID: cfbc0242c3805e8461d0ef503dc2b745
*** Element info: {Using=xpath, value=Multiple Subscriptions are failed}">
      <![CDATA[org.openqa.selenium.InvalidSelectorException: invalid selector: Unable to locate an element with the xpath expression Multiple Subscriptions are failed because of the following error:
SyntaxError: Failed to execute 'evaluate' on 'Document': The string 'Multiple Subscriptions are failed' is not a valid XPath expression.
  (Session info: chrome=79.0.3945.130)
  (Driver info: chromedriver=2.41.578737 (49da6702b16031c40d63e5618de03a32ff6c197e),platform=Windows NT 10.0.18362 x86_64) (WARNING: The server did not provide any stacktrace information)
Command duration or timeout: 0 milliseconds
For documentation on this error, please visit: http://seleniumhq.org/exceptions/invalid_selector_exception.html
Build info: version: '3.14.0', revision: 'aacccce0', time: '2018-08-02T20:13:22.693Z'
System info: host: 'DESKTOP-E1JT2VR', ip: '192.168.122.1', os.name: 'Windows 10', os.arch: 'amd64', os.version: '10.0', java.version: '1.8.0_201'
Driver info: org.openqa.selenium.chrome.ChromeDriver
Capabilities {acceptInsecureCerts: false, acceptSslCerts: false, applicationCacheEnabled: false, browserConnectionEnabled: false, browserName: chrome, chrome: {chromedriverVersion: 2.41.578737 (49da6702b16031..., userDataDir: C:\Users\nastel5\AppData\Lo...}, cssSelectorsEnabled: true, databaseEnabled: false, goog:chromeOptions: {debuggerAddress: localhost:60526}, handlesAlerts: true, hasTouchScreen: false, javascriptEnabled: true, locationContextEnabled: true, mobileEmulationEnabled: false, nativeEvents: true, networkConnectionEnabled: false, pageLoadStrategy: normal, platform: XP, platformName: XP, rotatable: false, setWindowRect: true, takesHeapSnapshot: true, takesScreenshot: true, unexpectedAlertBehaviour: , unhandledPromptBehavior: , version: 79.0.3945.130, webStorageEnabled: true}
Session ID: cfbc0242c3805e8461d0ef503dc2b745
*** Element info: {Using=xpath, value=Multiple Subscriptions are failed}
at org.openqa.selenium.remote.ErrorHandler.createThrowable(ErrorHandler.java:214)
at org.openqa.selenium.remote.ErrorHandler.throwIfResponseFailed(ErrorHandler.java:166)
at org.openqa.selenium.remote.http.JsonHttpResponseCodec.reconstructValue(JsonHttpResponseCodec.java:40)
at org.openqa.selenium.remote.http.AbstractHttpResponseCodec.decode(AbstractHttpResponseCodec.java:80)
at org.openqa.selenium.remote.http.AbstractHttpResponseCodec.decode(AbstractHttpResponseCodec.java:44)
at org.openqa.selenium.remote.HttpCommandExecutor.execute(HttpCommandExecutor.java:158)
at org.openqa.selenium.remote.service.DriverCommandExecutor.execute(DriverCommandExecutor.java:83)
at org.openqa.selenium.remote.RemoteWebDriver.execute(RemoteWebDriver.java:548)
at org.openqa.selenium.remote.RemoteWebDriver.findElement(RemoteWebDriver.java:322)
at org.openqa.selenium.remote.RemoteWebDriver.findElementByXPath(RemoteWebDriver.java:424)
at org.openqa.selenium.By$ByXPath.findElement(By.java:353)
at org.openqa.selenium.remote.RemoteWebDriver.findElement(RemoteWebDriver.java:314)
at ApodGUI.SubscriptionViewlet.DeleteFromCommandsForMultipleSubscriptions(SubscriptionViewlet.java:1406)
... Removed 29 stack frames]]>
    </failure>
  </testcase> <!-- DeleteFromCommandsForMultipleSubscriptions -->
  <testcase name="Logout" time="2.472" classname="ApodGUI.SubscriptionViewlet"/>
  <testcase name="CompareSubscription" time="0.0" classname="ApodGUI.SubscriptionViewlet">
    <ignored/>
  </testcase> <!-- CompareSubscription -->
  <testcase name="CheckDifferencesForSubscriptions" time="0.0" classname="ApodGUI.SubscriptionViewlet">
    <ignored/>
  </testcase> <!-- CheckDifferencesForSubscriptions -->
  <testcase name="MultipleSubscriptionProperties" time="0.0" classname="ApodGUI.SubscriptionViewlet">
    <ignored/>
  </testcase> <!-- MultipleSubscriptionProperties -->
  <testcase name="AddToFavoriteViewlet" time="0.0" classname="ApodGUI.SubscriptionViewlet">
    <ignored/>
  </testcase> <!-- AddToFavoriteViewlet -->
  <testcase name="AddToFavoriteForMultipleSubscription" time="0.0" classname="ApodGUI.SubscriptionViewlet">
    <ignored/>
  </testcase> <!-- AddToFavoriteForMultipleSubscription -->
  <testcase name="SubscriptionEvents" time="0.0" classname="ApodGUI.SubscriptionViewlet">
    <ignored/>
  </testcase> <!-- SubscriptionEvents -->
  <testcase name="ShowObjectAttributesForSubscription" time="0.0" classname="ApodGUI.SubscriptionViewlet">
    <ignored/>
  </testcase> <!-- ShowObjectAttributesForSubscription -->
  <testcase name="SubscriptionProperties" time="0.0" classname="ApodGUI.SubscriptionViewlet">
    <ignored/>
  </testcase> <!-- SubscriptionProperties -->
</testsuite> <!-- Test Subscription Viewlet -->
