<?xml version="1.0" encoding="UTF-8"?>
<!-- Generated by org.testng.reporters.JUnitXMLReporter -->
<testsuite hostname="DESKTOP-E1JT2VR" ignored="14" name="Test Process Viewlet" tests="5" failures="0" timestamp="17 Jan 2020 06:04:30 GMT" time="129.118" errors="0">
  <testcase name="Login" time="25.483" classname="ApodGUI.ProcessViewlet"/>
  <testcase name="AddProcessViewlet" time="4.024" classname="ApodGUI.ProcessViewlet"/>
  <testcase name="CompareProcessNames" time="5.64" classname="ApodGUI.ProcessViewlet"/>
  <testcase name="CheckDifferencesForProcess" time="8.743" classname="ApodGUI.ProcessViewlet"/>
  <testcase name="Logout" time="2.542" classname="ApodGUI.ProcessViewlet"/>
  <testcase name="AddToFavoriteForMultipleProcess" time="0.0" classname="ApodGUI.ProcessViewlet">
    <ignored/>
  </testcase> <!-- AddToFavoriteForMultipleProcess -->
  <testcase name="CopyAsFromCommandsForMultipleProcess" time="0.0" classname="ApodGUI.ProcessViewlet">
    <ignored/>
  </testcase> <!-- CopyAsFromCommandsForMultipleProcess -->
  <testcase name="DeleteFromCommands" time="0.0" classname="ApodGUI.ProcessViewlet">
    <ignored/>
  </testcase> <!-- DeleteFromCommands -->
  <testcase name="ShowObjectAttributesForProcess" time="0.0" classname="ApodGUI.ProcessViewlet">
    <ignored/>
  </testcase> <!-- ShowObjectAttributesForProcess -->
  <testcase name="AddToFavoriteViewlet" time="0.0" classname="ApodGUI.ProcessViewlet">
    <ignored/>
  </testcase> <!-- AddToFavoriteViewlet -->
  <testcase name="RenameFromCommands" time="0.0" classname="ApodGUI.ProcessViewlet">
    <ignored/>
  </testcase> <!-- RenameFromCommands -->
  <testcase name="ProcessEvents" time="0.0" classname="ApodGUI.ProcessViewlet">
    <ignored/>
  </testcase> <!-- ProcessEvents -->
  <testcase name="DeleteFromCommandsForMultipleProcess" time="0.0" classname="ApodGUI.ProcessViewlet">
    <ignored/>
  </testcase> <!-- DeleteFromCommandsForMultipleProcess -->
  <testcase name="CopyAsFromCommands" time="0.0" classname="ApodGUI.ProcessViewlet">
    <ignored/>
  </testcase> <!-- CopyAsFromCommands -->
  <testcase name="Properties" time="0.0" classname="ApodGUI.ProcessViewlet">
    <ignored/>
  </testcase> <!-- Properties -->
  <testcase name="RenameFromCommandsForMultipleProcess" time="0.0" classname="ApodGUI.ProcessViewlet">
    <ignored/>
  </testcase> <!-- RenameFromCommandsForMultipleProcess -->
  <testcase name="MultipleProperties" time="0.0" classname="ApodGUI.ProcessViewlet">
    <ignored/>
  </testcase> <!-- MultipleProperties -->
  <testcase name="CreateProcess" time="0.0" classname="ApodGUI.ProcessViewlet">
    <ignored/>
  </testcase> <!-- CreateProcess -->
  <testcase name="CreateProcessFromPlusIcon" time="0.0" classname="ApodGUI.ProcessViewlet">
    <ignored/>
  </testcase> <!-- CreateProcessFromPlusIcon -->
</testsuite> <!-- Test Process Viewlet -->
