<?xml version="1.0" encoding="UTF-8"?>
<!-- Generated by org.testng.reporters.JUnitXMLReporter -->
<testsuite hostname="DESKTOP-E1JT2VR" ignored="0" name="Test EMS Channel Viewlet" tests="8" failures="0" timestamp="24 Mar 2020 11:43:13 GMT" time="334.677" errors="0">
  <testcase name="Login" time="39.593" classname="ApodGUI.EMSChannels"/>
  <testcase name="Events" time="11.724" classname="ApodGUI.EMSChannels"/>
  <testcase name="AddToFavorites" time="10.418" classname="ApodGUI.EMSChannels"/>
  <testcase name="ComapareChannels" time="5.93" classname="ApodGUI.EMSChannels"/>
  <testcase name="CheckDifferencesForEMSChannels" time="8.876" classname="ApodGUI.EMSChannels"/>
  <testcase name="AddToFavoriteForMultipleChannels" time="4.986" classname="ApodGUI.EMSChannels"/>
  <testcase name="ShowObjectAttributes" time="22.51" classname="ApodGUI.EMSChannels"/>
  <testcase name="Logout" time="2.719" classname="ApodGUI.EMSChannels"/>
</testsuite> <!-- Test EMS Channel Viewlet -->
