<?xml version="1.0" encoding="UTF-8"?>
<!-- Generated by org.testng.reporters.JUnitXMLReporter -->
<testsuite hostname="DESKTOP-E1JT2VR" ignored="5" name="Test Service Viewlet" tests="4" failures="0" timestamp="17 Jan 2020 07:08:16 GMT" time="96.758" errors="0">
  <testcase name="Login" time="23.652" classname="ApodGUI.ServiceViewlet"/>
  <testcase name="AddServiceViewlet" time="6.933" classname="ApodGUI.ServiceViewlet"/>
  <testcase name="CheckDifferencesForServices" time="8.718" classname="ApodGUI.ServiceViewlet"/>
  <testcase name="Logout" time="2.442" classname="ApodGUI.ServiceViewlet"/>
  <testcase name="ShowObjectAttributesForService" time="0.0" classname="ApodGUI.ServiceViewlet">
    <ignored/>
  </testcase> <!-- ShowObjectAttributesForService -->
  <testcase name="ServiceEvents" time="0.0" classname="ApodGUI.ServiceViewlet">
    <ignored/>
  </testcase> <!-- ServiceEvents -->
  <testcase name="CompareServiceNames" time="0.0" classname="ApodGUI.ServiceViewlet">
    <ignored/>
  </testcase> <!-- CompareServiceNames -->
  <testcase name="AddToFavoriteForMultipleServices" time="0.0" classname="ApodGUI.ServiceViewlet">
    <ignored/>
  </testcase> <!-- AddToFavoriteForMultipleServices -->
  <testcase name="AddToFavoriteViewlet" time="0.0" classname="ApodGUI.ServiceViewlet">
    <ignored/>
  </testcase> <!-- AddToFavoriteViewlet -->
</testsuite> <!-- Test Service Viewlet -->
