<?xml version="1.0" encoding="UTF-8"?>
<!-- Generated by org.testng.reporters.JUnitXMLReporter -->
<testsuite hostname="DESKTOP-E1JT2VR" ignored="0" name="Test Subscription Viewlet" tests="19" failures="1" timestamp="28 Jan 2020 11:54:43 GMT" time="1065.782" errors="0">
  <testcase name="Login" time="23.394" classname="ApodGUI.SubscriptionViewlet"/>
  <testcase name="AddSubscriptionViewlet" time="8.909" classname="ApodGUI.SubscriptionViewlet"/>
  <testcase name="CreateSubscriptionFromOptions" time="43.939" classname="ApodGUI.SubscriptionViewlet"/>
  <testcase name="CopyAsFromCommands" time="31.572" classname="ApodGUI.SubscriptionViewlet"/>
  <testcase name="RenameFromCommands" time="19.521" classname="ApodGUI.SubscriptionViewlet"/>
  <testcase name="DeleteFromCommands" time="14.204" classname="ApodGUI.SubscriptionViewlet"/>
  <testcase name="SubscriptionProperties" time="14.142" classname="ApodGUI.SubscriptionViewlet"/>
  <testcase name="SubscriptionEvents" time="11.376" classname="ApodGUI.SubscriptionViewlet"/>
  <testcase name="AddToFavoriteViewlet" time="7.275" classname="ApodGUI.SubscriptionViewlet"/>
  <testcase name="CompareSubscription" time="5.535" classname="ApodGUI.SubscriptionViewlet"/>
  <testcase name="CheckDifferencesForSubscriptions" time="9.477" classname="ApodGUI.SubscriptionViewlet"/>
  <testcase name="CreateSubscriptionFromPlusIcon" time="104.428" classname="ApodGUI.SubscriptionViewlet"/>
  <testcase name="CopyAsFromCommandsForMultipleSubscriptions" time="28.414" classname="ApodGUI.SubscriptionViewlet"/>
  <testcase name="RenameFromCommandsForMultipleSubscriptions" time="30.317" classname="ApodGUI.SubscriptionViewlet"/>
  <testcase name="DeleteFromCommandsForMultipleSubscriptions" time="21.905" classname="ApodGUI.SubscriptionViewlet"/>
  <testcase name="MultipleSubscriptionProperties" time="39.413" classname="ApodGUI.SubscriptionViewlet"/>
  <testcase name="AddToFavoriteForMultipleSubscription" time="4.588" classname="ApodGUI.SubscriptionViewlet"/>
  <testcase name="ShowObjectAttributesForSubscription" time="28.736" classname="ApodGUI.SubscriptionViewlet">
    <failure type="org.openqa.selenium.NoSuchElementException" message="no such element: Unable to locate element: {&amp;quot;method&amp;quot;:&amp;quot;id&amp;quot;,&amp;quot;selector&amp;quot;:&amp;quot;Attributes failed&amp;quot;}
  (Session info: chrome=79.0.3945.130)
  (Driver info: chromedriver=2.41.578737 (49da6702b16031c40d63e5618de03a32ff6c197e),platform=Windows NT 10.0.18362 x86_64) (WARNING: The server did not provide any stacktrace information)
Command duration or timeout: 0 milliseconds
For documentation on this error, please visit: http://seleniumhq.org/exceptions/no_such_element.html
Build info: version: &amp;apos;3.14.0&amp;apos;, revision: &amp;apos;aacccce0&amp;apos;, time: &amp;apos;2018-08-02T20:13:22.693Z&amp;apos;
System info: host: &amp;apos;DESKTOP-E1JT2VR&amp;apos;, ip: &amp;apos;192.168.122.1&amp;apos;, os.name: &amp;apos;Windows 10&amp;apos;, os.arch: &amp;apos;amd64&amp;apos;, os.version: &amp;apos;10.0&amp;apos;, java.version: &amp;apos;1.8.0_201&amp;apos;
Driver info: org.openqa.selenium.chrome.ChromeDriver
Capabilities {acceptInsecureCerts: false, acceptSslCerts: false, applicationCacheEnabled: false, browserConnectionEnabled: false, browserName: chrome, chrome: {chromedriverVersion: 2.41.578737 (49da6702b16031..., userDataDir: C:\Users\nastel5\AppData\Lo...}, cssSelectorsEnabled: true, databaseEnabled: false, goog:chromeOptions: {debuggerAddress: localhost:57009}, handlesAlerts: true, hasTouchScreen: false, javascriptEnabled: true, locationContextEnabled: true, mobileEmulationEnabled: false, nativeEvents: true, networkConnectionEnabled: false, pageLoadStrategy: normal, platform: XP, platformName: XP, rotatable: false, setWindowRect: true, takesHeapSnapshot: true, takesScreenshot: true, unexpectedAlertBehaviour: , unhandledPromptBehavior: , version: 79.0.3945.130, webStorageEnabled: true}
Session ID: 077dc4b63b4da1657ce6b771dc708c0d
*** Element info: {Using=id, value=Attributes failed}">
      <![CDATA[org.openqa.selenium.NoSuchElementException: no such element: Unable to locate element: {"method":"id","selector":"Attributes failed"}
  (Session info: chrome=79.0.3945.130)
  (Driver info: chromedriver=2.41.578737 (49da6702b16031c40d63e5618de03a32ff6c197e),platform=Windows NT 10.0.18362 x86_64) (WARNING: The server did not provide any stacktrace information)
Command duration or timeout: 0 milliseconds
For documentation on this error, please visit: http://seleniumhq.org/exceptions/no_such_element.html
Build info: version: '3.14.0', revision: 'aacccce0', time: '2018-08-02T20:13:22.693Z'
System info: host: 'DESKTOP-E1JT2VR', ip: '192.168.122.1', os.name: 'Windows 10', os.arch: 'amd64', os.version: '10.0', java.version: '1.8.0_201'
Driver info: org.openqa.selenium.chrome.ChromeDriver
Capabilities {acceptInsecureCerts: false, acceptSslCerts: false, applicationCacheEnabled: false, browserConnectionEnabled: false, browserName: chrome, chrome: {chromedriverVersion: 2.41.578737 (49da6702b16031..., userDataDir: C:\Users\nastel5\AppData\Lo...}, cssSelectorsEnabled: true, databaseEnabled: false, goog:chromeOptions: {debuggerAddress: localhost:57009}, handlesAlerts: true, hasTouchScreen: false, javascriptEnabled: true, locationContextEnabled: true, mobileEmulationEnabled: false, nativeEvents: true, networkConnectionEnabled: false, pageLoadStrategy: normal, platform: XP, platformName: XP, rotatable: false, setWindowRect: true, takesHeapSnapshot: true, takesScreenshot: true, unexpectedAlertBehaviour: , unhandledPromptBehavior: , version: 79.0.3945.130, webStorageEnabled: true}
Session ID: 077dc4b63b4da1657ce6b771dc708c0d
*** Element info: {Using=id, value=Attributes failed}
at org.openqa.selenium.remote.ErrorHandler.createThrowable(ErrorHandler.java:214)
at org.openqa.selenium.remote.ErrorHandler.throwIfResponseFailed(ErrorHandler.java:166)
at org.openqa.selenium.remote.http.JsonHttpResponseCodec.reconstructValue(JsonHttpResponseCodec.java:40)
at org.openqa.selenium.remote.http.AbstractHttpResponseCodec.decode(AbstractHttpResponseCodec.java:80)
at org.openqa.selenium.remote.http.AbstractHttpResponseCodec.decode(AbstractHttpResponseCodec.java:44)
at org.openqa.selenium.remote.HttpCommandExecutor.execute(HttpCommandExecutor.java:158)
at org.openqa.selenium.remote.service.DriverCommandExecutor.execute(DriverCommandExecutor.java:83)
at org.openqa.selenium.remote.RemoteWebDriver.execute(RemoteWebDriver.java:548)
at org.openqa.selenium.remote.RemoteWebDriver.findElement(RemoteWebDriver.java:322)
at org.openqa.selenium.remote.RemoteWebDriver.findElementById(RemoteWebDriver.java:368)
at org.openqa.selenium.By$ById.findElement(By.java:188)
at org.openqa.selenium.remote.RemoteWebDriver.findElement(RemoteWebDriver.java:314)
at ApodGUI.SubscriptionViewlet.ShowObjectAttributesForSubscription(SubscriptionViewlet.java:226)
... Removed 29 stack frames]]>
    </failure>
  </testcase> <!-- ShowObjectAttributesForSubscription -->
  <testcase name="Logout" time="6.729" classname="ApodGUI.SubscriptionViewlet"/>
</testsuite> <!-- Test Subscription Viewlet -->
