<?xml version="1.0" encoding="UTF-8"?>
<!-- Generated by org.testng.reporters.JUnitXMLReporter -->
<testsuite hostname="DESKTOP-E1JT2VR" ignored="20" name="Test Manager Viewlet options" tests="3" failures="0" timestamp="30 Aug 2019 05:25:18 GMT" time="61.182" errors="0">
  <testcase name="Login" time="18.403" classname="ApodGUI.ManagerViewlet"/>
  <testcase name="MultipleManagersProperties" time="25.106" classname="ApodGUI.ManagerViewlet"/>
  <testcase name="Logout" time="2.543" classname="ApodGUI.ManagerViewlet"/>
  <testcase name="MQSCConsole" time="0.0" classname="ApodGUI.ManagerViewlet">
    <ignored/>
  </testcase> <!-- MQSCConsole -->
  <testcase name="ShowObjectAttributes" time="0.0" classname="ApodGUI.ManagerViewlet">
    <ignored/>
  </testcase> <!-- ShowObjectAttributes -->
  <testcase name="AddNewManagerFromIcon" time="0.0" classname="ApodGUI.ManagerViewlet">
    <ignored/>
  </testcase> <!-- AddNewManagerFromIcon -->
  <testcase name="AddToFavorites" time="0.0" classname="ApodGUI.ManagerViewlet">
    <ignored/>
  </testcase> <!-- AddToFavorites -->
  <testcase name="StartAllWMQObjectsForMultipleManagers" time="0.0" classname="ApodGUI.ManagerViewlet">
    <ignored/>
  </testcase> <!-- StartAllWMQObjectsForMultipleManagers -->
  <testcase name="CreateQueueManagerFromOptions" time="0.0" classname="ApodGUI.ManagerViewlet">
    <ignored/>
  </testcase> <!-- CreateQueueManagerFromOptions -->
  <testcase name="Events" time="0.0" classname="ApodGUI.ManagerViewlet">
    <ignored/>
  </testcase> <!-- Events -->
  <testcase name="AddToFavoriteForMultipleManagers" time="0.0" classname="ApodGUI.ManagerViewlet">
    <ignored/>
  </testcase> <!-- AddToFavoriteForMultipleManagers -->
  <testcase name="StartAllWMQObjects" time="0.0" classname="ApodGUI.ManagerViewlet">
    <ignored/>
  </testcase> <!-- StartAllWMQObjects -->
  <testcase name="ViewErrorLogs" time="0.0" classname="ApodGUI.ManagerViewlet">
    <ignored/>
  </testcase> <!-- ViewErrorLogs -->
  <testcase name="ShowTopology" time="0.0" classname="ApodGUI.ManagerViewlet">
    <ignored/>
  </testcase> <!-- ShowTopology -->
  <testcase name="DeleteFromDB" time="0.0" classname="ApodGUI.ManagerViewlet">
    <ignored/>
  </testcase> <!-- DeleteFromDB -->
  <testcase name="CompareManagers" time="0.0" classname="ApodGUI.ManagerViewlet">
    <ignored/>
  </testcase> <!-- CompareManagers -->
  <testcase name="Delete" time="0.0" classname="ApodGUI.ManagerViewlet">
    <ignored/>
  </testcase> <!-- Delete -->
  <testcase name="StopAllWMQObjects" time="0.0" classname="ApodGUI.ManagerViewlet">
    <ignored/>
  </testcase> <!-- StopAllWMQObjects -->
  <testcase name="Properties" time="0.0" classname="ApodGUI.ManagerViewlet">
    <ignored/>
  </testcase> <!-- Properties -->
  <testcase name="SearchFilter" time="0.0" classname="ApodGUI.ManagerViewlet">
    <ignored/>
  </testcase> <!-- SearchFilter -->
  <testcase name="StopAllWMQObjectsForMultipleManagers" time="0.0" classname="ApodGUI.ManagerViewlet">
    <ignored/>
  </testcase> <!-- StopAllWMQObjectsForMultipleManagers -->
  <testcase name="DiscoverNow" time="0.0" classname="ApodGUI.ManagerViewlet">
    <ignored/>
  </testcase> <!-- DiscoverNow -->
  <testcase name="Security" time="0.0" classname="ApodGUI.ManagerViewlet">
    <ignored/>
  </testcase> <!-- Security -->
</testsuite> <!-- Test Manager Viewlet options -->
