<?xml version="1.0" encoding="UTF-8"?>
<!-- Generated by org.testng.reporters.JUnitXMLReporter -->
<testsuite hostname="DESKTOP-E1JT2VR" ignored="10" name="Test Topic Viewlet" tests="9" failures="0" timestamp="27 Jan 2020 10:08:28 GMT" time="449.72" errors="0">
  <testcase name="Login" time="30.158" classname="ApodGUI.TopicViewlet"/>
  <testcase name="AddTopicViewlet" time="10.322" classname="ApodGUI.TopicViewlet"/>
  <testcase name="CreateTopic" time="32.571" classname="ApodGUI.TopicViewlet"/>
  <testcase name="CopyAsFromCommands" time="31.191" classname="ApodGUI.TopicViewlet"/>
  <testcase name="DeleteFromCommands" time="17.295" classname="ApodGUI.TopicViewlet"/>
  <testcase name="CreateTopicFromPlusIcon" time="27.212" classname="ApodGUI.TopicViewlet"/>
  <testcase name="CopyAsFromCommandsForMultipleTopics" time="23.555" classname="ApodGUI.TopicViewlet"/>
  <testcase name="DeleteFromCommandsForMultipleTopics" time="18.15" classname="ApodGUI.TopicViewlet"/>
  <testcase name="Logout" time="2.535" classname="ApodGUI.TopicViewlet"/>
  <testcase name="PublishFromCommandsForMultipleTopics" time="0.0" classname="ApodGUI.TopicViewlet">
    <ignored/>
  </testcase> <!-- PublishFromCommandsForMultipleTopics -->
  <testcase name="CompareTopics" time="0.0" classname="ApodGUI.TopicViewlet">
    <ignored/>
  </testcase> <!-- CompareTopics -->
  <testcase name="AddToFavoriteViewlet" time="0.0" classname="ApodGUI.TopicViewlet">
    <ignored/>
  </testcase> <!-- AddToFavoriteViewlet -->
  <testcase name="PublishFromCommands" time="0.0" classname="ApodGUI.TopicViewlet">
    <ignored/>
  </testcase> <!-- PublishFromCommands -->
  <testcase name="CheckDifferencesForTopics" time="0.0" classname="ApodGUI.TopicViewlet">
    <ignored/>
  </testcase> <!-- CheckDifferencesForTopics -->
  <testcase name="TopicProperties" time="0.0" classname="ApodGUI.TopicViewlet">
    <ignored/>
  </testcase> <!-- TopicProperties -->
  <testcase name="AddToFavoriteForMultipleTopics" time="0.0" classname="ApodGUI.TopicViewlet">
    <ignored/>
  </testcase> <!-- AddToFavoriteForMultipleTopics -->
  <testcase name="ShowObjectAttributesForTopic" time="0.0" classname="ApodGUI.TopicViewlet">
    <ignored/>
  </testcase> <!-- ShowObjectAttributesForTopic -->
  <testcase name="MultipleProperties" time="0.0" classname="ApodGUI.TopicViewlet">
    <ignored/>
  </testcase> <!-- MultipleProperties -->
  <testcase name="TopicEvents" time="0.0" classname="ApodGUI.TopicViewlet">
    <ignored/>
  </testcase> <!-- TopicEvents -->
</testsuite> <!-- Test Topic Viewlet -->
