<?xml version="1.0" encoding="UTF-8"?>
<!-- Generated by org.testng.reporters.JUnitXMLReporter -->
<testsuite hostname="DESKTOP-E1JT2VR" ignored="2" name="Test Topic Viewlet" tests="17" failures="0" timestamp="14 Jan 2020 10:59:32 GMT" time="782.471" errors="0">
  <testcase name="Login" time="30.418" classname="ApodGUI.TopicViewlet"/>
  <testcase name="AddTopicViewlet" time="10.274" classname="ApodGUI.TopicViewlet"/>
  <testcase name="CreateTopic" time="32.246" classname="ApodGUI.TopicViewlet"/>
  <testcase name="CopyAsFromCommands" time="31.403" classname="ApodGUI.TopicViewlet"/>
  <testcase name="DeleteFromCommands" time="17.248" classname="ApodGUI.TopicViewlet"/>
  <testcase name="TopicProperties" time="10.48" classname="ApodGUI.TopicViewlet"/>
  <testcase name="TopicEvents" time="11.461" classname="ApodGUI.TopicViewlet"/>
  <testcase name="AddToFavoriteViewlet" time="10.682" classname="ApodGUI.TopicViewlet"/>
  <testcase name="CreateTopicFromPlusIcon" time="22.253" classname="ApodGUI.TopicViewlet"/>
  <testcase name="CompareTopics" time="5.601" classname="ApodGUI.TopicViewlet"/>
  <testcase name="CheckDifferencesForTopics" time="8.703" classname="ApodGUI.TopicViewlet"/>
  <testcase name="CopyAsFromCommandsForMultipleTopics" time="23.772" classname="ApodGUI.TopicViewlet"/>
  <testcase name="DeleteFromCommandsForMultipleTopics" time="18.231" classname="ApodGUI.TopicViewlet"/>
  <testcase name="MultipleProperties" time="37.075" classname="ApodGUI.TopicViewlet"/>
  <testcase name="ShowObjectAttributesForTopic" time="44.989" classname="ApodGUI.TopicViewlet"/>
  <testcase name="AddToFavoriteForMultipleTopics" time="4.814" classname="ApodGUI.TopicViewlet"/>
  <testcase name="Logout" time="2.483" classname="ApodGUI.TopicViewlet"/>
  <testcase name="PublishFromCommandsForMultipleTopics" time="0.0" classname="ApodGUI.TopicViewlet">
    <ignored/>
  </testcase> <!-- PublishFromCommandsForMultipleTopics -->
  <testcase name="PublishFromCommands" time="0.0" classname="ApodGUI.TopicViewlet">
    <ignored/>
  </testcase> <!-- PublishFromCommands -->
</testsuite> <!-- Test Topic Viewlet -->
