<?xml version="1.0" encoding="UTF-8"?>
<!-- Generated by org.testng.reporters.JUnitXMLReporter -->
<testsuite hostname="DESKTOP-E1JT2VR" ignored="8" name="Test Topic Viewlet" tests="7" failures="1" timestamp="18 Feb 2020 10:36:32 GMT" time="374.972" errors="0">
  <testcase name="Login" time="39.427" classname="ApodGUI.EMSTopic"/>
  <testcase name="CreateTopicFromPlusIcon" time="31.84" classname="ApodGUI.EMSTopic"/>
  <testcase name="CopyAsFromCommands" time="33.273" classname="ApodGUI.EMSTopic"/>
  <testcase name="DeleteFromCommands" time="12.72" classname="ApodGUI.EMSTopic"/>
  <testcase name="EMSTopicPublish" time="73.326" classname="ApodGUI.EMSTopic">
    <failure type="org.openqa.selenium.NoSuchElementException" message="no such element: Unable to locate element: {&amp;quot;method&amp;quot;:&amp;quot;id&amp;quot;,&amp;quot;selector&amp;quot;:&amp;quot;publish failed&amp;quot;}
  (Session info: chrome=79.0.3945.130)
  (Driver info: chromedriver=2.41.578737 (49da6702b16031c40d63e5618de03a32ff6c197e),platform=Windows NT 10.0.18362 x86_64) (WARNING: The server did not provide any stacktrace information)
Command duration or timeout: 0 milliseconds
For documentation on this error, please visit: http://seleniumhq.org/exceptions/no_such_element.html
Build info: version: &amp;apos;3.14.0&amp;apos;, revision: &amp;apos;aacccce0&amp;apos;, time: &amp;apos;2018-08-02T20:13:22.693Z&amp;apos;
System info: host: &amp;apos;DESKTOP-E1JT2VR&amp;apos;, ip: &amp;apos;192.168.122.1&amp;apos;, os.name: &amp;apos;Windows 10&amp;apos;, os.arch: &amp;apos;amd64&amp;apos;, os.version: &amp;apos;10.0&amp;apos;, java.version: &amp;apos;1.8.0_201&amp;apos;
Driver info: org.openqa.selenium.chrome.ChromeDriver
Capabilities {acceptInsecureCerts: false, acceptSslCerts: false, applicationCacheEnabled: false, browserConnectionEnabled: false, browserName: chrome, chrome: {chromedriverVersion: 2.41.578737 (49da6702b16031..., userDataDir: C:\Users\nastel5\AppData\Lo...}, cssSelectorsEnabled: true, databaseEnabled: false, goog:chromeOptions: {debuggerAddress: localhost:54029}, handlesAlerts: true, hasTouchScreen: false, javascriptEnabled: true, locationContextEnabled: true, mobileEmulationEnabled: false, nativeEvents: true, networkConnectionEnabled: false, pageLoadStrategy: normal, platform: XP, platformName: XP, rotatable: false, setWindowRect: true, takesHeapSnapshot: true, takesScreenshot: true, unexpectedAlertBehaviour: , unhandledPromptBehavior: , version: 79.0.3945.130, webStorageEnabled: true}
Session ID: edf9b16309aa584bf051677afd71e2cd
*** Element info: {Using=id, value=publish failed}">
      <![CDATA[org.openqa.selenium.NoSuchElementException: no such element: Unable to locate element: {"method":"id","selector":"publish failed"}
  (Session info: chrome=79.0.3945.130)
  (Driver info: chromedriver=2.41.578737 (49da6702b16031c40d63e5618de03a32ff6c197e),platform=Windows NT 10.0.18362 x86_64) (WARNING: The server did not provide any stacktrace information)
Command duration or timeout: 0 milliseconds
For documentation on this error, please visit: http://seleniumhq.org/exceptions/no_such_element.html
Build info: version: '3.14.0', revision: 'aacccce0', time: '2018-08-02T20:13:22.693Z'
System info: host: 'DESKTOP-E1JT2VR', ip: '192.168.122.1', os.name: 'Windows 10', os.arch: 'amd64', os.version: '10.0', java.version: '1.8.0_201'
Driver info: org.openqa.selenium.chrome.ChromeDriver
Capabilities {acceptInsecureCerts: false, acceptSslCerts: false, applicationCacheEnabled: false, browserConnectionEnabled: false, browserName: chrome, chrome: {chromedriverVersion: 2.41.578737 (49da6702b16031..., userDataDir: C:\Users\nastel5\AppData\Lo...}, cssSelectorsEnabled: true, databaseEnabled: false, goog:chromeOptions: {debuggerAddress: localhost:54029}, handlesAlerts: true, hasTouchScreen: false, javascriptEnabled: true, locationContextEnabled: true, mobileEmulationEnabled: false, nativeEvents: true, networkConnectionEnabled: false, pageLoadStrategy: normal, platform: XP, platformName: XP, rotatable: false, setWindowRect: true, takesHeapSnapshot: true, takesScreenshot: true, unexpectedAlertBehaviour: , unhandledPromptBehavior: , version: 79.0.3945.130, webStorageEnabled: true}
Session ID: edf9b16309aa584bf051677afd71e2cd
*** Element info: {Using=id, value=publish failed}
at org.openqa.selenium.remote.ErrorHandler.createThrowable(ErrorHandler.java:214)
at org.openqa.selenium.remote.ErrorHandler.throwIfResponseFailed(ErrorHandler.java:166)
at org.openqa.selenium.remote.http.JsonHttpResponseCodec.reconstructValue(JsonHttpResponseCodec.java:40)
at org.openqa.selenium.remote.http.AbstractHttpResponseCodec.decode(AbstractHttpResponseCodec.java:80)
at org.openqa.selenium.remote.http.AbstractHttpResponseCodec.decode(AbstractHttpResponseCodec.java:44)
at org.openqa.selenium.remote.HttpCommandExecutor.execute(HttpCommandExecutor.java:158)
at org.openqa.selenium.remote.service.DriverCommandExecutor.execute(DriverCommandExecutor.java:83)
at org.openqa.selenium.remote.RemoteWebDriver.execute(RemoteWebDriver.java:548)
at org.openqa.selenium.remote.RemoteWebDriver.findElement(RemoteWebDriver.java:322)
at org.openqa.selenium.remote.RemoteWebDriver.findElementById(RemoteWebDriver.java:368)
at org.openqa.selenium.By$ById.findElement(By.java:188)
at org.openqa.selenium.remote.RemoteWebDriver.findElement(RemoteWebDriver.java:314)
at ApodGUI.EMSTopic.EMSTopicPublish(EMSTopic.java:480)
... Removed 29 stack frames]]>
    </failure>
  </testcase> <!-- EMSTopicPublish -->
  <testcase name="TopicProperties" time="9.589" classname="ApodGUI.EMSTopic"/>
  <testcase name="Logout" time="2.684" classname="ApodGUI.EMSTopic"/>
  <testcase name="AddToFavoriteViewlet" time="0.0" classname="ApodGUI.EMSTopic">
    <ignored/>
  </testcase> <!-- AddToFavoriteViewlet -->
  <testcase name="ShowObjectAttributesForTopic" time="0.0" classname="ApodGUI.EMSTopic">
    <ignored/>
  </testcase> <!-- ShowObjectAttributesForTopic -->
  <testcase name="CopyAsFromCommandsForMultipleTopics" time="0.0" classname="ApodGUI.EMSTopic">
    <ignored/>
  </testcase> <!-- CopyAsFromCommandsForMultipleTopics -->
  <testcase name="DeleteFromCommandsForMultipleTopics" time="0.0" classname="ApodGUI.EMSTopic">
    <ignored/>
  </testcase> <!-- DeleteFromCommandsForMultipleTopics -->
  <testcase name="TopicEvents" time="0.0" classname="ApodGUI.EMSTopic">
    <ignored/>
  </testcase> <!-- TopicEvents -->
  <testcase name="AddToFavoriteForMultipleTopics" time="0.0" classname="ApodGUI.EMSTopic">
    <ignored/>
  </testcase> <!-- AddToFavoriteForMultipleTopics -->
  <testcase name="PublishFromCommandsForMultipleTopics" time="0.0" classname="ApodGUI.EMSTopic">
    <ignored/>
  </testcase> <!-- PublishFromCommandsForMultipleTopics -->
  <testcase name="MultipleProperties" time="0.0" classname="ApodGUI.EMSTopic">
    <ignored/>
  </testcase> <!-- MultipleProperties -->
</testsuite> <!-- Test Topic Viewlet -->
