<?xml version="1.0" encoding="UTF-8"?>
<!-- Generated by org.testng.reporters.JUnitXMLReporter -->
<testsuite hostname="DESKTOP-E1JT2VR" ignored="4" name="Test Cluster QM Viewlet" tests="5" failures="0" timestamp="14 Jan 2020 13:52:00 GMT" time="160.032" errors="0">
  <testcase name="Login" time="23.375" classname="ApodGUI.ClusterQueueManager"/>
  <testcase name="AddClusterQueueManagerViewlet" time="8.965" classname="ApodGUI.ClusterQueueManager"/>
  <testcase name="AddToFavoriteViewlet" time="7.272" classname="ApodGUI.ClusterQueueManager"/>
  <testcase name="AddToFavoriteForMultipleClusterQMs" time="11.675" classname="ApodGUI.ClusterQueueManager"/>
  <testcase name="Logout" time="2.441" classname="ApodGUI.ClusterQueueManager"/>
  <testcase name="CompareClusterQueueManagers" time="0.0" classname="ApodGUI.ClusterQueueManager">
    <ignored/>
  </testcase> <!-- CompareClusterQueueManagers -->
  <testcase name="CheckDifferencesForClusterQMs" time="0.0" classname="ApodGUI.ClusterQueueManager">
    <ignored/>
  </testcase> <!-- CheckDifferencesForClusterQMs -->
  <testcase name="ClusterQMEvents" time="0.0" classname="ApodGUI.ClusterQueueManager">
    <ignored/>
  </testcase> <!-- ClusterQMEvents -->
  <testcase name="ShowObjectAttributesForClusterQM" time="0.0" classname="ApodGUI.ClusterQueueManager">
    <ignored/>
  </testcase> <!-- ShowObjectAttributesForClusterQM -->
</testsuite> <!-- Test Cluster QM Viewlet -->
