<?xml version="1.0" encoding="UTF-8"?>
<!-- Generated by org.testng.reporters.JUnitXMLReporter -->
<testsuite hostname="DESKTOP-E1JT2VR" ignored="3" name="Test Cluster QM Viewlet" tests="5" failures="0" timestamp="27 Sep 2019 14:09:18 GMT" time="128.445" errors="0">
  <testcase name="Login" time="25.116" classname="ApodGUI.ClusterQueueManager"/>
  <testcase name="AddClusterQueueManagerViewlet" time="9.136" classname="ApodGUI.ClusterQueueManager"/>
  <testcase name="AddToFavoriteViewlet" time="8.083" classname="ApodGUI.ClusterQueueManager"/>
  <testcase name="AddToFavoriteForMultipleClusterQMs" time="11.749" classname="ApodGUI.ClusterQueueManager"/>
  <testcase name="Logout" time="2.492" classname="ApodGUI.ClusterQueueManager"/>
  <testcase name="CompareClusterQueueManagers" time="0.0" classname="ApodGUI.ClusterQueueManager">
    <ignored/>
  </testcase> <!-- CompareClusterQueueManagers -->
  <testcase name="ClusterQMEvents" time="0.0" classname="ApodGUI.ClusterQueueManager">
    <ignored/>
  </testcase> <!-- ClusterQMEvents -->
  <testcase name="ShowObjectAttributesForClusterQM" time="0.0" classname="ApodGUI.ClusterQueueManager">
    <ignored/>
  </testcase> <!-- ShowObjectAttributesForClusterQM -->
</testsuite> <!-- Test Cluster QM Viewlet -->
