<?xml version="1.0" encoding="UTF-8"?>
<!-- Generated by org.testng.reporters.JUnitXMLReporter -->
<testsuite hostname="DESKTOP-E1JT2VR" ignored="6" name="Test Topic Viewlet" tests="12" failures="0" timestamp="21 Aug 2019 14:19:13 GMT" time="292.376" errors="0">
  <testcase name="Login" time="19.3" classname="ApodGUI.TopicViewlet"/>
  <testcase name="AddTopicViewlet" time="5.442" classname="ApodGUI.TopicViewlet"/>
  <testcase name="CreateTopic" time="14.564" classname="ApodGUI.TopicViewlet"/>
  <testcase name="TopicProperties" time="2.451" classname="ApodGUI.TopicViewlet"/>
  <testcase name="TopicEvents" time="11.456" classname="ApodGUI.TopicViewlet"/>
  <testcase name="AddToFavoriteViewlet" time="7.991" classname="ApodGUI.TopicViewlet"/>
  <testcase name="CompareTopics" time="4.659" classname="ApodGUI.TopicViewlet"/>
  <testcase name="MultipleProperties" time="13.192" classname="ApodGUI.TopicViewlet"/>
  <testcase name="AddToFavoriteForMultipleTopics" time="4.785" classname="ApodGUI.TopicViewlet"/>
  <testcase name="CreateTopicFromPlusIcon" time="24.784" classname="ApodGUI.TopicViewlet"/>
  <testcase name="ShowObjectAttributesForTopic" time="52.288" classname="ApodGUI.TopicViewlet"/>
  <testcase name="Logout" time="2.57" classname="ApodGUI.TopicViewlet"/>
  <testcase name="DeleteFromCommandsForMultipleTopics" time="0.0" classname="ApodGUI.TopicViewlet">
    <ignored/>
  </testcase> <!-- DeleteFromCommandsForMultipleTopics -->
  <testcase name="PublishFromCommandsForMultipleTopics" time="0.0" classname="ApodGUI.TopicViewlet">
    <ignored/>
  </testcase> <!-- PublishFromCommandsForMultipleTopics -->
  <testcase name="PublishFromCommands" time="0.0" classname="ApodGUI.TopicViewlet">
    <ignored/>
  </testcase> <!-- PublishFromCommands -->
  <testcase name="CopyAsFromCommandsForMultipleTopics" time="0.0" classname="ApodGUI.TopicViewlet">
    <ignored/>
  </testcase> <!-- CopyAsFromCommandsForMultipleTopics -->
  <testcase name="CopyAsFromCommands" time="0.0" classname="ApodGUI.TopicViewlet">
    <ignored/>
  </testcase> <!-- CopyAsFromCommands -->
  <testcase name="DeleteFromCommands" time="0.0" classname="ApodGUI.TopicViewlet">
    <ignored/>
  </testcase> <!-- DeleteFromCommands -->
</testsuite> <!-- Test Topic Viewlet -->
