<?xml version="1.0" encoding="UTF-8"?>
<!-- Generated by org.testng.reporters.JUnitXMLReporter -->
<testsuite hostname="DESKTOP-E1JT2VR" ignored="0" name="Test Name List Viewlet" tests="8" failures="0" timestamp="17 Aug 2019 05:39:38 GMT" time="105.579" errors="0">
  <testcase name="Login" time="13.464" classname="ApodGUI.NameListViewlet"/>
  <testcase name="AddNameListViewlet" time="4.267" classname="ApodGUI.NameListViewlet"/>
  <testcase name="NameListEvents" time="11.507" classname="ApodGUI.NameListViewlet"/>
  <testcase name="AddToFavoriteViewlet" time="7.824" classname="ApodGUI.NameListViewlet"/>
  <testcase name="CompareNameLists" time="4.672" classname="ApodGUI.NameListViewlet"/>
  <testcase name="AddToFavoriteForMultipleNameLists" time="4.615" classname="ApodGUI.NameListViewlet"/>
  <testcase name="ShowObjectAttributesForNameList" time="23.08" classname="ApodGUI.NameListViewlet"/>
  <testcase name="Logout" time="2.595" classname="ApodGUI.NameListViewlet"/>
</testsuite> <!-- Test Name List Viewlet -->
