<?xml version="1.0" encoding="UTF-8"?>
<!-- Generated by org.testng.reporters.JUnitXMLReporter -->
<testsuite hostname="DESKTOP-E1JT2VR" ignored="11" name="Test Topic Viewlet" tests="7" failures="0" timestamp="11 Sep 2019 12:18:38 GMT" time="190.174" errors="0">
  <testcase name="Login" time="29.383" classname="ApodGUI.TopicViewlet"/>
  <testcase name="AddTopicViewlet" time="5.267" classname="ApodGUI.TopicViewlet"/>
  <testcase name="CreateTopicFromPlusIcon" time="16.482" classname="ApodGUI.TopicViewlet"/>
  <testcase name="CompareTopics" time="4.753" classname="ApodGUI.TopicViewlet"/>
  <testcase name="CopyAsFromCommandsForMultipleTopics" time="22.005" classname="ApodGUI.TopicViewlet"/>
  <testcase name="DeleteFromCommandsForMultipleTopics" time="16.115" classname="ApodGUI.TopicViewlet"/>
  <testcase name="Logout" time="6.51" classname="ApodGUI.TopicViewlet"/>
  <testcase name="PublishFromCommands" time="0.0" classname="ApodGUI.TopicViewlet">
    <ignored/>
  </testcase> <!-- PublishFromCommands -->
  <testcase name="PublishFromCommandsForMultipleTopics" time="0.0" classname="ApodGUI.TopicViewlet">
    <ignored/>
  </testcase> <!-- PublishFromCommandsForMultipleTopics -->
  <testcase name="AddToFavoriteViewlet" time="0.0" classname="ApodGUI.TopicViewlet">
    <ignored/>
  </testcase> <!-- AddToFavoriteViewlet -->
  <testcase name="CreateTopic" time="0.0" classname="ApodGUI.TopicViewlet">
    <ignored/>
  </testcase> <!-- CreateTopic -->
  <testcase name="TopicProperties" time="0.0" classname="ApodGUI.TopicViewlet">
    <ignored/>
  </testcase> <!-- TopicProperties -->
  <testcase name="AddToFavoriteForMultipleTopics" time="0.0" classname="ApodGUI.TopicViewlet">
    <ignored/>
  </testcase> <!-- AddToFavoriteForMultipleTopics -->
  <testcase name="CopyAsFromCommands" time="0.0" classname="ApodGUI.TopicViewlet">
    <ignored/>
  </testcase> <!-- CopyAsFromCommands -->
  <testcase name="ShowObjectAttributesForTopic" time="0.0" classname="ApodGUI.TopicViewlet">
    <ignored/>
  </testcase> <!-- ShowObjectAttributesForTopic -->
  <testcase name="MultipleProperties" time="0.0" classname="ApodGUI.TopicViewlet">
    <ignored/>
  </testcase> <!-- MultipleProperties -->
  <testcase name="TopicEvents" time="0.0" classname="ApodGUI.TopicViewlet">
    <ignored/>
  </testcase> <!-- TopicEvents -->
  <testcase name="DeleteFromCommands" time="0.0" classname="ApodGUI.TopicViewlet">
    <ignored/>
  </testcase> <!-- DeleteFromCommands -->
</testsuite> <!-- Test Topic Viewlet -->
