<?xml version="1.0" encoding="UTF-8"?>
<!-- Generated by org.testng.reporters.JUnitXMLReporter -->
<testsuite hostname="DESKTOP-E1JT2VR" ignored="7" name="Test Subscription Viewlet" tests="11" failures="0" timestamp="18 Sep 2019 12:35:31 GMT" time="428.653" errors="0">
  <testcase name="Login" time="25.58" classname="ApodGUI.SubscriptionViewlet"/>
  <testcase name="AddSubscriptionViewlet" time="9.269" classname="ApodGUI.SubscriptionViewlet"/>
  <testcase name="AddToFavoriteViewlet" time="7.893" classname="ApodGUI.SubscriptionViewlet"/>
  <testcase name="CompareSubscription" time="4.018" classname="ApodGUI.SubscriptionViewlet"/>
  <testcase name="CreateSubscriptionFromPlusIcon" time="84.878" classname="ApodGUI.SubscriptionViewlet"/>
  <testcase name="CopyAsFromCommandsForMultipleSubscriptions" time="29.901" classname="ApodGUI.SubscriptionViewlet"/>
  <testcase name="RenameFromCommandsForMultipleSubscriptions" time="32.615" classname="ApodGUI.SubscriptionViewlet"/>
  <testcase name="DeleteFromCommandsForMultipleSubscriptions" time="22.806" classname="ApodGUI.SubscriptionViewlet"/>
  <testcase name="MultipleSubscriptionProperties" time="40.913" classname="ApodGUI.SubscriptionViewlet"/>
  <testcase name="AddToFavoriteForMultipleSubscription" time="4.677" classname="ApodGUI.SubscriptionViewlet"/>
  <testcase name="Logout" time="6.59" classname="ApodGUI.SubscriptionViewlet"/>
  <testcase name="DeleteFromCommands" time="0.0" classname="ApodGUI.SubscriptionViewlet">
    <ignored/>
  </testcase> <!-- DeleteFromCommands -->
  <testcase name="RenameFromCommands" time="0.0" classname="ApodGUI.SubscriptionViewlet">
    <ignored/>
  </testcase> <!-- RenameFromCommands -->
  <testcase name="CreateSubscriptionFromOptions" time="0.0" classname="ApodGUI.SubscriptionViewlet">
    <ignored/>
  </testcase> <!-- CreateSubscriptionFromOptions -->
  <testcase name="CopyAsFromCommands" time="0.0" classname="ApodGUI.SubscriptionViewlet">
    <ignored/>
  </testcase> <!-- CopyAsFromCommands -->
  <testcase name="SubscriptionEvents" time="0.0" classname="ApodGUI.SubscriptionViewlet">
    <ignored/>
  </testcase> <!-- SubscriptionEvents -->
  <testcase name="ShowObjectAttributesForSubscription" time="0.0" classname="ApodGUI.SubscriptionViewlet">
    <ignored/>
  </testcase> <!-- ShowObjectAttributesForSubscription -->
  <testcase name="SubscriptionProperties" time="0.0" classname="ApodGUI.SubscriptionViewlet">
    <ignored/>
  </testcase> <!-- SubscriptionProperties -->
</testsuite> <!-- Test Subscription Viewlet -->
