<?xml version="1.0" encoding="UTF-8"?>
<!-- Generated by org.testng.reporters.JUnitXMLReporter -->
<testsuite hostname="DESKTOP-E1JT2VR" ignored="15" name="Test Subscription Viewlet" tests="4" failures="0" timestamp="16 Jan 2020 06:35:48 GMT" time="95.479" errors="0">
  <testcase name="Login" time="23.433" classname="ApodGUI.SubscriptionViewlet"/>
  <testcase name="AddSubscriptionViewlet" time="8.988" classname="ApodGUI.SubscriptionViewlet"/>
  <testcase name="CompareSubscription" time="5.681" classname="ApodGUI.SubscriptionViewlet"/>
  <testcase name="Logout" time="2.443" classname="ApodGUI.SubscriptionViewlet"/>
  <testcase name="RenameFromCommands" time="0.0" classname="ApodGUI.SubscriptionViewlet">
    <ignored/>
  </testcase> <!-- RenameFromCommands -->
  <testcase name="CreateSubscriptionFromOptions" time="0.0" classname="ApodGUI.SubscriptionViewlet">
    <ignored/>
  </testcase> <!-- CreateSubscriptionFromOptions -->
  <testcase name="AddToFavoriteViewlet" time="0.0" classname="ApodGUI.SubscriptionViewlet">
    <ignored/>
  </testcase> <!-- AddToFavoriteViewlet -->
  <testcase name="AddToFavoriteForMultipleSubscription" time="0.0" classname="ApodGUI.SubscriptionViewlet">
    <ignored/>
  </testcase> <!-- AddToFavoriteForMultipleSubscription -->
  <testcase name="ShowObjectAttributesForSubscription" time="0.0" classname="ApodGUI.SubscriptionViewlet">
    <ignored/>
  </testcase> <!-- ShowObjectAttributesForSubscription -->
  <testcase name="SubscriptionProperties" time="0.0" classname="ApodGUI.SubscriptionViewlet">
    <ignored/>
  </testcase> <!-- SubscriptionProperties -->
  <testcase name="DeleteFromCommands" time="0.0" classname="ApodGUI.SubscriptionViewlet">
    <ignored/>
  </testcase> <!-- DeleteFromCommands -->
  <testcase name="CheckDifferencesForSubscriptions" time="0.0" classname="ApodGUI.SubscriptionViewlet">
    <ignored/>
  </testcase> <!-- CheckDifferencesForSubscriptions -->
  <testcase name="MultipleSubscriptionProperties" time="0.0" classname="ApodGUI.SubscriptionViewlet">
    <ignored/>
  </testcase> <!-- MultipleSubscriptionProperties -->
  <testcase name="RenameFromCommandsForMultipleSubscriptions" time="0.0" classname="ApodGUI.SubscriptionViewlet">
    <ignored/>
  </testcase> <!-- RenameFromCommandsForMultipleSubscriptions -->
  <testcase name="CopyAsFromCommands" time="0.0" classname="ApodGUI.SubscriptionViewlet">
    <ignored/>
  </testcase> <!-- CopyAsFromCommands -->
  <testcase name="CopyAsFromCommandsForMultipleSubscriptions" time="0.0" classname="ApodGUI.SubscriptionViewlet">
    <ignored/>
  </testcase> <!-- CopyAsFromCommandsForMultipleSubscriptions -->
  <testcase name="SubscriptionEvents" time="0.0" classname="ApodGUI.SubscriptionViewlet">
    <ignored/>
  </testcase> <!-- SubscriptionEvents -->
  <testcase name="DeleteFromCommandsForMultipleSubscriptions" time="0.0" classname="ApodGUI.SubscriptionViewlet">
    <ignored/>
  </testcase> <!-- DeleteFromCommandsForMultipleSubscriptions -->
  <testcase name="CreateSubscriptionFromPlusIcon" time="0.0" classname="ApodGUI.SubscriptionViewlet">
    <ignored/>
  </testcase> <!-- CreateSubscriptionFromPlusIcon -->
</testsuite> <!-- Test Subscription Viewlet -->
