<?xml version="1.0" encoding="UTF-8"?>
<!-- Generated by org.testng.reporters.JUnitXMLReporter -->
<testsuite hostname="DESKTOP-E1JT2VR" ignored="0" name="Test Subscription Viewlet" tests="18" failures="0" timestamp="11 Nov 2019 13:33:08 GMT" time="949.892" errors="0">
  <testcase name="Login" time="25.712" classname="ApodGUI.SubscriptionViewlet"/>
  <testcase name="AddSubscriptionViewlet" time="9.413" classname="ApodGUI.SubscriptionViewlet"/>
  <testcase name="CreateSubscriptionFromOptions" time="45.751" classname="ApodGUI.SubscriptionViewlet"/>
  <testcase name="CopyAsFromCommands" time="33.516" classname="ApodGUI.SubscriptionViewlet"/>
  <testcase name="RenameFromCommands" time="21.079" classname="ApodGUI.SubscriptionViewlet"/>
  <testcase name="DeleteFromCommands" time="10.573" classname="ApodGUI.SubscriptionViewlet"/>
  <testcase name="SubscriptionProperties" time="15.317" classname="ApodGUI.SubscriptionViewlet"/>
  <testcase name="SubscriptionEvents" time="11.482" classname="ApodGUI.SubscriptionViewlet"/>
  <testcase name="AddToFavoriteViewlet" time="7.93" classname="ApodGUI.SubscriptionViewlet"/>
  <testcase name="CompareSubscription" time="3.681" classname="ApodGUI.SubscriptionViewlet"/>
  <testcase name="CreateSubscriptionFromPlusIcon" time="107.773" classname="ApodGUI.SubscriptionViewlet"/>
  <testcase name="CopyAsFromCommandsForMultipleSubscriptions" time="29.741" classname="ApodGUI.SubscriptionViewlet"/>
  <testcase name="RenameFromCommandsForMultipleSubscriptions" time="32.336" classname="ApodGUI.SubscriptionViewlet"/>
  <testcase name="DeleteFromCommandsForMultipleSubscriptions" time="22.922" classname="ApodGUI.SubscriptionViewlet"/>
  <testcase name="MultipleSubscriptionProperties" time="40.616" classname="ApodGUI.SubscriptionViewlet"/>
  <testcase name="AddToFavoriteForMultipleSubscription" time="4.736" classname="ApodGUI.SubscriptionViewlet"/>
  <testcase name="ShowObjectAttributesForSubscription" time="19.965" classname="ApodGUI.SubscriptionViewlet"/>
  <testcase name="Logout" time="2.954" classname="ApodGUI.SubscriptionViewlet"/>
</testsuite> <!-- Test Subscription Viewlet -->
