<?xml version="1.0" encoding="UTF-8"?>
<!-- Generated by org.testng.reporters.JUnitXMLReporter -->
<testsuite hostname="DESKTOP-E1JT2VR" ignored="7" name="Test Channel Viewlet" tests="11" failures="0" timestamp="08 Nov 2019 07:38:22 GMT" time="441.578" errors="0">
  <testcase name="Login" time="32.336" classname="ApodGUI.ChannelViewlet"/>
  <testcase name="ShowChannelStatus" time="5.444" classname="ApodGUI.ChannelViewlet"/>
  <testcase name="Properties" time="10.371" classname="ApodGUI.ChannelViewlet"/>
  <testcase name="Events" time="11.413" classname="ApodGUI.ChannelViewlet"/>
  <testcase name="AddToFavorites" time="9.231" classname="ApodGUI.ChannelViewlet"/>
  <testcase name="ComapareChannels" time="6.622" classname="ApodGUI.ChannelViewlet"/>
  <testcase name="ShowChannelStatusForMultiple" time="7.477" classname="ApodGUI.ChannelViewlet"/>
  <testcase name="MultipleProperties" time="31.144" classname="ApodGUI.ChannelViewlet"/>
  <testcase name="AddToFavoriteForMultipleChannels" time="10.575" classname="ApodGUI.ChannelViewlet"/>
  <testcase name="ShowObjectAttributes" time="92.372" classname="ApodGUI.ChannelViewlet"/>
  <testcase name="Logout" time="2.465" classname="ApodGUI.ChannelViewlet"/>
  <testcase name="StartChannelFromCommands" time="0.0" classname="ApodGUI.ChannelViewlet">
    <ignored/>
  </testcase> <!-- StartChannelFromCommands -->
  <testcase name="StopMultipleChannelsFromCommands" time="0.0" classname="ApodGUI.ChannelViewlet">
    <ignored/>
  </testcase> <!-- StopMultipleChannelsFromCommands -->
  <testcase name="StartMultipleChannelsFromCommands" time="0.0" classname="ApodGUI.ChannelViewlet">
    <ignored/>
  </testcase> <!-- StartMultipleChannelsFromCommands -->
  <testcase name="ResolveChannelFromCommands" time="0.0" classname="ApodGUI.ChannelViewlet">
    <ignored/>
  </testcase> <!-- ResolveChannelFromCommands -->
  <testcase name="StopChannelFromCommands" time="0.0" classname="ApodGUI.ChannelViewlet">
    <ignored/>
  </testcase> <!-- StopChannelFromCommands -->
  <testcase name="PingChannelFromCommands" time="0.0" classname="ApodGUI.ChannelViewlet">
    <ignored/>
  </testcase> <!-- PingChannelFromCommands -->
  <testcase name="ResetChannelFromCommands" time="0.0" classname="ApodGUI.ChannelViewlet">
    <ignored/>
  </testcase> <!-- ResetChannelFromCommands -->
</testsuite> <!-- Test Channel Viewlet -->
