<?xml version="1.0" encoding="UTF-8"?>
<!-- Generated by org.testng.reporters.JUnitXMLReporter -->
<testsuite hostname="DESKTOP-E1JT2VR" ignored="12" name="Test EMS Queue Viewlet" tests="3" failures="0" timestamp="29 Aug 2019 11:08:47 GMT" time="92.013" errors="0">
  <testcase name="Login" time="19.864" classname="ApodGUI.EMSQueues"/>
  <testcase name="MultipleQueueProperties" time="51.751" classname="ApodGUI.EMSQueues"/>
  <testcase name="Logout" time="5.792" classname="ApodGUI.EMSQueues"/>
  <testcase name="CreateQueueFromOptions" time="0.0" classname="ApodGUI.EMSQueues">
    <ignored/>
  </testcase> <!-- CreateQueueFromOptions -->
  <testcase name="ShowQueueStatus" time="0.0" classname="ApodGUI.EMSQueues">
    <ignored/>
  </testcase> <!-- ShowQueueStatus -->
  <testcase name="AddToFavoriteForMultipleQueues" time="0.0" classname="ApodGUI.EMSQueues">
    <ignored/>
  </testcase> <!-- AddToFavoriteForMultipleQueues -->
  <testcase name="BrowseMessages" time="0.0" classname="ApodGUI.EMSQueues">
    <ignored/>
  </testcase> <!-- BrowseMessages -->
  <testcase name="QueueProperties" time="0.0" classname="ApodGUI.EMSQueues">
    <ignored/>
  </testcase> <!-- QueueProperties -->
  <testcase name="ShowObjectAttributesForQueues" time="0.0" classname="ApodGUI.EMSQueues">
    <ignored/>
  </testcase> <!-- ShowObjectAttributesForQueues -->
  <testcase name="CompareQueues" time="0.0" classname="ApodGUI.EMSQueues">
    <ignored/>
  </testcase> <!-- CompareQueues -->
  <testcase name="ShowQueueStatusForMultipleQueues" time="0.0" classname="ApodGUI.EMSQueues">
    <ignored/>
  </testcase> <!-- ShowQueueStatusForMultipleQueues -->
  <testcase name="AddToFavoriteViewlet" time="0.0" classname="ApodGUI.EMSQueues">
    <ignored/>
  </testcase> <!-- AddToFavoriteViewlet -->
  <testcase name="QueueEvents" time="0.0" classname="ApodGUI.EMSQueues">
    <ignored/>
  </testcase> <!-- QueueEvents -->
  <testcase name="AddQueueFromPlusIcon" time="0.0" classname="ApodGUI.EMSQueues">
    <ignored/>
  </testcase> <!-- AddQueueFromPlusIcon -->
  <testcase name="QueueCommands" time="0.0" classname="ApodGUI.EMSQueues">
    <ignored/>
  </testcase> <!-- QueueCommands -->
</testsuite> <!-- Test EMS Queue Viewlet -->
