<?xml version="1.0" encoding="UTF-8"?>
<!-- Generated by org.testng.reporters.JUnitXMLReporter -->
<testsuite hostname="DESKTOP-E1JT2VR" ignored="12" name="Test EMS Queue Viewlet" tests="5" failures="0" timestamp="24 Mar 2020 12:53:47 GMT" time="222.842" errors="0">
  <testcase name="Login" time="35.39" classname="ApodGUI.EMSQueues"/>
  <testcase name="CreateQueueFromOptions" time="41.57" classname="ApodGUI.EMSQueues"/>
  <testcase name="CopyAsOptionFromQueueCommands" time="20.701" classname="ApodGUI.EMSQueues"/>
  <testcase name="DeleteoptionFromQueueCommands" time="8.547" classname="ApodGUI.EMSQueues"/>
  <testcase name="Logout" time="5.962" classname="ApodGUI.EMSQueues"/>
  <testcase name="ShowQueueStatus" time="0.0" classname="ApodGUI.EMSQueues">
    <ignored/>
  </testcase> <!-- ShowQueueStatus -->
  <testcase name="AddToFavoriteForMultipleQueues" time="0.0" classname="ApodGUI.EMSQueues">
    <ignored/>
  </testcase> <!-- AddToFavoriteForMultipleQueues -->
  <testcase name="BrowseMessages" time="0.0" classname="ApodGUI.EMSQueues">
    <ignored/>
  </testcase> <!-- BrowseMessages -->
  <testcase name="CheckDifferencesForEMSQueues" time="0.0" classname="ApodGUI.EMSQueues">
    <ignored/>
  </testcase> <!-- CheckDifferencesForEMSQueues -->
  <testcase name="QueueProperties" time="0.0" classname="ApodGUI.EMSQueues">
    <ignored/>
  </testcase> <!-- QueueProperties -->
  <testcase name="ShowObjectAttributesForQueues" time="0.0" classname="ApodGUI.EMSQueues">
    <ignored/>
  </testcase> <!-- ShowObjectAttributesForQueues -->
  <testcase name="CompareQueues" time="0.0" classname="ApodGUI.EMSQueues">
    <ignored/>
  </testcase> <!-- CompareQueues -->
  <testcase name="ShowQueueStatusForMultipleQueues" time="0.0" classname="ApodGUI.EMSQueues">
    <ignored/>
  </testcase> <!-- ShowQueueStatusForMultipleQueues -->
  <testcase name="AddToFavoriteViewlet" time="0.0" classname="ApodGUI.EMSQueues">
    <ignored/>
  </testcase> <!-- AddToFavoriteViewlet -->
  <testcase name="MultipleQueueProperties" time="0.0" classname="ApodGUI.EMSQueues">
    <ignored/>
  </testcase> <!-- MultipleQueueProperties -->
  <testcase name="QueueEvents" time="0.0" classname="ApodGUI.EMSQueues">
    <ignored/>
  </testcase> <!-- QueueEvents -->
  <testcase name="AddQueueFromPlusIcon" time="0.0" classname="ApodGUI.EMSQueues">
    <ignored/>
  </testcase> <!-- AddQueueFromPlusIcon -->
</testsuite> <!-- Test EMS Queue Viewlet -->
