<?xml version="1.0" encoding="UTF-8"?>
<!-- Generated by org.testng.reporters.JUnitXMLReporter -->
<testsuite hostname="DESKTOP-E1JT2VR" ignored="8" name="Test Manager Viewlet options" tests="18" failures="2" timestamp="20 Mar 2020 10:35:36 GMT" time="855.994" errors="0">
  <testcase name="Login" time="23.031" classname="ApodGUI.ManagerViewlet"/>
  <testcase name="ShowTopology" time="16.211" classname="ApodGUI.ManagerViewlet"/>
  <testcase name="Security" time="13.623" classname="ApodGUI.ManagerViewlet"/>
  <testcase name="ViewErrorLogs" time="12.694" classname="ApodGUI.ManagerViewlet"/>
  <testcase name="Properties" time="13.626" classname="ApodGUI.ManagerViewlet"/>
  <testcase name="MQSCConsoleCommandOption" time="6.699" classname="ApodGUI.ManagerViewlet"/>
  <testcase name="SaveMQSCConsoleResponceData" time="4.172" classname="ApodGUI.ManagerViewlet"/>
  <testcase name="ClearMQSCConsoleResponceData" time="5.32" classname="ApodGUI.ManagerViewlet"/>
  <testcase name="DiscoverNow" time="8.612" classname="ApodGUI.ManagerViewlet"/>
  <testcase name="Events" time="14.442" classname="ApodGUI.ManagerViewlet"/>
  <testcase name="AddToFavorites" time="16.432" classname="ApodGUI.ManagerViewlet"/>
  <testcase name="CompareManagers" time="5.681" classname="ApodGUI.ManagerViewlet"/>
  <testcase name="CheckDifferencesForManagers" time="8.63" classname="ApodGUI.ManagerViewlet"/>
  <testcase name="MultipleManagersProperties" time="34.488" classname="ApodGUI.ManagerViewlet"/>
  <testcase name="AddToFavoriteForMultipleManagers" time="10.754" classname="ApodGUI.ManagerViewlet"/>
  <testcase name="ShowObjectAttributes" time="64.156" classname="ApodGUI.ManagerViewlet">
    <failure type="org.openqa.selenium.NoSuchElementException" message="no such element: Unable to locate element: {&amp;quot;method&amp;quot;:&amp;quot;id&amp;quot;,&amp;quot;selector&amp;quot;:&amp;quot;Objects verification failed&amp;quot;}
  (Session info: chrome=80.0.3987.132)
  (Driver info: chromedriver=2.41.578737 (49da6702b16031c40d63e5618de03a32ff6c197e),platform=Windows NT 10.0.18362 x86_64) (WARNING: The server did not provide any stacktrace information)
Command duration or timeout: 0 milliseconds
For documentation on this error, please visit: http://seleniumhq.org/exceptions/no_such_element.html
Build info: version: &amp;apos;3.14.0&amp;apos;, revision: &amp;apos;aacccce0&amp;apos;, time: &amp;apos;2018-08-02T20:13:22.693Z&amp;apos;
System info: host: &amp;apos;DESKTOP-E1JT2VR&amp;apos;, ip: &amp;apos;192.168.122.1&amp;apos;, os.name: &amp;apos;Windows 10&amp;apos;, os.arch: &amp;apos;amd64&amp;apos;, os.version: &amp;apos;10.0&amp;apos;, java.version: &amp;apos;1.8.0_201&amp;apos;
Driver info: org.openqa.selenium.chrome.ChromeDriver
Capabilities {acceptInsecureCerts: false, acceptSslCerts: false, applicationCacheEnabled: false, browserConnectionEnabled: false, browserName: chrome, chrome: {chromedriverVersion: 2.41.578737 (49da6702b16031..., userDataDir: C:\Users\NAGARA~1.KAG\AppDa...}, cssSelectorsEnabled: true, databaseEnabled: false, goog:chromeOptions: {debuggerAddress: localhost:59930}, handlesAlerts: true, hasTouchScreen: false, javascriptEnabled: true, locationContextEnabled: true, mobileEmulationEnabled: false, nativeEvents: true, networkConnectionEnabled: false, pageLoadStrategy: normal, platform: XP, platformName: XP, rotatable: false, setWindowRect: true, takesHeapSnapshot: true, takesScreenshot: true, unexpectedAlertBehaviour: , unhandledPromptBehavior: , version: 80.0.3987.132, webStorageEnabled: true}
Session ID: 668b7827a7c8d9458cb005f48932a11e
*** Element info: {Using=id, value=Objects verification failed}">
      <![CDATA[org.openqa.selenium.NoSuchElementException: no such element: Unable to locate element: {"method":"id","selector":"Objects verification failed"}
  (Session info: chrome=80.0.3987.132)
  (Driver info: chromedriver=2.41.578737 (49da6702b16031c40d63e5618de03a32ff6c197e),platform=Windows NT 10.0.18362 x86_64) (WARNING: The server did not provide any stacktrace information)
Command duration or timeout: 0 milliseconds
For documentation on this error, please visit: http://seleniumhq.org/exceptions/no_such_element.html
Build info: version: '3.14.0', revision: 'aacccce0', time: '2018-08-02T20:13:22.693Z'
System info: host: 'DESKTOP-E1JT2VR', ip: '192.168.122.1', os.name: 'Windows 10', os.arch: 'amd64', os.version: '10.0', java.version: '1.8.0_201'
Driver info: org.openqa.selenium.chrome.ChromeDriver
Capabilities {acceptInsecureCerts: false, acceptSslCerts: false, applicationCacheEnabled: false, browserConnectionEnabled: false, browserName: chrome, chrome: {chromedriverVersion: 2.41.578737 (49da6702b16031..., userDataDir: C:\Users\NAGARA~1.KAG\AppDa...}, cssSelectorsEnabled: true, databaseEnabled: false, goog:chromeOptions: {debuggerAddress: localhost:59930}, handlesAlerts: true, hasTouchScreen: false, javascriptEnabled: true, locationContextEnabled: true, mobileEmulationEnabled: false, nativeEvents: true, networkConnectionEnabled: false, pageLoadStrategy: normal, platform: XP, platformName: XP, rotatable: false, setWindowRect: true, takesHeapSnapshot: true, takesScreenshot: true, unexpectedAlertBehaviour: , unhandledPromptBehavior: , version: 80.0.3987.132, webStorageEnabled: true}
Session ID: 668b7827a7c8d9458cb005f48932a11e
*** Element info: {Using=id, value=Objects verification failed}
at org.openqa.selenium.remote.ErrorHandler.createThrowable(ErrorHandler.java:214)
at org.openqa.selenium.remote.ErrorHandler.throwIfResponseFailed(ErrorHandler.java:166)
at org.openqa.selenium.remote.http.JsonHttpResponseCodec.reconstructValue(JsonHttpResponseCodec.java:40)
at org.openqa.selenium.remote.http.AbstractHttpResponseCodec.decode(AbstractHttpResponseCodec.java:80)
at org.openqa.selenium.remote.http.AbstractHttpResponseCodec.decode(AbstractHttpResponseCodec.java:44)
at org.openqa.selenium.remote.HttpCommandExecutor.execute(HttpCommandExecutor.java:158)
at org.openqa.selenium.remote.service.DriverCommandExecutor.execute(DriverCommandExecutor.java:83)
at org.openqa.selenium.remote.RemoteWebDriver.execute(RemoteWebDriver.java:548)
at org.openqa.selenium.remote.RemoteWebDriver.findElement(RemoteWebDriver.java:322)
at org.openqa.selenium.remote.RemoteWebDriver.findElementById(RemoteWebDriver.java:368)
at org.openqa.selenium.By$ById.findElement(By.java:188)
at org.openqa.selenium.remote.RemoteWebDriver.findElement(RemoteWebDriver.java:314)
at ApodGUI.ManagerViewlet.ShowObjectAttributes(ManagerViewlet.java:276)
... Removed 29 stack frames]]>
    </failure>
  </testcase> <!-- ShowObjectAttributes -->
  <testcase name="SearchFilter" time="4.707" classname="ApodGUI.ManagerViewlet"/>
  <testcase name="Logout" time="1.129" classname="ApodGUI.ManagerViewlet">
    <failure type="org.openqa.selenium.WebDriverException" message="unknown error: Element &amp;lt;i _ngcontent-ecy-c3=&amp;quot;&amp;quot; aria-hidden=&amp;quot;true&amp;quot; class=&amp;quot;fa fa-power-off fa-lg&amp;quot; title=&amp;quot;Logout&amp;quot;&amp;gt;&amp;lt;/i&amp;gt; is not clickable at point (1251, 22). Other element would receive the click: &amp;lt;ngb-modal-window role=&amp;quot;dialog&amp;quot; tabindex=&amp;quot;-1&amp;quot; class=&amp;quot;modal fade show d-block&amp;quot; aria-modal=&amp;quot;true&amp;quot;&amp;gt;...&amp;lt;/ngb-modal-window&amp;gt;
  (Session info: chrome=80.0.3987.132)
  (Driver info: chromedriver=2.41.578737 (49da6702b16031c40d63e5618de03a32ff6c197e),platform=Windows NT 10.0.18362 x86_64) (WARNING: The server did not provide any stacktrace information)
Command duration or timeout: 0 milliseconds
Build info: version: &amp;apos;3.14.0&amp;apos;, revision: &amp;apos;aacccce0&amp;apos;, time: &amp;apos;2018-08-02T20:13:22.693Z&amp;apos;
System info: host: &amp;apos;DESKTOP-E1JT2VR&amp;apos;, ip: &amp;apos;192.168.122.1&amp;apos;, os.name: &amp;apos;Windows 10&amp;apos;, os.arch: &amp;apos;amd64&amp;apos;, os.version: &amp;apos;10.0&amp;apos;, java.version: &amp;apos;1.8.0_201&amp;apos;
Driver info: org.openqa.selenium.chrome.ChromeDriver
Capabilities {acceptInsecureCerts: false, acceptSslCerts: false, applicationCacheEnabled: false, browserConnectionEnabled: false, browserName: chrome, chrome: {chromedriverVersion: 2.41.578737 (49da6702b16031..., userDataDir: C:\Users\NAGARA~1.KAG\AppDa...}, cssSelectorsEnabled: true, databaseEnabled: false, goog:chromeOptions: {debuggerAddress: localhost:59930}, handlesAlerts: true, hasTouchScreen: false, javascriptEnabled: true, locationContextEnabled: true, mobileEmulationEnabled: false, nativeEvents: true, networkConnectionEnabled: false, pageLoadStrategy: normal, platform: XP, platformName: XP, rotatable: false, setWindowRect: true, takesHeapSnapshot: true, takesScreenshot: true, unexpectedAlertBehaviour: , unhandledPromptBehavior: , version: 80.0.3987.132, webStorageEnabled: true}
Session ID: 668b7827a7c8d9458cb005f48932a11e">
      <![CDATA[org.openqa.selenium.WebDriverException: unknown error: Element <i _ngcontent-ecy-c3="" aria-hidden="true" class="fa fa-power-off fa-lg" title="Logout"></i> is not clickable at point (1251, 22). Other element would receive the click: <ngb-modal-window role="dialog" tabindex="-1" class="modal fade show d-block" aria-modal="true">...</ngb-modal-window>
  (Session info: chrome=80.0.3987.132)
  (Driver info: chromedriver=2.41.578737 (49da6702b16031c40d63e5618de03a32ff6c197e),platform=Windows NT 10.0.18362 x86_64) (WARNING: The server did not provide any stacktrace information)
Command duration or timeout: 0 milliseconds
Build info: version: '3.14.0', revision: 'aacccce0', time: '2018-08-02T20:13:22.693Z'
System info: host: 'DESKTOP-E1JT2VR', ip: '192.168.122.1', os.name: 'Windows 10', os.arch: 'amd64', os.version: '10.0', java.version: '1.8.0_201'
Driver info: org.openqa.selenium.chrome.ChromeDriver
Capabilities {acceptInsecureCerts: false, acceptSslCerts: false, applicationCacheEnabled: false, browserConnectionEnabled: false, browserName: chrome, chrome: {chromedriverVersion: 2.41.578737 (49da6702b16031..., userDataDir: C:\Users\NAGARA~1.KAG\AppDa...}, cssSelectorsEnabled: true, databaseEnabled: false, goog:chromeOptions: {debuggerAddress: localhost:59930}, handlesAlerts: true, hasTouchScreen: false, javascriptEnabled: true, locationContextEnabled: true, mobileEmulationEnabled: false, nativeEvents: true, networkConnectionEnabled: false, pageLoadStrategy: normal, platform: XP, platformName: XP, rotatable: false, setWindowRect: true, takesHeapSnapshot: true, takesScreenshot: true, unexpectedAlertBehaviour: , unhandledPromptBehavior: , version: 80.0.3987.132, webStorageEnabled: true}
Session ID: 668b7827a7c8d9458cb005f48932a11e
at org.openqa.selenium.remote.ErrorHandler.createThrowable(ErrorHandler.java:214)
at org.openqa.selenium.remote.ErrorHandler.throwIfResponseFailed(ErrorHandler.java:166)
at org.openqa.selenium.remote.http.JsonHttpResponseCodec.reconstructValue(JsonHttpResponseCodec.java:40)
at org.openqa.selenium.remote.http.AbstractHttpResponseCodec.decode(AbstractHttpResponseCodec.java:80)
at org.openqa.selenium.remote.http.AbstractHttpResponseCodec.decode(AbstractHttpResponseCodec.java:44)
at org.openqa.selenium.remote.HttpCommandExecutor.execute(HttpCommandExecutor.java:158)
at org.openqa.selenium.remote.service.DriverCommandExecutor.execute(DriverCommandExecutor.java:83)
at org.openqa.selenium.remote.RemoteWebDriver.execute(RemoteWebDriver.java:548)
at org.openqa.selenium.remote.RemoteWebElement.execute(RemoteWebElement.java:276)
at org.openqa.selenium.remote.RemoteWebElement.click(RemoteWebElement.java:83)
at ApodGUI.ManagerViewlet.Logout(ManagerViewlet.java:1291)
... Removed 29 stack frames]]>
    </failure>
  </testcase> <!-- Logout -->
  <testcase name="AddNewManagerFromIcon" time="0.0" classname="ApodGUI.ManagerViewlet">
    <ignored/>
  </testcase> <!-- AddNewManagerFromIcon -->
  <testcase name="StartAllWMQObjectsForMultipleManagers" time="0.0" classname="ApodGUI.ManagerViewlet">
    <ignored/>
  </testcase> <!-- StartAllWMQObjectsForMultipleManagers -->
  <testcase name="DeleteFromDB" time="0.0" classname="ApodGUI.ManagerViewlet">
    <ignored/>
  </testcase> <!-- DeleteFromDB -->
  <testcase name="Delete" time="0.0" classname="ApodGUI.ManagerViewlet">
    <ignored/>
  </testcase> <!-- Delete -->
  <testcase name="StopAllWMQObjects" time="0.0" classname="ApodGUI.ManagerViewlet">
    <ignored/>
  </testcase> <!-- StopAllWMQObjects -->
  <testcase name="CreateQueueManagerFromOptions" time="0.0" classname="ApodGUI.ManagerViewlet">
    <ignored/>
  </testcase> <!-- CreateQueueManagerFromOptions -->
  <testcase name="StopAllWMQObjectsForMultipleManagers" time="0.0" classname="ApodGUI.ManagerViewlet">
    <ignored/>
  </testcase> <!-- StopAllWMQObjectsForMultipleManagers -->
  <testcase name="StartAllWMQObjects" time="0.0" classname="ApodGUI.ManagerViewlet">
    <ignored/>
  </testcase> <!-- StartAllWMQObjects -->
</testsuite> <!-- Test Manager Viewlet options -->
