<?xml version="1.0" encoding="UTF-8"?>
<!-- Generated by org.testng.reporters.JUnitXMLReporter -->
<testsuite hostname="DESKTOP-E1JT2VR" ignored="7" name="Test Subscription Viewlet" tests="11" failures="0" timestamp="27 Sep 2019 14:59:40 GMT" time="489.512" errors="0">
  <testcase name="Login" time="25.417" classname="ApodGUI.SubscriptionViewlet"/>
  <testcase name="AddSubscriptionViewlet" time="9.23" classname="ApodGUI.SubscriptionViewlet"/>
  <testcase name="AddToFavoriteViewlet" time="7.875" classname="ApodGUI.SubscriptionViewlet"/>
  <testcase name="CompareSubscription" time="3.667" classname="ApodGUI.SubscriptionViewlet"/>
  <testcase name="CreateSubscriptionFromPlusIcon" time="107.597" classname="ApodGUI.SubscriptionViewlet"/>
  <testcase name="CopyAsFromCommandsForMultipleSubscriptions" time="29.83" classname="ApodGUI.SubscriptionViewlet"/>
  <testcase name="RenameFromCommandsForMultipleSubscriptions" time="32.047" classname="ApodGUI.SubscriptionViewlet"/>
  <testcase name="DeleteFromCommandsForMultipleSubscriptions" time="22.858" classname="ApodGUI.SubscriptionViewlet"/>
  <testcase name="MultipleSubscriptionProperties" time="40.481" classname="ApodGUI.SubscriptionViewlet"/>
  <testcase name="AddToFavoriteForMultipleSubscription" time="5.006" classname="ApodGUI.SubscriptionViewlet"/>
  <testcase name="Logout" time="2.482" classname="ApodGUI.SubscriptionViewlet"/>
  <testcase name="DeleteFromCommands" time="0.0" classname="ApodGUI.SubscriptionViewlet">
    <ignored/>
  </testcase> <!-- DeleteFromCommands -->
  <testcase name="RenameFromCommands" time="0.0" classname="ApodGUI.SubscriptionViewlet">
    <ignored/>
  </testcase> <!-- RenameFromCommands -->
  <testcase name="CreateSubscriptionFromOptions" time="0.0" classname="ApodGUI.SubscriptionViewlet">
    <ignored/>
  </testcase> <!-- CreateSubscriptionFromOptions -->
  <testcase name="CopyAsFromCommands" time="0.0" classname="ApodGUI.SubscriptionViewlet">
    <ignored/>
  </testcase> <!-- CopyAsFromCommands -->
  <testcase name="SubscriptionEvents" time="0.0" classname="ApodGUI.SubscriptionViewlet">
    <ignored/>
  </testcase> <!-- SubscriptionEvents -->
  <testcase name="ShowObjectAttributesForSubscription" time="0.0" classname="ApodGUI.SubscriptionViewlet">
    <ignored/>
  </testcase> <!-- ShowObjectAttributesForSubscription -->
  <testcase name="SubscriptionProperties" time="0.0" classname="ApodGUI.SubscriptionViewlet">
    <ignored/>
  </testcase> <!-- SubscriptionProperties -->
</testsuite> <!-- Test Subscription Viewlet -->
