<?xml version="1.0" encoding="UTF-8"?>
<!-- Generated by org.testng.reporters.JUnitXMLReporter -->
<testsuite hostname="DESKTOP-E1JT2VR" ignored="3" name="Test Transport Viewlet" tests="7" failures="0" timestamp="24 Mar 2020 11:13:57 GMT" time="324.688" errors="0">
  <testcase name="Login" time="26.56" classname="ApodGUI.TransportViewlet"/>
  <testcase name="AddTransportViewlet" time="10.075" classname="ApodGUI.TransportViewlet"/>
  <testcase name="Properties" time="5.575" classname="ApodGUI.TransportViewlet"/>
  <testcase name="TransportEvents" time="15.621" classname="ApodGUI.TransportViewlet"/>
  <testcase name="AddToFavoriteViewlet" time="7.477" classname="ApodGUI.TransportViewlet"/>
  <testcase name="ShowObjectAttributesForTransport" time="32.007" classname="ApodGUI.TransportViewlet"/>
  <testcase name="Logout" time="3.025" classname="ApodGUI.TransportViewlet"/>
  <testcase name="AddToFavoriteForMultipleTransports" time="0.0" classname="ApodGUI.TransportViewlet">
    <ignored/>
  </testcase> <!-- AddToFavoriteForMultipleTransports -->
  <testcase name="CheckDifferencesForTransports" time="0.0" classname="ApodGUI.TransportViewlet">
    <ignored/>
  </testcase> <!-- CheckDifferencesForTransports -->
  <testcase name="CompareTransports" time="0.0" classname="ApodGUI.TransportViewlet">
    <ignored/>
  </testcase> <!-- CompareTransports -->
</testsuite> <!-- Test Transport Viewlet -->
