<?xml version="1.0" encoding="UTF-8"?>
<!-- Generated by org.testng.reporters.JUnitXMLReporter -->
<testsuite hostname="DESKTOP-E1JT2VR" ignored="12" name="Test Node Viewlet" tests="4" failures="0" timestamp="28 Jan 2020 07:55:05 GMT" time="150.247" errors="0">
  <testcase name="Login" time="26.956" classname="ApodGUI.NodeViewlet"/>
  <testcase name="CreateNodeUsingIcon" time="22.518" classname="ApodGUI.NodeViewlet"/>
  <testcase name="DeleteNode" time="19.648" classname="ApodGUI.NodeViewlet"/>
  <testcase name="Logout" time="6.562" classname="ApodGUI.NodeViewlet"/>
  <testcase name="NodeEvents" time="0.0" classname="ApodGUI.NodeViewlet">
    <ignored/>
  </testcase> <!-- NodeEvents -->
  <testcase name="PropertiesOfNode" time="0.0" classname="ApodGUI.NodeViewlet">
    <ignored/>
  </testcase> <!-- PropertiesOfNode -->
  <testcase name="SearchFilter" time="0.0" classname="ApodGUI.NodeViewlet">
    <ignored/>
  </testcase> <!-- SearchFilter -->
  <testcase name="DiscoverNow" time="0.0" classname="ApodGUI.NodeViewlet">
    <ignored/>
  </testcase> <!-- DiscoverNow -->
  <testcase name="AddtoFavoriteForMultipleNodes" time="0.0" classname="ApodGUI.NodeViewlet">
    <ignored/>
  </testcase> <!-- AddtoFavoriteForMultipleNodes -->
  <testcase name="AddToFavotiteViewlet" time="0.0" classname="ApodGUI.NodeViewlet">
    <ignored/>
  </testcase> <!-- AddToFavotiteViewlet -->
  <testcase name="CheckDifferencesForNodes" time="0.0" classname="ApodGUI.NodeViewlet">
    <ignored/>
  </testcase> <!-- CheckDifferencesForNodes -->
  <testcase name="CompareTwoNodes" time="0.0" classname="ApodGUI.NodeViewlet">
    <ignored/>
  </testcase> <!-- CompareTwoNodes -->
  <testcase name="ShowObjectAttributesforNode" time="0.0" classname="ApodGUI.NodeViewlet">
    <ignored/>
  </testcase> <!-- ShowObjectAttributesforNode -->
  <testcase name="CreateQueueManagerFromNodeViewletOptions" time="0.0" classname="ApodGUI.NodeViewlet">
    <ignored/>
  </testcase> <!-- CreateQueueManagerFromNodeViewletOptions -->
  <testcase name="ShowTopology" time="0.0" classname="ApodGUI.NodeViewlet">
    <ignored/>
  </testcase> <!-- ShowTopology -->
  <testcase name="ManageAndUnmanageNode" time="0.0" classname="ApodGUI.NodeViewlet">
    <ignored/>
  </testcase> <!-- ManageAndUnmanageNode -->
</testsuite> <!-- Test Node Viewlet -->
