<?xml version="1.0" encoding="UTF-8"?>
<!-- Generated by org.testng.reporters.JUnitXMLReporter -->
<testsuite hostname="DESKTOP-E1JT2VR" ignored="12" name="Test Node Viewlet" tests="4" failures="0" timestamp="17 Jan 2020 07:00:43 GMT" time="116.972" errors="0">
  <testcase name="Login" time="28.347" classname="ApodGUI.NodeViewlet"/>
  <testcase name="CompareTwoNodes" time="5.641" classname="ApodGUI.NodeViewlet"/>
  <testcase name="CheckDifferencesForNodes" time="9.971" classname="ApodGUI.NodeViewlet"/>
  <testcase name="Logout" time="2.458" classname="ApodGUI.NodeViewlet"/>
  <testcase name="NodeEvents" time="0.0" classname="ApodGUI.NodeViewlet">
    <ignored/>
  </testcase> <!-- NodeEvents -->
  <testcase name="PropertiesOfNode" time="0.0" classname="ApodGUI.NodeViewlet">
    <ignored/>
  </testcase> <!-- PropertiesOfNode -->
  <testcase name="SearchFilter" time="0.0" classname="ApodGUI.NodeViewlet">
    <ignored/>
  </testcase> <!-- SearchFilter -->
  <testcase name="DiscoverNow" time="0.0" classname="ApodGUI.NodeViewlet">
    <ignored/>
  </testcase> <!-- DiscoverNow -->
  <testcase name="AddtoFavoriteForMultipleNodes" time="0.0" classname="ApodGUI.NodeViewlet">
    <ignored/>
  </testcase> <!-- AddtoFavoriteForMultipleNodes -->
  <testcase name="CreateNodeUsingIcon" time="0.0" classname="ApodGUI.NodeViewlet">
    <ignored/>
  </testcase> <!-- CreateNodeUsingIcon -->
  <testcase name="AddToFavotiteViewlet" time="0.0" classname="ApodGUI.NodeViewlet">
    <ignored/>
  </testcase> <!-- AddToFavotiteViewlet -->
  <testcase name="ShowObjectAttributesforNode" time="0.0" classname="ApodGUI.NodeViewlet">
    <ignored/>
  </testcase> <!-- ShowObjectAttributesforNode -->
  <testcase name="CreateQueueManagerFromNodeViewletOptions" time="0.0" classname="ApodGUI.NodeViewlet">
    <ignored/>
  </testcase> <!-- CreateQueueManagerFromNodeViewletOptions -->
  <testcase name="ShowTopology" time="0.0" classname="ApodGUI.NodeViewlet">
    <ignored/>
  </testcase> <!-- ShowTopology -->
  <testcase name="ManageAndUnmanageNode" time="0.0" classname="ApodGUI.NodeViewlet">
    <ignored/>
  </testcase> <!-- ManageAndUnmanageNode -->
  <testcase name="DeleteNode" time="0.0" classname="ApodGUI.NodeViewlet">
    <ignored/>
  </testcase> <!-- DeleteNode -->
</testsuite> <!-- Test Node Viewlet -->
