<?xml version="1.0" encoding="UTF-8"?>
<!-- Generated by org.testng.reporters.JUnitXMLReporter -->
<testsuite hostname="DESKTOP-E1JT2VR" ignored="2" name="WorkGroup server Viewlet" tests="13" failures="0" timestamp="29 Aug 2019 06:58:28 GMT" time="292.059" errors="0">
  <testcase name="Login" time="20.963" classname="ApodGUI.WorkgroupServer"/>
  <testcase name="AddWorkgroupFromPlusIcon" time="12.916" classname="ApodGUI.WorkgroupServer"/>
  <testcase name="EditWorkgroup" time="13.878" classname="ApodGUI.WorkgroupServer"/>
  <testcase name="DeleteWorkgroup" time="5.633" classname="ApodGUI.WorkgroupServer"/>
  <testcase name="AddNode" time="12.839" classname="ApodGUI.WorkgroupServer"/>
  <testcase name="AddRemoteQueueManager" time="7.023" classname="ApodGUI.WorkgroupServer"/>
  <testcase name="ModifyRemoteQueueManager" time="4.858" classname="ApodGUI.WorkgroupServer"/>
  <testcase name="DeleteRemoteQueueManager" time="6.591" classname="ApodGUI.WorkgroupServer"/>
  <testcase name="AddRemoteEMSManager" time="7.18" classname="ApodGUI.WorkgroupServer"/>
  <testcase name="ModifyRemoteEMSServer" time="3.534" classname="ApodGUI.WorkgroupServer"/>
  <testcase name="DeleteRemoteEMSServer" time="7.498" classname="ApodGUI.WorkgroupServer"/>
  <testcase name="SearchFilter" time="23.227" classname="ApodGUI.WorkgroupServer"/>
  <testcase name="Logout" time="11.353" classname="ApodGUI.WorkgroupServer"/>
  <testcase name="ConnectIcon" time="0.0" classname="ApodGUI.WorkgroupServer">
    <ignored/>
  </testcase> <!-- ConnectIcon -->
  <testcase name="AddToFavoriteviewlet" time="0.0" classname="ApodGUI.WorkgroupServer">
    <ignored/>
  </testcase> <!-- AddToFavoriteviewlet -->
</testsuite> <!-- WorkGroup server Viewlet -->
