<?xml version="1.0" encoding="UTF-8"?>
<!-- Generated by org.testng.reporters.JUnitXMLReporter -->
<testsuite hostname="DESKTOP-E1JT2VR" ignored="0" name="WorkGroup server Viewlet" tests="4" failures="0" timestamp="16 Jan 2020 08:13:30 GMT" time="140.399" errors="0">
  <testcase name="Login" time="23.169" classname="ApodGUI.TemporaryViewlet"/>
  <testcase name="CreateTemporaryViewletUsingDirectOption" time="24.341" classname="ApodGUI.TemporaryViewlet"/>
  <testcase name="CreateTemporaryViewletUsingTemporaryViewletCheckbox" time="24.275" classname="ApodGUI.TemporaryViewlet"/>
  <testcase name="Logout" time="6.346" classname="ApodGUI.TemporaryViewlet"/>
</testsuite> <!-- WorkGroup server Viewlet -->
