<?xml version="1.0" encoding="UTF-8"?>
<!-- Generated by org.testng.reporters.JUnitXMLReporter -->
<testsuite hostname="DESKTOP-E1JT2VR" ignored="10" name="WorkGroup server Viewlet" tests="5" failures="0" timestamp="27 Sep 2019 10:40:09 GMT" time="153.04" errors="0">
  <testcase name="Login" time="32.759" classname="ApodGUI.WorkgroupServer"/>
  <testcase name="AddRemoteQueueManager" time="14.174" classname="ApodGUI.WorkgroupServer"/>
  <testcase name="ModifyRemoteQueueManager" time="12.023" classname="ApodGUI.WorkgroupServer"/>
  <testcase name="DeleteRemoteQueueManager" time="16.616" classname="ApodGUI.WorkgroupServer"/>
  <testcase name="Logout" time="11.301" classname="ApodGUI.WorkgroupServer"/>
  <testcase name="ConnectIcon" time="0.0" classname="ApodGUI.WorkgroupServer">
    <ignored/>
  </testcase> <!-- ConnectIcon -->
  <testcase name="ModifyRemoteEMSServer" time="0.0" classname="ApodGUI.WorkgroupServer">
    <ignored/>
  </testcase> <!-- ModifyRemoteEMSServer -->
  <testcase name="DeleteWorkgroup" time="0.0" classname="ApodGUI.WorkgroupServer">
    <ignored/>
  </testcase> <!-- DeleteWorkgroup -->
  <testcase name="AddWorkgroupFromPlusIcon" time="0.0" classname="ApodGUI.WorkgroupServer">
    <ignored/>
  </testcase> <!-- AddWorkgroupFromPlusIcon -->
  <testcase name="EditWorkgroup" time="0.0" classname="ApodGUI.WorkgroupServer">
    <ignored/>
  </testcase> <!-- EditWorkgroup -->
  <testcase name="AddRemoteEMSManager" time="0.0" classname="ApodGUI.WorkgroupServer">
    <ignored/>
  </testcase> <!-- AddRemoteEMSManager -->
  <testcase name="AddNode" time="0.0" classname="ApodGUI.WorkgroupServer">
    <ignored/>
  </testcase> <!-- AddNode -->
  <testcase name="DeleteRemoteEMSServer" time="0.0" classname="ApodGUI.WorkgroupServer">
    <ignored/>
  </testcase> <!-- DeleteRemoteEMSServer -->
  <testcase name="AddToFavoriteviewlet" time="0.0" classname="ApodGUI.WorkgroupServer">
    <ignored/>
  </testcase> <!-- AddToFavoriteviewlet -->
  <testcase name="SearchFilter" time="0.0" classname="ApodGUI.WorkgroupServer">
    <ignored/>
  </testcase> <!-- SearchFilter -->
</testsuite> <!-- WorkGroup server Viewlet -->
