<?xml version="1.0" encoding="UTF-8"?>
<!-- Generated by org.testng.reporters.JUnitXMLReporter -->
<testsuite hostname="DESKTOP-E1JT2VR" ignored="2" name="WorkGroup server Viewlet" tests="13" failures="0" timestamp="18 Sep 2019 08:17:23 GMT" time="394.372" errors="0">
  <testcase name="Login" time="33.236" classname="ApodGUI.WorkgroupServer"/>
  <testcase name="AddWorkgroupFromPlusIcon" time="12.884" classname="ApodGUI.WorkgroupServer"/>
  <testcase name="EditWorkgroup" time="15.767" classname="ApodGUI.WorkgroupServer"/>
  <testcase name="DeleteWorkgroup" time="10.579" classname="ApodGUI.WorkgroupServer"/>
  <testcase name="AddNode" time="16.638" classname="ApodGUI.WorkgroupServer"/>
  <testcase name="AddRemoteQueueManager" time="14.086" classname="ApodGUI.WorkgroupServer"/>
  <testcase name="ModifyRemoteQueueManager" time="15.549" classname="ApodGUI.WorkgroupServer"/>
  <testcase name="DeleteRemoteQueueManager" time="13.656" classname="ApodGUI.WorkgroupServer"/>
  <testcase name="AddRemoteEMSManager" time="14.184" classname="ApodGUI.WorkgroupServer"/>
  <testcase name="ModifyRemoteEMSServer" time="6.478" classname="ApodGUI.WorkgroupServer"/>
  <testcase name="DeleteRemoteEMSServer" time="11.395" classname="ApodGUI.WorkgroupServer"/>
  <testcase name="SearchFilter" time="23.141" classname="ApodGUI.WorkgroupServer"/>
  <testcase name="Logout" time="11.34" classname="ApodGUI.WorkgroupServer"/>
  <testcase name="ConnectIcon" time="0.0" classname="ApodGUI.WorkgroupServer">
    <ignored/>
  </testcase> <!-- ConnectIcon -->
  <testcase name="AddToFavoriteviewlet" time="0.0" classname="ApodGUI.WorkgroupServer">
    <ignored/>
  </testcase> <!-- AddToFavoriteviewlet -->
</testsuite> <!-- WorkGroup server Viewlet -->
