<?xml version="1.0" encoding="UTF-8"?>
<!-- Generated by org.testng.reporters.JUnitXMLReporter -->
<testsuite hostname="DESKTOP-E1JT2VR" ignored="2" name="WorkGroup server Viewlet" tests="13" failures="0" timestamp="16 Sep 2019 10:34:43 GMT" time="368.143" errors="0">
  <testcase name="Login" time="33.599" classname="ApodGUI.WorkgroupServer"/>
  <testcase name="AddWorkgroupFromPlusIcon" time="12.88" classname="ApodGUI.WorkgroupServer"/>
  <testcase name="EditWorkgroup" time="15.782" classname="ApodGUI.WorkgroupServer"/>
  <testcase name="DeleteWorkgroup" time="10.622" classname="ApodGUI.WorkgroupServer"/>
  <testcase name="AddNode" time="16.747" classname="ApodGUI.WorkgroupServer"/>
  <testcase name="AddRemoteQueueManager" time="14.08" classname="ApodGUI.WorkgroupServer"/>
  <testcase name="ModifyRemoteQueueManager" time="11.976" classname="ApodGUI.WorkgroupServer"/>
  <testcase name="DeleteRemoteQueueManager" time="13.666" classname="ApodGUI.WorkgroupServer"/>
  <testcase name="AddRemoteEMSManager" time="14.239" classname="ApodGUI.WorkgroupServer"/>
  <testcase name="ModifyRemoteEMSServer" time="6.526" classname="ApodGUI.WorkgroupServer"/>
  <testcase name="DeleteRemoteEMSServer" time="11.418" classname="ApodGUI.WorkgroupServer"/>
  <testcase name="SearchFilter" time="23.159" classname="ApodGUI.WorkgroupServer"/>
  <testcase name="Logout" time="11.374" classname="ApodGUI.WorkgroupServer"/>
  <testcase name="ConnectIcon" time="0.0" classname="ApodGUI.WorkgroupServer">
    <ignored/>
  </testcase> <!-- ConnectIcon -->
  <testcase name="AddToFavoriteviewlet" time="0.0" classname="ApodGUI.WorkgroupServer">
    <ignored/>
  </testcase> <!-- AddToFavoriteviewlet -->
</testsuite> <!-- WorkGroup server Viewlet -->
