<?xml version="1.0" encoding="UTF-8"?>
<!-- Generated by org.testng.reporters.JUnitXMLReporter -->
<testsuite hostname="DESKTOP-E1JT2VR" ignored="2" name="WorkGroup server Viewlet" tests="13" failures="0" timestamp="10 Sep 2019 10:03:35 GMT" time="399.442" errors="0">
  <testcase name="Login" time="27.473" classname="ApodGUI.WorkgroupServer"/>
  <testcase name="AddWorkgroupFromPlusIcon" time="12.862" classname="ApodGUI.WorkgroupServer"/>
  <testcase name="EditWorkgroup" time="13.806" classname="ApodGUI.WorkgroupServer"/>
  <testcase name="DeleteWorkgroup" time="5.612" classname="ApodGUI.WorkgroupServer"/>
  <testcase name="AddNode" time="14.852" classname="ApodGUI.WorkgroupServer"/>
  <testcase name="AddRemoteQueueManager" time="7.175" classname="ApodGUI.WorkgroupServer"/>
  <testcase name="ModifyRemoteQueueManager" time="4.867" classname="ApodGUI.WorkgroupServer"/>
  <testcase name="DeleteRemoteQueueManager" time="6.738" classname="ApodGUI.WorkgroupServer"/>
  <testcase name="AddRemoteEMSManager" time="7.191" classname="ApodGUI.WorkgroupServer"/>
  <testcase name="ModifyRemoteEMSServer" time="3.549" classname="ApodGUI.WorkgroupServer"/>
  <testcase name="DeleteRemoteEMSServer" time="7.405" classname="ApodGUI.WorkgroupServer"/>
  <testcase name="SearchFilter" time="23.405" classname="ApodGUI.WorkgroupServer"/>
  <testcase name="Logout" time="11.388" classname="ApodGUI.WorkgroupServer"/>
  <testcase name="ConnectIcon" time="0.0" classname="ApodGUI.WorkgroupServer">
    <ignored/>
  </testcase> <!-- ConnectIcon -->
  <testcase name="AddToFavoriteviewlet" time="0.0" classname="ApodGUI.WorkgroupServer">
    <ignored/>
  </testcase> <!-- AddToFavoriteviewlet -->
</testsuite> <!-- WorkGroup server Viewlet -->
