<?xml version="1.0" encoding="UTF-8"?>
<!-- Generated by org.testng.reporters.JUnitXMLReporter -->
<testsuite hostname="DESKTOP-E1JT2VR" ignored="13" name="WorkGroup server Viewlet" tests="5" failures="0" timestamp="18 Feb 2020 07:37:30 GMT" time="201.147" errors="0">
  <testcase name="Login" time="32.801" classname="ApodGUI.WorkgroupServer"/>
  <testcase name="AddRemoteQueueManager" time="14.822" classname="ApodGUI.WorkgroupServer"/>
  <testcase name="ModifyRemoteQueueManager" time="16.601" classname="ApodGUI.WorkgroupServer"/>
  <testcase name="DeleteRemoteQueueManager" time="16.998" classname="ApodGUI.WorkgroupServer"/>
  <testcase name="Logout" time="11.335" classname="ApodGUI.WorkgroupServer"/>
  <testcase name="ConnectIcon" time="0.0" classname="ApodGUI.WorkgroupServer">
    <ignored/>
  </testcase> <!-- ConnectIcon -->
  <testcase name="WGSProperties" time="0.0" classname="ApodGUI.WorkgroupServer">
    <ignored/>
  </testcase> <!-- WGSProperties -->
  <testcase name="DeleteWorkgroup" time="0.0" classname="ApodGUI.WorkgroupServer">
    <ignored/>
  </testcase> <!-- DeleteWorkgroup -->
  <testcase name="AddWorkgroupFromPlusIcon" time="0.0" classname="ApodGUI.WorkgroupServer">
    <ignored/>
  </testcase> <!-- AddWorkgroupFromPlusIcon -->
  <testcase name="EditWorkgroup" time="0.0" classname="ApodGUI.WorkgroupServer">
    <ignored/>
  </testcase> <!-- EditWorkgroup -->
  <testcase name="AddRemoteEMSManager" time="0.0" classname="ApodGUI.WorkgroupServer">
    <ignored/>
  </testcase> <!-- AddRemoteEMSManager -->
  <testcase name="DeleteRemoteEMSServer" time="0.0" classname="ApodGUI.WorkgroupServer">
    <ignored/>
  </testcase> <!-- DeleteRemoteEMSServer -->
  <testcase name="AddToFavoriteviewlet" time="0.0" classname="ApodGUI.WorkgroupServer">
    <ignored/>
  </testcase> <!-- AddToFavoriteviewlet -->
  <testcase name="SearchFilter" time="0.0" classname="ApodGUI.WorkgroupServer">
    <ignored/>
  </testcase> <!-- SearchFilter -->
  <testcase name="ShowObjectAttributes" time="0.0" classname="ApodGUI.WorkgroupServer">
    <ignored/>
  </testcase> <!-- ShowObjectAttributes -->
  <testcase name="DefaultConnection" time="0.0" classname="ApodGUI.WorkgroupServer">
    <ignored/>
  </testcase> <!-- DefaultConnection -->
  <testcase name="ModifyRemoteEMSServer" time="0.0" classname="ApodGUI.WorkgroupServer">
    <ignored/>
  </testcase> <!-- ModifyRemoteEMSServer -->
  <testcase name="AddNode" time="0.0" classname="ApodGUI.WorkgroupServer">
    <ignored/>
  </testcase> <!-- AddNode -->
</testsuite> <!-- WorkGroup server Viewlet -->
