<?xml version="1.0" encoding="UTF-8"?>
<!-- Generated by org.testng.reporters.JUnitXMLReporter -->
<testsuite hostname="DESKTOP-E1JT2VR" ignored="0" name="WorkGroup server Viewlet" tests="4" failures="0" timestamp="26 Dec 2019 11:33:50 GMT" time="77.158" errors="0">
  <testcase name="Login" time="24.88" classname="ApodGUI.TemporaryViewlet"/>
  <testcase name="CreateTemporaryViewletUsingDirectOption" time="24.416" classname="ApodGUI.TemporaryViewlet"/>
  <testcase name="CreateTemporaryViewletUsingTemporaryViewletCheckbox" time="24.35" classname="ApodGUI.TemporaryViewlet"/>
  <testcase name="Logout" time="2.391" classname="ApodGUI.TemporaryViewlet"/>
</testsuite> <!-- WorkGroup server Viewlet -->
