<?xml version="1.0" encoding="UTF-8"?>
<!-- Generated by org.testng.reporters.JUnitXMLReporter -->
<testsuite hostname="DESKTOP-E1JT2VR" ignored="13" name="WorkGroup server Viewlet" tests="5" failures="0" timestamp="26 Dec 2019 10:24:25 GMT" time="146.101" errors="0">
  <testcase name="Login" time="39.112" classname="ApodGUI.WorkgroupServer"/>
  <testcase name="AddWorkgroupFromPlusIcon" time="28.262" classname="ApodGUI.WorkgroupServer"/>
  <testcase name="DefaultConnection" time="23.944" classname="ApodGUI.WorkgroupServer"/>
  <testcase name="EditWorkgroup" time="16.561" classname="ApodGUI.WorkgroupServer"/>
  <testcase name="Logout" time="11.612" classname="ApodGUI.WorkgroupServer"/>
  <testcase name="ModifyRemoteQueueManager" time="0.0" classname="ApodGUI.WorkgroupServer">
    <ignored/>
  </testcase> <!-- ModifyRemoteQueueManager -->
  <testcase name="ConnectIcon" time="0.0" classname="ApodGUI.WorkgroupServer">
    <ignored/>
  </testcase> <!-- ConnectIcon -->
  <testcase name="WGSProperties" time="0.0" classname="ApodGUI.WorkgroupServer">
    <ignored/>
  </testcase> <!-- WGSProperties -->
  <testcase name="DeleteWorkgroup" time="0.0" classname="ApodGUI.WorkgroupServer">
    <ignored/>
  </testcase> <!-- DeleteWorkgroup -->
  <testcase name="DeleteRemoteQueueManager" time="0.0" classname="ApodGUI.WorkgroupServer">
    <ignored/>
  </testcase> <!-- DeleteRemoteQueueManager -->
  <testcase name="AddRemoteEMSManager" time="0.0" classname="ApodGUI.WorkgroupServer">
    <ignored/>
  </testcase> <!-- AddRemoteEMSManager -->
  <testcase name="DeleteRemoteEMSServer" time="0.0" classname="ApodGUI.WorkgroupServer">
    <ignored/>
  </testcase> <!-- DeleteRemoteEMSServer -->
  <testcase name="AddToFavoriteviewlet" time="0.0" classname="ApodGUI.WorkgroupServer">
    <ignored/>
  </testcase> <!-- AddToFavoriteviewlet -->
  <testcase name="SearchFilter" time="0.0" classname="ApodGUI.WorkgroupServer">
    <ignored/>
  </testcase> <!-- SearchFilter -->
  <testcase name="ShowObjectAttributes" time="0.0" classname="ApodGUI.WorkgroupServer">
    <ignored/>
  </testcase> <!-- ShowObjectAttributes -->
  <testcase name="ModifyRemoteEMSServer" time="0.0" classname="ApodGUI.WorkgroupServer">
    <ignored/>
  </testcase> <!-- ModifyRemoteEMSServer -->
  <testcase name="AddRemoteQueueManager" time="0.0" classname="ApodGUI.WorkgroupServer">
    <ignored/>
  </testcase> <!-- AddRemoteQueueManager -->
  <testcase name="AddNode" time="0.0" classname="ApodGUI.WorkgroupServer">
    <ignored/>
  </testcase> <!-- AddNode -->
</testsuite> <!-- WorkGroup server Viewlet -->
