<?xml version="1.0" encoding="UTF-8"?>
<!-- Generated by org.testng.reporters.JUnitXMLReporter -->
<testsuite hostname="DESKTOP-E1JT2VR" ignored="13" name="WorkGroup server Viewlet" tests="5" failures="0" timestamp="20 Jan 2020 11:12:39 GMT" time="211.133" errors="0">
  <testcase name="Login" time="38.011" classname="ApodGUI.WorkgroupServer"/>
  <testcase name="AddWorkgroupFromPlusIcon" time="27.462" classname="ApodGUI.WorkgroupServer"/>
  <testcase name="DefaultConnection" time="23.181" classname="ApodGUI.WorkgroupServer"/>
  <testcase name="DeleteWorkgroup" time="14.966" classname="ApodGUI.WorkgroupServer"/>
  <testcase name="Logout" time="11.415" classname="ApodGUI.WorkgroupServer"/>
  <testcase name="ModifyRemoteQueueManager" time="0.0" classname="ApodGUI.WorkgroupServer">
    <ignored/>
  </testcase> <!-- ModifyRemoteQueueManager -->
  <testcase name="ConnectIcon" time="0.0" classname="ApodGUI.WorkgroupServer">
    <ignored/>
  </testcase> <!-- ConnectIcon -->
  <testcase name="WGSProperties" time="0.0" classname="ApodGUI.WorkgroupServer">
    <ignored/>
  </testcase> <!-- WGSProperties -->
  <testcase name="DeleteRemoteQueueManager" time="0.0" classname="ApodGUI.WorkgroupServer">
    <ignored/>
  </testcase> <!-- DeleteRemoteQueueManager -->
  <testcase name="EditWorkgroup" time="0.0" classname="ApodGUI.WorkgroupServer">
    <ignored/>
  </testcase> <!-- EditWorkgroup -->
  <testcase name="AddRemoteEMSManager" time="0.0" classname="ApodGUI.WorkgroupServer">
    <ignored/>
  </testcase> <!-- AddRemoteEMSManager -->
  <testcase name="DeleteRemoteEMSServer" time="0.0" classname="ApodGUI.WorkgroupServer">
    <ignored/>
  </testcase> <!-- DeleteRemoteEMSServer -->
  <testcase name="AddToFavoriteviewlet" time="0.0" classname="ApodGUI.WorkgroupServer">
    <ignored/>
  </testcase> <!-- AddToFavoriteviewlet -->
  <testcase name="SearchFilter" time="0.0" classname="ApodGUI.WorkgroupServer">
    <ignored/>
  </testcase> <!-- SearchFilter -->
  <testcase name="ShowObjectAttributes" time="0.0" classname="ApodGUI.WorkgroupServer">
    <ignored/>
  </testcase> <!-- ShowObjectAttributes -->
  <testcase name="ModifyRemoteEMSServer" time="0.0" classname="ApodGUI.WorkgroupServer">
    <ignored/>
  </testcase> <!-- ModifyRemoteEMSServer -->
  <testcase name="AddRemoteQueueManager" time="0.0" classname="ApodGUI.WorkgroupServer">
    <ignored/>
  </testcase> <!-- AddRemoteQueueManager -->
  <testcase name="AddNode" time="0.0" classname="ApodGUI.WorkgroupServer">
    <ignored/>
  </testcase> <!-- AddNode -->
</testsuite> <!-- WorkGroup server Viewlet -->
