<?xml version="1.0" encoding="UTF-8"?>
<!-- Generated by org.testng.reporters.JUnitXMLReporter -->
<testsuite hostname="DESKTOP-E1JT2VR" ignored="0" name="Test Queue Viewlet" tests="16" failures="0" timestamp="16 Sep 2019 11:04:10 GMT" time="548.571" errors="0">
  <testcase name="Login" time="37.401" classname="ApodGUI.QueuesViewlet"/>
  <testcase name="BrowseMessages" time="5.364" classname="ApodGUI.QueuesViewlet"/>
  <testcase name="ShowQueueStatus" time="5.312" classname="ApodGUI.QueuesViewlet"/>
  <testcase name="CreateQueueFromOptions" time="26.981" classname="ApodGUI.QueuesViewlet"/>
  <testcase name="QueueCommands" time="36.538" classname="ApodGUI.QueuesViewlet"/>
  <testcase name="QueueProperties" time="5.444" classname="ApodGUI.QueuesViewlet"/>
  <testcase name="QueueEvents" time="11.402" classname="ApodGUI.QueuesViewlet"/>
  <testcase name="AddToFavoriteViewlet" time="9.369" classname="ApodGUI.QueuesViewlet"/>
  <testcase name="CompareQueues" time="3.592" classname="ApodGUI.QueuesViewlet"/>
  <testcase name="ShowQueueStatusForMultipleQueues" time="7.509" classname="ApodGUI.QueuesViewlet"/>
  <testcase name="MultipleQueueProperties" time="25.43" classname="ApodGUI.QueuesViewlet"/>
  <testcase name="AddToFavoriteForMultipleQueues" time="6.622" classname="ApodGUI.QueuesViewlet"/>
  <testcase name="AddQueueFromPlusIcon" time="30.133" classname="ApodGUI.QueuesViewlet"/>
  <testcase name="SearchFilter" time="4.219" classname="ApodGUI.QueuesViewlet"/>
  <testcase name="ShowObjectAttributesForQueues" time="105.314" classname="ApodGUI.QueuesViewlet"/>
  <testcase name="Logout" time="5.767" classname="ApodGUI.QueuesViewlet"/>
</testsuite> <!-- Test Queue Viewlet -->
