<?xml version="1.0" encoding="UTF-8"?>
<!-- Generated by org.testng.reporters.JUnitXMLReporter -->
<testsuite hostname="DESKTOP-E1JT2VR" ignored="0" name="Test Process Viewlet" tests="18" failures="1" timestamp="16 Sep 2019 11:30:46 GMT" time="586.095" errors="0">
  <testcase name="Login" time="24.4" classname="ApodGUI.ProcessViewlet"/>
  <testcase name="AddProcessViewlet" time="4.131" classname="ApodGUI.ProcessViewlet"/>
  <testcase name="CreateProcessFromPlusIcon" time="27.274" classname="ApodGUI.ProcessViewlet"/>
  <testcase name="CopyAsFromCommands" time="28.334" classname="ApodGUI.ProcessViewlet"/>
  <testcase name="RenameFromCommands" time="34.826" classname="ApodGUI.ProcessViewlet"/>
  <testcase name="DeleteFromCommands" time="14.246" classname="ApodGUI.ProcessViewlet"/>
  <testcase name="CreateProcess" time="28.117" classname="ApodGUI.ProcessViewlet"/>
  <testcase name="Properties" time="0.066" classname="ApodGUI.ProcessViewlet">
    <failure type="org.openqa.selenium.WebDriverException" message="unknown error: Element &amp;lt;input _ngcontent-c22=&amp;quot;&amp;quot; type=&amp;quot;checkbox&amp;quot; class=&amp;quot;ng-star-inserted&amp;quot;&amp;gt; is not clickable at point (38, 837). Other element would receive the click: &amp;lt;div _ngcontent-c22=&amp;quot;&amp;quot; class=&amp;quot;wrapper-viewlet-glass&amp;quot;&amp;gt;&amp;lt;/div&amp;gt;
  (Session info: chrome=76.0.3809.132)
  (Driver info: chromedriver=2.41.578737 (49da6702b16031c40d63e5618de03a32ff6c197e),platform=Windows NT 10.0.18362 x86_64) (WARNING: The server did not provide any stacktrace information)
Command duration or timeout: 0 milliseconds
Build info: version: &amp;apos;3.14.0&amp;apos;, revision: &amp;apos;aacccce0&amp;apos;, time: &amp;apos;2018-08-02T20:13:22.693Z&amp;apos;
System info: host: &amp;apos;DESKTOP-E1JT2VR&amp;apos;, ip: &amp;apos;192.168.85.1&amp;apos;, os.name: &amp;apos;Windows 10&amp;apos;, os.arch: &amp;apos;amd64&amp;apos;, os.version: &amp;apos;10.0&amp;apos;, java.version: &amp;apos;1.8.0_201&amp;apos;
Driver info: org.openqa.selenium.chrome.ChromeDriver
Capabilities {acceptInsecureCerts: false, acceptSslCerts: false, applicationCacheEnabled: false, browserConnectionEnabled: false, browserName: chrome, chrome: {chromedriverVersion: 2.41.578737 (49da6702b16031..., userDataDir: C:\Users\NAGARA~1.KAG\AppDa...}, cssSelectorsEnabled: true, databaseEnabled: false, goog:chromeOptions: {debuggerAddress: localhost:50740}, handlesAlerts: true, hasTouchScreen: false, javascriptEnabled: true, locationContextEnabled: true, mobileEmulationEnabled: false, nativeEvents: true, networkConnectionEnabled: false, pageLoadStrategy: normal, platform: XP, platformName: XP, rotatable: false, setWindowRect: true, takesHeapSnapshot: true, takesScreenshot: true, unexpectedAlertBehaviour: , unhandledPromptBehavior: , version: 76.0.3809.132, webStorageEnabled: true}
Session ID: ad047598a49c76f4906ac523af5dc206">
      <![CDATA[org.openqa.selenium.WebDriverException: unknown error: Element <input _ngcontent-c22="" type="checkbox" class="ng-star-inserted"> is not clickable at point (38, 837). Other element would receive the click: <div _ngcontent-c22="" class="wrapper-viewlet-glass"></div>
  (Session info: chrome=76.0.3809.132)
  (Driver info: chromedriver=2.41.578737 (49da6702b16031c40d63e5618de03a32ff6c197e),platform=Windows NT 10.0.18362 x86_64) (WARNING: The server did not provide any stacktrace information)
Command duration or timeout: 0 milliseconds
Build info: version: '3.14.0', revision: 'aacccce0', time: '2018-08-02T20:13:22.693Z'
System info: host: 'DESKTOP-E1JT2VR', ip: '192.168.85.1', os.name: 'Windows 10', os.arch: 'amd64', os.version: '10.0', java.version: '1.8.0_201'
Driver info: org.openqa.selenium.chrome.ChromeDriver
Capabilities {acceptInsecureCerts: false, acceptSslCerts: false, applicationCacheEnabled: false, browserConnectionEnabled: false, browserName: chrome, chrome: {chromedriverVersion: 2.41.578737 (49da6702b16031..., userDataDir: C:\Users\NAGARA~1.KAG\AppDa...}, cssSelectorsEnabled: true, databaseEnabled: false, goog:chromeOptions: {debuggerAddress: localhost:50740}, handlesAlerts: true, hasTouchScreen: false, javascriptEnabled: true, locationContextEnabled: true, mobileEmulationEnabled: false, nativeEvents: true, networkConnectionEnabled: false, pageLoadStrategy: normal, platform: XP, platformName: XP, rotatable: false, setWindowRect: true, takesHeapSnapshot: true, takesScreenshot: true, unexpectedAlertBehaviour: , unhandledPromptBehavior: , version: 76.0.3809.132, webStorageEnabled: true}
Session ID: ad047598a49c76f4906ac523af5dc206
at org.openqa.selenium.remote.ErrorHandler.createThrowable(ErrorHandler.java:214)
at org.openqa.selenium.remote.ErrorHandler.throwIfResponseFailed(ErrorHandler.java:166)
at org.openqa.selenium.remote.http.JsonHttpResponseCodec.reconstructValue(JsonHttpResponseCodec.java:40)
at org.openqa.selenium.remote.http.AbstractHttpResponseCodec.decode(AbstractHttpResponseCodec.java:80)
at org.openqa.selenium.remote.http.AbstractHttpResponseCodec.decode(AbstractHttpResponseCodec.java:44)
at org.openqa.selenium.remote.HttpCommandExecutor.execute(HttpCommandExecutor.java:158)
at org.openqa.selenium.remote.service.DriverCommandExecutor.execute(DriverCommandExecutor.java:83)
at org.openqa.selenium.remote.RemoteWebDriver.execute(RemoteWebDriver.java:548)
at org.openqa.selenium.remote.RemoteWebElement.execute(RemoteWebElement.java:276)
at org.openqa.selenium.remote.RemoteWebElement.click(RemoteWebElement.java:83)
at ApodGUI.ProcessViewlet.Properties(ProcessViewlet.java:588)
... Removed 30 stack frames]]>
    </failure>
  </testcase> <!-- Properties -->
  <testcase name="ProcessEvents" time="1.735" classname="ApodGUI.ProcessViewlet"/>
  <testcase name="AddToFavoriteViewlet" time="11.421" classname="ApodGUI.ProcessViewlet"/>
  <testcase name="CompareProcessNames" time="10.703" classname="ApodGUI.ProcessViewlet"/>
  <testcase name="CopyAsFromCommandsForMultipleProcess" time="31.262" classname="ApodGUI.ProcessViewlet"/>
  <testcase name="RenameFromCommandsForMultipleProcess" time="33.59" classname="ApodGUI.ProcessViewlet"/>
  <testcase name="DeleteFromCommandsForMultipleProcess" time="17.971" classname="ApodGUI.ProcessViewlet"/>
  <testcase name="MultipleProperties" time="33.563" classname="ApodGUI.ProcessViewlet"/>
  <testcase name="AddToFavoriteForMultipleProcess" time="7.688" classname="ApodGUI.ProcessViewlet"/>
  <testcase name="ShowObjectAttributesForProcess" time="32.418" classname="ApodGUI.ProcessViewlet"/>
  <testcase name="Logout" time="2.498" classname="ApodGUI.ProcessViewlet"/>
</testsuite> <!-- Test Process Viewlet -->
