<?xml version="1.0" encoding="UTF-8"?>
<!-- Generated by org.testng.reporters.JUnitXMLReporter -->
<testsuite hostname="DESKTOP-E1JT2VR" ignored="2" name="Test Topic Viewlet" tests="16" failures="0" timestamp="18 Sep 2019 09:31:15 GMT" time="545.129" errors="0">
  <testcase name="Login" time="28.982" classname="ApodGUI.TopicViewlet"/>
  <testcase name="AddTopicViewlet" time="10.16" classname="ApodGUI.TopicViewlet"/>
  <testcase name="CreateTopic" time="31.98" classname="ApodGUI.TopicViewlet"/>
  <testcase name="CopyAsFromCommands" time="35.578" classname="ApodGUI.TopicViewlet"/>
  <testcase name="DeleteFromCommands" time="17.172" classname="ApodGUI.TopicViewlet"/>
  <testcase name="TopicProperties" time="10.493" classname="ApodGUI.TopicViewlet"/>
  <testcase name="TopicEvents" time="1.738" classname="ApodGUI.TopicViewlet"/>
  <testcase name="AddToFavoriteViewlet" time="10.666" classname="ApodGUI.TopicViewlet"/>
  <testcase name="CreateTopicFromPlusIcon" time="22.732" classname="ApodGUI.TopicViewlet"/>
  <testcase name="CompareTopics" time="4.654" classname="ApodGUI.TopicViewlet"/>
  <testcase name="CopyAsFromCommandsForMultipleTopics" time="24.118" classname="ApodGUI.TopicViewlet"/>
  <testcase name="DeleteFromCommandsForMultipleTopics" time="18.172" classname="ApodGUI.TopicViewlet"/>
  <testcase name="MultipleProperties" time="30.758" classname="ApodGUI.TopicViewlet"/>
  <testcase name="AddToFavoriteForMultipleTopics" time="4.624" classname="ApodGUI.TopicViewlet"/>
  <testcase name="ShowObjectAttributesForTopic" time="45.095" classname="ApodGUI.TopicViewlet"/>
  <testcase name="Logout" time="2.607" classname="ApodGUI.TopicViewlet"/>
  <testcase name="PublishFromCommands" time="0.0" classname="ApodGUI.TopicViewlet">
    <ignored/>
  </testcase> <!-- PublishFromCommands -->
  <testcase name="PublishFromCommandsForMultipleTopics" time="0.0" classname="ApodGUI.TopicViewlet">
    <ignored/>
  </testcase> <!-- PublishFromCommandsForMultipleTopics -->
</testsuite> <!-- Test Topic Viewlet -->
