<?xml version="1.0" encoding="UTF-8"?>
<!-- Generated by org.testng.reporters.JUnitXMLReporter -->
<testsuite hostname="DESKTOP-E1JT2VR" ignored="7" name="Test Channel Viewlet" tests="11" failures="0" timestamp="16 Sep 2019 11:20:59 GMT" time="352.442" errors="0">
  <testcase name="Login" time="24.211" classname="ApodGUI.ChannelViewlet"/>
  <testcase name="ShowChannelStatus" time="5.385" classname="ApodGUI.ChannelViewlet"/>
  <testcase name="Properties" time="10.449" classname="ApodGUI.ChannelViewlet"/>
  <testcase name="Events" time="11.459" classname="ApodGUI.ChannelViewlet"/>
  <testcase name="AddToFavorites" time="9.188" classname="ApodGUI.ChannelViewlet"/>
  <testcase name="ComapareChannels" time="6.552" classname="ApodGUI.ChannelViewlet"/>
  <testcase name="ShowChannelStatusForMultiple" time="7.465" classname="ApodGUI.ChannelViewlet"/>
  <testcase name="MultipleProperties" time="30.915" classname="ApodGUI.ChannelViewlet"/>
  <testcase name="AddToFavoriteForMultipleChannels" time="5.655" classname="ApodGUI.ChannelViewlet"/>
  <testcase name="ShowObjectAttributes" time="99.552" classname="ApodGUI.ChannelViewlet"/>
  <testcase name="Logout" time="6.467" classname="ApodGUI.ChannelViewlet"/>
  <testcase name="StartChannelFromCommands" time="0.0" classname="ApodGUI.ChannelViewlet">
    <ignored/>
  </testcase> <!-- StartChannelFromCommands -->
  <testcase name="StopMultipleChannelsFromCommands" time="0.0" classname="ApodGUI.ChannelViewlet">
    <ignored/>
  </testcase> <!-- StopMultipleChannelsFromCommands -->
  <testcase name="StartMultipleChannelsFromCommands" time="0.0" classname="ApodGUI.ChannelViewlet">
    <ignored/>
  </testcase> <!-- StartMultipleChannelsFromCommands -->
  <testcase name="ResolveChannelFromCommands" time="0.0" classname="ApodGUI.ChannelViewlet">
    <ignored/>
  </testcase> <!-- ResolveChannelFromCommands -->
  <testcase name="StopChannelFromCommands" time="0.0" classname="ApodGUI.ChannelViewlet">
    <ignored/>
  </testcase> <!-- StopChannelFromCommands -->
  <testcase name="PingChannelFromCommands" time="0.0" classname="ApodGUI.ChannelViewlet">
    <ignored/>
  </testcase> <!-- PingChannelFromCommands -->
  <testcase name="ResetChannelFromCommands" time="0.0" classname="ApodGUI.ChannelViewlet">
    <ignored/>
  </testcase> <!-- ResetChannelFromCommands -->
</testsuite> <!-- Test Channel Viewlet -->
