<?xml version="1.0" encoding="UTF-8"?>
<!-- Generated by org.testng.reporters.JUnitXMLReporter -->
<testsuite hostname="DESKTOP-E1JT2VR" ignored="2" name="Test Topic Viewlet" tests="16" failures="0" timestamp="11 Nov 2019 11:26:03 GMT" time="662.263" errors="0">
  <testcase name="Login" time="28.488" classname="ApodGUI.TopicViewlet"/>
  <testcase name="AddTopicViewlet" time="10.245" classname="ApodGUI.TopicViewlet"/>
  <testcase name="CreateTopic" time="32.498" classname="ApodGUI.TopicViewlet"/>
  <testcase name="CopyAsFromCommands" time="31.971" classname="ApodGUI.TopicViewlet"/>
  <testcase name="DeleteFromCommands" time="17.437" classname="ApodGUI.TopicViewlet"/>
  <testcase name="TopicProperties" time="10.486" classname="ApodGUI.TopicViewlet"/>
  <testcase name="TopicEvents" time="11.453" classname="ApodGUI.TopicViewlet"/>
  <testcase name="AddToFavoriteViewlet" time="10.738" classname="ApodGUI.TopicViewlet"/>
  <testcase name="CreateTopicFromPlusIcon" time="22.959" classname="ApodGUI.TopicViewlet"/>
  <testcase name="CompareTopics" time="5.074" classname="ApodGUI.TopicViewlet"/>
  <testcase name="CopyAsFromCommandsForMultipleTopics" time="24.281" classname="ApodGUI.TopicViewlet"/>
  <testcase name="DeleteFromCommandsForMultipleTopics" time="18.214" classname="ApodGUI.TopicViewlet"/>
  <testcase name="MultipleProperties" time="36.884" classname="ApodGUI.TopicViewlet"/>
  <testcase name="AddToFavoriteForMultipleTopics" time="4.608" classname="ApodGUI.TopicViewlet"/>
  <testcase name="ShowObjectAttributesForTopic" time="46.264" classname="ApodGUI.TopicViewlet"/>
  <testcase name="Logout" time="2.514" classname="ApodGUI.TopicViewlet"/>
  <testcase name="PublishFromCommandsForMultipleTopics" time="0.0" classname="ApodGUI.TopicViewlet">
    <ignored/>
  </testcase> <!-- PublishFromCommandsForMultipleTopics -->
  <testcase name="PublishFromCommands" time="0.0" classname="ApodGUI.TopicViewlet">
    <ignored/>
  </testcase> <!-- PublishFromCommands -->
</testsuite> <!-- Test Topic Viewlet -->
