<?xml version="1.0" encoding="UTF-8"?>
<!-- Generated by org.testng.reporters.JUnitXMLReporter -->
<testsuite hostname="DESKTOP-E1JT2VR" ignored="6" name="Add Schema Condition" tests="7" failures="0" timestamp="25 Mar 2020 09:51:28 GMT" time="373.161" errors="0">
  <testcase name="Login" time="63.595" classname="ApodGUI.AddSchemaToTheViewlet"/>
  <testcase name="AddNewDashboard" time="7.395" classname="ApodGUI.AddSchemaToTheViewlet"/>
  <testcase name="AddAllAttributesButton" time="9.886" classname="ApodGUI.AddSchemaToTheViewlet"/>
  <testcase name="RemoveAllAttributesButton" time="4.28" classname="ApodGUI.AddSchemaToTheViewlet"/>
  <testcase name="AddAttributesButton" time="5.502" classname="ApodGUI.AddSchemaToTheViewlet"/>
  <testcase name="RemoveAttributeButton" time="9.379" classname="ApodGUI.AddSchemaToTheViewlet"/>
  <testcase name="Logout" time="23.687" classname="ApodGUI.AddSchemaToTheViewlet"/>
  <testcase name="MoveToBottomButton" time="0.0" classname="ApodGUI.AddSchemaToTheViewlet">
    <ignored/>
  </testcase> <!-- MoveToBottomButton -->
  <testcase name="MoveToTopButton" time="0.0" classname="ApodGUI.AddSchemaToTheViewlet">
    <ignored/>
  </testcase> <!-- MoveToTopButton -->
  <testcase name="MoveDownButton" time="0.0" classname="ApodGUI.AddSchemaToTheViewlet">
    <ignored/>
  </testcase> <!-- MoveDownButton -->
  <testcase name="AddSchema" time="0.0" classname="ApodGUI.AddSchemaToTheViewlet">
    <ignored/>
  </testcase> <!-- AddSchema -->
  <testcase name="DeleteSchema" time="0.0" classname="ApodGUI.AddSchemaToTheViewlet">
    <ignored/>
  </testcase> <!-- DeleteSchema -->
  <testcase name="MoveUpButton" time="0.0" classname="ApodGUI.AddSchemaToTheViewlet">
    <ignored/>
  </testcase> <!-- MoveUpButton -->
</testsuite> <!-- Add Schema Condition -->
