<?xml version="1.0" encoding="UTF-8"?>
<!-- Generated by org.testng.reporters.JUnitXMLReporter -->
<testsuite hostname="DESKTOP-E1JT2VR" ignored="9" name="Add Schema Condition" tests="4" failures="0" timestamp="12 Nov 2019 08:40:28 GMT" time="95.711" errors="0">
  <testcase name="Login" time="20.863" classname="ApodGUI.AddSchemaToTheViewlet"/>
  <testcase name="AddNewDashboard" time="5.179" classname="ApodGUI.AddSchemaToTheViewlet"/>
  <testcase name="AddAllAttributesButton" time="9.494" classname="ApodGUI.AddSchemaToTheViewlet"/>
  <testcase name="Logout" time="8.972" classname="ApodGUI.AddSchemaToTheViewlet"/>
  <testcase name="MoveToBottomButton" time="0.0" classname="ApodGUI.AddSchemaToTheViewlet">
    <ignored/>
  </testcase> <!-- MoveToBottomButton -->
  <testcase name="RemoveAllAttributesButton" time="0.0" classname="ApodGUI.AddSchemaToTheViewlet">
    <ignored/>
  </testcase> <!-- RemoveAllAttributesButton -->
  <testcase name="MoveToTopButton" time="0.0" classname="ApodGUI.AddSchemaToTheViewlet">
    <ignored/>
  </testcase> <!-- MoveToTopButton -->
  <testcase name="MoveDownButton" time="0.0" classname="ApodGUI.AddSchemaToTheViewlet">
    <ignored/>
  </testcase> <!-- MoveDownButton -->
  <testcase name="AddAttributesButton" time="0.0" classname="ApodGUI.AddSchemaToTheViewlet">
    <ignored/>
  </testcase> <!-- AddAttributesButton -->
  <testcase name="AddSchema" time="0.0" classname="ApodGUI.AddSchemaToTheViewlet">
    <ignored/>
  </testcase> <!-- AddSchema -->
  <testcase name="DeleteSchema" time="0.0" classname="ApodGUI.AddSchemaToTheViewlet">
    <ignored/>
  </testcase> <!-- DeleteSchema -->
  <testcase name="MoveUpButton" time="0.0" classname="ApodGUI.AddSchemaToTheViewlet">
    <ignored/>
  </testcase> <!-- MoveUpButton -->
  <testcase name="RemoveAttributeButton" time="0.0" classname="ApodGUI.AddSchemaToTheViewlet">
    <ignored/>
  </testcase> <!-- RemoveAttributeButton -->
</testsuite> <!-- Add Schema Condition -->
