<?xml version="1.0" encoding="UTF-8"?>
<!-- Generated by org.testng.reporters.JUnitXMLReporter -->
<testsuite hostname="DESKTOP-E1JT2VR" ignored="0" name="Add Schema Condition" tests="13" failures="0" timestamp="22 Jan 2020 13:38:02 GMT" time="650.846" errors="0">
  <testcase name="Login" time="20.889" classname="ApodGUI.AddSchemaToTheViewlet"/>
  <testcase name="AddNewDashboard" time="5.49" classname="ApodGUI.AddSchemaToTheViewlet"/>
  <testcase name="AddSchema" time="12.535" classname="ApodGUI.AddSchemaToTheViewlet"/>
  <testcase name="DeleteSchema" time="14.432" classname="ApodGUI.AddSchemaToTheViewlet"/>
  <testcase name="AddAllAttributesButton" time="9.433" classname="ApodGUI.AddSchemaToTheViewlet"/>
  <testcase name="RemoveAllAttributesButton" time="4.195" classname="ApodGUI.AddSchemaToTheViewlet"/>
  <testcase name="AddAttributesButton" time="5.268" classname="ApodGUI.AddSchemaToTheViewlet"/>
  <testcase name="RemoveAttributeButton" time="5.235" classname="ApodGUI.AddSchemaToTheViewlet"/>
  <testcase name="MoveToTopButton" time="1.36" classname="ApodGUI.AddSchemaToTheViewlet"/>
  <testcase name="MoveToBottomButton" time="3.388" classname="ApodGUI.AddSchemaToTheViewlet"/>
  <testcase name="MoveUpButton" time="7.287" classname="ApodGUI.AddSchemaToTheViewlet"/>
  <testcase name="MoveDownButton" time="7.255" classname="ApodGUI.AddSchemaToTheViewlet"/>
  <testcase name="Logout" time="4.614" classname="ApodGUI.AddSchemaToTheViewlet"/>
</testsuite> <!-- Add Schema Condition -->
