<?xml version="1.0" encoding="UTF-8"?>
<!-- Generated by org.testng.reporters.JUnitXMLReporter -->
<testsuite hostname="DESKTOP-E1JT2VR" ignored="2" name="Add Schema Condition" tests="11" failures="0" timestamp="29 Aug 2019 11:45:05 GMT" time="173.286" errors="0">
  <testcase name="Login" time="14.354" classname="ApodGUI.AddSchemaToTheViewlet"/>
  <testcase name="AddNewDashboard" time="1.71" classname="ApodGUI.AddSchemaToTheViewlet"/>
  <testcase name="AddAllAttributesButton" time="1.439" classname="ApodGUI.AddSchemaToTheViewlet"/>
  <testcase name="RemoveAllAttributesButton" time="3.189" classname="ApodGUI.AddSchemaToTheViewlet"/>
  <testcase name="AddAttributesButton" time="1.205" classname="ApodGUI.AddSchemaToTheViewlet"/>
  <testcase name="RemoveAttributeButton" time="3.274" classname="ApodGUI.AddSchemaToTheViewlet"/>
  <testcase name="MoveToTopButton" time="1.344" classname="ApodGUI.AddSchemaToTheViewlet"/>
  <testcase name="MoveToBottomButton" time="1.283" classname="ApodGUI.AddSchemaToTheViewlet"/>
  <testcase name="MoveUpButton" time="5.408" classname="ApodGUI.AddSchemaToTheViewlet"/>
  <testcase name="MoveDownButton" time="7.523" classname="ApodGUI.AddSchemaToTheViewlet"/>
  <testcase name="Logout" time="2.504" classname="ApodGUI.AddSchemaToTheViewlet"/>
  <testcase name="AddSchema" time="0.0" classname="ApodGUI.AddSchemaToTheViewlet">
    <ignored/>
  </testcase> <!-- AddSchema -->
  <testcase name="DeleteSchema" time="0.0" classname="ApodGUI.AddSchemaToTheViewlet">
    <ignored/>
  </testcase> <!-- DeleteSchema -->
</testsuite> <!-- Add Schema Condition -->
