<?xml version="1.0" encoding="UTF-8"?>
<!-- Generated by org.testng.reporters.JUnitXMLReporter -->
<testsuite hostname="DESKTOP-E1JT2VR" ignored="6" name="Add Schema Condition" tests="7" failures="1" timestamp="30 Sep 2019 10:42:04 GMT" time="161.406" errors="0">
  <testcase name="Login" time="21.078" classname="ApodGUI.AddSchemaToTheViewlet"/>
  <testcase name="AddNewDashboard" time="5.175" classname="ApodGUI.AddSchemaToTheViewlet"/>
  <testcase name="AddAllAttributesButton" time="7.512" classname="ApodGUI.AddSchemaToTheViewlet"/>
  <testcase name="RemoveAllAttributesButton" time="4.189" classname="ApodGUI.AddSchemaToTheViewlet"/>
  <testcase name="AddAttributesButton" time="5.22" classname="ApodGUI.AddSchemaToTheViewlet"/>
  <testcase name="RemoveAttributeButton" time="5.256" classname="ApodGUI.AddSchemaToTheViewlet"/>
  <testcase name="Logout" time="1.269" classname="ApodGUI.AddSchemaToTheViewlet">
    <failure type="org.openqa.selenium.WebDriverException" message="unknown error: Element &amp;lt;i _ngcontent-eyx-c4=&amp;quot;&amp;quot; aria-hidden=&amp;quot;true&amp;quot; class=&amp;quot;fa fa-power-off fa-lg&amp;quot; title=&amp;quot;Logout&amp;quot;&amp;gt;&amp;lt;/i&amp;gt; is not clickable at point (1251, 22). Other element would receive the click: &amp;lt;ngb-modal-window role=&amp;quot;dialog&amp;quot; tabindex=&amp;quot;-1&amp;quot; class=&amp;quot;modal fade show d-block&amp;quot; aria-modal=&amp;quot;true&amp;quot;&amp;gt;...&amp;lt;/ngb-modal-window&amp;gt;
  (Session info: chrome=77.0.3865.90)
  (Driver info: chromedriver=2.41.578737 (49da6702b16031c40d63e5618de03a32ff6c197e),platform=Windows NT 10.0.18362 x86_64) (WARNING: The server did not provide any stacktrace information)
Command duration or timeout: 0 milliseconds
Build info: version: &amp;apos;3.14.0&amp;apos;, revision: &amp;apos;aacccce0&amp;apos;, time: &amp;apos;2018-08-02T20:13:22.693Z&amp;apos;
System info: host: &amp;apos;DESKTOP-E1JT2VR&amp;apos;, ip: &amp;apos;11.0.0.123&amp;apos;, os.name: &amp;apos;Windows 10&amp;apos;, os.arch: &amp;apos;amd64&amp;apos;, os.version: &amp;apos;10.0&amp;apos;, java.version: &amp;apos;1.8.0_201&amp;apos;
Driver info: org.openqa.selenium.chrome.ChromeDriver
Capabilities {acceptInsecureCerts: false, acceptSslCerts: false, applicationCacheEnabled: false, browserConnectionEnabled: false, browserName: chrome, chrome: {chromedriverVersion: 2.41.578737 (49da6702b16031..., userDataDir: C:\Users\NAGARA~1.KAG\AppDa...}, cssSelectorsEnabled: true, databaseEnabled: false, goog:chromeOptions: {debuggerAddress: localhost:62560}, handlesAlerts: true, hasTouchScreen: false, javascriptEnabled: true, locationContextEnabled: true, mobileEmulationEnabled: false, nativeEvents: true, networkConnectionEnabled: false, pageLoadStrategy: normal, platform: XP, platformName: XP, rotatable: false, setWindowRect: true, takesHeapSnapshot: true, takesScreenshot: true, unexpectedAlertBehaviour: , unhandledPromptBehavior: , version: 77.0.3865.90, webStorageEnabled: true}
Session ID: ccefe6321fda1f1881125328eb2b73cc">
      <![CDATA[org.openqa.selenium.WebDriverException: unknown error: Element <i _ngcontent-eyx-c4="" aria-hidden="true" class="fa fa-power-off fa-lg" title="Logout"></i> is not clickable at point (1251, 22). Other element would receive the click: <ngb-modal-window role="dialog" tabindex="-1" class="modal fade show d-block" aria-modal="true">...</ngb-modal-window>
  (Session info: chrome=77.0.3865.90)
  (Driver info: chromedriver=2.41.578737 (49da6702b16031c40d63e5618de03a32ff6c197e),platform=Windows NT 10.0.18362 x86_64) (WARNING: The server did not provide any stacktrace information)
Command duration or timeout: 0 milliseconds
Build info: version: '3.14.0', revision: 'aacccce0', time: '2018-08-02T20:13:22.693Z'
System info: host: 'DESKTOP-E1JT2VR', ip: '11.0.0.123', os.name: 'Windows 10', os.arch: 'amd64', os.version: '10.0', java.version: '1.8.0_201'
Driver info: org.openqa.selenium.chrome.ChromeDriver
Capabilities {acceptInsecureCerts: false, acceptSslCerts: false, applicationCacheEnabled: false, browserConnectionEnabled: false, browserName: chrome, chrome: {chromedriverVersion: 2.41.578737 (49da6702b16031..., userDataDir: C:\Users\NAGARA~1.KAG\AppDa...}, cssSelectorsEnabled: true, databaseEnabled: false, goog:chromeOptions: {debuggerAddress: localhost:62560}, handlesAlerts: true, hasTouchScreen: false, javascriptEnabled: true, locationContextEnabled: true, mobileEmulationEnabled: false, nativeEvents: true, networkConnectionEnabled: false, pageLoadStrategy: normal, platform: XP, platformName: XP, rotatable: false, setWindowRect: true, takesHeapSnapshot: true, takesScreenshot: true, unexpectedAlertBehaviour: , unhandledPromptBehavior: , version: 77.0.3865.90, webStorageEnabled: true}
Session ID: ccefe6321fda1f1881125328eb2b73cc
at org.openqa.selenium.remote.ErrorHandler.createThrowable(ErrorHandler.java:214)
at org.openqa.selenium.remote.ErrorHandler.throwIfResponseFailed(ErrorHandler.java:166)
at org.openqa.selenium.remote.http.JsonHttpResponseCodec.reconstructValue(JsonHttpResponseCodec.java:40)
at org.openqa.selenium.remote.http.AbstractHttpResponseCodec.decode(AbstractHttpResponseCodec.java:80)
at org.openqa.selenium.remote.http.AbstractHttpResponseCodec.decode(AbstractHttpResponseCodec.java:44)
at org.openqa.selenium.remote.HttpCommandExecutor.execute(HttpCommandExecutor.java:158)
at org.openqa.selenium.remote.service.DriverCommandExecutor.execute(DriverCommandExecutor.java:83)
at org.openqa.selenium.remote.RemoteWebDriver.execute(RemoteWebDriver.java:548)
at org.openqa.selenium.remote.RemoteWebElement.execute(RemoteWebElement.java:276)
at org.openqa.selenium.remote.RemoteWebElement.click(RemoteWebElement.java:83)
at ApodGUI.AddSchemaToTheViewlet.Logout(AddSchemaToTheViewlet.java:526)
... Removed 29 stack frames]]>
    </failure>
  </testcase> <!-- Logout -->
  <testcase name="MoveToBottomButton" time="0.0" classname="ApodGUI.AddSchemaToTheViewlet">
    <ignored/>
  </testcase> <!-- MoveToBottomButton -->
  <testcase name="MoveToTopButton" time="0.0" classname="ApodGUI.AddSchemaToTheViewlet">
    <ignored/>
  </testcase> <!-- MoveToTopButton -->
  <testcase name="MoveDownButton" time="0.0" classname="ApodGUI.AddSchemaToTheViewlet">
    <ignored/>
  </testcase> <!-- MoveDownButton -->
  <testcase name="AddSchema" time="0.0" classname="ApodGUI.AddSchemaToTheViewlet">
    <ignored/>
  </testcase> <!-- AddSchema -->
  <testcase name="DeleteSchema" time="0.0" classname="ApodGUI.AddSchemaToTheViewlet">
    <ignored/>
  </testcase> <!-- DeleteSchema -->
  <testcase name="MoveUpButton" time="0.0" classname="ApodGUI.AddSchemaToTheViewlet">
    <ignored/>
  </testcase> <!-- MoveUpButton -->
</testsuite> <!-- Add Schema Condition -->
